0.0000, 5160933
0.0002, 5024678
0.0002, 4784712
0.0002, 4719833
0.0003, 4255489
0.0003, 4228033
0.0006, 4193428
0.0006, 4152287
0.0006, 4114938
0.0014, 3981727
0.0014, 3833148
0.0016, 3690254
0.0036, 3632731
0.0036, 3531220
0.0036, 3472579
0.0347, 3468407
0.0647, 3451154
0.0927, 3416085
0.1421, 3296993
0.2230, 3296201
0.3291, 3295882
0.4968, 3286009
0.5743, 3098779
0.5743, 3075984
0.5745, 3007649
0.5745, 2963195
0.5871, 2880844
0.5873, 2681781
0.5879, 2602761
0.5879, 2599535
0.5879, 2583296
0.5879, 2522126
0.5912, 2509402
0.5912, 2458196
0.5913, 2371726
0.5927, 2323754
0.5928, 2237431
0.5928, 2221870
0.5928, 2221031
0.5977, 2208151
0.5978, 2187041
0.5980, 2165658
0.5984, 2128023
0.5986, 2102383
0.6015, 2085476
0.6017, 2083690
0.6036, 2076153
0.6039, 2053249
0.6059, 2016322
0.6101, 2003763
