0.0001, 4396295
0.0003, 4090243
0.0016, 4067979
0.0019, 3874068
0.0021, 3868448
0.0039, 3782923
0.0039, 3729539
0.0040, 3686510
0.0040, 3644464
0.0041, 3412588
0.0190, 3394578
0.1211, 3094936
0.1596, 3091733
0.2469, 3042151
0.2469, 3034587
0.2469, 2945216
0.5805, 2804377
0.5841, 2800253
0.5841, 2770136
0.5841, 2702540
0.5854, 2588252
0.5886, 2507627
0.5888, 2493713
0.5905, 2382091
0.5924, 2293694
0.5937, 2272947
0.5937, 2258838
0.5944, 2191607
0.5945, 2086415
0.5948, 2063884
0.5986, 2062228
0.5989, 2025073
0.5999, 2016322
2.2618, 2003763
