0.0000, 5215912
0.0020, 5026971
0.0020, 4833777
0.0020, 4809729
0.0020, 4606916
0.0030, 4449538
0.0030, 4433883
0.0030, 4348616
0.0030, 4191646
0.0040, 3945715
0.0040, 3899780
0.0040, 3671782
0.0040, 3602862
0.0040, 3430082
0.0310, 3326376
0.0310, 3195060
0.0480, 3161881
0.0480, 3125398
0.0890, 3058717
0.1400, 3043509
0.3100, 3031665
0.3100, 3025181
0.3100, 3006842
0.3120, 2992449
0.3120, 2976917
0.3120, 2961489
0.3120, 2950675
0.3120, 2872225
0.3120, 2794514
0.3120, 2700746
0.3120, 2524173
0.3130, 2521315
0.3150, 2443290
0.3150, 2356287
0.3150, 2334616
0.3150, 2301935
0.3150, 2283194
0.3150, 2260484
0.3150, 2227047
0.3160, 2196134
0.3170, 2127846
0.3170, 2118663
0.3170, 2090793
0.3170, 2051736
0.3220, 2045364
0.3220, 2031423
1.7000, 2023779
4.4270, 2020002
4.4290, 2017704
4.4290, 2003763
