0.0000, 4502298
0.0020, 4417620
0.0030, 4403070
0.0030, 4218154
0.0030, 4158011
0.0030, 4143108
0.0030, 4077305
0.0040, 4018392
0.0040, 4017652
0.0040, 3840228
0.0040, 3751692
0.0040, 3496881
0.0050, 3449714
0.0140, 3332188
0.0140, 3184165
0.0140, 3151882
0.0410, 3142491
0.1590, 3125335
0.3280, 3113403
0.3280, 3082052
0.3280, 3071355
0.3290, 3059474
0.3290, 3036370
0.3290, 3022491
0.3300, 2847032
0.3310, 2836091
0.3310, 2685921
0.3310, 2599084
0.3310, 2436180
0.3320, 2418689
0.3320, 2402872
0.3320, 2352782
0.3350, 2301725
0.3350, 2193983
0.3360, 2139009
0.3370, 2136550
0.3370, 2125150
0.3380, 2111352
0.3380, 2076303
0.3380, 2057207
0.3380, 2050494
0.3400, 2045423
0.3400, 2020002
3.1060, 2016322
5.8940, 2003763
