0.0000, 5476765
0.0002, 5129645
0.0002, 4787764
0.0004, 4733243
0.0004, 4640661
0.0004, 4592728
0.0004, 4579599
0.0006, 4423992
0.0007, 4286431
0.0008, 4193207
0.0009, 4104198
0.0009, 4051796
0.0013, 3971622
0.0017, 3730055
0.0017, 3702629
0.0086, 3529516
0.0250, 3442065
0.0413, 3438019
0.0413, 3012130
0.5732, 2812707
0.5732, 2780462
0.5753, 2701074
0.5809, 2694850
0.5810, 2692580
0.5813, 2664714
0.5823, 2639029
0.5823, 2618983
0.5826, 2476634
0.5843, 2412954
0.5859, 2383713
0.5859, 2370156
0.5859, 2283136
0.5860, 2167689
0.5863, 2142548
0.5876, 2122116
0.5939, 2087747
0.5941, 2059686
0.5959, 2056161
0.5989, 2045745
2.2630, 2044092
2.2761, 2042418
3.9470, 2033438
3.9478, 2017704
3.9480, 2016322
3.9552, 2003763
