0.0001, 4914098
0.0003, 4897789
0.0004, 4842852
0.0006, 4669706
0.0007, 4658378
0.0007, 4478775
0.0007, 4216799
0.0008, 4100771
0.0018, 3954995
0.0019, 3752531
0.0196, 3697510
0.0196, 3655234
0.0196, 3616641
0.0233, 3284325
0.1238, 3145738
0.1818, 3038375
0.2909, 3037264
0.6524, 2939276
0.6537, 2919505
0.6558, 2830751
0.6621, 2818565
0.6657, 2742152
0.6658, 2729874
0.6659, 2543674
0.6660, 2520763
0.6660, 2346719
0.6662, 2278530
0.6662, 2254761
0.6663, 2244367
0.6719, 2192045
0.6724, 2157281
0.6814, 2150639
0.6815, 2124999
0.6815, 2112747
0.6835, 2081252
0.6866, 2062854
2.6339, 2058297
2.6339, 2042058
2.6409, 2031423
4.4160, 2020002
4.4166, 2003763
