0.0000, 4733178
0.0030, 4644442
0.0030, 4455700
0.0030, 4341837
0.0030, 4275372
0.0030, 4253942
0.0030, 4225189
0.0040, 4160431
0.0040, 4138067
0.0040, 4054555
0.0040, 3892746
0.0050, 3873740
0.0060, 3780733
0.0060, 3642273
0.0060, 3630840
0.0060, 3519076
0.0150, 3445197
0.0490, 3400898
0.0500, 3313436
0.0730, 3220899
0.0950, 3220829
0.0950, 3094123
0.3180, 3053741
0.3180, 3049572
0.3180, 3048197
0.3180, 2946920
0.3220, 2939741
0.3220, 2923280
0.3220, 2912677
0.3220, 2890528
0.3220, 2855002
0.3220, 2793866
0.3220, 2668276
0.3240, 2641452
0.3240, 2627624
0.3250, 2446766
0.3250, 2393821
0.3250, 2316582
0.3260, 2293327
0.3270, 2284456
0.3270, 2270326
0.3280, 2265979
0.3280, 2219827
0.3280, 2105696
0.3280, 2086415
0.3340, 2084794
0.3350, 2034414
0.3390, 2023779
1.7130, 2020002
1.7130, 2016322
3.1270, 2003763
