0.0001, 4420923
0.0008, 4419829
0.0009, 3975025
0.0014, 3973239
0.0014, 3956722
0.0014, 3715846
0.0024, 3666160
0.0036, 3519924
0.0072, 3145463
0.5746, 3039878
0.5767, 3024979
0.5768, 2931151
0.5804, 2876475
0.5805, 2853366
0.5805, 2851687
0.5828, 2760275
0.5840, 2723597
0.5840, 2691263
0.5843, 2678843
0.5844, 2631540
0.5845, 2539475
0.5845, 2494566
0.5845, 2457957
0.5853, 2372453
0.5895, 2367059
0.5924, 2289118
0.5925, 2241131
0.5928, 2111159
0.5936, 2108162
0.5941, 2085002
0.5969, 2064998
0.5978, 2048759
0.5980, 2003763
