0.0000, 4765125
0.0004, 4746932
0.0004, 4746698
0.0004, 4526804
0.0004, 4517211
0.0004, 4320467
0.0004, 4106927
0.0004, 3964260
0.0009, 3869713
0.0009, 3758702
0.0012, 3750737
0.0012, 3742552
0.0012, 3722012
0.0012, 3717278
0.0013, 3660385
0.0013, 3658792
0.0015, 3505625
0.0134, 3463729
0.0134, 3280098
0.0933, 3144407
0.1305, 3093737
0.3804, 3058277
0.3837, 2935281
0.3837, 2777186
0.3922, 2772904
0.3923, 2651658
0.3924, 2621786
0.3925, 2552511
0.3925, 2549624
0.3925, 2457175
0.3925, 2416508
0.3926, 2368214
0.3926, 2358527
0.3966, 2341683
0.3973, 2270174
0.3977, 2229778
0.3977, 2228893
0.3981, 2196290
0.3983, 2176774
0.3986, 2133501
0.3987, 2119460
0.4037, 2118943
0.4045, 2096017
0.4045, 2083739
0.4047, 2077188
0.4048, 2073498
0.4061, 2060899
0.4066, 2053399
0.4087, 2029184
0.4094, 2003763
