0.0000, 4285978
0.0006, 4267308
0.0007, 4253695
0.0020, 4090797
0.0135, 3937650
0.0136, 3933573
0.0138, 3907789
0.0139, 3889411
0.0142, 3765951
0.0143, 3498973
0.0157, 3485549
0.0157, 3312672
0.0158, 3242198
1.3639, 3029985
2.0323, 2998543
2.0325, 2946057
2.0327, 2867225
2.0631, 2866208
2.0635, 2774362
2.0636, 2706066
2.0648, 2583515
2.0650, 2508293
2.0690, 2457326
2.0695, 2392510
2.0704, 2257495
2.0712, 2161687
2.0874, 2136551
2.0876, 2124273
2.0880, 2088935
2.0927, 2066301
2.0934, 2064848
2.0939, 2058297
2.0967, 2056786
2.0976, 2054327
2.1020, 2042058
5.3998, 2030052
5.4041, 2029184
5.4044, 2003763
