0.0001, 27630
0.0002, 27483
0.0003, 27455
0.0003, 27009
0.0041, 26939
0.0041, 26505
0.0080, 26296
0.0154, 25928
0.0155, 25844
0.0259, 25512
0.0259, 25429
0.0259, 25039
0.0544, 24957
0.0573, 24916
0.1640, 23504
0.1641, 23109
0.7189, 22845
0.7190, 22717
0.7190, 22405
0.7190, 22109
0.7190, 22019
0.7203, 21610
0.7204, 21583
0.7206, 21459
0.7206, 21458
0.7206, 21212
0.7206, 21051
0.7243, 20662
0.7247, 20573
0.7247, 20505
0.7247, 20503
0.7248, 19810
0.7248, 19786
0.7248, 19764
0.7248, 19761
0.7248, 19719
0.7262, 19158
0.7262, 18939
0.7263, 18778
0.7264, 18749
0.7271, 18746
0.7272, 18530
0.7272, 18515
0.7272, 18411
0.7272, 18264
0.7281, 18001
0.7287, 17591
0.7288, 17532
0.7297, 17417
0.7297, 17173
0.7298, 17112
0.7298, 17111
0.7298, 17028
0.7299, 17025
0.7299, 16807
0.7310, 16793
0.7311, 16791
0.7312, 16749
0.7312, 16660
0.7312, 16654
0.7312, 16612
0.7313, 16608
0.7317, 16429
0.7317, 16296
0.7319, 16136
0.7324, 15522
0.7333, 15491
0.7333, 15097
0.7357, 15050
0.7358, 15028
0.7358, 14826
0.7372, 14763
0.7374, 14549
0.7374, 14400
0.7375, 14243
0.7376, 13561
0.7377, 13542
0.7378, 13395
0.7379, 13369
0.7385, 13226
0.7398, 12572
0.7399, 12316
0.7402, 12188
0.7403, 11871
0.7403, 11868
0.7406, 11857
0.7406, 11784
0.7407, 11378
0.7409, 11320
0.7442, 11124
0.7446, 11106
0.7447, 11105
0.7448, 11071
0.7451, 10974
0.7451, 10937
0.7454, 10790
0.7459, 10777
0.7459, 10720
0.7467, 10701
0.7468, 10662
0.7476, 10491
0.7479, 10226
0.7479, 10173
0.7492, 10169
0.7497, 10156
0.7497, 10076
0.7497, 10027
0.7508, 9856
0.7509, 9812
0.7522, 9797
0.7536, 9745
0.7538, 9737
0.7539, 9672
0.7554, 9666
0.7554, 9637
0.7559, 9587
0.7562, 9489
0.7566, 9456
0.7566, 9390
0.7568, 9384
0.7572, 9369
0.7575, 9355
0.7580, 9339
0.7582, 9248
0.7594, 9228
0.7594, 9131
0.7601, 8978
0.7602, 8975
0.7604, 8965
0.7669, 8929
0.7680, 8918
0.7687, 8860
0.7691, 8798
0.7744, 8728
0.7772, 8675
0.7773, 8660
0.7781, 8586
2.5479, 8497
2.5488, 8422
2.5494, 8417
2.5494, 8377
2.5495, 8356
2.5501, 8351
2.5544, 8108
2.5551, 8105
2.5570, 8083
2.5572, 8071
2.5589, 8056
2.5616, 8042
2.5653, 8041
27.2356, 8040
27.2363, 8026
32.4397, 8022
42.1161, 8017
66.7653, 8005
66.7711, 7907
66.7717, 7837
66.7727, 7826
66.7735, 7797
66.7740, 7787
66.7787, 7784
66.7788, 7705
66.7807, 7694
407.7927, 7693
407.8183, 7689
407.8201, 7651
408.8329, 7636
408.8338, 7631
408.8338, 7574
408.8345, 7553
408.8659, 7543
412.9994, 7542
