0.0001, 30589
0.0004, 30493
0.0005, 30366
0.0005, 30340
0.0005, 30200
0.0012, 30191
0.0012, 29977
0.0012, 29967
0.0012, 29865
0.0012, 29192
0.0012, 28264
0.0013, 28130
0.0013, 27975
0.0013, 27819
0.0013, 26562
0.0039, 26153
0.0040, 26143
0.0040, 26055
0.0040, 25625
0.0202, 25205
0.0202, 24950
0.0898, 24554
0.2114, 24417
0.2114, 24368
0.2114, 24242
0.2605, 23898
0.2605, 23673
0.4790, 23484
0.4790, 23471
0.4790, 23302
0.4791, 23176
0.4791, 22605
0.4791, 22354
0.4835, 22329
0.4835, 22044
0.4836, 21888
0.4874, 21804
0.4874, 21721
0.4874, 21693
0.4948, 21527
0.4949, 20871
0.4949, 20833
0.4949, 20705
0.4950, 20472
0.4951, 20279
0.4951, 19788
0.4967, 19459
0.4968, 19344
0.4968, 19194
0.4968, 18724
0.4994, 18593
0.4994, 18539
0.4995, 18427
0.4995, 18136
0.4995, 17647
0.4995, 17281
0.4996, 17028
0.4996, 16714
0.4997, 16438
0.4998, 16214
0.5002, 15977
0.5002, 15549
0.5003, 15513
0.5007, 15502
0.5008, 15000
0.5008, 14575
0.5008, 14515
0.5009, 14494
0.5010, 14468
0.5010, 14429
0.5011, 14269
0.5011, 14151
0.5011, 13300
0.5012, 13260
0.5014, 13210
0.5018, 13132
0.5018, 13131
0.5020, 13018
0.5021, 12983
0.5021, 12912
0.5024, 12672
0.5025, 12607
0.5025, 12402
0.5026, 12313
0.5027, 12307
0.5027, 12284
0.5039, 12097
0.5041, 12084
0.5041, 11942
0.5042, 11931
0.5043, 11925
0.5043, 11802
0.5046, 11758
0.5046, 11479
0.5046, 11475
0.5046, 11366
0.5053, 11357
0.5053, 11355
0.5057, 11310
0.5064, 11290
0.5065, 11201
0.5065, 10916
0.5065, 10821
0.5069, 10805
0.5069, 10756
0.5072, 10748
0.5072, 10727
0.5074, 10708
0.5074, 10623
0.5088, 10531
0.5089, 10504
0.5090, 10358
0.5093, 10231
0.5094, 10214
0.5095, 10071
0.5095, 10026
0.5097, 9962
0.5099, 9934
0.5103, 9864
0.5104, 9792
0.5110, 9787
0.5112, 9707
0.5113, 9676
0.5114, 9625
0.5123, 9584
0.5126, 9582
0.5126, 9456
0.5127, 9434
0.5128, 9433
0.5129, 9428
0.5130, 9363
0.5134, 9152
0.5135, 9079
0.5136, 9072
0.5136, 8935
0.5137, 8929
0.5138, 8872
0.5139, 8687
0.5147, 8655
0.5148, 8642
0.5165, 8576
0.5167, 8491
0.5187, 8457
0.5198, 8323
0.5200, 8318
0.5206, 8303
0.5209, 8266
0.5218, 8226
0.5219, 8168
0.5230, 8108
0.5248, 8092
0.5255, 8062
0.5261, 8045
0.5275, 7966
0.5278, 7952
0.5296, 7943
45.8407, 7866
45.8408, 7851
45.8427, 7828
45.8441, 7827
45.8446, 7802
45.8465, 7785
45.8494, 7751
340.3453, 7628
340.3466, 7627
375.1245, 7622
375.1341, 7610
375.1346, 7599
375.1421, 7542
