0.0001, 31318
0.0002, 31270
0.0003, 30685
0.0004, 30348
0.0004, 30244
0.0004, 29946
0.0006, 29739
0.0008, 29520
0.0008, 28621
0.0008, 28112
0.0008, 27953
0.0008, 27153
0.0008, 27041
0.0017, 26749
0.0017, 26586
0.0017, 26480
0.0044, 26453
0.0044, 26332
0.0044, 26311
0.0044, 25543
0.0045, 25201
0.0201, 25159
0.0313, 24868
0.0313, 24693
0.1624, 24393
0.1624, 24113
0.1624, 23994
0.1624, 23696
0.7020, 23273
0.7020, 22906
0.7095, 22832
0.7138, 22521
0.7139, 22438
0.7141, 21931
0.7142, 21425
0.7142, 20970
0.7197, 20914
0.7198, 20863
0.7198, 20535
0.7199, 20445
0.7200, 20228
0.7201, 20128
0.7201, 19848
0.7201, 19633
0.7201, 19558
0.7202, 19467
0.7216, 18907
0.7216, 18594
0.7217, 18459
0.7218, 18424
0.7218, 18215
0.7218, 18180
0.7219, 18093
0.7223, 18004
0.7223, 17767
0.7223, 17727
0.7224, 17702
0.7228, 17476
0.7281, 16725
0.7281, 16693
0.7282, 16622
0.7282, 16587
0.7283, 16572
0.7283, 16568
0.7289, 16500
0.7289, 16410
0.7292, 16409
0.7292, 16205
0.7293, 16087
0.7296, 16005
0.7296, 16000
0.7300, 15607
0.7301, 15604
0.7302, 15594
0.7302, 15394
0.7329, 15077
0.7329, 15051
0.7332, 14398
0.7332, 14364
0.7333, 14311
0.7333, 14055
0.7335, 13733
0.7335, 13710
0.7336, 13652
0.7337, 13620
0.7337, 13460
0.7341, 13007
0.7341, 12720
0.7342, 12609
0.7343, 12605
0.7357, 12493
0.7358, 12443
0.7359, 12441
0.7363, 12381
0.7363, 12153
0.7364, 12047
0.7364, 11957
0.7374, 11543
0.7375, 11486
0.7375, 11344
0.7376, 11303
0.7394, 11253
0.7394, 11224
0.7396, 11102
0.7399, 11072
0.7400, 11059
0.7404, 11048
0.7408, 10897
0.7411, 10868
0.7412, 10845
0.7412, 10814
0.7414, 10786
0.7415, 10695
0.7415, 10605
0.7415, 10545
0.7418, 10536
0.7422, 10469
0.7424, 10435
0.7425, 10418
0.7425, 10401
0.7429, 10248
0.7430, 10095
0.7431, 10012
0.7434, 10000
0.7434, 9810
0.7441, 9682
0.7442, 9655
0.7444, 9568
0.7454, 9566
0.7466, 9556
0.7468, 9543
0.7469, 9441
0.7469, 9374
0.7477, 9371
0.7484, 9358
0.7487, 9356
0.7487, 9313
0.7491, 9305
0.7493, 9183
0.7500, 9171
0.7504, 9170
0.7505, 9158
0.7514, 9155
0.7519, 9103
0.7519, 9067
0.7525, 8995
0.7526, 8884
0.7529, 8876
0.7531, 8782
0.7532, 8726
0.7539, 8700
0.7561, 8693
0.7566, 8680
0.7595, 8629
0.7628, 8577
2.5178, 8546
2.5186, 8544
2.5193, 8543
2.5206, 8533
2.5206, 8455
2.5208, 8418
2.5208, 8348
2.5224, 8316
6.0577, 8242
6.0590, 8238
6.0598, 8228
6.0601, 8223
6.0609, 8220
6.0631, 8169
6.0640, 8138
28.7022, 8117
28.7032, 8110
28.7066, 8093
28.7066, 8088
28.7093, 8074
28.7111, 8069
52.3658, 8050
52.3668, 8027
52.3670, 8003
52.3714, 7991
52.3734, 7990
96.7337, 7840
149.1623, 7814
149.1632, 7793
195.2433, 7791
195.2437, 7789
195.2437, 7700
195.2460, 7695
195.2468, 7674
195.2469, 7652
405.4968, 7650
406.5025, 7627
406.5233, 7618
406.5234, 7615
406.5268, 7585
406.5319, 7582
406.5347, 7577
407.5656, 7562
409.6131, 7548
409.6316, 7542
