0.0000, 29158
0.0030, 28252
0.0030, 28231
0.0030, 28197
0.0040, 28128
0.0040, 27239
0.0040, 26882
0.0040, 26105
0.0080, 25928
0.0080, 25502
0.0080, 25486
0.0080, 25077
0.0080, 24473
0.0080, 24390
0.0080, 24386
0.0090, 23764
0.0090, 23707
0.0090, 23028
0.0090, 22329
0.4220, 22114
0.4220, 21219
0.4280, 21054
0.4280, 21019
0.4280, 21018
0.4280, 20962
0.4280, 20848
0.4280, 20536
0.4280, 20525
0.4280, 20348
0.4280, 20208
0.4280, 19868
0.4280, 19791
0.4280, 19781
0.4280, 19609
0.4290, 19582
0.4290, 19570
0.4290, 19190
0.4290, 19108
0.4290, 19056
0.4290, 19054
0.4290, 18699
0.4290, 18528
0.4290, 18196
0.4300, 17799
0.4300, 17683
0.4300, 17554
0.4300, 17530
0.4300, 17425
0.4300, 17383
0.4300, 17115
0.4300, 16439
0.4300, 16273
0.4300, 16214
0.4300, 15676
0.4300, 15673
0.4300, 15623
0.4300, 15457
0.4310, 15361
0.4310, 15247
0.4310, 14913
0.4310, 14808
0.4310, 14789
0.4310, 14774
0.4310, 14692
0.4310, 14669
0.4340, 14441
0.4340, 14322
0.4340, 14309
0.4340, 14031
0.4340, 13657
0.4340, 13649
0.4350, 13425
0.4350, 13390
0.4350, 13301
0.4350, 13274
0.4350, 13129
0.4350, 12980
0.4350, 12904
0.4350, 12619
0.4350, 12444
0.4350, 12339
0.4350, 12334
0.4360, 12321
0.4360, 12299
0.4360, 12192
0.4360, 12086
0.4360, 11996
0.4360, 11864
0.4360, 11857
0.4360, 10786
0.4370, 10588
0.4370, 10575
0.4390, 10500
0.4390, 10487
0.4400, 10466
0.4400, 10205
0.4400, 10009
0.4400, 9897
0.4410, 9872
0.4410, 9850
0.4410, 9838
0.4410, 9826
0.4410, 9773
0.4420, 9734
0.4420, 9610
0.4430, 9552
0.4430, 9518
0.4430, 9476
0.4440, 9448
0.4440, 9400
0.4440, 9231
0.4440, 9224
0.4440, 9059
0.4440, 9031
0.4460, 8874
0.4460, 8826
0.4460, 8814
0.4510, 8588
0.4510, 8574
0.4520, 8567
0.4520, 8241
0.4540, 8227
0.4550, 8226
0.4570, 8211
4.8050, 8146
6.2520, 8108
6.2530, 8101
6.2540, 7879
6.2560, 7878
23.5310, 7798
71.9790, 7792
71.9820, 7791
234.9710, 7783
249.2710, 7741
354.5290, 7731
361.8070, 7726
362.8380, 7590
362.8440, 7586
362.8460, 7570
362.8490, 7543
363.8730, 7542
