0.0010, 29378
0.0040, 29256
0.0040, 29061
0.0040, 28850
0.0040, 28691
0.0040, 28487
0.0040, 28421
0.0050, 28257
0.0050, 27998
0.0050, 27977
0.0060, 27840
0.0070, 27403
0.0080, 27164
0.0080, 26535
0.0080, 26474
0.0080, 25614
0.0250, 25527
0.0420, 24543
0.0420, 24381
0.0420, 24154
0.0620, 24074
0.0620, 24070
0.1080, 23993
0.1480, 23631
0.1480, 23130
0.4270, 23121
0.4270, 23079
0.4270, 23029
0.4270, 22208
0.4270, 21730
0.4270, 21485
0.4280, 21351
0.4280, 21277
0.4280, 21017
0.4280, 21015
0.4310, 20719
0.4310, 20591
0.4310, 20456
0.4310, 20304
0.4310, 20106
0.4310, 19838
0.4310, 19693
0.4310, 19476
0.4320, 19348
0.4330, 19274
0.4330, 19250
0.4330, 19244
0.4330, 18981
0.4330, 18715
0.4330, 18584
0.4330, 18452
0.4330, 18277
0.4330, 18016
0.4330, 17999
0.4340, 17939
0.4340, 17846
0.4340, 17730
0.4350, 17664
0.4350, 17628
0.4350, 17029
0.4350, 16928
0.4350, 16818
0.4350, 16816
0.4350, 16764
0.4350, 16533
0.4350, 16474
0.4350, 16391
0.4350, 16363
0.4350, 15838
0.4350, 15807
0.4360, 15804
0.4360, 15529
0.4360, 15463
0.4360, 15450
0.4360, 15157
0.4360, 15063
0.4370, 15003
0.4370, 14643
0.4370, 14588
0.4370, 14585
0.4370, 14317
0.4370, 14219
0.4370, 14172
0.4370, 14161
0.4370, 14086
0.4370, 13962
0.4370, 13852
0.4370, 13745
0.4370, 13631
0.4370, 13578
0.4380, 13523
0.4380, 13391
0.4380, 13181
0.4380, 12907
0.4380, 12890
0.4380, 12880
0.4380, 12783
0.4380, 12617
0.4390, 12416
0.4390, 12391
0.4390, 12334
0.4390, 12150
0.4390, 12133
0.4390, 12107
0.4390, 11859
0.4390, 11770
0.4390, 11680
0.4390, 11666
0.4390, 11645
0.4400, 11632
0.4400, 11565
0.4400, 11510
0.4400, 11501
0.4400, 11483
0.4400, 11290
0.4400, 11221
0.4400, 11194
0.4400, 11181
0.4400, 11178
0.4400, 10805
0.4400, 10798
0.4410, 10727
0.4410, 10676
0.4410, 10628
0.4410, 10611
0.4410, 10583
0.4410, 10535
0.4410, 10534
0.4420, 10526
0.4420, 10317
0.4420, 10285
0.4420, 10271
0.4420, 10247
0.4420, 10142
0.4420, 9988
0.4420, 9921
0.4430, 9889
0.4430, 9804
0.4430, 9751
0.4440, 9741
0.4440, 9696
0.4440, 9652
0.4440, 9638
0.4450, 9637
0.4450, 9283
0.4450, 9240
0.4450, 9200
0.4450, 9043
0.4460, 9033
0.4460, 9007
0.4460, 8949
0.4470, 8915
0.4470, 8880
0.4480, 8859
0.4490, 8851
0.4510, 8837
0.4520, 8835
0.4520, 8778
0.4530, 8768
0.4540, 8711
0.4550, 8517
0.4560, 8422
7.6760, 8415
9.1000, 8337
9.1000, 8330
9.1010, 8239
9.1010, 8226
9.1030, 8218
9.1030, 8197
9.1040, 8170
9.1050, 8110
9.1060, 8075
9.1060, 8049
9.1070, 8043
9.1080, 7948
9.1080, 7947
9.1090, 7940
9.1090, 7933
9.1110, 7880
23.4260, 7812
23.4260, 7766
247.7940, 7655
247.7940, 7624
320.0350, 7585
320.0360, 7553
320.0370, 7542
