0.0001, 34459
0.0004, 34214
0.0004, 33542
0.0005, 33187
0.0006, 32710
0.0006, 32565
0.0006, 32372
0.0006, 31707
0.0006, 30813
0.0007, 30750
0.0007, 30181
0.0007, 29949
0.0009, 29940
0.0010, 29830
0.0010, 29528
0.0010, 29454
0.0010, 28719
0.0011, 27940
0.0011, 27909
0.0019, 27778
0.0019, 27648
0.0032, 27464
0.0045, 27083
0.0058, 26809
0.0058, 26123
0.0058, 25999
0.0081, 25434
0.0081, 25415
0.0095, 25259
0.0096, 24638
0.0096, 24241
0.0097, 23958
1.2489, 23923
1.2490, 23818
1.4908, 23648
1.4909, 23456
1.5811, 23235
1.5812, 22674
1.5812, 22601
1.5827, 22433
1.5829, 21865
1.6025, 21382
1.6027, 21176
1.6029, 20755
1.6029, 20752
1.6030, 20744
1.6031, 20696
1.6031, 20579
1.6033, 20185
1.6033, 20098
1.6034, 19791
1.6043, 19605
1.6044, 19449
1.6044, 19394
1.6045, 18955
1.6062, 18906
1.6065, 18696
1.6065, 18644
1.6066, 18138
1.6068, 17886
1.6085, 17824
1.6086, 17644
1.6086, 17511
1.6087, 17449
1.6087, 17342
1.6088, 17277
1.6103, 17212
1.6148, 16924
1.6206, 16897
1.6208, 16844
1.6247, 16644
1.6256, 16625
1.6258, 16554
1.6263, 16324
1.6265, 16304
1.6272, 15859
1.6310, 15659
1.6312, 15123
1.6318, 14978
1.6319, 14823
1.6325, 14761
1.6326, 14512
1.6349, 14460
1.6351, 14450
1.6356, 14224
1.6358, 14137
1.6367, 13969
1.6368, 13965
1.6370, 13848
1.6372, 13829
1.6373, 13798
1.6391, 13731
1.6391, 13723
1.6394, 13688
1.6398, 13666
1.6401, 13594
1.6409, 13485
1.6416, 13463
1.6417, 13361
1.6418, 13308
1.6418, 13175
1.6419, 12939
1.6425, 12894
1.6429, 12686
1.6430, 12672
1.6431, 12599
1.6433, 12258
1.6447, 12254
1.6452, 11857
1.6454, 11450
1.6455, 11388
1.6472, 11288
1.6472, 11009
1.6519, 10934
1.6519, 10897
1.6527, 10866
1.6541, 10713
1.6542, 10684
1.6550, 10649
1.6564, 10548
1.6576, 10459
1.6724, 10376
1.6730, 10164
1.6735, 10127
1.6739, 10090
1.6741, 10076
1.6742, 9977
1.6752, 9852
1.6786, 9830
1.6787, 9790
1.6788, 9735
1.6795, 9718
1.6831, 9700
1.6843, 9680
1.6855, 9613
1.6862, 9543
1.6930, 9359
1.6933, 9358
1.6946, 9283
1.6949, 9192
1.6962, 9156
1.6997, 8971
1.7024, 8965
1.7036, 8904
1.7038, 8881
1.7041, 8877
1.7080, 8550
1.7114, 8527
1.7174, 8398
1.7179, 8379
1.7190, 8358
1.7194, 8306
1.7294, 8281
1.7312, 8161
1.7326, 8145
1.7375, 8134
1.7450, 8112
1.7507, 8089
9.6171, 8015
9.6213, 7998
31.9378, 7890
44.3979, 7871
44.3991, 7849
44.4007, 7844
