0.0000, 29632
0.0030, 29076
0.0030, 28413
0.0030, 28399
0.0030, 27856
0.0040, 27447
0.0040, 27256
0.0050, 26585
0.0070, 25616
0.0070, 25569
0.0070, 25402
0.0070, 25396
0.0070, 25337
0.0070, 25322
0.0070, 25267
0.0070, 25266
0.0070, 25265
0.0070, 25237
0.0100, 25046
0.0330, 24591
0.0750, 23997
0.1990, 23983
0.2580, 23883
0.2580, 23649
0.4080, 23480
0.4080, 23463
0.4080, 22745
0.4090, 22577
0.4090, 22564
0.4090, 22562
0.4100, 22223
0.4100, 22110
0.4100, 21982
0.4100, 21713
0.4100, 21350
0.4100, 21210
0.4110, 21097
0.4110, 21090
0.4110, 21067
0.4110, 20619
0.4110, 20016
0.4110, 19782
0.4110, 18901
0.4110, 18843
0.4110, 18677
0.4120, 18616
0.4120, 18052
0.4120, 18035
0.4120, 17725
0.4120, 17712
0.4120, 17637
0.4120, 17320
0.4120, 17299
0.4150, 17290
0.4150, 17115
0.4150, 17075
0.4150, 17036
0.4150, 16747
0.4150, 16542
0.4160, 16394
0.4160, 16226
0.4160, 16110
0.4160, 16088
0.4160, 15894
0.4160, 15779
0.4160, 15727
0.4160, 15588
0.4160, 15407
0.4170, 15028
0.4190, 14923
0.4190, 14881
0.4190, 14681
0.4190, 14404
0.4190, 14263
0.4190, 14087
0.4190, 13952
0.4190, 13864
0.4200, 13696
0.4200, 13674
0.4200, 13609
0.4200, 13350
0.4200, 13249
0.4200, 13181
0.4200, 13153
0.4200, 13126
0.4210, 13073
0.4210, 12973
0.4210, 12969
0.4210, 12960
0.4220, 12884
0.4220, 12771
0.4220, 12427
0.4220, 12392
0.4220, 12236
0.4220, 12166
0.4220, 12033
0.4220, 11951
0.4220, 11932
0.4220, 11704
0.4220, 11675
0.4230, 11658
0.4230, 11621
0.4230, 11579
0.4230, 11290
0.4230, 11161
0.4230, 11138
0.4230, 11064
0.4240, 10980
0.4240, 10916
0.4240, 10808
0.4240, 10779
0.4240, 10744
0.4240, 10699
0.4240, 10668
0.4240, 10615
0.4240, 10606
0.4250, 10494
0.4250, 10472
0.4250, 10317
0.4260, 10233
0.4260, 10195
0.4260, 10087
0.4260, 10025
0.4270, 9938
0.4280, 9924
0.4280, 9778
0.4280, 9696
0.4290, 9458
0.4290, 9261
0.4290, 9154
0.4300, 9137
0.4300, 9125
0.4310, 9007
0.4320, 8963
0.4320, 8954
0.4330, 8951
0.4330, 8845
0.4330, 8840
0.4340, 8750
0.4360, 8748
0.4360, 8676
0.4370, 8652
0.4370, 8594
0.4370, 8568
0.4390, 8296
0.4400, 8278
0.4420, 8243
6.0970, 8242
6.0970, 8227
10.3240, 8162
10.3250, 8139
10.3250, 8096
10.3250, 8095
10.3270, 8087
10.3280, 8071
13.1210, 8059
13.1210, 8042
13.1260, 8038
13.1270, 8030
15.9080, 8027
15.9100, 8023
15.9140, 8008
62.4100, 7999
88.2790, 7943
88.2790, 7914
88.2820, 7913
88.2840, 7901
88.2880, 7896
123.2640, 7895
123.2650, 7872
123.2650, 7793
259.6700, 7736
357.2480, 7726
362.3750, 7725
362.3840, 7664
363.3970, 7624
363.4010, 7619
363.4010, 7614
363.4020, 7577
363.4050, 7576
363.4050, 7565
363.4070, 7542
