0.0001, 29710
0.0003, 29453
0.0003, 29394
0.0004, 29244
0.0014, 28935
0.0014, 28458
0.0015, 28376
0.0016, 28358
0.0016, 28071
0.0017, 27793
0.0035, 27788
0.0036, 27151
0.0036, 27016
0.0036, 26627
0.0037, 26528
0.0037, 26495
0.0037, 26231
0.0037, 26192
0.0038, 25701
0.0088, 25519
0.0088, 25069
0.0377, 25014
0.0377, 24976
0.0563, 24949
0.0563, 24756
0.0563, 24624
0.0733, 24193
0.0734, 24162
0.0734, 23075
0.0734, 23066
0.6570, 22905
0.6571, 22446
0.6571, 22380
0.6571, 22344
0.6592, 21965
0.6592, 21941
0.6595, 21380
0.6595, 21313
0.6600, 20781
0.6629, 20498
0.6629, 20395
0.6629, 19988
0.6635, 19935
0.6636, 19800
0.6636, 19182
0.6638, 19154
0.6638, 18739
0.6638, 18554
0.6639, 18528
0.6659, 18512
0.6659, 18184
0.6670, 18073
0.6670, 17825
0.6670, 17791
0.6670, 17790
0.6670, 17789
0.6673, 17757
0.6673, 17623
0.6674, 17397
0.6674, 17344
0.6675, 17203
0.6675, 16654
0.6675, 16614
0.6676, 16468
0.6676, 16431
0.6676, 16083
0.6676, 15863
0.6681, 15790
0.6681, 15728
0.6681, 15499
0.6682, 14792
0.6683, 14445
0.6684, 14405
0.6684, 14334
0.6686, 14314
0.6687, 14250
0.6689, 14226
0.6689, 14212
0.6690, 14208
0.6692, 14113
0.6692, 13972
0.6693, 13707
0.6693, 13686
0.6697, 13293
0.6703, 13228
0.6704, 13170
0.6704, 13155
0.6705, 13093
0.6705, 13000
0.6752, 12861
0.6753, 12849
0.6753, 12585
0.6753, 12562
0.6754, 12524
0.6756, 12311
0.6757, 12310
0.6757, 12275
0.6758, 11834
0.6759, 11277
0.6759, 11103
0.6759, 11077
0.6761, 11068
0.6762, 10981
0.6764, 10951
0.6765, 10935
0.6767, 10883
0.6768, 10754
0.6769, 10733
0.6770, 10397
0.6773, 10252
0.6781, 10130
0.6781, 10069
0.6783, 10063
0.6792, 9921
0.6792, 9895
0.6793, 9818
0.6795, 9774
0.6795, 9759
0.6806, 9753
0.6806, 9697
0.6808, 9648
0.6809, 9553
0.6809, 9434
0.6810, 9319
0.6811, 9297
0.6826, 9154
0.6830, 9068
0.6834, 9060
0.6841, 8996
0.6848, 8867
0.6849, 8800
0.6855, 8790
0.6857, 8654
0.6878, 8647
0.6890, 8644
0.6905, 8637
0.6912, 8494
0.6921, 8426
0.6948, 8380
0.6965, 8241
0.6986, 8119
0.7004, 8102
0.7020, 7949
32.6062, 7906
32.6066, 7885
32.6070, 7860
162.4314, 7831
162.4328, 7801
166.8260, 7662
166.8289, 7583
400.3260, 7582
400.3264, 7542
