0.0001, 29300
0.0004, 28959
0.0006, 27968
0.0007, 27727
0.0028, 27624
0.0031, 27353
0.0033, 27040
0.0036, 26881
0.0041, 26558
0.0090, 26373
0.0197, 26370
0.0199, 26270
0.0201, 26147
0.0203, 26109
0.0207, 25996
0.0213, 25726
0.0214, 25533
0.0224, 25025
0.0232, 24947
0.0234, 24837
0.5731, 24589
0.8112, 24430
0.8114, 24410
0.8131, 24327
0.8142, 24195
0.9370, 24140
2.1009, 23748
2.1010, 23555
2.1020, 23388
4.5013, 23255
4.5015, 22897
4.5017, 21951
4.5019, 21862
4.5021, 21822
4.5023, 21337
4.5640, 20991
4.5678, 20954
4.5682, 20839
4.5686, 20827
4.5714, 20109
4.5727, 19918
4.5729, 19883
4.5732, 19392
4.5733, 19338
4.5735, 19251
4.5756, 18904
4.5758, 18728
4.5761, 18694
4.5762, 18680
4.5764, 18658
4.5766, 18473
4.5831, 18441
4.5832, 18296
4.5834, 18277
4.5943, 18143
4.5947, 18122
4.5956, 18071
4.5960, 17969
4.5963, 17865
4.5965, 17747
4.5967, 17417
4.5969, 17365
4.5973, 17201
4.5980, 16955
4.6009, 16739
4.6028, 16504
4.6038, 16406
4.6046, 16387
4.6047, 16342
4.6055, 16316
4.6070, 16099
4.6073, 16076
4.6075, 15979
4.6077, 15830
4.6082, 15764
4.6085, 15186
4.6087, 14862
4.6090, 14717
4.6094, 14410
4.6098, 14325
4.6100, 14250
4.6102, 14134
4.6105, 13944
4.6106, 13902
4.6112, 13901
4.6114, 13693
4.6116, 13626
4.6119, 13600
4.6123, 13553
4.6125, 13426
4.6127, 13416
4.6135, 13297
4.6137, 13286
4.6152, 13250
4.6153, 13247
4.6155, 13183
4.6159, 13168
4.6161, 13149
4.6163, 13103
4.6168, 13036
4.6170, 13004
4.6184, 12940
4.6185, 12832
4.6189, 12812
4.6192, 12668
4.6195, 12451
4.6196, 12445
4.6199, 12343
4.6206, 12262
4.6216, 12133
4.6225, 12054
4.6229, 11974
4.6233, 11963
4.6235, 11943
4.6238, 11914
4.6243, 11785
4.6246, 11682
4.6249, 11638
4.6252, 11621
4.6292, 11584
4.6294, 11443
4.6296, 11160
4.6298, 11138
4.6302, 11092
4.6308, 11070
4.6310, 11055
4.6311, 11023
4.6332, 11008
4.6334, 10993
4.6338, 10963
4.6340, 10787
4.6348, 10736
4.6355, 10710
4.6385, 10703
4.6388, 10639
4.6405, 10453
4.6414, 10242
4.6441, 10229
4.6443, 9957
4.6452, 9885
4.6454, 9879
4.6458, 9814
4.6463, 9789
4.6472, 9686
4.6475, 9633
4.6480, 9599
4.6482, 9591
4.6517, 9549
4.6528, 9498
4.6531, 9495
4.6533, 9490
4.6551, 9478
4.6571, 9383
4.6583, 9359
4.6619, 9269
4.6635, 9259
4.6638, 9216
4.6649, 9200
4.6666, 9169
4.6672, 9165
4.6675, 9109
4.6680, 8987
4.6683, 8834
4.6691, 8830
4.6695, 8812
4.6756, 8797
4.6772, 8777
4.6786, 8723
4.6898, 8702
4.6909, 8679
4.7090, 8417
4.7130, 8387
4.7134, 8312
4.7300, 8301
16.0391, 8288
16.0417, 8282
38.3381, 8278
38.3388, 8267
38.3398, 8259
38.3427, 8169
38.3521, 8130
43.8528, 8118
43.8595, 8094
60.0243, 8082
60.0291, 8067
65.6247, 7902
65.6285, 7897
65.6288, 7771
65.6377, 7699
82.2937, 7677
82.2942, 7676
82.2972, 7641
82.3007, 7618
