0.0001, 28742
0.0003, 28618
0.0003, 28156
0.0004, 27722
0.0005, 27498
0.0050, 27285
0.0051, 26769
0.0051, 26760
0.0117, 26247
0.0118, 26117
0.0118, 25703
0.0119, 25240
0.0119, 24716
0.0119, 24185
0.0121, 24163
0.0121, 23939
0.1425, 23796
0.6582, 23744
0.6582, 23665
0.6583, 23267
0.6583, 22946
0.6592, 22421
0.6592, 22295
0.6690, 21701
0.6694, 21533
0.6695, 21260
0.6695, 21070
0.6695, 21035
0.6697, 20756
0.6697, 20749
0.6744, 20731
0.6744, 20568
0.6745, 19894
0.6745, 19648
0.6746, 19514
0.6746, 19334
0.6746, 19216
0.6754, 18804
0.6755, 18803
0.6755, 18740
0.6756, 18632
0.6756, 18627
0.6756, 18433
0.6757, 18252
0.6757, 18234
0.6757, 18043
0.6762, 18013
0.6762, 17986
0.6770, 17412
0.6771, 17303
0.6773, 17159
0.6773, 17142
0.6773, 16998
0.6774, 16698
0.6774, 16655
0.6774, 16539
0.6774, 16467
0.6777, 16359
0.6778, 16067
0.6778, 15886
0.6779, 15873
0.6779, 15723
0.6779, 15440
0.6780, 14888
0.6780, 14708
0.6787, 14641
0.6787, 14500
0.6787, 14147
0.6788, 13984
0.6788, 13979
0.6788, 13741
0.6789, 13656
0.6791, 13583
0.6791, 13541
0.6791, 13440
0.6792, 13406
0.6793, 13293
0.6794, 13270
0.6816, 13246
0.6816, 13206
0.6823, 12946
0.6824, 12861
0.6825, 12835
0.6825, 12766
0.6825, 12682
0.6829, 12615
0.6843, 12512
0.6844, 12375
0.6844, 12099
0.6852, 12058
0.6852, 12041
0.6857, 11946
0.6860, 11893
0.6861, 11865
0.6868, 11687
0.6869, 11641
0.6872, 11634
0.6872, 11629
0.6878, 11545
0.6879, 11511
0.6880, 11504
0.6880, 11448
0.6881, 11371
0.6881, 11242
0.6882, 11234
0.6887, 11219
0.6887, 11192
0.6887, 10920
0.6891, 10914
0.6892, 10819
0.6901, 10676
0.6908, 10366
0.6908, 10301
0.6912, 10300
0.6915, 10274
0.6916, 10233
0.6918, 10163
0.6920, 10111
0.6922, 10051
0.6923, 9987
0.6927, 9812
0.6936, 9803
0.6937, 9800
0.6939, 9795
0.6944, 9793
0.6954, 9755
0.6967, 9749
0.6972, 9745
0.6973, 9740
0.6973, 9688
0.6975, 9654
0.6976, 9649
0.6983, 9516
0.6993, 9458
0.6998, 9446
0.7009, 9388
0.7010, 9381
0.7013, 9333
0.7014, 9239
0.7018, 9223
0.7019, 9216
0.7022, 9193
0.7028, 9188
0.7029, 9185
0.7040, 9122
0.7046, 9076
0.7046, 9074
0.7056, 9045
0.7067, 9032
0.7078, 9023
0.7085, 9015
0.7096, 8987
0.7103, 8980
0.7107, 8961
0.7118, 8839
0.7131, 8739
0.7135, 8727
0.7152, 8642
0.7153, 8597
0.7158, 8548
0.7166, 8535
0.7181, 8531
2.4085, 8489
2.4087, 8480
2.4093, 8475
2.4128, 8474
2.4141, 8446
2.4155, 8418
2.4193, 8414
5.8039, 8404
5.8045, 8186
5.8047, 8185
5.8050, 8042
5.8062, 8041
5.8098, 8018
5.8124, 7953
5.8146, 7878
102.0373, 7825
102.0374, 7802
320.1965, 7776
320.1975, 7775
320.1977, 7688
320.2025, 7684
320.2052, 7594
320.2063, 7554
320.2098, 7553
400.9405, 7542
