0.0001, 3224483
0.0002, 3161236
0.0003, 3138172
0.0003, 3113458
0.0003, 3112473
0.0003, 3106847
0.0003, 3077019
0.0003, 3072249
0.0003, 3053634
0.0004, 3049834
0.0004, 2928900
0.0004, 2869662
0.0004, 2852116
0.0004, 2715144
0.0004, 2705441
0.0006, 2675685
0.0029, 2673360
0.0029, 2625423
0.0032, 2546247
0.0032, 2531394
0.0043, 2484940
0.0043, 2424787
0.0241, 2416322
0.0255, 2370783
0.0312, 2334519
0.0927, 2316631
0.0927, 2312196
0.0928, 2240105
0.0928, 2236011
0.2617, 2226542
0.4599, 2209266
0.4600, 2199204
0.5234, 2195465
0.5234, 2169956
0.5235, 2168596
0.5235, 2150852
0.5235, 2146616
0.5235, 2112615
0.5236, 2104689
0.5254, 2103899
0.5277, 2079815
0.5278, 2062477
0.5278, 2016561
0.5279, 1969247
0.5280, 1929653
0.5281, 1911462
0.5281, 1879164
0.5281, 1860730
0.5282, 1849117
0.5283, 1829579
0.5283, 1804550
0.5301, 1803942
0.5301, 1776241
0.5301, 1771635
0.5301, 1757274
0.5302, 1708764
0.5313, 1707487
0.5313, 1690564
0.5313, 1675851
0.5335, 1667303
0.5336, 1640567
0.5336, 1637826
0.5336, 1625219
0.5337, 1616055
0.5340, 1612490
0.5340, 1611385
0.5340, 1588997
0.5349, 1569487
0.5350, 1546503
0.5350, 1546325
0.5352, 1510389
0.5353, 1490022
0.5353, 1479327
0.5354, 1479247
0.5354, 1423302
0.5355, 1415056
0.5355, 1414260
0.5361, 1409740
0.5363, 1355489
0.5366, 1341357
0.5366, 1328741
0.5366, 1325295
0.5366, 1324872
0.5367, 1323149
0.5367, 1313531
0.5382, 1276110
0.5385, 1272838
0.5386, 1271410
0.5387, 1263885
0.5387, 1261178
0.5387, 1249359
0.5389, 1246513
0.5394, 1187988
0.5397, 1185957
0.5397, 1178298
0.5398, 1167527
0.5398, 1141105
0.5399, 1128740
0.5400, 1124089
0.5410, 1105046
0.5413, 1102334
0.5413, 1100437
0.5414, 1093379
0.5415, 1076440
0.5423, 1076035
0.5423, 1054906
0.5425, 1053581
0.5429, 1033673
0.5446, 1021073
0.5451, 1001857
0.5452, 999571
0.5460, 995096
0.5468, 974212
0.5487, 964795
0.5489, 958252
0.5498, 957711
0.5499, 956095
0.5500, 955100
0.5502, 954549
0.5505, 953403
0.5508, 930419
0.5520, 928997
0.5555, 922350
2.0257, 918484
2.0282, 912428
2.0324, 910016
2.0341, 906078
2.0342, 905368
2.0382, 904817
2.0402, 902131
23.6432, 899606
23.6434, 899396
39.4081, 899198
39.4161, 898985
