0.0001, 2975392
0.0004, 2875402
0.0004, 2866718
0.0005, 2813090
0.0005, 2789714
0.0005, 2751591
0.0006, 2749858
0.0006, 2699300
0.0018, 2669778
0.0018, 2634889
0.0019, 2619611
0.0019, 2494256
0.0033, 2438359
0.0033, 2436542
0.0033, 2434305
0.0033, 2360552
0.0033, 2351680
0.0034, 2292683
0.0648, 2286819
0.1311, 2277600
0.1366, 2259565
0.1536, 2257711
0.1537, 2255266
0.1537, 2213159
0.1537, 2177524
0.4286, 2145583
0.4286, 2118786
0.4320, 2051890
0.4321, 1987464
0.4321, 1954201
0.4321, 1949335
0.4374, 1935392
0.4374, 1932550
0.4375, 1930090
0.4375, 1918974
0.4382, 1900560
0.4383, 1838509
0.4383, 1831399
0.4384, 1828275
0.4384, 1808787
0.4385, 1800524
0.4385, 1743157
0.4386, 1647124
0.4386, 1610178
0.4402, 1601517
0.4402, 1559003
0.4403, 1547484
0.4403, 1473566
0.4407, 1437655
0.4407, 1394556
0.4407, 1386516
0.4409, 1365480
0.4410, 1358621
0.4410, 1348322
0.4411, 1308828
0.4414, 1304221
0.4416, 1287535
0.4417, 1277244
0.4417, 1271571
0.4422, 1264398
0.4422, 1264148
0.4424, 1258183
0.4424, 1255476
0.4425, 1253382
0.4428, 1247806
0.4429, 1230779
0.4429, 1190825
0.4437, 1183671
0.4438, 1179991
0.4438, 1152594
0.4446, 1147395
0.4447, 1138444
0.4449, 1137207
0.4450, 1125609
0.4450, 1124411
0.4460, 1105634
0.4461, 1103162
0.4469, 1098497
0.4469, 1092945
0.4470, 1092391
0.4472, 1076721
0.4475, 1058442
0.4476, 1051708
0.4477, 1045513
0.4477, 1043368
0.4479, 1038557
0.4479, 1017137
0.4482, 1014124
0.4532, 1012109
0.4533, 1001208
0.4533, 991109
0.4534, 987889
0.4537, 982746
0.4537, 970169
0.4538, 931362
0.4630, 927066
0.4640, 926856
0.4654, 926149
1.9543, 924502
1.9574, 919635
1.9658, 914450
1.9696, 914286
1.9707, 914076
3.4487, 906866
3.4498, 903879
3.4552, 901151
3.4553, 900941
3.4605, 900470
3.4617, 900461
3.4622, 897516
53.2095, 896586
60.3625, 895505
60.3658, 895295
60.3705, 895292
60.3716, 895082
88.2431, 894197
346.8117, 894159
