0.0001, 2771708
0.0003, 2692916
0.0003, 2477375
0.0010, 2412804
0.0010, 2412699
0.0057, 2405876
0.0057, 2388541
0.0057, 2367502
0.0152, 2323430
0.0581, 2282861
0.1049, 2262471
0.2703, 2259483
0.3543, 2210312
0.6360, 2196533
0.6361, 2168379
0.6376, 2124358
0.6376, 2090447
0.6376, 2057737
0.6377, 2024542
0.6472, 2019577
0.6473, 1917046
0.6474, 1912177
0.6474, 1853650
0.6474, 1840757
0.6485, 1837784
0.6488, 1836374
0.6488, 1829233
0.6491, 1825195
0.6491, 1748249
0.6491, 1714496
0.6493, 1705681
0.6496, 1669908
0.6496, 1640798
0.6496, 1637862
0.6497, 1636683
0.6497, 1577772
0.6536, 1562778
0.6536, 1551243
0.6537, 1547190
0.6539, 1545651
0.6541, 1541202
0.6541, 1534474
0.6541, 1519241
0.6543, 1510636
0.6550, 1498699
0.6574, 1493469
0.6582, 1440391
0.6582, 1424212
0.6583, 1400843
0.6583, 1396679
0.6584, 1382868
0.6584, 1287863
0.6585, 1277191
0.6590, 1243854
0.6590, 1237061
0.6591, 1198915
0.6591, 1194562
0.6599, 1180571
0.6619, 1179021
0.6620, 1162387
0.6620, 1155670
0.6626, 1151315
0.6627, 1125623
0.6633, 1124879
0.6637, 1123048
0.6640, 1113495
0.6642, 1106925
0.6666, 1105630
0.6667, 1105079
0.6667, 1093760
0.6675, 1077841
0.6676, 1061838
0.6677, 1049171
0.6678, 1045440
0.6692, 1045168
0.6699, 1031383
0.6718, 1023892
0.6721, 1018513
0.6730, 1015724
0.6732, 1002182
0.6735, 997778
0.6742, 997591
0.6760, 996299
0.6761, 971380
0.6764, 965834
0.6764, 949609
0.6769, 944944
0.6770, 943522
0.6772, 937704
0.6777, 937233
0.6777, 937023
0.6785, 934027
5.9090, 920752
5.9093, 918269
5.9099, 917837
5.9172, 916737
5.9311, 910588
5.9316, 908891
12.7997, 901741
12.8001, 901528
12.8015, 900818
46.7100, 899737
46.7104, 899027
46.7151, 898814
46.7236, 896614
46.7343, 896404
79.9778, 895044
139.6554, 895029
139.6558, 894819
139.6600, 894606
181.5772, 894369
181.5787, 894159
382.2591, 893749
382.2650, 893746
382.2669, 893536
