0.0000, 3062999
0.0020, 3060013
0.0020, 3030523
0.0020, 3018376
0.0030, 2973948
0.0030, 2970886
0.0030, 2882035
0.0030, 2833721
0.0030, 2833697
0.0030, 2814315
0.0030, 2767366
0.0030, 2754103
0.0030, 2733118
0.0030, 2726201
0.0030, 2703060
0.0040, 2674952
0.0040, 2666292
0.0040, 2614693
0.0050, 2568533
0.0050, 2507515
0.0050, 2353526
0.0050, 2324155
0.0360, 2279160
0.0360, 2279127
0.0660, 2249864
0.0660, 2242839
0.2890, 2221469
0.3590, 2179384
0.3630, 2162073
0.3630, 2158578
0.3660, 2118639
0.3690, 2116036
0.3690, 2115276
0.3690, 2110848
0.3690, 2109638
0.3690, 2079833
0.3690, 2064724
0.3690, 2064259
0.3690, 2004656
0.3690, 1941781
0.3690, 1843738
0.3690, 1795603
0.3730, 1772521
0.3730, 1771874
0.3730, 1760725
0.3730, 1754659
0.3730, 1754655
0.3730, 1732074
0.3730, 1730135
0.3730, 1720682
0.3730, 1661104
0.3730, 1658088
0.3750, 1652069
0.3750, 1615485
0.3750, 1572379
0.3750, 1568100
0.3750, 1541150
0.3750, 1522520
0.3750, 1514053
0.3750, 1499851
0.3750, 1488150
0.3750, 1486164
0.3760, 1481885
0.3760, 1479685
0.3760, 1478414
0.3760, 1475484
0.3760, 1460899
0.3760, 1449577
0.3760, 1446791
0.3760, 1443337
0.3760, 1348917
0.3760, 1331876
0.3760, 1321998
0.3760, 1303789
0.3770, 1290596
0.3770, 1289398
0.3770, 1288814
0.3770, 1284266
0.3770, 1282881
0.3770, 1256730
0.3770, 1212517
0.3770, 1175155
0.3770, 1175103
0.3770, 1174572
0.3770, 1169386
0.3770, 1166119
0.3780, 1126611
0.3780, 1126501
0.3790, 1113280
0.3790, 1098787
0.3790, 1097524
0.3790, 1089460
0.3790, 1088004
0.3790, 1084324
0.3800, 1067795
0.3800, 1055526
0.3800, 1055316
0.3800, 1035490
0.3810, 1032394
0.3810, 1031781
0.3810, 1007100
0.3810, 1001365
0.3810, 996168
0.3820, 991115
0.3820, 985833
0.3830, 980751
0.3830, 968549
0.3840, 942394
0.3840, 939595
0.3840, 934770
0.3860, 930868
0.3860, 929878
0.3870, 923641
0.3870, 923090
0.3880, 921249
0.3900, 920698
0.3940, 920417
0.3950, 919707
3.2440, 919462
3.2450, 919252
3.2470, 918971
3.2480, 918130
3.2490, 915134
3.2500, 910586
24.3960, 907636
24.4010, 907565
24.4030, 907355
24.4080, 904552
24.4080, 904120
24.4110, 897971
28.5840, 897399
28.5880, 897189
57.6390, 896404
64.4710, 895292
64.4720, 895082
150.1050, 895068
150.1050, 894858
