0.0000, 2911290
0.0020, 2836199
0.0020, 2834830
0.0020, 2818778
0.0020, 2765160
0.0030, 2749832
0.0040, 2690476
0.0040, 2679354
0.0040, 2673963
0.0040, 2630867
0.0040, 2445989
0.0040, 2421099
0.0050, 2413320
0.0070, 2388103
0.0080, 2369215
0.0080, 2341373
0.0110, 2299773
0.0700, 2279414
0.0710, 2228145
0.0710, 2216784
0.0710, 2202218
0.0710, 2199712
0.1830, 2180714
0.1830, 2173508
0.1830, 2173339
0.4210, 2163160
0.4210, 2156838
0.4210, 2138691
0.4210, 2121518
0.4210, 2065260
0.4270, 2037456
0.4270, 2036527
0.4270, 2036091
0.4280, 2001579
0.4280, 1971669
0.4280, 1954335
0.4280, 1931796
0.4280, 1924589
0.4280, 1899503
0.4280, 1842136
0.4280, 1815941
0.4280, 1778401
0.4280, 1683657
0.4280, 1657485
0.4280, 1644731
0.4280, 1641610
0.4280, 1616912
0.4280, 1589623
0.4280, 1577363
0.4280, 1574500
0.4380, 1563806
0.4380, 1531957
0.4380, 1522580
0.4380, 1505788
0.4380, 1500730
0.4390, 1484613
0.4390, 1467999
0.4390, 1467739
0.4390, 1464490
0.4400, 1435189
0.4400, 1386370
0.4400, 1370499
0.4400, 1364598
0.4400, 1354487
0.4400, 1330703
0.4410, 1330323
0.4410, 1322304
0.4410, 1319608
0.4420, 1303765
0.4420, 1281032
0.4420, 1261343
0.4430, 1248976
0.4430, 1241308
0.4450, 1237570
0.4500, 1235557
0.4500, 1228870
0.4500, 1206326
0.4510, 1201435
0.4510, 1197504
0.4510, 1194310
0.4510, 1191456
0.4520, 1184626
0.4520, 1183224
0.4530, 1169040
0.4530, 1167760
0.4530, 1164903
0.4530, 1158582
0.4530, 1152985
0.4530, 1147455
0.4540, 1143098
0.4540, 1127037
0.4540, 1120267
0.4540, 1115363
0.4540, 1114981
0.4540, 1110365
0.4540, 1095166
0.4550, 1081478
0.4550, 1076705
0.4560, 1075582
0.4570, 1063321
0.4580, 1041086
0.4580, 1039269
0.4580, 1034484
0.4580, 1031436
0.4590, 1027231
0.4600, 1025003
0.4610, 1024402
0.4610, 1021035
0.4610, 1018048
0.4620, 1014569
0.4620, 990148
0.4620, 989389
0.4630, 988592
0.4640, 980519
0.4640, 959109
0.4640, 958445
0.4650, 931980
0.4650, 927536
0.4680, 921294
0.4740, 917000
0.4750, 916719
0.4750, 916168
0.4760, 916122
10.4990, 915494
10.5000, 915213
10.5000, 913013
10.5000, 912803
10.5030, 912757
14.7340, 911328
14.7350, 904455
14.7360, 903226
14.7390, 902721
14.7410, 902675
24.5700, 901252
24.5710, 901144
24.5790, 900980
31.5390, 898994
31.5420, 898784
31.5420, 898074
45.3840, 897966
45.3860, 897753
45.3860, 895553
45.3870, 895343
45.3990, 894197
308.4730, 894159
