0.0001, 3126660
0.0003, 3110917
0.0006, 3102793
0.0008, 3088616
0.0008, 3065663
0.0008, 3054493
0.0008, 3027758
0.0008, 2980458
0.0008, 2976722
0.0009, 2951481
0.0010, 2945874
0.0010, 2934488
0.0012, 2922720
0.0012, 2906759
0.0016, 2851599
0.0016, 2830621
0.0018, 2782837
0.0018, 2780270
0.0026, 2675273
0.0034, 2640074
0.0035, 2581960
0.0035, 2578008
0.0066, 2497405
0.0067, 2458103
0.0142, 2367844
0.0422, 2367498
0.0437, 2346197
0.0486, 2324601
0.0742, 2314587
0.0742, 2243281
0.0743, 2240511
0.1536, 2239781
0.1537, 2229272
0.3698, 2198165
0.6658, 2127698
0.6658, 2120147
0.6658, 2068336
0.6747, 2063443
0.6750, 2045096
0.6751, 2043431
0.6751, 1927633
0.6839, 1830615
0.6839, 1824209
0.6839, 1805594
0.6840, 1802879
0.6841, 1782747
0.6848, 1771123
0.6877, 1705590
0.6877, 1699302
0.6879, 1653754
0.6879, 1653464
0.6884, 1641216
0.6893, 1627702
0.6896, 1617936
0.6897, 1610337
0.6897, 1583782
0.6897, 1577065
0.6900, 1569779
0.6901, 1544722
0.6902, 1544307
0.6904, 1538626
0.6907, 1538577
0.6915, 1533327
0.6916, 1406163
0.6916, 1380120
0.6917, 1372650
0.6920, 1367225
0.6920, 1364613
0.6922, 1348505
0.6922, 1308481
0.6927, 1303224
0.6932, 1294664
0.6932, 1288579
0.6934, 1280234
0.6936, 1252421
0.6938, 1241556
0.6944, 1235354
0.6945, 1217197
0.6946, 1210496
0.6947, 1203733
0.6957, 1191035
0.6958, 1188193
0.6959, 1182949
0.6959, 1180439
0.6960, 1168780
0.6961, 1164576
0.6966, 1162166
0.6967, 1124753
0.6967, 1115951
0.6969, 1092733
0.6969, 1086639
0.6970, 1057049
0.7015, 1042802
0.7017, 1024682
0.7018, 1020570
0.7019, 1016725
0.7021, 1010071
0.7023, 1003409
0.7024, 994097
0.7025, 986265
0.7026, 985836
0.7037, 982217
0.7080, 976806
0.7119, 973761
0.7122, 968650
0.7122, 963898
0.7141, 962908
0.7146, 962256
0.7151, 961975
0.7181, 961134
0.7188, 959231
0.7215, 952227
0.7220, 949424
0.7259, 942260
0.7265, 939777
0.7278, 936567
0.7296, 934367
0.7306, 927999
0.7315, 927786
0.7329, 926686
0.7342, 926476
0.7383, 921928
16.5738, 921683
16.5771, 918874
16.5776, 918442
16.5776, 912293
16.5798, 910382
16.5807, 910236
16.5812, 908036
16.5833, 907826
16.6159, 907780
25.2861, 905017
25.2872, 904466
25.2883, 904256
25.2898, 903975
25.2995, 901528
25.3002, 899831
25.3064, 899550
49.3702, 898132
69.6348, 897729
69.6363, 897516
72.9579, 897165
72.9664, 896955
72.9675, 896404
105.6223, 895964
105.6277, 895254
105.6308, 895044
108.8716, 894858
291.6676, 893749
291.6780, 893746
291.6830, 893536
