0.0000, 2943804
0.0030, 2822741
0.0030, 2818150
0.0030, 2806037
0.0030, 2764272
0.0030, 2751713
0.0030, 2749099
0.0030, 2612601
0.0030, 2604345
0.0030, 2448451
0.0030, 2339671
0.0030, 2315160
0.0030, 2300662
0.0030, 2291160
0.0130, 2276390
0.0140, 2259104
0.0210, 2254756
0.0750, 2240292
0.1290, 2240041
0.2070, 2119874
0.2070, 2107134
0.2070, 2106397
0.3480, 2067323
0.3480, 2040835
0.3480, 2038071
0.3480, 1983282
0.3480, 1931197
0.3480, 1929411
0.3480, 1925817
0.3480, 1924362
0.3480, 1894236
0.3480, 1860117
0.3510, 1775845
0.3520, 1734411
0.3530, 1689386
0.3530, 1660879
0.3530, 1626320
0.3530, 1617177
0.3530, 1587258
0.3530, 1583492
0.3530, 1579921
0.3530, 1544183
0.3530, 1541097
0.3530, 1538609
0.3530, 1537195
0.3530, 1531003
0.3530, 1524503
0.3530, 1522181
0.3530, 1521834
0.3540, 1518247
0.3540, 1517660
0.3550, 1510347
0.3550, 1495653
0.3550, 1495284
0.3550, 1475529
0.3550, 1431021
0.3550, 1422310
0.3550, 1415676
0.3550, 1404408
0.3550, 1393288
0.3550, 1358509
0.3550, 1355448
0.3550, 1349386
0.3550, 1333940
0.3580, 1321263
0.3580, 1309660
0.3580, 1301350
0.3580, 1280681
0.3580, 1275176
0.3580, 1259756
0.3580, 1258431
0.3580, 1256065
0.3580, 1240577
0.3580, 1218422
0.3590, 1217378
0.3590, 1212633
0.3590, 1201553
0.3590, 1197076
0.3590, 1192684
0.3590, 1190701
0.3590, 1185946
0.3590, 1178782
0.3600, 1153386
0.3600, 1153326
0.3600, 1152758
0.3610, 1140630
0.3610, 1139299
0.3610, 1138226
0.3610, 1128159
0.3610, 1105030
0.3610, 1067228
0.3610, 1061571
0.3610, 1061145
0.3620, 1058277
0.3620, 1034199
0.3620, 1033829
0.3620, 1024039
0.3620, 1022449
0.3620, 1012567
0.3630, 1012404
0.3630, 1012253
0.3630, 1009790
0.3630, 1005138
0.3630, 998949
0.3630, 992627
0.3640, 987274
0.3640, 986206
0.3650, 959925
0.3650, 957725
0.3650, 946683
0.3650, 946132
0.3660, 945846
0.3660, 926870
0.3670, 925798
0.3670, 924376
0.3680, 921413
0.3690, 921194
0.3690, 918351
0.3690, 915623
0.3690, 911965
0.3690, 904386
0.3700, 903286
0.3700, 902735
0.3720, 896586
25.6450, 895515
25.6470, 894369
25.6520, 894159
