0.0001, 2991627
0.0004, 2934915
0.0005, 2890145
0.0007, 2819132
0.0008, 2765017
0.0014, 2728618
0.0017, 2665658
0.0074, 2514351
0.0076, 2511486
0.0637, 2498232
0.0702, 2497491
0.1327, 2489558
0.1330, 2484697
0.2099, 2477931
0.2103, 2472717
0.2232, 2435768
0.2247, 2394286
0.2248, 2366090
0.2250, 2350609
0.3205, 2331446
0.3206, 2281809
2.9371, 2271259
2.9373, 2269665
3.1627, 2242343
3.1628, 2211444
3.1629, 2185639
3.1631, 2174094
3.3674, 2135838
3.3676, 2131316
3.4223, 2087637
3.4229, 2080862
3.4233, 2072803
3.4264, 2066086
3.4289, 2042940
3.4290, 2038243
3.4291, 2006952
3.4293, 1994084
3.4372, 1978653
3.4535, 1975056
3.4537, 1915755
3.4538, 1882730
3.4637, 1876583
3.4639, 1856329
3.4641, 1818080
3.4763, 1783627
3.4766, 1781898
3.4768, 1773372
3.4770, 1768465
3.4805, 1764140
3.4806, 1671926
3.4808, 1652557
3.4809, 1604606
3.4810, 1560832
3.4812, 1559496
3.4948, 1550687
3.4949, 1548702
3.4952, 1524156
3.4995, 1518712
3.5033, 1503972
3.5041, 1483530
3.5044, 1435850
3.5063, 1427444
3.5079, 1425603
3.5083, 1404929
3.5085, 1399924
3.5086, 1398154
3.5088, 1390404
3.5096, 1360430
3.5098, 1358912
3.5101, 1352995
3.5147, 1350008
3.5150, 1322078
3.5154, 1316546
3.5160, 1301866
3.5162, 1298303
3.5163, 1297897
3.5167, 1274322
3.5170, 1238321
3.5171, 1218055
3.5179, 1212274
3.5181, 1208629
3.5208, 1188616
3.5223, 1187372
3.5226, 1174596
3.5230, 1167523
3.5232, 1127174
3.5233, 1106915
3.5240, 1099526
3.5243, 1099521
3.5245, 1095971
3.5252, 1089433
3.5254, 1089223
3.5265, 1089022
3.5272, 1088063
3.5275, 1085195
3.5281, 1078673
3.5291, 1072781
3.5307, 1068772
3.5309, 1068095
3.5313, 1063833
3.5334, 1041232
3.5339, 1028152
3.5342, 1027451
3.5349, 1027041
3.5353, 1026831
3.5363, 1021927
3.5372, 999282
3.5374, 994553
3.5382, 989821
3.5384, 982412
3.5425, 982390
3.5430, 975480
3.5439, 965522
3.5441, 958392
3.5446, 943662
3.5458, 931307
3.5475, 923798
3.5548, 923293
3.5686, 913293
3.5745, 912975
3.5871, 912765
8.2646, 909758
8.2652, 909207
8.2693, 908497
8.2932, 908211
8.2968, 905002
8.2992, 902274
129.1245, 899171
