0.0001, 2874300
0.0003, 2806307
0.0004, 2805041
0.0008, 2740673
0.0008, 2649391
0.0008, 2631096
0.0009, 2549675
0.0036, 2536386
0.0036, 2443443
0.0036, 2414417
0.0037, 2390059
0.0043, 2339877
0.0482, 2293147
0.2220, 2262652
0.2220, 2220636
0.2220, 2209843
0.2325, 2128684
0.2326, 2127697
0.6532, 2127478
0.6643, 2122417
0.6644, 2116504
0.6645, 2103224
0.6656, 2042941
0.6656, 1970273
0.6656, 1967151
0.6657, 1966250
0.6660, 1935857
0.6660, 1927322
0.6661, 1923210
0.6661, 1918799
0.6661, 1907881
0.6662, 1892341
0.6662, 1885935
0.6662, 1840090
0.6680, 1809055
0.6680, 1776689
0.6681, 1708881
0.6684, 1684844
0.6700, 1677222
0.6702, 1621525
0.6702, 1618579
0.6702, 1559757
0.6739, 1558796
0.6739, 1558717
0.6739, 1542635
0.6740, 1541334
0.6750, 1506617
0.6751, 1491437
0.6751, 1491055
0.6757, 1480419
0.6757, 1478968
0.6766, 1460321
0.6768, 1455331
0.6769, 1428954
0.6774, 1408263
0.6778, 1398535
0.6779, 1378681
0.6779, 1376689
0.6780, 1369785
0.6789, 1365224
0.6789, 1365166
0.6793, 1349837
0.6794, 1349247
0.6794, 1291411
0.6794, 1269363
0.6795, 1255988
0.6795, 1240373
0.6796, 1220643
0.6796, 1189814
0.6797, 1178291
0.6798, 1176652
0.6824, 1170851
0.6825, 1167803
0.6825, 1154389
0.6826, 1149602
0.6826, 1137035
0.6832, 1110356
0.6834, 1097094
0.6835, 1090964
0.6836, 1086573
0.6838, 1071809
0.6838, 1071528
0.6845, 1068065
0.6847, 1058065
0.6847, 1054848
0.6850, 1035996
0.6852, 1030525
0.6883, 1020047
0.6886, 1014793
0.6895, 995847
0.6905, 995805
0.6929, 991959
0.6947, 991872
0.6951, 987927
0.6970, 987405
0.7043, 984018
0.7046, 983201
0.7056, 979271
0.7068, 979198
0.7093, 976812
0.7109, 973081
0.7115, 968119
0.7137, 956469
0.7145, 943732
0.7159, 943181
0.7164, 942717
0.7177, 942683
0.7235, 937556
0.7348, 937343
2.4706, 935919
2.4718, 933789
2.4722, 933747
2.4722, 933534
2.4774, 933025
2.4791, 926023
2.4794, 923823
2.4798, 914186
2.4813, 911304
2.4817, 911094
2.4849, 910913
2.4860, 910767
2.4866, 908039
2.4882, 907993
2.4911, 907780
13.0030, 906250
13.0072, 905540
13.0101, 905259
13.0103, 904708
14.7504, 904035
23.3286, 895691
23.3292, 895481
72.8937, 894858
199.8774, 893749
199.8794, 893536
