0.0001, 2837871
0.0003, 2806327
0.0003, 2794385
0.0003, 2736461
0.0004, 2522658
0.0005, 2412889
0.0005, 2385447
0.0347, 2323468
0.0949, 2259751
0.0949, 2248976
0.1007, 2246272
0.1488, 2224241
0.1706, 2212662
0.1706, 2153785
0.2301, 2132999
0.5854, 2122949
0.5854, 2122136
0.5855, 2113912
0.5857, 2099804
0.5858, 2097677
0.5858, 2077433
0.5858, 2075077
0.5874, 1935555
0.5879, 1917865
0.5893, 1917365
0.5894, 1902635
0.5894, 1833993
0.5895, 1814748
0.5895, 1804537
0.5896, 1786029
0.5896, 1748091
0.5897, 1723744
0.5905, 1722674
0.5905, 1695563
0.5906, 1666448
0.5908, 1613746
0.5908, 1612771
0.5937, 1594913
0.5941, 1583537
0.5942, 1581712
0.5980, 1542879
0.5980, 1462249
0.5989, 1462037
0.5990, 1435564
0.5990, 1431995
0.5990, 1417519
0.5991, 1413108
0.5993, 1390479
0.6009, 1387626
0.6009, 1380571
0.6011, 1378204
0.6012, 1351576
0.6014, 1337770
0.6015, 1326238
0.6015, 1312953
0.6016, 1273513
0.6017, 1256861
0.6019, 1246426
0.6020, 1241670
0.6021, 1225167
0.6034, 1222947
0.6037, 1192837
0.6039, 1179360
0.6040, 1177451
0.6053, 1167925
0.6053, 1166731
0.6054, 1166326
0.6055, 1150950
0.6056, 1142906
0.6058, 1141477
0.6059, 1130536
0.6060, 1124680
0.6060, 1117678
0.6061, 1103777
0.6062, 1078302
0.6067, 1071293
0.6068, 1023545
0.6073, 992138
0.6078, 980862
0.6082, 979403
0.6084, 978257
0.6133, 952412
0.6136, 951856
0.6142, 950396
0.6155, 949829
0.6156, 949552
0.6165, 947871
0.6169, 931647
0.6170, 931173
0.6182, 928128
0.6184, 927421
0.6187, 926864
0.6198, 923811
0.6200, 923530
0.6222, 922711
0.6223, 922059
0.6227, 921778
0.6246, 919578
0.6251, 919368
0.6265, 918897
0.6274, 907344
0.6282, 903977
0.6286, 902030
0.6300, 901712
0.6310, 901502
0.6325, 900980
12.2671, 898692
12.2678, 898511
53.1115, 898458
53.1190, 898248
61.1138, 897726
61.1343, 897516
65.8880, 897189
87.8180, 896710
87.8190, 894510
87.8224, 893959
87.8229, 893749
87.8277, 893536
