0.0001, 193434
0.0003, 188688
0.0004, 187486
0.0004, 182242
0.0004, 181843
0.0005, 177221
0.0188, 177136
0.0213, 175890
0.0213, 173518
0.0230, 172301
0.0230, 168583
0.0230, 167921
0.1225, 167003
0.4651, 165806
0.7302, 153024
0.7302, 150907
0.7303, 149376
0.7303, 148869
0.7305, 148144
0.7305, 143407
0.7307, 139385
0.7309, 132521
0.7408, 130019
0.7472, 129381
0.7472, 127728
0.7473, 127103
0.7473, 126929
0.7474, 124848
0.7476, 124598
0.7476, 123559
0.7476, 122534
0.7477, 122132
0.7531, 121281
0.7531, 117824
0.7532, 113536
0.7532, 112379
0.7532, 110353
0.7550, 109706
0.7551, 109036
0.7552, 107595
0.7553, 106668
0.7553, 106185
0.7553, 105879
0.7558, 105830
0.7559, 104965
0.7559, 104020
0.7561, 103702
0.7562, 102665
0.7563, 101369
0.7578, 101168
0.7579, 101133
0.7579, 99799
0.7580, 99745
0.7581, 99399
0.7582, 98570
0.7582, 96590
0.7582, 95720
0.7583, 94902
0.7586, 92137
0.7586, 90385
0.7594, 88422
0.7594, 87593
0.7595, 87480
0.7601, 87105
0.7602, 86643
0.7603, 86615
0.7603, 86059
0.7603, 86045
0.7604, 85858
0.7605, 85529
0.7608, 85340
0.7608, 85001
0.7610, 83876
0.7614, 83513
0.7615, 83454
0.7616, 82718
0.7616, 82353
0.7617, 81516
0.7644, 80605
0.7645, 80115
0.7645, 79428
0.7647, 78762
0.7648, 78090
0.7649, 78062
0.7649, 78032
0.7651, 77279
0.7652, 76428
0.7653, 75966
0.7653, 75944
0.7657, 75155
0.7658, 74686
0.7660, 74142
0.7662, 73638
0.7666, 73225
0.7669, 72543
0.7669, 71737
0.7671, 71482
0.7690, 71172
0.7691, 69330
0.7694, 66865
0.7706, 65982
0.7707, 65867
0.7713, 65855
0.7716, 64102
0.7717, 64028
0.7735, 63595
0.7739, 63300
0.7744, 63047
0.7744, 62873
0.7748, 62778
0.7750, 61652
0.7757, 61603
0.7776, 61446
0.7783, 60647
0.7795, 59158
0.7818, 59110
0.7829, 58164
0.7831, 57687
0.7844, 57324
0.7877, 56695
0.7894, 56652
0.7938, 55908
0.7956, 55069
0.7967, 54992
0.7978, 54438
7.9767, 54307
7.9808, 53563
29.2370, 53462
85.4046, 53385
85.4063, 53337
85.4105, 53322
216.0028, 53279
355.2712, 53161
357.5823, 53146
402.7213, 52936
403.7722, 52874
406.9404, 52823
406.9498, 52788
