0.0000, 216289
0.0030, 215104
0.0040, 207792
0.0040, 206924
0.0040, 206910
0.0040, 204144
0.0040, 202657
0.0040, 201407
0.0040, 197578
0.0040, 190582
0.0040, 190552
0.0050, 188986
0.0050, 185081
0.0050, 184536
0.0050, 180382
0.0050, 179785
0.0050, 177745
0.0050, 173239
0.0220, 171263
0.0220, 171251
0.0220, 170984
0.0220, 169369
0.0220, 168973
0.0220, 168279
0.0220, 168260
0.0520, 168039
0.0520, 167848
0.0670, 167787
0.0670, 166461
0.2670, 164275
0.2670, 162310
0.2670, 162263
0.4190, 161809
0.4190, 161285
0.4190, 159928
0.4190, 158015
0.4190, 157931
0.4190, 157358
0.4190, 156363
0.4190, 155439
0.4210, 152403
0.4210, 152198
0.4220, 151979
0.4220, 151236
0.4230, 150777
0.4230, 150537
0.4240, 150478
0.4240, 150191
0.4240, 150088
0.4240, 149892
0.4240, 146883
0.4240, 144506
0.4240, 143828
0.4240, 143504
0.4240, 142534
0.4240, 141902
0.4240, 140847
0.4240, 140695
0.4240, 139506
0.4240, 136271
0.4240, 133657
0.4240, 133343
0.4240, 133072
0.4240, 131337
0.4240, 131267
0.4240, 130573
0.4250, 130020
0.4250, 129834
0.4250, 127630
0.4250, 126750
0.4250, 126441
0.4250, 125385
0.4250, 122783
0.4250, 122345
0.4250, 116053
0.4260, 116026
0.4260, 114560
0.4260, 113811
0.4260, 112015
0.4260, 110760
0.4260, 110600
0.4270, 108628
0.4270, 106244
0.4270, 105336
0.4270, 104616
0.4270, 104404
0.4270, 103335
0.4270, 102452
0.4270, 102418
0.4270, 100228
0.4290, 100183
0.4290, 99864
0.4290, 99569
0.4290, 99495
0.4310, 99312
0.4310, 97864
0.4310, 97092
0.4310, 96506
0.4310, 96143
0.4310, 94355
0.4320, 93740
0.4320, 92720
0.4320, 88155
0.4320, 87049
0.4320, 86930
0.4320, 86474
0.4330, 84250
0.4330, 84156
0.4340, 82749
0.4340, 82280
0.4340, 82170
0.4340, 81611
0.4340, 81268
0.4340, 81110
0.4340, 80957
0.4340, 77676
0.4340, 77551
0.4350, 77087
0.4350, 76420
0.4350, 75950
0.4360, 75661
0.4360, 75350
0.4360, 75254
0.4360, 75152
0.4360, 75070
0.4360, 74552
0.4360, 74483
0.4370, 74438
0.4370, 74287
0.4370, 73260
0.4370, 73203
0.4370, 72241
0.4370, 71027
0.4380, 70683
0.4390, 70357
0.4390, 70150
0.4390, 70127
0.4390, 69947
0.4390, 69663
0.4390, 69395
0.4390, 69383
0.4400, 68818
0.4400, 63443
0.4400, 62860
0.4400, 62154
0.4410, 61862
0.4410, 61801
0.4420, 61560
0.4420, 61485
0.4440, 61423
0.4450, 61406
0.4460, 61295
0.4460, 61284
0.4470, 60874
0.4470, 60809
0.4480, 60533
0.4480, 60529
0.4480, 60227
0.4480, 59660
0.4490, 59297
0.4490, 59095
0.4520, 58841
0.4530, 58588
0.4530, 57398
0.4540, 56654
0.4540, 56539
0.4550, 55971
0.4620, 55579
4.8180, 55102
12.0160, 54907
12.0190, 54521
12.0190, 54514
12.0220, 54372
14.9040, 54179
14.9050, 53824
14.9050, 53776
14.9100, 53714
33.4270, 53551
37.6660, 53530
51.6960, 53024
267.2300, 52658
