0.0001, 213973
0.0002, 213687
0.0005, 210509
0.0005, 210419
0.0005, 208978
0.0006, 206593
0.0007, 202512
0.0007, 198675
0.0007, 194797
0.0008, 193823
0.0008, 191419
0.0037, 189896
0.0037, 188322
0.0037, 187507
0.0073, 186833
0.0076, 181961
0.0076, 180775
0.0077, 179955
0.0226, 179401
0.0226, 178773
0.0380, 176392
0.0382, 174887
0.0385, 174000
0.0442, 170731
0.0531, 168762
0.0653, 168207
0.0653, 166276
0.0653, 165346
0.0653, 165308
0.0654, 163065
0.2497, 162995
0.2498, 162442
0.4751, 160817
0.4751, 157516
0.4751, 157172
0.4771, 156343
0.4776, 155122
0.4777, 155104
0.4778, 153910
0.4778, 153512
0.4787, 150020
0.4788, 150003
0.4788, 149984
0.4789, 149133
0.4790, 148600
0.4792, 148583
0.4792, 148246
0.4792, 148142
0.4792, 146610
0.4795, 144747
0.4795, 144386
0.4797, 144283
0.4806, 143567
0.4810, 142696
0.4812, 138205
0.4812, 134021
0.4812, 133772
0.4813, 133573
0.4813, 127227
0.4830, 126264
0.4830, 123304
0.4830, 123141
0.4831, 122967
0.4831, 121319
0.4831, 120484
0.4832, 118956
0.4851, 118634
0.4851, 118438
0.4852, 117881
0.4852, 116410
0.4853, 115631
0.4853, 115570
0.4853, 109423
0.4854, 108646
0.4859, 108153
0.4859, 107992
0.4860, 107985
0.4860, 106145
0.4860, 105451
0.4861, 103492
0.4862, 103162
0.4863, 103093
0.4880, 103075
0.4885, 102817
0.4886, 101204
0.4886, 100384
0.4888, 100157
0.4892, 99041
0.4892, 96060
0.4892, 95671
0.4892, 95169
0.4893, 93604
0.4893, 91914
0.4893, 91778
0.4893, 91280
0.4894, 90577
0.4894, 90287
0.4895, 89119
0.4896, 89070
0.4897, 88364
0.4900, 88175
0.4900, 87849
0.4900, 87081
0.4902, 85121
0.4902, 85089
0.4905, 84425
0.4909, 84369
0.4910, 83005
0.4911, 82476
0.4912, 81737
0.4918, 81583
0.4920, 80919
0.4926, 80612
0.4926, 79404
0.4928, 78457
0.4940, 77950
0.4941, 77404
0.4941, 76961
0.4942, 76866
0.4942, 75881
0.4943, 75737
0.4943, 74838
0.4944, 74821
0.4945, 74659
0.4945, 74360
0.4948, 74096
0.4949, 73704
0.4951, 72771
0.4952, 70492
0.4953, 70165
0.4954, 69789
0.4954, 69036
0.4956, 68818
0.4957, 68760
0.4961, 66780
0.4962, 65362
0.4964, 65073
0.4970, 64926
0.4972, 64037
0.4982, 63329
0.4983, 63007
0.4983, 62734
0.4985, 62691
0.4993, 62403
0.4995, 61855
0.5020, 60172
0.5031, 60135
0.5037, 59622
0.5039, 59549
0.5040, 59255
0.5050, 58808
0.5056, 57979
0.5088, 57970
0.5119, 57655
0.5163, 56865
0.5169, 56686
0.5185, 56507
0.5186, 56082
0.5207, 55961
1.9887, 55956
1.9966, 55895
1.9966, 55874
1.9971, 55770
2.0005, 55502
3.4918, 55370
3.4940, 55266
3.4988, 55151
4.9719, 55142
4.9723, 54574
69.2847, 54561
69.2857, 54520
69.2880, 54434
69.2885, 53888
69.2941, 53820
86.1983, 53567
86.2020, 53479
470.4248, 53328
470.4273, 53188
