0.0001, 235122
0.0003, 234197
0.0003, 234050
0.0003, 232001
0.0004, 230269
0.0004, 229781
0.0004, 208738
0.0004, 204203
0.0004, 202547
0.0004, 200812
0.0005, 196905
0.0005, 192601
0.0005, 192327
0.0005, 192212
0.0005, 186890
0.0005, 184498
0.0072, 181581
0.0073, 176805
0.0073, 175583
0.0073, 174858
0.0074, 172122
0.0074, 171042
0.0074, 170808
0.0075, 170449
0.0075, 166803
0.0075, 164528
0.7392, 164331
0.7393, 160777
0.7393, 158488
0.7397, 157765
0.7398, 156557
0.7398, 155814
0.7412, 149696
0.7413, 149572
0.7415, 149278
0.7415, 149069
0.7423, 148395
0.7429, 148136
0.7431, 146877
0.7432, 146512
0.7436, 146214
0.7439, 145416
0.7443, 142361
0.7443, 142019
0.7443, 141117
0.7443, 138317
0.7448, 138094
0.7448, 137943
0.7454, 137345
0.7454, 133055
0.7459, 131121
0.7459, 131015
0.7459, 130578
0.7459, 129172
0.7460, 128664
0.7461, 128606
0.7462, 127540
0.7463, 127348
0.7467, 126219
0.7470, 124967
0.7470, 124709
0.7470, 124689
0.7473, 123506
0.7473, 123007
0.7477, 121762
0.7478, 120930
0.7478, 120510
0.7478, 120043
0.7478, 119978
0.7484, 119558
0.7484, 115491
0.7485, 113613
0.7502, 113473
0.7503, 113193
0.7503, 112910
0.7504, 109201
0.7515, 108347
0.7515, 106381
0.7516, 106090
0.7518, 104927
0.7518, 104054
0.7520, 103573
0.7521, 103083
0.7525, 102477
0.7525, 102190
0.7525, 102158
0.7526, 101969
0.7526, 98967
0.7526, 97418
0.7529, 94885
0.7529, 94155
0.7530, 93807
0.7531, 92152
0.7541, 90024
0.7544, 88491
0.7545, 88277
0.7549, 86184
0.7549, 85856
0.7552, 84638
0.7552, 84443
0.7554, 83746
0.7556, 82707
0.7556, 81825
0.7557, 81321
0.7558, 80717
0.7561, 80659
0.7563, 80595
0.7564, 80121
0.7565, 79955
0.7568, 77716
0.7568, 77529
0.7568, 77127
0.7569, 76987
0.7569, 75647
0.7570, 75247
0.7573, 73876
0.7573, 73476
0.7574, 72927
0.7574, 72260
0.7574, 71156
0.7575, 70927
0.7577, 70751
0.7579, 70639
0.7579, 70433
0.7581, 69796
0.7582, 69516
0.7583, 69372
0.7615, 68788
0.7617, 68113
0.7619, 66986
0.7622, 66616
0.7626, 66548
0.7627, 66405
0.7628, 66242
0.7629, 65983
0.7633, 65910
0.7637, 65723
0.7658, 65101
0.7659, 63724
0.7673, 63433
0.7676, 62481
0.7677, 62153
0.7679, 62089
0.7680, 62086
0.7681, 61327
0.7681, 61322
0.7689, 61177
0.7691, 60974
0.7700, 60763
0.7701, 60642
0.7706, 60321
0.7707, 59247
0.7723, 59081
0.7732, 58684
0.7756, 57902
0.7760, 57535
0.7806, 57321
0.7843, 57084
0.7845, 56977
0.7849, 56883
0.7854, 56794
0.7857, 56607
0.7870, 56467
0.7908, 56415
0.7938, 56328
2.6040, 56292
2.6091, 56196
2.6103, 56159
2.6208, 54519
2.6214, 54508
2.6219, 54215
2.6243, 54144
8.0466, 53931
20.6479, 53920
46.9911, 53706
47.0011, 53639
71.0741, 53296
71.0778, 53189
204.8575, 53135
204.8584, 53079
364.1070, 52908
405.8943, 52865
405.8943, 52803
