0.0001, 182685
0.0017, 180691
0.0281, 178940
0.0283, 178760
0.0283, 177619
0.0283, 176756
0.0283, 176346
0.0283, 171564
0.0283, 168757
0.0930, 167457
0.0930, 161306
0.0930, 161255
0.0930, 157983
0.7097, 155990
0.7135, 154476
0.7168, 154140
0.7170, 153543
0.7170, 153507
0.7170, 153136
0.7171, 152630
0.7171, 152153
0.7172, 151494
0.7172, 149204
0.7172, 136605
0.7173, 135026
0.7173, 129469
0.7173, 128834
0.7174, 126198
0.7175, 125682
0.7186, 125644
0.7253, 124858
0.7255, 124563
0.7256, 124147
0.7259, 120676
0.7260, 120076
0.7260, 120034
0.7261, 118796
0.7261, 118765
0.7262, 118110
0.7264, 116688
0.7264, 110902
0.7269, 110131
0.7269, 109328
0.7273, 109110
0.7273, 108065
0.7274, 108028
0.7274, 107767
0.7288, 105502
0.7291, 105097
0.7293, 104959
0.7293, 104841
0.7293, 103972
0.7318, 103407
0.7330, 102847
0.7334, 102092
0.7335, 102078
0.7335, 101485
0.7336, 96768
0.7337, 94642
0.7338, 94175
0.7339, 93054
0.7340, 92192
0.7340, 92134
0.7341, 91839
0.7342, 91267
0.7351, 91066
0.7352, 90606
0.7371, 90181
0.7372, 89320
0.7382, 87274
0.7386, 87155
0.7387, 87034
0.7389, 85462
0.7390, 85016
0.7391, 85001
0.7393, 84879
0.7403, 83765
0.7403, 83107
0.7404, 82829
0.7435, 82454
0.7436, 81575
0.7454, 81114
0.7455, 80836
0.7455, 80482
0.7456, 79847
0.7457, 79065
0.7460, 78902
0.7463, 78838
0.7465, 78537
0.7481, 77294
0.7481, 76618
0.7483, 75368
0.7488, 75126
0.7492, 74720
0.7494, 74289
0.7496, 73022
0.7506, 72875
0.7514, 72028
0.7514, 71335
0.7517, 71325
0.7518, 69049
0.7518, 68739
0.7531, 68706
0.7531, 68404
0.7550, 68354
0.7576, 66031
0.7579, 65281
0.7585, 64761
0.7588, 64212
0.7592, 63995
0.7601, 62676
0.7607, 62373
0.7609, 61981
0.7637, 61194
0.7658, 61090
0.7673, 60930
0.7701, 60254
0.7703, 59941
0.7709, 59152
0.7716, 59057
0.7745, 58718
0.7746, 58683
0.7755, 58224
0.7766, 57978
0.7781, 57952
0.7783, 57662
0.7801, 56934
0.7802, 56611
0.7825, 56602
0.7841, 56596
0.7852, 55740
0.7888, 55344
4.3997, 54816
4.4014, 54523
4.4086, 54107
4.4116, 53828
4.4130, 53781
27.6829, 53583
27.6877, 53577
27.6888, 53488
27.6920, 52734
27.6944, 52672
