0.0001, 196184
0.0003, 195367
0.0009, 188428
0.0129, 182548
0.0129, 179910
0.0129, 177549
0.0137, 177252
0.0384, 173844
0.0802, 170955
0.1622, 168876
0.1623, 167745
0.1623, 166355
0.2351, 164855
0.2954, 163462
0.2954, 162862
0.3166, 161344
0.3352, 160348
0.7206, 158534
0.7207, 157163
0.7207, 156906
0.7207, 156549
0.7207, 156530
0.7228, 154288
0.7228, 154274
0.7229, 149244
0.7229, 148569
0.7230, 148533
0.7230, 143877
0.7230, 139462
0.7232, 136366
0.7232, 135763
0.7236, 135600
0.7236, 135475
0.7309, 132986
0.7310, 132172
0.7310, 130565
0.7312, 129671
0.7312, 129185
0.7313, 127755
0.7314, 123725
0.7314, 122816
0.7316, 120482
0.7317, 120276
0.7317, 119853
0.7317, 118218
0.7329, 118049
0.7330, 117915
0.7330, 113812
0.7330, 113661
0.7331, 112139
0.7331, 112055
0.7331, 109242
0.7332, 108758
0.7332, 108499
0.7333, 106662
0.7365, 105699
0.7365, 104788
0.7368, 103590
0.7368, 102721
0.7369, 100955
0.7372, 100145
0.7372, 99818
0.7373, 99705
0.7374, 99583
0.7375, 98272
0.7376, 97511
0.7376, 97218
0.7377, 96434
0.7380, 95486
0.7382, 94832
0.7383, 94672
0.7383, 94491
0.7383, 92182
0.7391, 92089
0.7391, 91684
0.7392, 91270
0.7392, 91244
0.7394, 90907
0.7395, 89825
0.7396, 89700
0.7396, 89328
0.7407, 88781
0.7409, 88407
0.7411, 86881
0.7412, 84966
0.7413, 84724
0.7418, 84706
0.7418, 84564
0.7422, 83915
0.7422, 83765
0.7423, 82791
0.7424, 82306
0.7425, 82099
0.7434, 81164
0.7434, 81051
0.7435, 80479
0.7439, 80286
0.7441, 80002
0.7443, 79614
0.7443, 79293
0.7451, 79141
0.7481, 79098
0.7481, 78977
0.7482, 78333
0.7488, 78312
0.7489, 77698
0.7491, 77597
0.7491, 76781
0.7492, 76442
0.7496, 75307
0.7499, 75235
0.7502, 74012
0.7504, 72754
0.7504, 72699
0.7504, 72231
0.7506, 71767
0.7507, 71348
0.7507, 70909
0.7511, 70820
0.7513, 70654
0.7514, 70239
0.7515, 69024
0.7516, 68772
0.7517, 68731
0.7522, 68377
0.7528, 68362
0.7535, 68072
0.7537, 67885
0.7541, 66687
0.7546, 65378
0.7548, 65088
0.7549, 65082
0.7553, 64978
0.7559, 64857
0.7559, 64201
0.7568, 63710
0.7571, 63355
0.7583, 63083
0.7586, 62713
0.7590, 62519
0.7592, 62011
0.7592, 61818
0.7594, 61571
0.7594, 61417
0.7595, 61331
0.7596, 60792
0.7597, 60235
0.7599, 59709
0.7600, 59429
0.7600, 59116
0.7601, 58837
0.7606, 58790
0.7627, 58315
0.7645, 57984
0.7673, 57815
0.7682, 57421
0.7684, 56821
0.7691, 56687
0.7697, 56496
0.7702, 56429
0.7723, 56075
0.7757, 55446
0.7784, 55430
0.7785, 55265
0.7865, 54426
0.7914, 54348
2.5778, 54128
11.4816, 54047
11.4839, 53882
13.3144, 53772
53.4157, 53417
53.4192, 53369
140.7954, 53086
143.9221, 53082
404.2927, 52879
