0.0000, 198505
0.0030, 196998
0.0040, 196021
0.0040, 194579
0.0040, 194558
0.0040, 190387
0.0040, 187189
0.0090, 184703
0.0110, 182226
0.0110, 182185
0.0180, 181348
0.0260, 179497
0.0260, 177453
0.0400, 177410
0.0400, 177225
0.0400, 176998
0.0400, 172767
0.0860, 169524
0.0860, 168572
0.0860, 168434
0.3620, 167391
0.3870, 164903
0.3870, 164864
0.3870, 163551
0.3870, 162700
0.3870, 162298
0.3870, 162098
0.3870, 161503
0.3880, 159492
0.3960, 158805
0.3970, 158397
0.3970, 155508
0.3970, 155205
0.3970, 154841
0.3970, 154532
0.3980, 154313
0.3980, 153791
0.3980, 152956
0.3980, 152042
0.3980, 151716
0.3990, 148642
0.4010, 147072
0.4010, 143917
0.4010, 143582
0.4010, 142604
0.4010, 138268
0.4010, 137559
0.4010, 135651
0.4010, 135613
0.4010, 133790
0.4010, 133181
0.4010, 131098
0.4010, 130058
0.4010, 128810
0.4010, 128431
0.4010, 128186
0.4010, 128129
0.4010, 125751
0.4010, 124847
0.4010, 123274
0.4010, 122274
0.4010, 121227
0.4020, 120896
0.4020, 117957
0.4020, 117718
0.4020, 117041
0.4020, 117007
0.4040, 114365
0.4040, 112823
0.4050, 112332
0.4050, 112024
0.4050, 111730
0.4050, 111257
0.4050, 110759
0.4050, 109565
0.4050, 108553
0.4050, 106886
0.4050, 105927
0.4050, 105170
0.4050, 104998
0.4060, 104670
0.4060, 103986
0.4060, 103508
0.4060, 103320
0.4060, 101522
0.4070, 101052
0.4070, 99466
0.4080, 98481
0.4080, 98342
0.4080, 98032
0.4080, 97899
0.4080, 97609
0.4080, 97338
0.4080, 96826
0.4080, 96295
0.4090, 94261
0.4090, 89965
0.4090, 87163
0.4090, 86084
0.4090, 85606
0.4090, 85187
0.4090, 85186
0.4090, 84935
0.4090, 84683
0.4090, 84393
0.4110, 84366
0.4110, 84216
0.4110, 82504
0.4120, 81116
0.4120, 80923
0.4120, 79759
0.4120, 79485
0.4120, 78685
0.4120, 78656
0.4130, 78040
0.4130, 77795
0.4130, 76792
0.4130, 76538
0.4130, 76384
0.4130, 75574
0.4130, 75503
0.4130, 75274
0.4130, 73889
0.4140, 73351
0.4140, 72652
0.4140, 71262
0.4140, 70812
0.4140, 70546
0.4140, 70198
0.4140, 69109
0.4150, 68208
0.4150, 68202
0.4150, 68004
0.4150, 67706
0.4150, 67480
0.4150, 66701
0.4150, 66691
0.4160, 66370
0.4160, 66050
0.4160, 65836
0.4160, 65790
0.4160, 65603
0.4160, 64369
0.4160, 63930
0.4160, 63585
0.4160, 63202
0.4170, 62621
0.4170, 62107
0.4170, 61458
0.4170, 61168
0.4170, 60812
0.4170, 60619
0.4180, 60469
0.4180, 60351
0.4200, 60345
0.4200, 60316
0.4200, 59697
0.4200, 59305
0.4210, 58920
0.4210, 58154
0.4220, 57962
0.4220, 57515
0.4220, 56914
0.4230, 56522
0.4230, 56427
0.4230, 56115
0.4260, 55861
0.4260, 55791
0.4270, 55480
0.4350, 55031
1.8850, 54614
1.8930, 54611
1.8940, 54343
11.9800, 54088
11.9840, 53974
11.9870, 53892
11.9920, 53624
59.9590, 53592
77.8310, 53507
77.8320, 53365
77.8350, 53315
