0.0001, 193752
0.0006, 193455
0.0006, 193192
0.0006, 186762
0.0006, 186217
0.0018, 183292
0.0109, 183211
0.0264, 182596
0.0265, 181460
0.0266, 176548
0.0461, 170187
0.0461, 168977
0.0462, 164609
0.0724, 161446
0.0724, 159820
0.0724, 158205
0.4626, 157995
0.4627, 150698
0.4627, 147767
0.4889, 144974
0.4889, 143792
0.4892, 143542
0.4892, 141960
0.4892, 141766
0.4893, 139412
0.4893, 136579
0.4893, 132353
0.4893, 130945
0.4893, 129622
0.4894, 129271
0.4894, 128443
0.4894, 124565
0.4895, 123930
0.4897, 122803
0.4898, 122659
0.4899, 122503
0.4899, 116411
0.4899, 115023
0.4932, 114438
0.4933, 112963
0.4933, 112723
0.4933, 111384
0.4934, 108344
0.4934, 106266
0.4938, 106168
0.4943, 105633
0.4943, 105240
0.4943, 104868
0.4944, 101724
0.4955, 99467
0.4955, 98931
0.4956, 98568
0.4956, 98378
0.4957, 97913
0.4957, 96730
0.4958, 94565
0.4958, 94477
0.4958, 94021
0.4959, 93822
0.4960, 92554
0.4960, 92354
0.4960, 92261
0.4960, 91200
0.4960, 90934
0.4961, 89970
0.4961, 85681
0.4962, 83948
0.4964, 82318
0.4965, 81976
0.4965, 81810
0.4966, 81419
0.4974, 81176
0.4989, 81134
0.4990, 79946
0.4991, 79531
0.4992, 79409
0.4992, 79288
0.4993, 78620
0.4993, 78296
0.4994, 77063
0.4995, 76657
0.4996, 75342
0.4997, 75214
0.4998, 74647
0.5005, 74357
0.5020, 74000
0.5024, 72876
0.5026, 72862
0.5030, 72502
0.5035, 72010
0.5040, 71928
0.5044, 71766
0.5044, 70782
0.5053, 70721
0.5054, 69168
0.5057, 69151
0.5057, 68948
0.5061, 68558
0.5063, 68015
0.5068, 67410
0.5081, 65961
0.5082, 65707
0.5082, 65497
0.5087, 65469
0.5095, 65023
0.5096, 64724
0.5102, 64329
0.5102, 64320
0.5110, 63754
0.5118, 63596
0.5122, 62964
0.5131, 62789
0.5132, 62243
0.5136, 61495
0.5150, 60475
0.5153, 60268
0.5162, 60048
0.5167, 60015
0.5173, 59018
0.5180, 58770
0.5191, 58766
0.5197, 58374
0.5208, 58303
0.5234, 58161
0.5238, 57714
0.5244, 57386
0.5257, 56952
0.5262, 56870
0.5266, 56112
0.5268, 56107
0.5288, 55502
0.5305, 55077
0.5308, 54912
5.1410, 54431
5.1425, 54314
17.3521, 54015
72.3665, 53703
72.3727, 53674
72.3742, 53592
101.0873, 53591
101.0888, 53232
101.0979, 53125
216.7036, 53053
364.5494, 52971
367.6945, 52946
367.7021, 52657
