0.0001, 229298
0.0003, 222984
0.0003, 222641
0.0003, 221935
0.0004, 220210
0.0004, 217010
0.0005, 216068
0.0006, 207024
0.0006, 206533
0.0006, 200610
0.0006, 199838
0.0007, 196744
0.0007, 195564
0.0007, 194488
0.0007, 193714
0.0008, 193174
0.0009, 188603
0.0009, 185711
0.0093, 179856
0.0094, 178716
0.0094, 178206
0.0265, 177033
0.0265, 176991
0.0265, 176851
0.0567, 176755
0.0569, 175864
0.0786, 174210
0.0789, 173778
0.1161, 169193
0.1161, 166314
0.2357, 166247
0.2358, 162198
0.2358, 162195
0.2358, 161280
0.6459, 154521
0.6475, 152156
0.6476, 151219
0.6477, 149507
0.6477, 146113
0.6477, 145943
0.6477, 142526
0.6532, 141682
0.6533, 140688
0.6533, 138409
0.6533, 138073
0.6533, 137340
0.6548, 135602
0.6549, 134648
0.6549, 134301
0.6549, 133842
0.6550, 132799
0.6557, 132283
0.6558, 131822
0.6559, 131644
0.6559, 126358
0.6560, 123047
0.6564, 122019
0.6565, 118890
0.6566, 117014
0.6566, 115453
0.6599, 115113
0.6599, 114541
0.6600, 112612
0.6603, 111823
0.6603, 109984
0.6607, 109365
0.6607, 109297
0.6608, 108461
0.6608, 106750
0.6609, 106542
0.6609, 106171
0.6609, 105586
0.6609, 105399
0.6609, 105224
0.6611, 104156
0.6611, 103724
0.6623, 103132
0.6624, 102843
0.6625, 102281
0.6628, 101651
0.6628, 101099
0.6629, 100738
0.6629, 99026
0.6630, 97961
0.6631, 97133
0.6631, 95864
0.6631, 95848
0.6632, 95807
0.6640, 93938
0.6640, 93288
0.6641, 92809
0.6642, 91550
0.6643, 91087
0.6643, 90769
0.6647, 90692
0.6653, 90211
0.6654, 90120
0.6662, 88536
0.6664, 88214
0.6664, 87969
0.6665, 87734
0.6674, 86741
0.6676, 86635
0.6677, 86596
0.6679, 85664
0.6679, 85581
0.6681, 85130
0.6681, 84767
0.6683, 83651
0.6697, 83141
0.6698, 82943
0.6699, 82704
0.6703, 82357
0.6707, 81630
0.6711, 81563
0.6711, 80656
0.6719, 80618
0.6720, 80477
0.6725, 80397
0.6726, 80295
0.6727, 79330
0.6728, 78885
0.6734, 78647
0.6735, 77729
0.6738, 69760
0.6742, 68751
0.6743, 68453
0.6744, 67946
0.6745, 67509
0.6746, 67275
0.6752, 67092
0.6760, 66091
0.6761, 66027
0.6765, 64241
0.6770, 63999
0.6773, 63805
0.6776, 63757
0.6778, 63613
0.6779, 63602
0.6789, 63498
0.6790, 63115
0.6794, 63065
0.6798, 62591
0.6805, 62230
0.6827, 60175
0.6828, 60169
0.6829, 59872
0.6844, 59015
0.6856, 59001
0.6859, 58571
0.6866, 58212
0.6886, 58124
0.6898, 58042
0.6934, 57424
0.6945, 57372
0.6951, 57322
0.6992, 56067
0.7056, 56054
0.7089, 55456
2.3916, 55100
2.3962, 54964
2.3984, 54671
2.3986, 54638
2.4019, 54627
15.9768, 54449
15.9883, 54381
17.6652, 54294
17.6696, 53802
27.7839, 53617
31.1050, 53455
37.7397, 52982
37.7442, 52875
394.4249, 52643
