0.0000, 222078
0.0030, 219334
0.0030, 219208
0.0030, 218332
0.0030, 211276
0.0030, 210830
0.0030, 210619
0.0030, 207265
0.0030, 204791
0.0030, 202877
0.0030, 202160
0.0030, 199532
0.0040, 197702
0.0040, 197150
0.0040, 196769
0.0040, 194436
0.0080, 194060
0.0190, 193472
0.0190, 191555
0.0190, 190588
0.0190, 182143
0.0190, 181523
0.0240, 180821
0.0410, 180342
0.0410, 177428
0.0410, 176981
0.0410, 175539
0.0410, 174400
0.0460, 174114
0.0600, 173055
0.0600, 171871
0.0600, 171324
0.0600, 170204
0.0610, 168191
0.2870, 161447
0.2870, 159595
0.2870, 159192
0.3800, 158418
0.3800, 156349
0.3800, 154718
0.3800, 152491
0.3800, 152129
0.3800, 151107
0.3800, 149678
0.3840, 147498
0.3840, 145393
0.3850, 141833
0.3850, 141545
0.3850, 139452
0.3850, 138708
0.3850, 133393
0.3850, 133058
0.3890, 131665
0.3890, 130485
0.3890, 129252
0.3900, 129028
0.3900, 128595
0.3900, 128427
0.3900, 127483
0.3900, 126696
0.3900, 126037
0.3900, 123984
0.3900, 121892
0.3910, 118736
0.3910, 116972
0.3910, 116922
0.3910, 116753
0.3910, 116593
0.3910, 114062
0.3910, 110771
0.3910, 110136
0.3910, 110082
0.3910, 107192
0.3920, 106517
0.3920, 106050
0.3920, 105311
0.3920, 104133
0.3920, 103538
0.3920, 103088
0.3920, 102769
0.3920, 102537
0.3920, 101911
0.3920, 101068
0.3930, 100134
0.3930, 99714
0.3930, 99146
0.3930, 99059
0.3930, 98462
0.3930, 97090
0.3930, 96613
0.3930, 96362
0.3930, 95971
0.3940, 95280
0.3940, 94733
0.3940, 94362
0.3940, 93386
0.3940, 91824
0.3940, 91764
0.3940, 90467
0.3940, 89906
0.3940, 89305
0.3940, 88948
0.3940, 88759
0.3950, 88165
0.3950, 87445
0.3950, 85330
0.3950, 84704
0.3950, 84624
0.3950, 83883
0.3960, 82923
0.3960, 82019
0.3960, 80939
0.3970, 80406
0.3970, 80155
0.3970, 79410
0.3970, 79189
0.3970, 78585
0.3970, 78179
0.3970, 75864
0.3970, 75799
0.3970, 74797
0.3970, 73989
0.3970, 73079
0.3970, 72905
0.3970, 71834
0.3970, 71757
0.3980, 71671
0.3980, 71510
0.3980, 71262
0.3990, 70623
0.3990, 70467
0.4000, 70145
0.4000, 70065
0.4000, 70015
0.4000, 69750
0.4000, 67847
0.4010, 67823
0.4010, 67071
0.4010, 67003
0.4010, 66278
0.4010, 66155
0.4010, 65670
0.4010, 64944
0.4020, 64856
0.4020, 64031
0.4020, 63426
0.4020, 63035
0.4020, 61959
0.4020, 61474
0.4030, 61125
0.4040, 61119
0.4040, 60380
0.4040, 60214
0.4040, 59483
0.4050, 59443
0.4050, 59291
0.4050, 58998
0.4050, 58800
0.4070, 58478
0.4070, 58096
0.4080, 57370
0.4080, 57203
0.4090, 57051
0.4090, 56357
0.4090, 56211
0.4100, 56205
0.4100, 55776
0.4120, 55685
0.4120, 55057
0.4130, 53724
0.4220, 53617
18.8390, 53377
18.8440, 53315
25.8490, 53265
108.6930, 53182
150.0240, 53147
277.1230, 53132
350.4030, 53082
350.4100, 52789
