0.0001, 558559
0.0005, 555185
0.0005, 552040
0.0006, 550586
0.0006, 537886
0.0021, 536162
0.0022, 524088
0.0022, 522806
0.0022, 520383
0.0022, 514116
0.0022, 513072
0.0106, 511126
0.0106, 501136
0.0107, 499126
0.0107, 495257
0.0107, 495017
0.0108, 488184
0.0108, 479981
0.0193, 479291
0.0194, 476402
0.0194, 474419
0.0197, 473175
0.0197, 469558
0.0197, 467809
0.0202, 456478
0.0203, 455279
0.7851, 448830
0.7852, 442403
0.7852, 440532
0.7853, 439798
0.7854, 436365
0.7948, 434104
0.7949, 433468
0.7950, 433394
0.7950, 431902
0.7950, 426028
0.7951, 422049
0.7951, 421861
0.7952, 417259
0.7953, 415378
0.7953, 412131
0.7954, 411644
0.7955, 407122
0.7955, 405687
0.7955, 405282
0.7956, 404055
0.7957, 400323
0.7959, 399005
0.7959, 398204
0.7963, 396889
0.7963, 395902
0.7964, 388885
0.7964, 387546
0.7965, 386473
0.7969, 386014
0.7970, 386001
0.7970, 378560
0.7970, 375616
0.7970, 374045
0.7971, 373250
0.7971, 373192
0.7974, 372742
0.7976, 371933
0.7976, 364239
0.7976, 361329
0.7977, 360843
0.7978, 358766
0.7978, 358718
0.7979, 358698
0.7979, 357498
0.7981, 351594
0.7982, 351368
0.7982, 344333
0.7983, 344004
0.7983, 343299
0.7984, 340772
0.7984, 339518
0.8032, 337617
0.8032, 330991
0.8032, 325598
0.8033, 323836
0.8036, 321999
0.8037, 321943
0.8037, 321667
0.8037, 319324
0.8038, 317878
0.8038, 316782
0.8039, 315762
0.8039, 315761
0.8039, 313717
0.8040, 310119
0.8041, 310008
0.8041, 306102
0.8041, 305568
0.8042, 303589
0.8042, 301723
0.8043, 301387
0.8043, 299900
0.8043, 299392
0.8044, 296526
0.8045, 296506
0.8046, 294489
0.8050, 291906
0.8051, 287854
0.8052, 287430
0.8052, 285591
0.8052, 285482
0.8052, 285039
0.8054, 284279
0.8055, 279310
0.8058, 278920
0.8060, 277820
0.8061, 276857
0.8061, 273838
0.8062, 273465
0.8064, 270984
0.8077, 270444
0.8078, 262231
0.8095, 261439
0.8108, 259654
0.8108, 254283
0.8109, 254240
0.8114, 253321
0.8114, 253230
0.8114, 252292
0.8117, 251555
0.8117, 250723
0.8117, 250648
0.8118, 249059
0.8119, 248164
0.8124, 246609
0.8127, 246328
0.8127, 244956
0.8130, 240936
0.8130, 238193
0.8133, 236016
0.8133, 234046
0.8134, 233955
0.8135, 232377
0.8137, 232337
0.8138, 230868
0.8138, 229041
0.8139, 229031
0.8145, 228887
0.8145, 228690
0.8146, 226577
0.8146, 226496
0.8146, 226416
0.8151, 225840
0.8152, 225663
0.8153, 223719
0.8153, 222422
0.8154, 220875
0.8156, 219735
0.8156, 218544
0.8157, 217809
0.8158, 213726
0.8159, 213402
0.8159, 211189
0.8162, 209354
0.8163, 205145
0.8163, 203940
0.8164, 203129
0.8165, 203059
0.8165, 199572
0.8166, 198629
0.8167, 198354
0.8171, 198348
0.8173, 198304
0.8175, 195998
0.8175, 195687
0.8178, 191646
0.8182, 190621
0.8184, 189570
0.8191, 188994
0.8193, 188652
0.8195, 188016
0.8196, 186777
0.8197, 186004
0.8201, 185247
0.8201, 185217
0.8203, 185138
0.8204, 185106
0.8209, 183660
0.8216, 183208
0.8219, 178616
0.8220, 178600
0.8222, 177418
0.8223, 176846
0.8223, 176254
0.8229, 175699
0.8230, 173376
0.8234, 172183
0.8236, 170562
0.8242, 169945
0.8245, 169500
0.8246, 169359
0.8247, 166808
0.8249, 166579
0.8252, 166250
0.8270, 164409
0.8271, 164237
0.8272, 163875
0.8276, 162059
0.8280, 160611
0.8284, 160336
0.8286, 160273
0.8291, 158460
0.8294, 158430
0.8294, 157251
0.8297, 156334
0.8298, 156242
0.8299, 156166
0.8310, 155881
0.8311, 155734
0.8313, 155682
0.8315, 154207
0.8318, 153891
0.8327, 152463
0.8330, 152436
0.8338, 152388
0.8340, 152248
0.8346, 151669
0.8349, 150867
0.8351, 150332
0.8352, 150210
0.8353, 149866
0.8355, 147576
0.8360, 144971
0.8363, 144500
0.8366, 143296
0.8378, 143287
0.8387, 143245
0.8390, 142737
0.8391, 140769
0.8410, 140307
0.8415, 140232
0.8419, 139608
0.8427, 138955
0.8427, 138399
0.8431, 136120
0.8438, 135698
0.8439, 135340
0.8447, 135272
0.8452, 132949
0.8463, 132928
0.8468, 132772
0.8477, 131544
0.8479, 130660
0.8498, 130579
0.8515, 126882
0.8519, 126879
0.8521, 125436
0.8528, 124873
0.8529, 124579
0.8529, 122463
0.8539, 120749
0.8540, 119957
0.8557, 119134
0.8558, 119027
0.8574, 117942
0.8578, 116391
0.8602, 116160
0.8605, 116068
0.8629, 115908
0.8648, 115044
0.8662, 114951
0.8680, 114324
0.8680, 113675
6.4390, 111304
6.4398, 111127
6.4416, 110952
6.4422, 110597
6.4467, 110228
6.4476, 110201
6.4530, 109639
6.4538, 109150
6.4545, 108525
6.4549, 107790
132.0180, 107706
277.4346, 107679
406.0052, 106252
408.1255, 106081
408.1264, 105976
410.2570, 104830
410.2605, 104130
411.3056, 103900
411.3070, 103371
411.3145, 103180
413.4117, 102908
413.4201, 102872
414.4654, 102798
415.5377, 102573
418.6510, 102122
