0.0001, 575836
0.0003, 574822
0.0003, 573382
0.0003, 554043
0.0003, 551125
0.0004, 548634
0.0004, 547898
0.0004, 547359
0.0004, 543892
0.0006, 540315
0.0006, 526447
0.0010, 525015
0.0011, 519377
0.0011, 518231
0.0011, 516159
0.0011, 514483
0.0011, 503474
0.0012, 502292
0.0012, 497404
0.0012, 482850
0.0012, 478380
0.0012, 471234
0.0012, 459788
0.4672, 459343
0.4673, 452100
0.4673, 451628
0.4950, 447866
0.4992, 443673
0.4992, 438087
0.4993, 429025
0.4994, 427201
0.4997, 426148
0.4997, 425423
0.4997, 424926
0.4998, 420868
0.4998, 420230
0.4998, 411002
0.4998, 408755
0.4998, 407390
0.4998, 405767
0.4999, 403452
0.4999, 403297
0.4999, 398598
0.5002, 393789
0.5031, 393262
0.5033, 391241
0.5033, 391044
0.5034, 390498
0.5034, 390377
0.5037, 389143
0.5037, 382810
0.5037, 380463
0.5037, 377787
0.5037, 371980
0.5037, 369578
0.5037, 366728
0.5037, 366257
0.5063, 365895
0.5065, 363657
0.5065, 363186
0.5065, 357110
0.5066, 356150
0.5066, 354647
0.5066, 353835
0.5066, 347049
0.5070, 337469
0.5070, 336945
0.5070, 336819
0.5071, 334146
0.5071, 334060
0.5072, 330461
0.5072, 330065
0.5072, 329722
0.5073, 326238
0.5073, 325824
0.5073, 323453
0.5073, 321515
0.5077, 318872
0.5077, 318816
0.5078, 312216
0.5079, 311620
0.5080, 310873
0.5082, 310023
0.5083, 308033
0.5083, 301782
0.5083, 300706
0.5084, 297650
0.5084, 296149
0.5084, 294913
0.5085, 293818
0.5092, 292790
0.5092, 283929
0.5092, 283494
0.5093, 281599
0.5094, 277863
0.5096, 275176
0.5104, 266720
0.5105, 266699
0.5105, 266688
0.5105, 258096
0.5108, 257304
0.5109, 254845
0.5109, 250473
0.5110, 247693
0.5113, 247015
0.5113, 243477
0.5115, 242595
0.5115, 242038
0.5115, 239829
0.5116, 238177
0.5116, 232762
0.5116, 232438
0.5124, 228553
0.5124, 227978
0.5125, 225325
0.5131, 224219
0.5132, 223656
0.5133, 222454
0.5133, 222023
0.5134, 219163
0.5135, 218899
0.5135, 218641
0.5139, 217215
0.5139, 216290
0.5140, 213874
0.5148, 213261
0.5151, 211207
0.5153, 205788
0.5153, 205228
0.5154, 202227
0.5154, 200325
0.5154, 200322
0.5155, 198169
0.5155, 197908
0.5157, 197659
0.5159, 197119
0.5159, 196701
0.5159, 195536
0.5161, 195136
0.5161, 194940
0.5164, 193135
0.5164, 192432
0.5164, 192423
0.5166, 192406
0.5167, 191755
0.5167, 191242
0.5170, 190640
0.5171, 189173
0.5173, 188401
0.5173, 188183
0.5173, 188175
0.5174, 188139
0.5174, 186106
0.5177, 185846
0.5179, 183595
0.5180, 182644
0.5180, 181596
0.5183, 180851
0.5183, 180757
0.5184, 179412
0.5184, 179383
0.5184, 177138
0.5187, 177068
0.5191, 176605
0.5193, 175020
0.5193, 174795
0.5194, 174203
0.5195, 172152
0.5199, 169455
0.5200, 168944
0.5201, 168484
0.5201, 166500
0.5203, 162042
0.5204, 161083
0.5207, 158238
0.5209, 158033
0.5212, 158009
0.5213, 157769
0.5215, 156135
0.5216, 153713
0.5218, 152823
0.5219, 152195
0.5219, 151484
0.5221, 151383
0.5222, 150884
0.5224, 150383
0.5228, 149094
0.5230, 147154
0.5234, 144641
0.5234, 144445
0.5235, 143123
0.5239, 143008
0.5240, 141737
0.5244, 141440
0.5244, 138799
0.5246, 137744
0.5246, 137609
0.5248, 137298
0.5250, 136955
0.5263, 136721
0.5266, 136655
0.5266, 136419
0.5268, 135817
0.5269, 135445
0.5270, 134607
0.5279, 134424
0.5279, 132959
0.5280, 132834
0.5293, 132765
0.5296, 132030
0.5299, 131434
0.5312, 131360
0.5322, 131340
0.5323, 131113
0.5326, 130916
0.5345, 129445
0.5351, 129418
0.5352, 129382
0.5360, 128139
0.5360, 127723
0.5366, 126799
0.5384, 125735
0.5397, 125614
0.5399, 125128
0.5402, 125019
0.5417, 124135
0.5447, 123752
0.5450, 122841
0.5461, 120961
0.5466, 119364
0.5470, 118985
0.5501, 118444
0.5517, 118330
3.6201, 117678
3.6211, 117511
3.6215, 117423
3.6239, 116899
3.6253, 116285
3.6277, 115307
3.6281, 114865
3.6297, 114674
15.9315, 114574
15.9328, 114419
15.9338, 114297
25.0408, 113888
25.0416, 113850
25.0425, 113681
25.0435, 112195
25.0437, 111616
37.1557, 110717
37.1557, 110526
60.6518, 110403
60.6522, 110308
60.6523, 109694
60.6526, 109503
60.6539, 109458
60.6545, 109266
105.9140, 109230
200.5747, 108256
200.5759, 107300
200.5759, 107071
363.7989, 106601
363.7993, 105815
363.8091, 105682
363.8153, 105083
365.8908, 104978
365.8916, 103793
365.8999, 102957
366.9099, 102949
366.9115, 102774
366.9348, 102770
367.9471, 102735
367.9628, 102727
367.9694, 102397
