0.0001, 547851
0.0003, 535475
0.0004, 534814
0.0004, 530978
0.0005, 529556
0.0008, 518112
0.0009, 516581
0.0009, 515738
0.0009, 513390
0.0009, 511079
0.0009, 510610
0.0009, 510296
0.0017, 509073
0.0017, 503515
0.0017, 502309
0.0018, 501782
0.0018, 501313
0.0018, 498046
0.0018, 495257
0.0019, 494867
0.0062, 494500
0.0063, 490261
0.0063, 485654
0.0063, 484661
0.0711, 474855
0.0712, 466598
0.1128, 464025
0.7795, 462995
0.7797, 455039
0.7797, 453311
0.7800, 448570
0.7800, 444543
0.7801, 442137
0.7801, 439251
0.7801, 425079
0.7801, 423566
0.7802, 422572
0.7803, 420825
0.7803, 420343
0.7803, 416544
0.7998, 413724
0.8022, 413609
0.8022, 411583
0.8023, 410847
0.8023, 409629
0.8024, 408989
0.8024, 407666
0.8024, 407568
0.8024, 406011
0.8026, 402503
0.8027, 399986
0.8027, 399951
0.8030, 396230
0.8031, 388629
0.8032, 387962
0.8033, 387158
0.8033, 386484
0.8033, 385658
0.8034, 384441
0.8034, 379497
0.8035, 377927
0.8035, 377161
0.8036, 374820
0.8037, 369560
0.8038, 367741
0.8039, 366594
0.8040, 365057
0.8040, 364592
0.8040, 364497
0.8041, 364435
0.8041, 364230
0.8047, 358196
0.8086, 354938
0.8087, 354744
0.8087, 353703
0.8088, 352510
0.8088, 351958
0.8090, 351473
0.8090, 350458
0.8091, 348762
0.8092, 341830
0.8094, 336037
0.8094, 333113
0.8094, 329007
0.8100, 327205
0.8100, 324704
0.8101, 322714
0.8102, 322466
0.8102, 321990
0.8103, 321065
0.8104, 320874
0.8107, 313801
0.8108, 313094
0.8109, 311633
0.8112, 306656
0.8125, 305808
0.8130, 304788
0.8131, 303805
0.8140, 303323
0.8140, 301492
0.8142, 296431
0.8144, 292408
0.8144, 291626
0.8145, 282888
0.8146, 279613
0.8157, 270288
0.8157, 270191
0.8159, 269661
0.8159, 267365
0.8159, 266268
0.8160, 266088
0.8161, 266035
0.8161, 265972
0.8162, 265946
0.8191, 265619
0.8191, 265532
0.8192, 264294
0.8192, 264259
0.8193, 263688
0.8195, 263661
0.8195, 262410
0.8195, 261663
0.8196, 261222
0.8196, 258505
0.8197, 253976
0.8199, 250985
0.8199, 247448
0.8201, 246703
0.8202, 243284
0.8204, 242075
0.8204, 241161
0.8205, 239696
0.8206, 239217
0.8211, 238457
0.8215, 236079
0.8219, 234762
0.8220, 229937
0.8221, 229194
0.8221, 228741
0.8222, 218080
0.8222, 218041
0.8222, 217211
0.8223, 215694
0.8234, 214070
0.8234, 213169
0.8235, 213084
0.8235, 212432
0.8236, 211610
0.8238, 211053
0.8239, 210548
0.8239, 208478
0.8241, 206460
0.8243, 204690
0.8243, 203791
0.8243, 203333
0.8248, 202665
0.8248, 201762
0.8249, 197396
0.8249, 196800
0.8250, 196240
0.8250, 195866
0.8253, 195572
0.8253, 195178
0.8259, 193896
0.8259, 192453
0.8262, 190962
0.8262, 190703
0.8264, 190030
0.8265, 189221
0.8266, 189217
0.8266, 188953
0.8270, 188721
0.8271, 188344
0.8272, 187268
0.8272, 186158
0.8273, 183272
0.8277, 183043
0.8277, 182215
0.8282, 181076
0.8285, 178610
0.8287, 173926
0.8289, 173185
0.8294, 172551
0.8303, 172104
0.8305, 171201
0.8308, 171053
0.8309, 169843
0.8313, 169507
0.8317, 169370
0.8318, 167833
0.8322, 166737
0.8322, 165451
0.8323, 159923
0.8332, 159524
0.8358, 157797
0.8366, 157621
0.8367, 157064
0.8380, 156906
0.8382, 155935
0.8383, 154763
0.8391, 154580
0.8392, 154177
0.8400, 153839
0.8407, 153121
0.8417, 151295
0.8420, 151247
0.8428, 150978
0.8432, 150748
0.8435, 143056
0.8444, 142224
0.8449, 141498
0.8451, 141342
0.8458, 141159
0.8459, 141046
0.8459, 140799
0.8464, 140575
0.8465, 140107
0.8473, 138993
0.8487, 137995
0.8487, 136287
0.8488, 136103
0.8488, 135832
0.8504, 135828
0.8510, 135355
0.8511, 134755
0.8521, 134611
0.8524, 133595
0.8540, 133474
0.8541, 133076
0.8543, 130972
0.8555, 130568
0.8557, 130017
0.8559, 129834
0.8578, 128909
0.8578, 128370
0.8579, 127868
0.8585, 127811
0.8596, 126591
0.8602, 126490
0.8645, 125824
0.8652, 125750
0.8662, 125328
0.8681, 123897
0.8686, 122903
0.8704, 121663
0.8737, 120730
0.8750, 120034
0.8774, 119387
2.7238, 118557
2.7245, 118184
2.7258, 117938
2.7269, 117313
2.7292, 116655
2.7294, 115665
2.7311, 114779
2.7344, 114523
2.7421, 114413
4.6022, 114039
4.6027, 113586
17.5390, 111846
17.5391, 111561
39.4435, 111092
39.4477, 111078
39.4480, 110451
68.0657, 109966
68.0693, 109775
111.1338, 109313
293.7098, 108638
398.5800, 108488
406.1098, 108446
406.1529, 108316
406.1533, 108269
406.1540, 107962
406.1553, 107100
406.1654, 106546
406.1655, 106379
406.1685, 105954
407.2304, 105831
409.3538, 105645
410.3993, 105072
410.4008, 104480
410.4022, 104389
410.4023, 104214
410.4097, 103450
410.4113, 103229
414.5924, 103228
