0.0001, 551887
0.0003, 549557
0.0003, 531169
0.0004, 528460
0.0004, 525563
0.0021, 523906
0.0021, 519826
0.0024, 519747
0.0025, 519476
0.0038, 516464
0.0038, 511606
0.0038, 510921
0.0039, 500119
0.0039, 499511
0.0039, 496008
0.0039, 493131
0.0039, 489805
0.0039, 487124
0.0039, 485738
0.0040, 485584
0.0040, 484284
0.0043, 479297
0.0043, 475713
0.0347, 475453
0.0347, 472034
0.0347, 471227
0.0747, 469588
0.0747, 469158
0.0747, 463648
0.2275, 458497
1.1025, 454131
1.1026, 452054
1.1026, 451940
1.1225, 441044
1.1240, 437498
1.1242, 436355
1.1243, 433861
1.1243, 429227
1.1323, 425909
1.1324, 421621
1.1325, 414995
1.1329, 414536
1.1329, 413898
1.1330, 413635
1.1457, 412506
1.1463, 409922
1.2433, 409048
1.2489, 406236
1.2492, 400576
1.2492, 398273
1.2494, 395794
1.2497, 392736
1.2498, 392513
1.2499, 392505
1.2499, 387203
1.2500, 386745
1.2500, 386479
1.2506, 384050
1.2507, 381247
1.2508, 379853
1.2509, 371383
1.2510, 366520
1.2511, 364674
1.2512, 363868
1.2515, 363366
1.2515, 361882
1.2515, 359467
1.2516, 356306
1.2516, 355998
1.2567, 355442
1.2568, 353977
1.2570, 350392
1.2570, 349715
1.2572, 348933
1.2605, 348417
1.2606, 343105
1.2606, 339694
1.2607, 339590
1.2607, 333265
1.2608, 332322
1.2649, 331986
1.2651, 324556
1.2654, 321877
1.2654, 321724
1.2655, 314591
1.2655, 312718
1.2656, 310659
1.2658, 309897
1.2658, 308329
1.2659, 306332
1.2676, 302068
1.2676, 300404
1.2678, 298613
1.2685, 294104
1.2689, 292617
1.2689, 290394
1.2691, 287821
1.2692, 285881
1.2822, 285265
1.2822, 283257
1.2823, 278010
1.2823, 276347
1.2832, 274907
1.2832, 270176
1.2833, 267716
1.2834, 264456
1.2837, 263070
1.2838, 262670
1.2838, 260860
1.2840, 260847
1.2840, 256871
1.2841, 252359
1.2845, 252348
1.2845, 252225
1.2848, 248993
1.2850, 248459
1.2850, 247493
1.2851, 246561
1.2851, 243541
1.2853, 242378
1.2855, 241435
1.2870, 240162
1.2872, 236651
1.2874, 234707
1.2876, 234054
1.2879, 229904
1.2880, 226832
1.2881, 224479
1.2882, 221589
1.2882, 217025
1.2883, 215537
1.2883, 215252
1.2899, 214389
1.2907, 210287
1.2912, 209340
1.2990, 207767
1.2992, 207291
1.2995, 206745
1.2998, 206339
1.2999, 202118
1.3000, 200002
1.3005, 198626
1.3005, 197744
1.3005, 197248
1.3009, 196698
1.3010, 196397
1.3015, 195682
1.3017, 193330
1.3023, 190877
1.3023, 190359
1.3025, 188327
1.3028, 188287
1.3055, 186329
1.3056, 185007
1.3059, 183061
1.3061, 183043
1.3062, 182132
1.3064, 182099
1.3075, 181967
1.3087, 178060
1.3092, 177072
1.3094, 175773
1.3095, 175490
1.3096, 175226
1.3101, 174677
1.3117, 173309
1.3118, 172625
1.3118, 172218
1.3120, 171677
1.3121, 171068
1.3126, 169358
1.3129, 168893
1.3129, 168771
1.3199, 168698
1.3200, 167893
1.3236, 165217
1.3254, 164341
1.3254, 162041
1.3272, 161858
1.3273, 161469
1.3274, 160181
1.3275, 155345
1.3283, 154941
1.3286, 153048
1.3286, 152085
1.3287, 151581
1.3292, 149805
1.3293, 149225
1.3308, 149140
1.3309, 148996
1.3310, 148927
1.3311, 145274
1.3764, 141586
1.3772, 140878
1.3777, 138910
1.3777, 138596
1.3781, 137771
1.3802, 137089
1.3812, 136316
1.3812, 135751
1.3816, 135094
1.3840, 134183
1.3853, 133840
1.3865, 133768
1.3879, 133667
1.3884, 132949
1.3891, 132829
1.3925, 131012
1.3927, 129646
1.4935, 128697
1.4945, 128569
1.4946, 128453
1.4948, 127689
1.4964, 127393
1.4965, 127018
1.5015, 126642
1.5050, 126155
1.5051, 125403
1.5051, 125120
1.5058, 124911
1.5088, 124625
1.5090, 124001
1.5113, 123976
1.5156, 123958
1.5163, 123241
1.5163, 123159
1.5164, 122961
1.5188, 122580
1.5192, 121486
1.5193, 121446
1.5203, 121352
1.5220, 120333
1.5222, 119441
1.5223, 119394
1.5227, 119313
1.5229, 119193
1.5266, 119191
1.5331, 119155
1.5370, 118829
1.5371, 118397
1.5444, 118371
1.5476, 118052
1.5496, 116443
1.5499, 116021
1.5500, 115128
1.5529, 115066
1.5540, 114533
1.5545, 114312
1.5581, 114047
1.5646, 113389
1.5650, 113214
1.5718, 112110
1.5762, 111987
41.7632, 111484
42.5444, 111168
42.5478, 111159
77.8810, 111056
79.6040, 110676
86.4681, 109170
88.1863, 108141
382.6962, 107943
407.7905, 107681
407.8199, 107428
407.8235, 107386
407.8298, 106617
408.8788, 106555
408.8853, 106364
408.8859, 106215
408.8915, 105733
408.8936, 104997
408.8970, 104822
409.9434, 104769
409.9451, 104466
409.9520, 104274
413.0886, 103765
413.1064, 103684
413.1067, 103571
