0.0010, 521355
0.0030, 520804
0.0030, 506451
0.0030, 500009
0.0030, 491577
0.0030, 484765
0.0030, 483628
0.0030, 479784
0.0160, 475189
0.0210, 474085
0.0210, 472397
0.0210, 463160
0.0210, 459426
0.1620, 455844
0.1620, 454737
0.4080, 453310
0.4080, 447597
0.4080, 445842
0.4080, 445748
0.4080, 438966
0.4080, 438578
0.4080, 430290
0.4080, 428343
0.4080, 426480
0.4080, 424822
0.4080, 423446
0.4160, 423107
0.4160, 418495
0.4160, 413309
0.4160, 411119
0.4160, 409894
0.4160, 406240
0.4170, 400312
0.4170, 399700
0.4170, 399278
0.4170, 397763
0.4170, 396200
0.4170, 394295
0.4170, 393757
0.4170, 393484
0.4170, 392663
0.4170, 391276
0.4170, 390900
0.4170, 389538
0.4170, 379473
0.4170, 370791
0.4170, 370373
0.4170, 357196
0.4180, 352050
0.4180, 349062
0.4180, 347024
0.4180, 346494
0.4180, 345779
0.4180, 345611
0.4180, 344657
0.4180, 343145
0.4180, 342787
0.4180, 341047
0.4180, 335466
0.4180, 331357
0.4200, 330528
0.4210, 329651
0.4210, 328400
0.4210, 327367
0.4220, 327260
0.4220, 327139
0.4220, 325526
0.4220, 325117
0.4220, 324345
0.4220, 319867
0.4220, 318891
0.4220, 314755
0.4220, 313690
0.4220, 305739
0.4220, 303641
0.4230, 296492
0.4230, 296406
0.4230, 291803
0.4230, 287083
0.4230, 279788
0.4230, 278985
0.4230, 277691
0.4230, 277651
0.4230, 277219
0.4230, 277195
0.4230, 276798
0.4230, 274072
0.4230, 273838
0.4230, 273704
0.4230, 273055
0.4230, 272838
0.4230, 270835
0.4230, 270742
0.4230, 264000
0.4250, 263020
0.4250, 261006
0.4250, 260477
0.4250, 260039
0.4250, 259846
0.4250, 259089
0.4250, 257700
0.4250, 257441
0.4250, 256581
0.4250, 255097
0.4250, 255030
0.4250, 253211
0.4260, 251889
0.4260, 250652
0.4260, 250197
0.4260, 250007
0.4260, 246154
0.4260, 243603
0.4260, 242327
0.4270, 241566
0.4270, 241233
0.4270, 237280
0.4270, 236635
0.4270, 235490
0.4270, 234835
0.4270, 234267
0.4270, 233668
0.4270, 233130
0.4270, 231801
0.4270, 228784
0.4270, 224516
0.4270, 223998
0.4280, 222287
0.4280, 220655
0.4280, 218407
0.4280, 218148
0.4280, 217350
0.4280, 211959
0.4280, 210496
0.4280, 209311
0.4280, 208854
0.4280, 208640
0.4280, 208109
0.4280, 207025
0.4280, 205174
0.4280, 204484
0.4290, 203624
0.4290, 202841
0.4290, 202015
0.4290, 201622
0.4290, 201393
0.4290, 200044
0.4290, 200012
0.4290, 199490
0.4290, 199417
0.4290, 199247
0.4290, 195265
0.4290, 194747
0.4290, 194727
0.4290, 194020
0.4300, 193417
0.4300, 192494
0.4300, 189650
0.4300, 189571
0.4300, 189512
0.4300, 187547
0.4300, 187503
0.4300, 187458
0.4300, 184366
0.4300, 184360
0.4310, 183925
0.4310, 181543
0.4310, 181195
0.4310, 179266
0.4310, 178306
0.4310, 177694
0.4310, 177166
0.4310, 176697
0.4320, 174581
0.4320, 174420
0.4320, 174401
0.4320, 169663
0.4320, 167002
0.4320, 166358
0.4320, 165626
0.4320, 165602
0.4320, 162990
0.4330, 162005
0.4330, 161123
0.4330, 160867
0.4330, 158997
0.4330, 158923
0.4330, 157684
0.4330, 155227
0.4330, 154666
0.4330, 152426
0.4330, 152145
0.4330, 151968
0.4340, 151148
0.4340, 150756
0.4340, 150592
0.4350, 148987
0.4350, 147197
0.4360, 146662
0.4360, 145877
0.4360, 143597
0.4360, 143077
0.4360, 142799
0.4370, 142407
0.4370, 142213
0.4370, 142203
0.4370, 142085
0.4370, 141248
0.4380, 140055
0.4380, 139683
0.4390, 139650
0.4390, 139392
0.4390, 138825
0.4390, 138552
0.4390, 137560
0.4400, 137356
0.4410, 135925
0.4410, 134468
0.4420, 134281
0.4420, 133154
0.4420, 132335
0.4430, 130795
0.4430, 130092
0.4440, 128323
0.4450, 128184
0.4450, 127099
0.4470, 126911
0.4480, 124724
0.4480, 121090
0.4490, 120312
0.4490, 119560
0.4530, 119466
0.4540, 118533
0.4550, 118515
0.4560, 117597
0.4560, 117550
0.4570, 117398
0.4570, 117371
3.3990, 117294
4.8510, 115559
4.8520, 115517
4.8570, 115416
7.7760, 114900
7.7760, 114777
7.7770, 113314
7.7780, 112689
7.7780, 112355
7.7780, 111529
7.7800, 110717
7.7800, 110658
7.7810, 110625
7.7820, 110505
7.7830, 110099
33.8950, 109931
33.8950, 109857
60.8880, 109559
111.8640, 109022
111.8640, 108597
111.8640, 107733
111.8650, 107722
111.8660, 107671
111.8710, 107629
111.8720, 107594
295.5820, 107354
347.6730, 105867
347.7160, 105765
347.7190, 105443
347.7200, 104935
347.7200, 104805
347.7230, 104712
351.9020, 104629
351.9030, 104244
352.9500, 103674
353.9710, 103510
353.9820, 103283
353.9840, 103263
355.0320, 103243
357.1210, 103170
357.1230, 103150
