0.0000, 464380
0.0180, 461992
0.0180, 459966
0.0180, 452391
0.0180, 451782
0.1660, 449521
0.4090, 440527
0.4090, 439102
0.4090, 437120
0.4090, 436652
0.4090, 434336
0.4090, 432189
0.4090, 431973
0.4090, 430284
0.4090, 426521
0.4090, 421369
0.4090, 418969
0.4090, 418475
0.4090, 418120
0.4090, 415149
0.4090, 411583
0.4090, 410986
0.4090, 409830
0.4090, 408898
0.4090, 407762
0.4140, 405518
0.4140, 403518
0.4150, 399364
0.4150, 398884
0.4150, 397816
0.4150, 397456
0.4150, 397420
0.4150, 396660
0.4150, 395803
0.4150, 393348
0.4150, 389531
0.4160, 385065
0.4160, 382693
0.4160, 380834
0.4160, 378054
0.4160, 376029
0.4160, 375689
0.4160, 372140
0.4160, 372008
0.4160, 369898
0.4160, 363873
0.4160, 362779
0.4160, 362687
0.4160, 359662
0.4160, 359611
0.4160, 348669
0.4160, 348591
0.4160, 347226
0.4170, 347155
0.4170, 337575
0.4170, 335161
0.4170, 334554
0.4170, 334266
0.4170, 332498
0.4170, 329403
0.4170, 327040
0.4170, 325241
0.4170, 324011
0.4170, 323586
0.4170, 321774
0.4170, 320428
0.4170, 319929
0.4170, 319780
0.4170, 318836
0.4170, 316159
0.4170, 311928
0.4190, 304483
0.4190, 298126
0.4190, 296293
0.4190, 294291
0.4190, 291611
0.4190, 289963
0.4190, 289687
0.4190, 285165
0.4200, 285160
0.4200, 282779
0.4200, 282502
0.4200, 281837
0.4200, 277728
0.4200, 277698
0.4200, 276945
0.4200, 273014
0.4200, 269553
0.4200, 268205
0.4200, 266747
0.4200, 265783
0.4200, 264769
0.4200, 264620
0.4200, 262644
0.4210, 259118
0.4210, 259100
0.4210, 255680
0.4210, 255515
0.4210, 253853
0.4210, 250910
0.4210, 250839
0.4220, 249139
0.4220, 246883
0.4220, 245059
0.4230, 239843
0.4230, 235147
0.4230, 234394
0.4230, 232756
0.4230, 232154
0.4230, 231656
0.4230, 230234
0.4230, 229402
0.4230, 229120
0.4230, 227558
0.4230, 224241
0.4240, 222519
0.4240, 222056
0.4240, 221651
0.4240, 218886
0.4240, 216180
0.4240, 216026
0.4240, 215751
0.4240, 214041
0.4240, 213365
0.4240, 211347
0.4240, 211290
0.4240, 210711
0.4260, 210357
0.4260, 208732
0.4260, 207694
0.4260, 206532
0.4270, 205582
0.4270, 205010
0.4270, 203277
0.4270, 202478
0.4270, 202436
0.4270, 199063
0.4270, 198999
0.4270, 198562
0.4270, 198370
0.4280, 197897
0.4280, 196705
0.4280, 194832
0.4280, 194161
0.4280, 192651
0.4280, 191337
0.4280, 191187
0.4280, 190076
0.4280, 189324
0.4280, 187992
0.4280, 186872
0.4280, 186321
0.4280, 185301
0.4280, 184510
0.4280, 184383
0.4280, 184199
0.4280, 182217
0.4290, 178540
0.4290, 177245
0.4290, 176752
0.4290, 176159
0.4290, 176064
0.4290, 175204
0.4290, 174685
0.4290, 174508
0.4290, 173590
0.4290, 171736
0.4290, 171472
0.4290, 170951
0.4290, 169065
0.4300, 168694
0.4300, 167434
0.4300, 167250
0.4300, 165497
0.4300, 165302
0.4300, 161637
0.4300, 161124
0.4310, 160832
0.4310, 160824
0.4310, 159841
0.4310, 159736
0.4310, 158770
0.4310, 158486
0.4310, 158188
0.4310, 155874
0.4310, 155803
0.4310, 155429
0.4320, 154965
0.4330, 153673
0.4330, 153073
0.4330, 151970
0.4330, 151193
0.4330, 150560
0.4330, 150063
0.4330, 149147
0.4330, 149122
0.4330, 148788
0.4340, 148305
0.4340, 147722
0.4340, 147595
0.4340, 147235
0.4340, 147215
0.4340, 146413
0.4350, 145553
0.4350, 145052
0.4350, 145043
0.4350, 144286
0.4360, 143879
0.4360, 143444
0.4360, 140939
0.4370, 140583
0.4370, 140369
0.4370, 139218
0.4380, 138659
0.4380, 137739
0.4380, 137153
0.4380, 135333
0.4390, 134133
0.4390, 133965
0.4390, 132528
0.4390, 131357
0.4400, 129401
0.4400, 129104
0.4400, 129061
0.4400, 128588
0.4410, 127267
0.4410, 126807
0.4410, 125771
0.4420, 125761
0.4420, 125756
0.4420, 125401
0.4420, 125364
0.4440, 125125
0.4440, 124088
0.4450, 121814
0.4460, 120064
0.4470, 119959
0.4470, 119574
0.4490, 119356
0.4490, 118927
0.4500, 118864
0.4510, 118759
0.4520, 118134
0.4520, 117895
1.9170, 117751
1.9200, 117210
1.9210, 117018
4.8270, 116673
4.8270, 116660
4.8280, 116023
4.8280, 115462
4.8300, 115034
4.8310, 114019
4.8320, 113913
9.1850, 113474
9.1880, 112813
9.1880, 111583
43.7710, 111073
43.7720, 110282
43.7750, 110255
55.0740, 109421
217.6450, 108896
217.6450, 108325
217.6450, 108083
217.6450, 108048
217.6470, 107856
350.3410, 107370
351.3550, 107094
351.3560, 106800
351.3580, 106414
351.3590, 106379
351.3640, 106243
351.3730, 106094
351.3760, 106067
353.4310, 105202
353.4340, 105011
353.4420, 104885
356.5740, 104805
