0.0001, 568266
0.0003, 564795
0.0004, 564582
0.0004, 563122
0.0004, 556886
0.0005, 556773
0.0005, 554501
0.0005, 538975
0.0006, 537892
0.0006, 534645
0.0006, 532597
0.0006, 532168
0.0007, 530479
0.0007, 528707
0.0007, 526375
0.0009, 523280
0.0009, 508218
0.0009, 499611
0.0009, 494921
0.0009, 490571
0.0010, 490104
0.0010, 484647
0.0874, 481481
0.0924, 472257
0.0924, 470107
0.1203, 469274
0.1204, 457150
0.7606, 455558
0.7606, 443119
0.7606, 442430
0.7648, 440875
0.7649, 434215
0.7650, 433468
0.7651, 418140
0.7651, 413566
0.7652, 413334
0.7669, 402423
0.7669, 401981
0.7670, 400875
0.7670, 398603
0.7670, 384702
0.7672, 383385
0.7672, 382024
0.7678, 379098
0.7680, 372694
0.7681, 371550
0.7682, 369670
0.7683, 367585
0.7683, 362243
0.7683, 361982
0.7683, 361974
0.7714, 361809
0.7714, 360723
0.7715, 354948
0.7743, 352811
0.7744, 349946
0.7744, 345288
0.7756, 343865
0.7756, 343146
0.7761, 335935
0.7761, 333846
0.7761, 332873
0.7761, 332630
0.7767, 332598
0.7775, 332071
0.7776, 329408
0.7776, 329379
0.7776, 323678
0.7776, 322663
0.7780, 322209
0.7781, 317605
0.7781, 316117
0.7781, 315877
0.7785, 315542
0.7786, 310713
0.7787, 309129
0.7787, 305781
0.7787, 304728
0.7787, 303271
0.7787, 302301
0.7788, 301982
0.7788, 300524
0.7793, 297047
0.7796, 296196
0.7799, 291134
0.7800, 287643
0.7800, 285361
0.7801, 280258
0.7807, 277238
0.7808, 273334
0.7808, 269295
0.7809, 268061
0.7809, 266054
0.7809, 262589
0.7810, 260861
0.7810, 260744
0.7811, 260741
0.7811, 260374
0.7811, 259342
0.7816, 257653
0.7818, 256883
0.7822, 256161
0.7827, 254435
0.7827, 254270
0.7828, 248513
0.7828, 247906
0.7828, 246738
0.7830, 244557
0.7831, 242335
0.7831, 242233
0.7833, 239827
0.7836, 236923
0.7845, 235860
0.7845, 234407
0.7846, 233949
0.7846, 233628
0.7848, 233233
0.7849, 232822
0.7849, 231226
0.7850, 230293
0.7850, 229968
0.7851, 228283
0.7851, 227696
0.7852, 227453
0.7852, 223006
0.7856, 222596
0.7856, 220757
0.7858, 218208
0.7858, 217027
0.7858, 214952
0.7860, 214527
0.7864, 213881
0.7865, 209152
0.7867, 203516
0.7868, 200904
0.7869, 200747
0.7869, 200478
0.7870, 200184
0.7875, 198920
0.7876, 198470
0.7877, 193565
0.7884, 192726
0.7885, 190362
0.7886, 190072
0.7886, 188483
0.7888, 186967
0.7889, 186942
0.7892, 181042
0.7893, 180414
0.7895, 176493
0.7901, 175154
0.7904, 174307
0.7905, 171891
0.7907, 171546
0.7908, 170744
0.7909, 169901
0.7910, 169276
0.7910, 169210
0.7913, 168814
0.7916, 166750
0.7919, 165407
0.7920, 164283
0.7920, 163418
0.7924, 163410
0.7924, 163187
0.7926, 163040
0.7931, 162990
0.7931, 162318
0.7933, 161216
0.7935, 161047
0.7938, 159853
0.7939, 159815
0.7940, 158985
0.7941, 158691
0.7947, 157798
0.7954, 156553
0.7962, 156312
0.7968, 155141
0.7971, 154702
0.7974, 154504
0.7990, 153604
0.7992, 153212
0.7995, 153047
0.8002, 153009
0.8003, 151473
0.8006, 150070
0.8007, 149939
0.8008, 148292
0.8009, 146980
0.8013, 146794
0.8018, 145034
0.8019, 143571
0.8021, 143466
0.8037, 143084
0.8050, 142983
0.8053, 141856
0.8055, 141848
0.8055, 141235
0.8056, 140773
0.8059, 140463
0.8061, 134135
0.8065, 133527
0.8076, 133453
0.8098, 133192
0.8101, 131277
0.8105, 131176
0.8110, 130385
0.8124, 130207
0.8132, 129168
0.8148, 128462
0.8148, 128415
0.8166, 126353
0.8167, 125947
0.8173, 124681
0.8192, 122041
0.8201, 121155
0.8244, 120336
0.8244, 120054
0.8264, 119103
0.8267, 118144
0.8275, 117792
0.8316, 117037
0.8320, 116283
8.2142, 115804
8.2162, 115768
8.2166, 114028
8.2167, 113492
8.2171, 110469
8.2177, 109990
8.2185, 109605
8.2190, 109597
70.7599, 109108
230.4956, 108837
271.4323, 108692
335.0604, 108198
335.0612, 107571
404.8525, 107428
404.8562, 106564
404.8601, 106563
404.8636, 106528
405.9281, 106368
408.0219, 105984
408.0334, 105665
410.1062, 105573
