0.0000, 564109
0.0030, 560422
0.0030, 558639
0.0030, 553517
0.0030, 551693
0.0030, 551349
0.0030, 536903
0.0030, 530782
0.0040, 528340
0.0050, 522203
0.0050, 521919
0.0050, 520709
0.0050, 502221
0.0050, 496474
0.0050, 489336
0.0050, 487879
0.0160, 486688
0.0160, 480238
0.0160, 479171
0.0160, 476482
0.0160, 466332
0.3790, 458515
0.3790, 450176
0.3790, 448300
0.3790, 446532
0.3800, 445125
0.4230, 443200
0.4230, 442423
0.4230, 440705
0.4230, 440275
0.4240, 439189
0.4240, 437441
0.4240, 434934
0.4240, 431846
0.4240, 426414
0.4240, 424779
0.4250, 419728
0.4250, 418724
0.4260, 415380
0.4260, 414853
0.4260, 411533
0.4260, 410455
0.4260, 408218
0.4260, 406849
0.4260, 406654
0.4260, 405937
0.4260, 403851
0.4260, 402629
0.4260, 402434
0.4270, 397967
0.4270, 395341
0.4270, 390738
0.4270, 390310
0.4270, 384605
0.4270, 380759
0.4270, 379458
0.4270, 379366
0.4270, 379181
0.4270, 375743
0.4270, 373131
0.4270, 369654
0.4270, 367137
0.4280, 365575
0.4280, 364946
0.4280, 363356
0.4280, 363051
0.4290, 358954
0.4290, 358743
0.4290, 356888
0.4290, 356268
0.4290, 350131
0.4290, 349111
0.4290, 348705
0.4290, 347023
0.4290, 343575
0.4290, 342219
0.4290, 339898
0.4300, 337472
0.4300, 336355
0.4300, 335200
0.4300, 329690
0.4300, 322453
0.4300, 321947
0.4300, 320101
0.4300, 315933
0.4300, 311255
0.4310, 310659
0.4310, 307374
0.4310, 304361
0.4310, 302664
0.4310, 302625
0.4310, 301039
0.4310, 300977
0.4310, 297612
0.4310, 296729
0.4320, 295401
0.4320, 290370
0.4320, 287526
0.4320, 286292
0.4320, 283273
0.4320, 280786
0.4320, 280693
0.4320, 278164
0.4320, 277290
0.4320, 274782
0.4320, 274394
0.4320, 272657
0.4320, 270500
0.4320, 266391
0.4320, 265130
0.4320, 264964
0.4320, 258498
0.4320, 257988
0.4320, 257853
0.4330, 257262
0.4330, 256729
0.4330, 252224
0.4330, 251733
0.4330, 249134
0.4330, 248112
0.4330, 246449
0.4330, 246134
0.4330, 244555
0.4330, 242424
0.4340, 239872
0.4340, 239302
0.4340, 237921
0.4340, 237602
0.4340, 236650
0.4340, 234657
0.4340, 234323
0.4350, 233155
0.4350, 232832
0.4350, 232605
0.4350, 229383
0.4350, 229336
0.4350, 228796
0.4350, 225017
0.4350, 223671
0.4350, 221888
0.4350, 220478
0.4350, 220079
0.4350, 216470
0.4350, 215569
0.4350, 214999
0.4350, 214412
0.4350, 213521
0.4350, 211215
0.4350, 210839
0.4350, 210187
0.4350, 209761
0.4360, 209520
0.4360, 209410
0.4370, 208829
0.4370, 205162
0.4370, 204870
0.4370, 204698
0.4370, 203361
0.4370, 201401
0.4370, 201300
0.4370, 199921
0.4370, 198649
0.4370, 197900
0.4370, 197089
0.4370, 195450
0.4370, 194408
0.4370, 191814
0.4370, 190716
0.4370, 189512
0.4380, 189344
0.4380, 187950
0.4380, 187917
0.4380, 187283
0.4380, 186360
0.4390, 183917
0.4390, 183460
0.4390, 177838
0.4400, 177320
0.4400, 176473
0.4400, 176257
0.4400, 175328
0.4400, 175263
0.4400, 173695
0.4410, 173347
0.4410, 173064
0.4410, 171717
0.4410, 171711
0.4410, 171366
0.4410, 170260
0.4410, 169691
0.4420, 169487
0.4420, 168498
0.4420, 168313
0.4420, 166914
0.4420, 166316
0.4420, 165679
0.4420, 165560
0.4420, 165500
0.4420, 165237
0.4420, 165195
0.4430, 160923
0.4430, 159689
0.4430, 158778
0.4430, 157580
0.4430, 156960
0.4430, 155837
0.4440, 155399
0.4440, 152585
0.4440, 151952
0.4440, 151784
0.4440, 151624
0.4440, 151622
0.4450, 150978
0.4450, 150603
0.4450, 150591
0.4450, 147677
0.4450, 146679
0.4460, 145720
0.4460, 145670
0.4460, 145535
0.4460, 144049
0.4470, 142939
0.4470, 142927
0.4470, 142883
0.4470, 142855
0.4470, 142832
0.4470, 142057
0.4480, 141364
0.4480, 141335
0.4480, 140905
0.4490, 140324
0.4490, 140255
0.4490, 138797
0.4490, 137078
0.4500, 137013
0.4500, 136917
0.4500, 136854
0.4500, 133019
0.4500, 132734
0.4500, 132651
0.4500, 131978
0.4510, 131385
0.4520, 130606
0.4520, 130328
0.4520, 129948
0.4520, 129622
0.4530, 129257
0.4530, 128452
0.4540, 127594
0.4540, 127567
0.4540, 127114
0.4540, 126661
0.4550, 126148
0.4550, 126057
0.4560, 125844
0.4560, 124568
0.4560, 124443
0.4560, 122232
0.4570, 122088
0.4580, 121813
0.4580, 120746
0.4590, 120614
0.4600, 120463
0.4630, 120015
0.4650, 119333
0.4650, 118440
1.9350, 118303
1.9370, 118163
1.9390, 116816
1.9390, 116179
3.3910, 116032
3.3920, 114194
3.3920, 113883
3.3920, 113847
3.3930, 112053
3.3940, 112045
3.3960, 111541
3.3960, 109283
107.2430, 109091
107.2450, 108958
107.2460, 107873
107.2480, 107366
348.5270, 107284
348.5560, 106992
348.5560, 106965
348.5590, 106503
349.5870, 105863
349.5880, 104516
349.5880, 104381
349.5890, 104139
349.5900, 103964
351.6660, 103323
351.6660, 103285
351.6670, 102705
351.6840, 102556
352.7140, 102375
354.7520, 102204
357.8660, 102190
