0.0001, 559172
0.0005, 558718
0.0006, 557914
0.0007, 541533
0.0007, 540813
0.0007, 537706
0.0008, 529586
0.0008, 524355
0.0008, 524152
0.0009, 523288
0.0012, 518876
0.0012, 516143
0.0013, 512638
0.0013, 509161
0.0013, 507291
0.0013, 505977
0.0013, 497840
0.0016, 495278
0.0016, 490152
0.0016, 481452
0.0017, 478923
0.0018, 466430
0.0018, 463080
0.0018, 460988
0.0018, 459042
0.2806, 453992
0.2806, 442917
0.2806, 437059
0.7906, 431475
0.7906, 430994
0.7906, 422106
0.7983, 421392
0.7983, 418698
0.7984, 414721
0.7985, 412971
0.7986, 412452
0.7986, 410952
0.7986, 408886
0.7986, 392158
0.7987, 388151
0.7987, 383382
0.7987, 381117
0.7988, 379596
0.7988, 377177
0.7988, 376373
0.7989, 376087
0.8004, 369788
0.8004, 368783
0.8005, 367623
0.8009, 364437
0.8014, 364113
0.8019, 363079
0.8020, 361181
0.8021, 359817
0.8021, 359450
0.8023, 355974
0.8023, 355961
0.8024, 352625
0.8033, 350009
0.8033, 347744
0.8033, 347525
0.8033, 347427
0.8034, 347376
0.8034, 347035
0.8035, 341459
0.8036, 341205
0.8045, 336658
0.8045, 330746
0.8046, 322896
0.8046, 319187
0.8046, 318794
0.8047, 318334
0.8064, 317165
0.8065, 308605
0.8065, 306727
0.8068, 305374
0.8069, 304405
0.8073, 304402
0.8074, 303265
0.8075, 302659
0.8075, 302152
0.8075, 302126
0.8076, 301402
0.8076, 300168
0.8076, 299818
0.8077, 299788
0.8083, 295548
0.8084, 295025
0.8085, 293659
0.8086, 293349
0.8086, 293139
0.8086, 292437
0.8097, 290746
0.8097, 289325
0.8099, 287495
0.8100, 285580
0.8100, 284913
0.8100, 284659
0.8101, 283059
0.8102, 278664
0.8102, 278656
0.8103, 278520
0.8104, 277727
0.8104, 277156
0.8104, 276757
0.8104, 276491
0.8105, 273922
0.8105, 273438
0.8105, 272113
0.8105, 271213
0.8106, 270771
0.8107, 270620
0.8107, 270402
0.8108, 269162
0.8108, 266812
0.8109, 266309
0.8111, 264619
0.8111, 257820
0.8137, 254915
0.8139, 254697
0.8140, 254207
0.8140, 253917
0.8140, 253894
0.8140, 253288
0.8142, 252916
0.8142, 252877
0.8144, 250243
0.8144, 250193
0.8144, 249112
0.8147, 238699
0.8148, 238632
0.8148, 238255
0.8148, 235215
0.8149, 231379
0.8149, 230723
0.8154, 230524
0.8156, 228395
0.8156, 228163
0.8157, 224359
0.8171, 223938
0.8171, 223288
0.8172, 222256
0.8174, 219094
0.8175, 218924
0.8175, 216772
0.8176, 214487
0.8177, 213258
0.8178, 210912
0.8181, 210689
0.8183, 210683
0.8183, 208472
0.8184, 208407
0.8187, 208191
0.8188, 206567
0.8190, 205434
0.8190, 205408
0.8195, 204597
0.8195, 204358
0.8197, 203427
0.8198, 203081
0.8200, 202322
0.8203, 201821
0.8205, 201579
0.8207, 201011
0.8208, 200306
0.8209, 200184
0.8210, 199247
0.8217, 198933
0.8217, 196720
0.8222, 196108
0.8223, 192266
0.8224, 191805
0.8225, 191252
0.8226, 190881
0.8226, 190469
0.8228, 187900
0.8228, 184878
0.8238, 184809
0.8239, 184797
0.8239, 183200
0.8240, 182649
0.8245, 182016
0.8246, 181880
0.8252, 181798
0.8254, 179806
0.8258, 179680
0.8260, 179361
0.8261, 178471
0.8262, 177269
0.8265, 175298
0.8267, 172268
0.8268, 171794
0.8270, 170867
0.8280, 169729
0.8282, 169484
0.8282, 166793
0.8290, 166340
0.8291, 165206
0.8292, 164304
0.8294, 163062
0.8296, 161862
0.8299, 161821
0.8299, 161662
0.8301, 161248
0.8304, 161212
0.8308, 158141
0.8314, 158096
0.8315, 158050
0.8325, 156178
0.8326, 154414
0.8327, 154335
0.8327, 153268
0.8333, 153011
0.8336, 152614
0.8338, 152416
0.8342, 151641
0.8343, 150051
0.8344, 149148
0.8345, 148749
0.8345, 148240
0.8347, 147234
0.8350, 146426
0.8353, 146396
0.8354, 146384
0.8356, 144231
0.8358, 144046
0.8359, 143636
0.8360, 143603
0.8361, 143389
0.8369, 142945
0.8370, 141336
0.8372, 141265
0.8373, 140583
0.8375, 138905
0.8376, 136842
0.8382, 134166
0.8385, 132947
0.8386, 132692
0.8400, 131540
0.8421, 129845
0.8430, 128390
0.8445, 128316
0.8453, 127986
0.8461, 127355
0.8509, 127311
0.8534, 127273
0.8553, 127121
0.8563, 125810
0.8571, 125775
0.8574, 125673
0.8579, 125637
0.8597, 124934
0.8622, 123968
0.8628, 121953
0.8631, 121902
0.8667, 121352
0.8720, 120934
0.8737, 120843
0.8738, 119073
2.6908, 119012
2.6915, 118553
2.6916, 118197
2.6923, 117903
2.6929, 117797
2.6946, 117295
2.6947, 117168
2.6956, 115857
2.6970, 115575
2.6987, 115351
2.6991, 115176
2.7002, 114868
2.7113, 114841
6.3279, 114799
6.3288, 114566
6.3290, 114558
6.3297, 113078
8.1448, 112754
8.1474, 112624
8.1494, 112616
25.9578, 110594
25.9584, 109684
25.9588, 109546
25.9619, 109459
211.7131, 109011
215.1145, 108740
215.1165, 108739
215.1185, 108112
401.9089, 107655
401.9095, 107441
401.9112, 107420
401.9114, 107063
401.9122, 106994
401.9136, 106853
401.9137, 106759
401.9151, 106367
402.9187, 106020
404.0202, 105058
404.0254, 104140
404.0309, 103002
405.0743, 102838
405.0774, 102349
405.0850, 102105
406.0911, 102052
406.0923, 102016
406.1320, 101635
406.1401, 101523
407.1489, 101445
407.1913, 101313
411.3466, 101305
