0.0001, 571564
0.0003, 571460
0.0003, 571147
0.0004, 569796
0.0004, 567420
0.0004, 564306
0.0004, 557053
0.0005, 541800
0.0005, 537065
0.0006, 536661
0.0033, 535808
0.0034, 532909
0.0034, 529830
0.0034, 529283
0.0035, 522112
0.0035, 519581
0.0035, 517973
0.0035, 513770
0.0045, 509414
0.0045, 507598
0.0045, 492229
0.0054, 492107
0.0054, 488669
0.0054, 488306
0.0055, 485904
0.0055, 484214
0.0055, 478845
0.0055, 474342
0.0223, 466506
0.0223, 462948
0.0773, 462651
0.0774, 459907
0.1280, 451039
0.1280, 444386
0.5188, 436475
0.5188, 433282
0.5188, 426261
0.5188, 423558
0.5191, 419068
0.5192, 418361
0.5192, 414860
0.5199, 409645
0.5200, 400817
0.5200, 400427
0.5200, 397292
0.5201, 396932
0.5218, 395974
0.5218, 392997
0.5218, 390066
0.5271, 387079
0.5272, 379437
0.5272, 378477
0.5272, 376324
0.5272, 376187
0.5278, 374725
0.5279, 371190
0.5279, 367047
0.5279, 366249
0.5280, 366064
0.5280, 362389
0.5280, 362112
0.5280, 359388
0.5281, 359245
0.5281, 358274
0.5281, 346961
0.5281, 344698
0.5281, 341965
0.5282, 341211
0.5285, 340309
0.5300, 334653
0.5300, 328601
0.5300, 328129
0.5300, 323868
0.5300, 323111
0.5301, 322196
0.5301, 316960
0.5301, 316298
0.5308, 316276
0.5315, 314918
0.5316, 314345
0.5320, 314165
0.5320, 313605
0.5320, 311343
0.5320, 309340
0.5321, 308701
0.5321, 306568
0.5322, 305224
0.5322, 304311
0.5322, 304042
0.5322, 302904
0.5323, 302710
0.5324, 300911
0.5324, 300258
0.5324, 300242
0.5324, 300117
0.5324, 299786
0.5325, 298917
0.5325, 298885
0.5326, 297253
0.5329, 294357
0.5330, 291781
0.5330, 290702
0.5331, 287452
0.5338, 287354
0.5338, 285394
0.5338, 284012
0.5338, 281302
0.5339, 279093
0.5340, 278968
0.5341, 278053
0.5341, 276157
0.5342, 268907
0.5343, 268484
0.5343, 267924
0.5344, 265726
0.5347, 264864
0.5347, 264098
0.5347, 262546
0.5354, 258933
0.5354, 257301
0.5354, 255834
0.5354, 253955
0.5355, 252771
0.5355, 250878
0.5355, 248484
0.5356, 247696
0.5361, 242850
0.5362, 241919
0.5363, 237229
0.5363, 237103
0.5364, 236566
0.5364, 235322
0.5364, 231482
0.5366, 230553
0.5366, 229267
0.5367, 228764
0.5367, 228539
0.5367, 225265
0.5374, 224193
0.5377, 224123
0.5377, 223247
0.5378, 222404
0.5378, 222249
0.5378, 221984
0.5387, 217136
0.5388, 216879
0.5390, 214674
0.5390, 214053
0.5391, 213794
0.5392, 213071
0.5392, 212121
0.5392, 209628
0.5393, 208560
0.5393, 208228
0.5393, 207261
0.5395, 207178
0.5395, 206438
0.5396, 203323
0.5397, 202984
0.5397, 200629
0.5397, 198738
0.5400, 196448
0.5401, 195537
0.5402, 195529
0.5405, 192783
0.5405, 191976
0.5406, 191184
0.5406, 191046
0.5408, 190861
0.5409, 190515
0.5411, 190357
0.5412, 190356
0.5412, 189965
0.5417, 188658
0.5417, 182864
0.5417, 181799
0.5421, 181778
0.5422, 181120
0.5423, 180272
0.5425, 180155
0.5427, 178367
0.5427, 177754
0.5428, 177623
0.5430, 174774
0.5430, 173715
0.5433, 173442
0.5434, 170606
0.5435, 170102
0.5436, 169166
0.5436, 168790
0.5436, 167711
0.5443, 166746
0.5447, 165558
0.5447, 165116
0.5448, 164852
0.5453, 164226
0.5454, 164072
0.5454, 163716
0.5456, 163433
0.5458, 161923
0.5459, 161585
0.5460, 159952
0.5461, 159905
0.5463, 159238
0.5465, 159223
0.5466, 158432
0.5467, 158107
0.5468, 157660
0.5469, 157256
0.5471, 157085
0.5472, 155582
0.5474, 155484
0.5479, 154919
0.5480, 151789
0.5480, 149590
0.5481, 147832
0.5491, 147516
0.5492, 147278
0.5493, 146487
0.5494, 146486
0.5496, 144122
0.5499, 143195
0.5503, 142245
0.5504, 142045
0.5506, 140721
0.5510, 140370
0.5514, 139336
0.5514, 138467
0.5519, 137390
0.5525, 137265
0.5526, 136020
0.5530, 134812
0.5539, 134762
0.5542, 133577
0.5555, 132374
0.5556, 132300
0.5560, 132245
0.5561, 132026
0.5565, 131623
0.5567, 131374
0.5571, 129506
0.5574, 128689
0.5579, 127976
0.5580, 127058
0.5580, 125444
0.5594, 124494
0.5607, 123572
0.5612, 122857
0.5615, 122392
0.5617, 121651
0.5620, 121110
0.5650, 120569
0.5655, 120127
0.5674, 120052
0.5676, 117936
0.5684, 117903
0.5685, 117800
0.5709, 117635
0.5728, 116822
0.5740, 115232
3.7597, 114258
6.9205, 113888
6.9206, 112953
6.9208, 112900
6.9230, 111791
6.9239, 111626
14.7524, 110427
14.7525, 110305
14.7575, 109649
14.7583, 109387
14.7648, 109237
14.7666, 109224
36.9418, 108865
64.6440, 108548
196.3131, 108495
337.0060, 107756
369.5812, 107606
369.5828, 107568
369.5830, 107419
369.5838, 107360
369.5843, 107226
370.5899, 107199
373.7449, 107164
373.7713, 106938
373.7720, 105181
373.7724, 104757
373.7764, 104463
373.7865, 104320
373.7884, 104285
374.8179, 103432
374.8205, 102956
374.8227, 102718
374.8254, 101505
378.9928, 101393
