0.0001, 8012245
0.0003, 7865876
0.0004, 7837275
0.0004, 7837224
0.0006, 7837057
0.0006, 7779686
0.0006, 7761623
0.0006, 7731278
0.0006, 7562006
0.0006, 7493646
0.0007, 7426294
0.0007, 7403818
0.0008, 7353216
0.0012, 7278535
0.0012, 7225573
0.0012, 7203045
0.0013, 7081307
0.0013, 6955961
0.0017, 6936889
0.0018, 6916217
0.0018, 6869305
0.0028, 6808846
0.0188, 6673509
0.0219, 6598440
0.0219, 6546075
0.0280, 6530406
0.0281, 6418780
0.0281, 6405424
0.0500, 6386327
0.0678, 6204791
0.0679, 6184401
0.0679, 6099437
0.0679, 6068553
0.2007, 5981828
0.2007, 5894246
0.6762, 5767934
0.6762, 5668044
0.6762, 5612561
0.6763, 5541121
0.6764, 5531476
0.6764, 5443993
0.6765, 5363062
0.6765, 5360005
0.6771, 5322784
0.6772, 5297651
0.6786, 5281270
0.6787, 5270577
0.6787, 5263841
0.6787, 5069501
0.6787, 4991863
0.6788, 4984708
0.6788, 4953896
0.6867, 4923035
0.6868, 4875689
0.6868, 4862734
0.6868, 4859101
0.6868, 4800601
0.6869, 4788480
0.6869, 4772945
0.6869, 4683555
0.6872, 4674708
0.6872, 4650743
0.6872, 4620613
0.6873, 4604687
0.6873, 4552973
0.6890, 4469759
0.6890, 4422715
0.6891, 4369147
0.6891, 4322223
0.6891, 4307271
0.6892, 4296438
0.6892, 4288818
0.6892, 4261883
0.6902, 4227862
0.6902, 4184748
0.6917, 4134856
0.6919, 4125301
0.6920, 4046245
0.6930, 4029804
0.6930, 3987994
0.6930, 3969901
0.6931, 3923993
0.6934, 3840769
0.6934, 3837909
0.6935, 3835751
0.6935, 3821730
0.6935, 3743570
0.6936, 3618427
0.6940, 3407915
0.6941, 3401329
0.6941, 3371989
0.6944, 3357274
0.6944, 3340452
0.6945, 3283417
0.6945, 3277281
0.6946, 3240699
0.6950, 3238710
0.6952, 3204771
0.6953, 3188250
0.6954, 3174869
0.6954, 3119551
0.6954, 3116554
0.6954, 3115890
0.6955, 3108960
0.6963, 3067134
0.6964, 3053990
0.6964, 2968353
0.6964, 2943664
0.6965, 2936659
0.6966, 2836346
0.6969, 2779096
0.6969, 2749287
0.6969, 2746645
0.6970, 2746014
0.6970, 2732753
0.6970, 2718263
0.6972, 2716056
0.6973, 2645971
0.6975, 2601469
0.6977, 2583173
0.6977, 2581013
0.6978, 2571731
0.6978, 2566732
0.6978, 2562019
0.6978, 2558438
0.6980, 2544853
0.6985, 2522571
0.6985, 2517126
0.6986, 2512595
0.6987, 2510867
0.6989, 2510805
0.6991, 2487260
0.6993, 2480392
0.6994, 2429076
0.7005, 2416463
0.7006, 2411547
0.7007, 2410139
0.7007, 2400663
0.7009, 2394728
0.7011, 2381607
0.7012, 2361278
0.7016, 2360282
0.7020, 2343686
0.7020, 2330048
0.7022, 2320875
0.7023, 2319244
0.7023, 2313816
0.7024, 2301864
0.7025, 2298000
0.7025, 2270868
0.7039, 2270227
0.7040, 2268996
0.7040, 2247201
0.7040, 2216478
0.7041, 2212373
0.7057, 2206535
0.7057, 2206175
0.7057, 2204913
0.7061, 2204740
0.7071, 2204035
0.7075, 2200474
0.7078, 2199180
0.7080, 2176857
0.7081, 2166721
0.7083, 2165186
0.7084, 2158234
0.7086, 2150910
0.7087, 2148758
0.7088, 2142957
0.7089, 2128426
0.7096, 2124780
0.7097, 2121639
0.7102, 2119951
0.7109, 2108590
0.7111, 2087942
0.7112, 2073228
0.7126, 2066713
0.7132, 2050963
0.7134, 2050150
0.7136, 2034681
0.7140, 2027534
0.7143, 1985822
0.7150, 1985491
0.7153, 1981943
0.7160, 1980000
0.7163, 1976030
0.7164, 1969176
0.7167, 1959053
0.7176, 1943218
0.7186, 1943106
0.7187, 1935686
0.7188, 1934879
0.7194, 1934008
0.7203, 1929918
0.7211, 1928887
0.7215, 1925786
0.7218, 1918296
0.7220, 1882293
0.7223, 1843771
0.7227, 1833725
0.7240, 1823281
0.7242, 1811942
0.7252, 1803223
0.7255, 1795306
0.7271, 1774308
0.7299, 1773172
0.7303, 1760620
0.7310, 1759568
0.7315, 1733542
0.7352, 1731515
0.7354, 1731134
0.7385, 1730123
0.7389, 1728671
0.7390, 1728052
0.7407, 1726044
0.7466, 1723126
0.7514, 1720511
0.7535, 1712568
0.7563, 1690202
0.7620, 1677936
0.7687, 1671945
0.7707, 1664790
2.5179, 1654529
2.5209, 1652929
2.5285, 1652066
4.2827, 1641004
4.2858, 1639162
4.2864, 1637468
4.2865, 1636892
4.2906, 1636520
4.2917, 1634117
4.2920, 1631251
4.2928, 1629122
4.2940, 1621826
4.2942, 1613630
4.2973, 1609819
15.2535, 1609466
15.2580, 1604212
65.2737, 1604055
78.5549, 1602342
110.9739, 1599547
110.9745, 1593717
110.9820, 1592023
115.7442, 1591914
115.7443, 1591275
115.7446, 1585284
133.0377, 1583170
133.0380, 1583089
133.0411, 1580707
133.0438, 1577602
237.4113, 1571715
237.4115, 1564675
382.9462, 1562907
382.9514, 1562265
382.9704, 1561122
