0.0000, 7600938
0.0020, 7580528
0.0020, 7490384
0.0020, 7437584
0.0020, 7395313
0.0020, 7192032
0.0020, 7015784
0.0020, 6877780
0.0020, 6856367
0.0020, 6748440
0.0020, 6696288
0.0020, 6674897
0.0020, 6659038
0.0020, 6610983
0.0020, 6538363
0.0020, 6509417
0.0020, 6491076
0.0030, 6443787
0.0030, 6409389
0.0040, 6400771
0.0040, 6303579
0.0040, 6276602
0.0240, 6251589
0.0960, 6212033
0.0960, 6132757
0.1740, 6097614
0.1830, 5982526
0.1830, 5980485
0.1830, 5921057
0.1830, 5704860
0.3710, 5678161
0.3710, 5676778
0.3710, 5672811
0.3720, 5659865
0.3720, 5588468
0.3720, 5569872
0.3720, 5485015
0.3760, 5265369
0.3760, 5264907
0.3760, 5264827
0.3760, 5261903
0.3760, 5224293
0.3760, 5140818
0.3760, 5137078
0.3760, 5033905
0.3760, 5033851
0.3760, 5014556
0.3760, 5006695
0.3760, 4973460
0.3760, 4907837
0.3760, 4843599
0.3760, 4839109
0.3760, 4733035
0.3760, 4718550
0.3760, 4713115
0.3760, 4704422
0.3760, 4697151
0.3760, 4638936
0.3760, 4635644
0.3760, 4630436
0.3760, 4551669
0.3760, 4443579
0.3760, 4429383
0.3760, 4399042
0.3790, 4387203
0.3790, 4313908
0.3790, 4285089
0.3790, 4269854
0.3790, 4238660
0.3800, 4230075
0.3800, 4191670
0.3800, 4186145
0.3800, 4174461
0.3800, 4114244
0.3800, 4112027
0.3800, 4010688
0.3800, 3989301
0.3800, 3929556
0.3800, 3924919
0.3800, 3923084
0.3800, 3922038
0.3800, 3902139
0.3800, 3879881
0.3800, 3879535
0.3800, 3876997
0.3800, 3838904
0.3800, 3817569
0.3800, 3794589
0.3800, 3783015
0.3800, 3782911
0.3800, 3760443
0.3800, 3652216
0.3800, 3602708
0.3800, 3588500
0.3810, 3550557
0.3810, 3548487
0.3810, 3547333
0.3810, 3545521
0.3810, 3508245
0.3810, 3467077
0.3810, 3448838
0.3810, 3429913
0.3810, 3427691
0.3820, 3423771
0.3820, 3400645
0.3820, 3385704
0.3820, 3383361
0.3820, 3337080
0.3820, 3304761
0.3820, 3298082
0.3820, 3265437
0.3820, 3240931
0.3820, 3209507
0.3820, 3172906
0.3830, 3137376
0.3830, 3128804
0.3830, 3127482
0.3830, 3090232
0.3840, 3048976
0.3840, 3039526
0.3840, 3014257
0.3840, 3011339
0.3840, 2997665
0.3840, 2961928
0.3840, 2946463
0.3840, 2938850
0.3840, 2922772
0.3840, 2922462
0.3840, 2875092
0.3840, 2874070
0.3850, 2833143
0.3850, 2809822
0.3850, 2790647
0.3850, 2776547
0.3850, 2761173
0.3850, 2742415
0.3850, 2713820
0.3850, 2689668
0.3850, 2676596
0.3850, 2647606
0.3860, 2621321
0.3860, 2601416
0.3860, 2593840
0.3860, 2568693
0.3860, 2566798
0.3860, 2560896
0.3860, 2543241
0.3860, 2532608
0.3860, 2529534
0.3880, 2508690
0.3880, 2486811
0.3880, 2457690
0.3890, 2457206
0.3890, 2457082
0.3890, 2431037
0.3890, 2429493
0.3900, 2424768
0.3900, 2406608
0.3900, 2364601
0.3910, 2345729
0.3910, 2344282
0.3910, 2298420
0.3910, 2278098
0.3910, 2277208
0.3920, 2238903
0.3920, 2204186
0.3920, 2201515
0.3920, 2201337
0.3920, 2195392
0.3920, 2187982
0.3920, 2184701
0.3930, 2154908
0.3930, 2151727
0.3930, 2116229
0.3930, 2115934
0.3930, 2099427
0.3930, 2085967
0.3930, 2074582
0.3930, 2064089
0.3930, 2058210
0.3940, 2030498
0.3940, 2029082
0.3940, 2026546
0.3940, 2024211
0.3940, 2022342
0.3940, 2018087
0.3940, 2016352
0.3950, 1983525
0.3950, 1969058
0.3950, 1967364
0.3950, 1958584
0.3960, 1957721
0.3960, 1951953
0.3970, 1951037
0.3970, 1926225
0.3970, 1922875
0.3970, 1906854
0.3970, 1904452
0.3980, 1902583
0.3980, 1886776
0.3980, 1876138
0.3980, 1875890
0.3980, 1875236
0.3990, 1865075
0.3990, 1842030
0.3990, 1838956
0.4000, 1829391
0.4010, 1805769
0.4010, 1798617
0.4010, 1784920
0.4010, 1779855
0.4010, 1753800
0.4020, 1729143
0.4020, 1723421
0.4020, 1723371
0.4020, 1721184
0.4020, 1710234
0.4020, 1700975
0.4030, 1696431
0.4030, 1696240
0.4030, 1686634
0.4040, 1679848
0.4040, 1679357
0.4050, 1674475
0.4050, 1667366
0.4080, 1663243
0.4120, 1659551
0.4120, 1658828
0.4140, 1657134
0.4140, 1656880
0.4160, 1656433
0.4180, 1651814
0.4200, 1646635
0.4230, 1644310
0.4250, 1644029
0.4260, 1642015
0.4260, 1637921
7.6770, 1634259
7.6770, 1633801
7.6890, 1628647
17.6410, 1626231
21.8860, 1621959
30.3110, 1617822
30.3120, 1616647
34.5160, 1612828
34.5160, 1609768
34.5190, 1609129
63.5860, 1608344
63.5880, 1606428
78.6500, 1593388
78.6500, 1591006
97.4130, 1590813
100.0580, 1586360
100.0600, 1585497
210.4810, 1574097
258.6640, 1573391
336.3440, 1573290
336.3450, 1572058
336.3470, 1567490
