0.0000, 7433854
0.0010, 7363240
0.0010, 7334661
0.0010, 7243784
0.0010, 7228833
0.0020, 7203245
0.0020, 7202016
0.0020, 6994193
0.0020, 6965050
0.0050, 6950795
0.0050, 6891809
0.0050, 6836824
0.0050, 6805339
0.0050, 6787256
0.0050, 6709928
0.0050, 6627589
0.0240, 6545670
0.0390, 6493566
0.0470, 6361633
0.0470, 6359487
0.0470, 6259732
0.0690, 6219829
0.0690, 6216900
0.1370, 6170943
0.1370, 6166549
0.1600, 6153674
0.1600, 6084457
0.1600, 5949820
0.1600, 5906158
0.1600, 5867097
0.4520, 5856066
0.4520, 5808439
0.4520, 5800650
0.4520, 5750148
0.4520, 5688700
0.4520, 5687987
0.4520, 5634002
0.4520, 5602145
0.4530, 5597598
0.4610, 5560803
0.4610, 5518664
0.4610, 5491436
0.4610, 5468565
0.4610, 5465847
0.4620, 5433209
0.4620, 5423075
0.4620, 5399467
0.4620, 5389090
0.4620, 5366106
0.4620, 5364002
0.4620, 5259403
0.4620, 5238537
0.4620, 5201588
0.4620, 5137973
0.4620, 5085977
0.4620, 4997984
0.4620, 4993153
0.4620, 4981012
0.4620, 4965886
0.4620, 4923567
0.4620, 4906635
0.4620, 4887719
0.4620, 4788567
0.4630, 4781180
0.4630, 4754878
0.4630, 4753901
0.4630, 4711190
0.4630, 4709199
0.4630, 4685382
0.4630, 4620566
0.4680, 4481120
0.4690, 4408001
0.4690, 4403523
0.4690, 4402287
0.4690, 4386961
0.4720, 4371388
0.4720, 4369966
0.4720, 4327638
0.4720, 4314619
0.4720, 4308554
0.4720, 4299336
0.4720, 4154597
0.4720, 4129856
0.4720, 4103245
0.4730, 4099609
0.4730, 4082625
0.4730, 4054906
0.4730, 4038863
0.4740, 4037026
0.4740, 4023678
0.4740, 3995041
0.4740, 3937227
0.4740, 3819216
0.4760, 3815437
0.4760, 3807087
0.4770, 3807086
0.4770, 3797762
0.4770, 3797404
0.4770, 3761385
0.4770, 3759401
0.4770, 3716625
0.4770, 3694589
0.4770, 3668046
0.4770, 3631211
0.4770, 3627185
0.4770, 3570972
0.4770, 3566973
0.4770, 3555606
0.4780, 3521824
0.4780, 3514978
0.4780, 3512691
0.4780, 3475826
0.4780, 3401174
0.4800, 3366503
0.4800, 3338185
0.4800, 3327027
0.4800, 3284055
0.4800, 3279631
0.4800, 3272065
0.4800, 3161578
0.4810, 3123456
0.4820, 3115737
0.4830, 3109699
0.4830, 3105029
0.4830, 3078889
0.4830, 3062904
0.4830, 3060153
0.4830, 3059231
0.4830, 3052824
0.4830, 3040456
0.4830, 3035660
0.4830, 3033083
0.4830, 3017052
0.4840, 2992253
0.4840, 2968010
0.4840, 2957929
0.4840, 2936254
0.4840, 2916847
0.4840, 2839067
0.4840, 2751853
0.4840, 2743845
0.4840, 2736517
0.4840, 2736222
0.4850, 2624089
0.4850, 2609828
0.4850, 2607980
0.4850, 2597978
0.4850, 2597848
0.4850, 2595553
0.4850, 2588765
0.4860, 2584998
0.4860, 2584645
0.4870, 2583538
0.4870, 2564334
0.4870, 2522545
0.4880, 2521632
0.4880, 2519008
0.4880, 2506802
0.4880, 2502181
0.4880, 2486659
0.4880, 2480960
0.4880, 2448936
0.4890, 2435268
0.4890, 2407505
0.4890, 2407360
0.4890, 2387069
0.4900, 2385117
0.4910, 2316762
0.4920, 2314603
0.4920, 2306732
0.4920, 2304697
0.4920, 2178331
0.4920, 2158976
0.4920, 2135179
0.4930, 2110014
0.4930, 2087045
0.4940, 2079331
0.4940, 2077536
0.4940, 2053818
0.4940, 2047338
0.4950, 2043040
0.4950, 2036103
0.4950, 2025380
0.4960, 1982016
0.4970, 1974691
0.4970, 1973255
0.4980, 1968880
0.4980, 1962755
0.4980, 1956112
0.4990, 1947614
0.4990, 1946437
0.4990, 1943738
0.5000, 1928951
0.5000, 1923167
0.5000, 1922200
0.5000, 1916715
0.5000, 1911822
0.5010, 1908809
0.5020, 1898038
0.5020, 1886886
0.5040, 1879931
0.5040, 1864476
0.5040, 1855183
0.5050, 1854695
0.5060, 1853463
0.5070, 1849754
0.5100, 1825030
0.5110, 1821969
0.5110, 1821876
0.5110, 1816022
0.5130, 1814847
0.5140, 1785044
0.5140, 1778236
0.5140, 1778082
0.5160, 1777906
0.5160, 1776145
0.5170, 1775813
0.5170, 1774347
0.5180, 1745311
0.5190, 1741623
0.5200, 1741617
0.5200, 1737580
0.5220, 1735844
0.5220, 1734431
0.5220, 1732988
0.5270, 1731451
0.5270, 1731275
0.5280, 1719865
0.5280, 1719772
0.5290, 1719627
0.5310, 1708904
0.5370, 1665689
0.5400, 1656414
0.5440, 1642448
0.5480, 1640754
5.0700, 1639730
5.0700, 1633739
5.0710, 1626584
30.1040, 1625439
30.1040, 1612154
30.1050, 1611414
30.1070, 1610824
30.1070, 1604090
30.1130, 1603227
73.2310, 1602288
73.2310, 1601369
104.6440, 1598055
104.6450, 1597984
104.6510, 1597826
104.6520, 1597689
104.6520, 1597343
104.6520, 1588079
104.6550, 1587120
104.6570, 1582021
104.6580, 1578892
104.6610, 1577749
104.6610, 1567913
337.2290, 1566277
337.2320, 1565134
339.3320, 1561446
342.4790, 1559530
343.4970, 1559456
343.5170, 1558889
344.5320, 1558247
349.8020, 1558107
