0.0001, 7595956
0.0005, 7462202
0.0005, 7430550
0.0005, 7320510
0.0005, 7285619
0.0005, 7281928
0.0006, 7244931
0.0007, 7243581
0.0007, 7238705
0.0007, 7190531
0.0008, 7108299
0.0008, 7088844
0.0019, 7077643
0.0027, 6938567
0.0027, 6850794
0.0027, 6739839
0.0028, 6709667
0.0028, 6701915
0.0028, 6691122
0.0028, 6446096
0.0148, 6227479
0.0148, 6225778
0.0686, 6065907
0.0686, 6005936
0.4654, 5965314
0.4699, 5895971
0.4775, 5871958
0.4775, 5869773
0.4775, 5850543
0.4804, 5768095
0.4804, 5762375
0.4811, 5687852
0.4811, 5674978
0.4812, 5608801
0.4812, 5574077
0.4828, 5525336
0.4828, 5503159
0.4828, 5490210
0.4839, 5474876
0.4839, 5450401
0.4840, 5443061
0.4841, 5242937
0.4842, 5225313
0.4843, 5222876
0.4843, 5219698
0.4843, 5212671
0.4843, 5082483
0.4844, 5007221
0.4845, 4988775
0.4845, 4816393
0.4845, 4802767
0.4845, 4784691
0.4846, 4726215
0.4846, 4698279
0.4846, 4675469
0.4847, 4663486
0.4847, 4655345
0.4847, 4550103
0.4847, 4541062
0.4849, 4520433
0.4849, 4518977
0.4850, 4516217
0.4850, 4514203
0.4850, 4484234
0.4863, 4476514
0.4863, 4468040
0.4865, 4439868
0.4866, 4342443
0.4867, 4317131
0.4867, 4295341
0.4868, 4279992
0.4868, 4263553
0.4870, 4226939
0.4870, 4189939
0.4871, 4187074
0.4871, 4164778
0.4871, 4157581
0.4871, 4016733
0.4872, 4002886
0.4874, 3984964
0.4874, 3841543
0.4876, 3839650
0.4889, 3800838
0.4890, 3786053
0.4890, 3769493
0.4890, 3756254
0.4890, 3720826
0.4890, 3673492
0.4891, 3649919
0.4892, 3645785
0.4892, 3570989
0.4900, 3561417
0.4900, 3487603
0.4900, 3454180
0.4901, 3415917
0.4901, 3414200
0.4903, 3403853
0.4903, 3397251
0.4903, 3306131
0.4903, 3238183
0.4905, 3158993
0.4906, 3139998
0.4906, 3124239
0.4906, 3021365
0.4907, 3016180
0.4908, 2983565
0.4908, 2938665
0.4908, 2934949
0.4910, 2925109
0.4911, 2924295
0.4911, 2894253
0.4924, 2892217
0.4925, 2891653
0.4926, 2885719
0.4927, 2869635
0.4927, 2867024
0.4940, 2866789
0.4941, 2861371
0.4941, 2857908
0.4944, 2854522
0.4945, 2850749
0.4946, 2826707
0.4947, 2826599
0.4947, 2825248
0.4947, 2825214
0.4949, 2751326
0.4951, 2748537
0.4952, 2701530
0.4953, 2696836
0.4954, 2683016
0.4954, 2667421
0.4956, 2659443
0.4956, 2651375
0.4956, 2605188
0.4958, 2599318
0.4958, 2590365
0.4959, 2583833
0.4960, 2505775
0.4960, 2478452
0.4960, 2478118
0.4962, 2439722
0.4963, 2426051
0.4963, 2424442
0.4964, 2421213
0.4965, 2401541
0.4967, 2340817
0.4971, 2329140
0.4972, 2321910
0.4972, 2279092
0.4973, 2249662
0.4973, 2216664
0.4976, 2204626
0.4977, 2197224
0.4978, 2189066
0.4978, 2188486
0.4979, 2187170
0.4980, 2180007
0.4982, 2166801
0.4989, 2163600
0.4992, 2156832
0.4994, 2153897
0.4994, 2146332
0.4996, 2133208
0.5002, 2101093
0.5010, 2100877
0.5035, 2098719
0.5047, 2080726
0.5047, 2075319
0.5049, 2068241
0.5050, 2067226
0.5050, 2056971
0.5053, 2056514
0.5053, 2033302
0.5055, 2028982
0.5056, 2020396
0.5057, 2010224
0.5058, 1994529
0.5061, 1990973
0.5071, 1989730
0.5072, 1983181
0.5073, 1975551
0.5073, 1964805
0.5074, 1964385
0.5074, 1945688
0.5075, 1942505
0.5085, 1938844
0.5086, 1936301
0.5086, 1930387
0.5100, 1919301
0.5105, 1918892
0.5108, 1917479
0.5113, 1914750
0.5113, 1903174
0.5120, 1902336
0.5124, 1899994
0.5125, 1893208
0.5126, 1813632
0.5132, 1796867
0.5133, 1796645
0.5135, 1796222
0.5137, 1785585
0.5146, 1784972
0.5154, 1784891
0.5166, 1764855
0.5181, 1759702
0.5203, 1759480
0.5205, 1747608
0.5212, 1731423
0.5221, 1730950
0.5221, 1730690
0.5266, 1729285
0.5271, 1711480
0.5277, 1704325
0.5283, 1704244
0.5303, 1699564
0.5332, 1697244
0.5338, 1695122
0.5349, 1694427
0.5354, 1663840
0.5377, 1655321
0.5401, 1654537
0.5413, 1635895
3.6190, 1633587
3.6200, 1632718
3.6202, 1630522
3.6206, 1630224
3.6227, 1629387
3.6283, 1627025
3.6330, 1626722
3.6341, 1617705
3.6343, 1609090
3.6448, 1596642
71.5067, 1587231
110.4915, 1585854
110.4934, 1580675
110.4940, 1576319
143.9886, 1571413
347.6661, 1566952
347.6662, 1564570
349.7932, 1563985
352.9804, 1559515
