0.0000, 6685281
0.0020, 6671593
0.0020, 6542990
0.0030, 6532772
0.0030, 6509954
0.0030, 6445996
0.0070, 6308501
0.0070, 6270911
0.1150, 5975218
0.1150, 5971482
0.1150, 5954633
0.3760, 5902277
0.3760, 5894632
0.3760, 5826400
0.3760, 5775695
0.3760, 5625603
0.3760, 5620499
0.3760, 5597773
0.3760, 5558428
0.3760, 5550260
0.3760, 5531430
0.3760, 5527979
0.3760, 5518040
0.3760, 5493773
0.3760, 5440197
0.3770, 5424987
0.3770, 5388126
0.3800, 5351957
0.3800, 5340654
0.3800, 5322678
0.3800, 5297349
0.3800, 5256025
0.3800, 5232261
0.3800, 5205025
0.3800, 5182920
0.3800, 5180125
0.3800, 4966679
0.3800, 4966396
0.3800, 4868149
0.3800, 4853264
0.3800, 4841190
0.3800, 4806940
0.3800, 4785902
0.3800, 4696981
0.3800, 4672892
0.3800, 4666591
0.3800, 4653952
0.3800, 4628536
0.3830, 4527605
0.3830, 4526960
0.3830, 4525244
0.3830, 4514692
0.3830, 4512965
0.3830, 4451567
0.3830, 4407699
0.3830, 4399341
0.3830, 4391916
0.3840, 4363006
0.3840, 4332625
0.3840, 4316568
0.3840, 4308974
0.3840, 4298365
0.3840, 4286276
0.3840, 4196451
0.3840, 4192474
0.3840, 4163725
0.3840, 4157762
0.3840, 4092621
0.3840, 4071495
0.3840, 4067134
0.3840, 4064879
0.3850, 4006049
0.3850, 4006008
0.3850, 3996602
0.3850, 3953094
0.3860, 3927322
0.3860, 3924121
0.3860, 3920522
0.3860, 3849430
0.3860, 3684675
0.3860, 3675202
0.3860, 3668964
0.3860, 3664818
0.3860, 3662499
0.3860, 3661238
0.3860, 3643984
0.3860, 3643019
0.3860, 3615478
0.3860, 3615465
0.3860, 3553178
0.3860, 3487210
0.3860, 3483779
0.3860, 3465790
0.3860, 3388953
0.3870, 3331826
0.3870, 3317123
0.3870, 3293773
0.3870, 3209920
0.3870, 3164463
0.3880, 3139110
0.3880, 3119430
0.3880, 3113725
0.3880, 3048128
0.3880, 3008427
0.3880, 2988322
0.3880, 2967756
0.3880, 2965692
0.3880, 2947058
0.3880, 2932593
0.3880, 2930414
0.3880, 2905622
0.3880, 2794849
0.3880, 2791189
0.3880, 2746849
0.3890, 2727368
0.3890, 2695187
0.3890, 2647255
0.3890, 2561224
0.3890, 2541375
0.3890, 2535965
0.3900, 2525632
0.3900, 2515421
0.3900, 2486388
0.3910, 2479803
0.3910, 2437309
0.3910, 2436292
0.3910, 2435350
0.3910, 2432902
0.3910, 2399132
0.3920, 2380339
0.3920, 2362132
0.3920, 2342390
0.3920, 2287116
0.3920, 2278412
0.3920, 2263696
0.3920, 2263095
0.3920, 2257358
0.3920, 2226668
0.3920, 2208872
0.3920, 2201147
0.3920, 2174493
0.3920, 2170789
0.3930, 2129629
0.3930, 2127164
0.3930, 2114887
0.3930, 2105157
0.3930, 2100930
0.3940, 2096560
0.3940, 2095763
0.3940, 2080333
0.3940, 2072181
0.3950, 2068200
0.3950, 2053871
0.3950, 2053499
0.3950, 2013343
0.3950, 2003316
0.3960, 1976084
0.3960, 1968036
0.3960, 1963333
0.3960, 1916918
0.3960, 1916694
0.3960, 1911192
0.3960, 1911077
0.3970, 1907187
0.3980, 1907029
0.3990, 1886260
0.3990, 1884660
0.3990, 1879481
0.4000, 1875115
0.4000, 1825526
0.4000, 1824608
0.4010, 1808811
0.4010, 1801656
0.4020, 1793107
0.4030, 1787354
0.4030, 1779293
0.4040, 1777285
0.4050, 1766779
0.4070, 1766586
0.4070, 1758878
0.4070, 1758720
0.4080, 1757307
0.4080, 1756665
0.4120, 1750957
0.4130, 1712247
0.4130, 1703455
0.4140, 1701668
0.4140, 1696493
0.4140, 1694928
0.4160, 1694791
0.4170, 1689290
0.4220, 1680472
0.4240, 1679609
0.4240, 1670148
0.4250, 1669189
0.4260, 1656438
0.4270, 1650783
0.4270, 1649246
0.4290, 1632660
0.4300, 1629531
0.4330, 1606153
10.4320, 1603986
10.4350, 1599070
10.4380, 1598428
31.7710, 1594273
42.9670, 1583965
183.7260, 1582598
223.9320, 1579821
223.9340, 1577813
223.9440, 1575691
272.7270, 1571407
272.7280, 1568717
272.7290, 1558620
272.7300, 1555702
272.7320, 1555060
