0.0001, 7791387
0.0003, 7766324
0.0003, 7721792
0.0003, 7719596
0.0003, 7555401
0.0004, 7336557
0.0004, 7325492
0.0005, 7324987
0.0005, 7259020
0.0007, 7229478
0.0007, 7065584
0.0009, 6867651
0.0009, 6865415
0.0009, 6838260
0.0009, 6834952
0.0013, 6800161
0.0013, 6753878
0.0013, 6706176
0.0013, 6636716
0.0013, 6620427
0.0125, 6597792
0.0125, 6538669
0.0128, 6528751
0.0128, 6528131
0.0389, 6450246
0.0389, 6384763
0.0622, 6381838
0.0622, 6344669
0.0622, 6150711
0.0625, 6138422
0.0626, 6097054
0.0626, 6052031
0.0627, 5997728
0.2916, 5932567
0.2916, 5771242
0.3758, 5714582
0.6560, 5649990
0.6561, 5646541
0.6561, 5636243
0.6561, 5596099
0.6679, 5592526
0.6679, 5591946
0.6679, 5480328
0.6681, 5201936
0.6681, 5101648
0.6681, 5099584
0.6781, 5027784
0.6781, 4967763
0.6782, 4954868
0.6782, 4946341
0.6782, 4941564
0.6786, 4866981
0.6786, 4846759
0.6786, 4762416
0.6792, 4496146
0.6793, 4491885
0.6793, 4488745
0.6794, 4464389
0.6813, 4438860
0.6814, 4361690
0.6814, 4357654
0.6814, 4311727
0.6815, 4283737
0.6815, 4246327
0.6820, 4172497
0.6820, 4172494
0.6821, 4170453
0.6821, 4145544
0.6824, 4144990
0.6824, 4139922
0.6825, 4138659
0.6826, 4022746
0.6827, 3867315
0.6827, 3745002
0.6827, 3740105
0.6829, 3722177
0.6829, 3688879
0.6830, 3654721
0.6830, 3636289
0.6842, 3555919
0.6842, 3549365
0.6842, 3478620
0.6843, 3461828
0.6843, 3436916
0.6848, 3428412
0.6848, 3414513
0.6849, 3403130
0.6850, 3384583
0.6855, 3315415
0.6856, 3290985
0.6856, 3280581
0.6856, 3279263
0.6856, 3234378
0.6860, 3167284
0.6860, 3163112
0.6860, 3150379
0.6862, 3137822
0.6863, 3126068
0.6870, 3122293
0.6870, 3104167
0.6872, 3096123
0.6873, 3085200
0.6877, 3040078
0.6896, 3008600
0.6896, 3006907
0.6897, 2985932
0.6897, 2977092
0.6897, 2957910
0.6899, 2946461
0.6899, 2944750
0.6909, 2932595
0.6909, 2923236
0.6912, 2885844
0.6915, 2861445
0.6917, 2837743
0.6917, 2836972
0.6920, 2830607
0.6921, 2823854
0.6922, 2822416
0.6923, 2727074
0.6923, 2710599
0.6923, 2709366
0.6923, 2709365
0.6924, 2706532
0.6925, 2646732
0.6928, 2623328
0.6928, 2612210
0.6929, 2609667
0.6929, 2592210
0.6930, 2545090
0.6930, 2542708
0.6931, 2522707
0.6933, 2497965
0.6943, 2494918
0.6948, 2485241
0.6951, 2465762
0.6952, 2461272
0.6952, 2461199
0.6953, 2461093
0.6953, 2459132
0.6958, 2449231
0.6960, 2434279
0.6961, 2425814
0.6961, 2425223
0.6963, 2417501
0.6967, 2378757
0.6968, 2370732
0.6970, 2370292
0.6971, 2362201
0.6977, 2317863
0.6978, 2314587
0.6978, 2302297
0.6979, 2296972
0.6980, 2296133
0.6980, 2288148
0.6980, 2278340
0.6985, 2269544
0.6986, 2261690
0.6988, 2261085
0.6988, 2260841
0.6991, 2251794
0.6993, 2247416
0.6995, 2240985
0.6998, 2240908
0.6999, 2233753
0.6999, 2227912
0.7001, 2219173
0.7002, 2208201
0.7003, 2202948
0.7005, 2179199
0.7009, 2155203
0.7016, 2147092
0.7017, 2144077
0.7020, 2136468
0.7021, 2122423
0.7023, 2119170
0.7039, 2102986
0.7046, 2079010
0.7050, 2073380
0.7053, 2012944
0.7058, 2009883
0.7063, 2009668
0.7068, 1995541
0.7080, 1970081
0.7081, 1965468
0.7084, 1961586
0.7086, 1960354
0.7090, 1948220
0.7093, 1946663
0.7096, 1933202
0.7096, 1932578
0.7097, 1914556
0.7102, 1914500
0.7111, 1902157
0.7115, 1860790
0.7119, 1852077
0.7130, 1846923
0.7131, 1833326
0.7133, 1813578
0.7135, 1776863
0.7153, 1776787
0.7168, 1772765
0.7175, 1771228
0.7178, 1756501
0.7183, 1749021
0.7196, 1746619
0.7199, 1739579
0.7211, 1733241
0.7214, 1732066
0.7215, 1725557
0.7217, 1718057
0.7235, 1717787
0.7238, 1717690
0.7244, 1714896
0.7263, 1710205
0.7271, 1706591
0.7273, 1705666
0.7282, 1698628
0.7298, 1692198
0.7316, 1687763
0.7317, 1687456
0.7335, 1682575
0.7376, 1679588
0.7389, 1676863
0.7395, 1663610
0.7402, 1661052
0.7407, 1653004
0.7426, 1651079
0.7427, 1630472
0.7464, 1628090
0.7522, 1623647
0.7525, 1606460
0.7528, 1598019
23.3747, 1589238
23.3803, 1588752
43.8703, 1585673
43.8706, 1581791
43.8711, 1576266
128.8389, 1564573
128.8436, 1563341
128.8486, 1562702
