0.0001, 7112337
0.0004, 7091914
0.0004, 7089676
0.0005, 6963865
0.0046, 6690875
0.0048, 6676126
0.0048, 6674671
0.0104, 6649708
0.0172, 6568711
0.0173, 6505655
0.0566, 6461535
0.0580, 6418444
0.1363, 6390003
0.1363, 6361295
0.1378, 6296153
0.1507, 6207794
0.1507, 6122738
0.1507, 6066857
0.1507, 6062534
0.1507, 5964988
0.6846, 5934559
0.6848, 5931263
0.6848, 5928500
0.6849, 5906034
0.6849, 5906003
0.6850, 5815420
0.6911, 5729951
0.6911, 5697372
0.6912, 5684470
0.6916, 5682199
0.6916, 5662577
0.6943, 5653448
0.6943, 5639262
0.6943, 5505624
0.6944, 5421580
0.6947, 5197098
0.6947, 5097383
0.6952, 4974124
0.6995, 4937809
0.6995, 4930018
0.6996, 4893288
0.6996, 4854237
0.6997, 4851041
0.6997, 4805428
0.7022, 4800157
0.7024, 4779097
0.7024, 4764066
0.7024, 4747858
0.7025, 4741799
0.7025, 4718362
0.7026, 4688696
0.7027, 4685461
0.7031, 4684646
0.7032, 4642981
0.7032, 4634858
0.7032, 4628493
0.7033, 4616597
0.7034, 4590647
0.7042, 4548744
0.7043, 4528288
0.7043, 4459414
0.7044, 4458164
0.7044, 4401957
0.7044, 4390278
0.7046, 4343120
0.7046, 4279641
0.7046, 4225234
0.7048, 4222099
0.7049, 4157185
0.7050, 4111110
0.7050, 4062806
0.7050, 4056590
0.7050, 4054062
0.7051, 4026963
0.7063, 3842009
0.7064, 3838755
0.7072, 3771782
0.7072, 3754159
0.7072, 3741836
0.7074, 3696337
0.7075, 3670762
0.7076, 3627523
0.7076, 3599339
0.7080, 3589271
0.7082, 3506100
0.7084, 3497231
0.7085, 3472614
0.7088, 3432065
0.7088, 3431973
0.7102, 3429426
0.7102, 3420968
0.7103, 3406747
0.7109, 3389446
0.7109, 3384297
0.7118, 3372066
0.7118, 3359991
0.7126, 3353381
0.7127, 3310562
0.7130, 3309742
0.7130, 3294128
0.7131, 3251663
0.7137, 3245807
0.7139, 3238746
0.7140, 3207189
0.7146, 3193316
0.7147, 3193219
0.7147, 3157827
0.7154, 3156216
0.7160, 3152332
0.7160, 3129022
0.7162, 3121794
0.7162, 3121300
0.7165, 3091739
0.7167, 3087604
0.7168, 3082570
0.7168, 3054354
0.7168, 3048387
0.7169, 3038883
0.7170, 3035961
0.7170, 3028593
0.7173, 3019446
0.7173, 3007122
0.7174, 3003240
0.7175, 3002161
0.7175, 2986448
0.7176, 2977710
0.7176, 2975289
0.7176, 2974867
0.7178, 2971038
0.7179, 2940024
0.7180, 2933125
0.7180, 2927898
0.7181, 2871638
0.7181, 2863055
0.7182, 2855285
0.7182, 2823296
0.7183, 2821370
0.7183, 2817706
0.7184, 2805029
0.7184, 2794239
0.7188, 2782388
0.7188, 2761208
0.7190, 2749428
0.7192, 2743860
0.7196, 2714100
0.7197, 2707853
0.7199, 2707724
0.7201, 2618901
0.7203, 2618830
0.7210, 2616872
0.7211, 2616153
0.7213, 2604864
0.7223, 2566613
0.7227, 2565841
0.7228, 2562848
0.7228, 2562683
0.7239, 2553263
0.7240, 2546303
0.7241, 2544749
0.7243, 2541663
0.7245, 2531786
0.7250, 2511959
0.7256, 2489131
0.7260, 2484396
0.7261, 2464067
0.7263, 2460879
0.7264, 2460686
0.7265, 2453925
0.7268, 2405150
0.7268, 2379128
0.7273, 2372876
0.7278, 2343153
0.7287, 2328001
0.7305, 2323546
0.7308, 2322607
0.7308, 2310018
0.7311, 2301977
0.7316, 2292252
0.7329, 2280713
0.7330, 2228283
0.7333, 2218640
0.7335, 2188357
0.7335, 2160482
0.7347, 2153935
0.7352, 2153654
0.7353, 2144588
0.7355, 2138935
0.7360, 2128795
0.7364, 2090788
0.7365, 2089925
0.7371, 2081835
0.7371, 2066211
0.7377, 2064058
0.7380, 2061522
0.7384, 2061082
0.7391, 2015067
0.7401, 2005101
0.7402, 2003426
0.7403, 1985609
0.7408, 1983660
0.7408, 1981459
0.7410, 1966894
0.7412, 1963117
0.7413, 1961869
0.7415, 1957301
0.7418, 1952926
0.7419, 1947218
0.7421, 1947173
0.7425, 1947022
0.7431, 1944770
0.7435, 1943357
0.7438, 1940006
0.7448, 1938466
0.7455, 1928603
0.7456, 1913962
0.7467, 1913265
0.7468, 1912522
0.7479, 1907807
0.7485, 1901821
0.7488, 1883566
0.7489, 1883171
0.7497, 1877180
0.7503, 1870634
0.7517, 1860249
0.7543, 1859951
0.7551, 1830470
0.7552, 1792314
0.7702, 1787208
0.7779, 1784290
0.7847, 1779036
0.7906, 1775237
0.8007, 1766532
0.8013, 1764316
0.8015, 1739622
0.8022, 1738507
0.8049, 1738496
0.8082, 1717153
0.8113, 1715338
2.5464, 1710823
2.5479, 1699894
2.5498, 1685369
2.5510, 1661247
2.5552, 1654092
2.5597, 1648145
2.5611, 1646185
2.5620, 1636102
2.5925, 1634870
16.8213, 1633097
16.8215, 1615895
16.8254, 1609668
16.8394, 1601307
