0.0001, 7896747
0.0003, 7895832
0.0003, 7762730
0.0003, 7691156
0.0004, 7676442
0.0005, 7618505
0.0007, 7550572
0.0007, 7537943
0.0008, 7499683
0.0008, 7372258
0.0008, 7359340
0.0013, 7304408
0.0013, 7085312
0.0013, 6913084
0.0013, 6905456
0.0043, 6826036
0.0062, 6796413
0.0062, 6704396
0.0062, 6660176
0.0076, 6645696
0.0219, 6644004
0.0219, 6493602
0.0220, 6459413
0.0220, 6438793
0.0220, 6404534
0.0220, 6351882
0.0220, 6308788
0.0335, 6307782
0.1037, 6286586
0.1037, 6252818
0.1295, 6234714
0.1296, 6180630
0.1296, 6168474
0.1767, 6165988
0.1768, 6007023
0.1768, 5957997
0.6899, 5888368
0.6901, 5817483
0.6907, 5765576
0.6916, 5742747
0.6916, 5740171
0.6917, 5733630
0.6917, 5711747
0.6917, 5708207
0.6931, 5677629
0.6932, 5629761
0.6932, 5580280
0.6932, 5541978
0.6936, 5541155
0.6936, 5517698
0.6947, 5517492
0.6953, 5502912
0.6953, 5479042
0.6954, 5473391
0.6954, 5467935
0.6954, 5435116
0.6955, 5418832
0.6955, 5324036
0.6955, 5271896
0.6957, 5260784
0.6957, 5119806
0.6958, 5069200
0.6959, 5049922
0.6960, 5044596
0.6960, 4920214
0.6960, 4875670
0.6961, 4845756
0.6962, 4840897
0.6962, 4836234
0.6963, 4819721
0.6969, 4757284
0.6969, 4745421
0.6969, 4744308
0.6971, 4699265
0.6974, 4626679
0.6978, 4618540
0.6978, 4565292
0.6978, 4482775
0.7006, 4443717
0.7006, 4440161
0.7007, 4377971
0.7008, 4337730
0.7008, 4330137
0.7009, 4325454
0.7011, 4300622
0.7011, 4295219
0.7014, 4253888
0.7014, 4253648
0.7015, 4223681
0.7016, 4199263
0.7016, 4190078
0.7016, 4182925
0.7017, 4153838
0.7018, 4132210
0.7018, 4099523
0.7019, 4047483
0.7021, 4011255
0.7021, 3936093
0.7022, 3911605
0.7023, 3845275
0.7023, 3820497
0.7023, 3800313
0.7029, 3723212
0.7030, 3642237
0.7030, 3621960
0.7031, 3618488
0.7031, 3609434
0.7031, 3596672
0.7032, 3555343
0.7032, 3541774
0.7032, 3494475
0.7036, 3489788
0.7038, 3472511
0.7046, 3314448
0.7051, 3291755
0.7051, 3291455
0.7052, 3249197
0.7052, 3213066
0.7053, 3205649
0.7058, 3168762
0.7058, 3153372
0.7058, 3145652
0.7066, 3139363
0.7066, 3139340
0.7066, 3137172
0.7082, 3107749
0.7083, 3090771
0.7084, 3068735
0.7084, 3063866
0.7085, 3048755
0.7085, 3048332
0.7085, 3047753
0.7086, 3038508
0.7088, 2991453
0.7089, 2989604
0.7091, 2965220
0.7091, 2852236
0.7091, 2842106
0.7092, 2839423
0.7093, 2788884
0.7112, 2785072
0.7115, 2766112
0.7116, 2764617
0.7119, 2721535
0.7120, 2716230
0.7120, 2691573
0.7122, 2685632
0.7124, 2670768
0.7124, 2651986
0.7125, 2646258
0.7128, 2574410
0.7129, 2541631
0.7132, 2539505
0.7133, 2537428
0.7136, 2527128
0.7147, 2525739
0.7148, 2523887
0.7149, 2502427
0.7150, 2483463
0.7151, 2474883
0.7162, 2458990
0.7164, 2458812
0.7166, 2432001
0.7168, 2412111
0.7171, 2405492
0.7173, 2395589
0.7174, 2384045
0.7176, 2376896
0.7179, 2365500
0.7198, 2299326
0.7208, 2293318
0.7209, 2286369
0.7209, 2276337
0.7213, 2273104
0.7215, 2246732
0.7216, 2233761
0.7218, 2232729
0.7223, 2222273
0.7223, 2219319
0.7225, 2210004
0.7226, 2207339
0.7226, 2205750
0.7227, 2199441
0.7231, 2176629
0.7239, 2169211
0.7251, 2164062
0.7258, 2158443
0.7261, 2151115
0.7262, 2149172
0.7272, 2144553
0.7277, 2142837
0.7281, 2131609
0.7283, 2079307
0.7288, 2055030
0.7301, 2054025
0.7303, 2048337
0.7308, 2046539
0.7313, 2043488
0.7316, 2041429
0.7323, 2038594
0.7326, 1953143
0.7328, 1949943
0.7330, 1930675
0.7337, 1905579
0.7338, 1886613
0.7345, 1885058
0.7350, 1881189
0.7358, 1876810
0.7366, 1876589
0.7369, 1875390
0.7376, 1870986
0.7397, 1860608
0.7413, 1854426
0.7416, 1831806
0.7437, 1819526
0.7446, 1816841
0.7457, 1809686
0.7483, 1808434
0.7495, 1777564
0.7495, 1775964
0.7518, 1754919
0.7526, 1753975
0.7527, 1735403
0.7528, 1729818
0.7562, 1721991
0.7569, 1719141
0.7573, 1715047
0.7582, 1688635
0.7613, 1688279
0.7631, 1675158
0.7826, 1675155
0.7828, 1670049
2.5192, 1661450
4.2716, 1659019
6.0358, 1639721
6.0444, 1639346
11.2584, 1632800
11.2585, 1621249
11.2684, 1617385
11.2714, 1615003
11.2737, 1614655
11.2752, 1606494
11.2769, 1604578
11.2769, 1594266
11.2834, 1591730
11.2879, 1591133
100.9734, 1585098
306.2870, 1583062
383.0174, 1575851
383.0214, 1574799
383.0249, 1573064
383.0260, 1570661
383.0290, 1566212
383.0325, 1564204
383.0409, 1563341
386.2142, 1562702
