0.0001, 7704483
0.0003, 7695679
0.0004, 7668862
0.0004, 7628937
0.0004, 7479186
0.0005, 7435008
0.0005, 7363731
0.0006, 7305661
0.0009, 7294745
0.0011, 7292257
0.0011, 7276143
0.0011, 7190808
0.0011, 7138146
0.0011, 7010007
0.0015, 6987567
0.0015, 6939664
0.0015, 6849373
0.0015, 6848899
0.0015, 6716564
0.0016, 6715896
0.0019, 6656764
0.0019, 6656655
0.0072, 6457631
0.0072, 6446827
0.0072, 6422611
0.0073, 6422112
0.0073, 6366339
0.0073, 6266316
0.0073, 6260421
0.0307, 6143961
0.0308, 6120938
0.0308, 6106298
0.1844, 6049760
0.3196, 5983786
0.6974, 5928374
0.6989, 5877697
0.6989, 5835729
0.6989, 5782373
0.6989, 5774326
0.6990, 5680094
0.6990, 5663946
0.6990, 5644426
0.6990, 5642238
0.6996, 5574151
0.6998, 5511842
0.7000, 5490405
0.7001, 5429916
0.7002, 5427113
0.7076, 5384607
0.7076, 5240569
0.7076, 5240549
0.7077, 5224477
0.7077, 5218359
0.7137, 5152303
0.7139, 5094455
0.7139, 5078152
0.7141, 5041265
0.7141, 4829211
0.7142, 4777569
0.7153, 4762743
0.7153, 4758677
0.7155, 4711887
0.7157, 4588266
0.7157, 4583250
0.7157, 4540783
0.7158, 4529712
0.7163, 4456311
0.7163, 4432452
0.7164, 4347433
0.7164, 4330630
0.7164, 4263229
0.7165, 4149355
0.7176, 4121063
0.7176, 4121045
0.7176, 4052994
0.7177, 4022825
0.7177, 4017146
0.7178, 3979428
0.7178, 3955862
0.7179, 3951776
0.7185, 3937645
0.7185, 3913395
0.7186, 3864261
0.7187, 3850566
0.7188, 3748559
0.7188, 3717793
0.7190, 3707490
0.7190, 3662750
0.7191, 3659900
0.7216, 3646946
0.7222, 3630361
0.7223, 3591886
0.7223, 3589421
0.7224, 3549920
0.7225, 3547189
0.7226, 3545830
0.7236, 3369224
0.7236, 3311310
0.7236, 3288447
0.7237, 3281582
0.7239, 3126955
0.7248, 3080012
0.7250, 3057129
0.7251, 3037839
0.7254, 3028399
0.7260, 3019724
0.7264, 2994665
0.7265, 2943101
0.7265, 2933353
0.7266, 2925802
0.7266, 2908645
0.7268, 2905408
0.7269, 2897223
0.7270, 2896727
0.7271, 2873206
0.7271, 2868577
0.7274, 2866242
0.7275, 2789026
0.7275, 2781682
0.7275, 2770420
0.7276, 2759021
0.7282, 2724620
0.7283, 2696483
0.7283, 2692321
0.7285, 2684846
0.7286, 2683836
0.7290, 2668273
0.7290, 2655974
0.7293, 2642166
0.7294, 2638421
0.7294, 2602412
0.7295, 2596064
0.7316, 2587766
0.7316, 2529625
0.7316, 2476564
0.7322, 2448118
0.7326, 2446507
0.7327, 2427837
0.7331, 2419103
0.7332, 2401850
0.7333, 2386688
0.7337, 2385818
0.7337, 2381349
0.7338, 2371698
0.7340, 2357852
0.7341, 2350576
0.7341, 2349005
0.7341, 2322866
0.7345, 2315455
0.7353, 2309723
0.7353, 2286850
0.7356, 2286179
0.7358, 2197773
0.7363, 2182953
0.7364, 2181376
0.7365, 2164402
0.7367, 2163745
0.7367, 2144890
0.7367, 2136683
0.7370, 2130274
0.7371, 2125584
0.7375, 2114899
0.7377, 2080301
0.7380, 2078511
0.7382, 2066953
0.7383, 2066183
0.7395, 1995498
0.7400, 1932215
0.7404, 1927849
0.7411, 1922757
0.7412, 1922203
0.7423, 1907381
0.7425, 1900180
0.7440, 1841071
0.7445, 1832577
0.7447, 1832187
0.7447, 1804381
0.7447, 1804375
0.7455, 1795554
0.7456, 1795322
0.7462, 1794647
0.7472, 1793423
0.7474, 1789536
0.7497, 1773260
0.7498, 1771252
0.7512, 1769702
0.7514, 1758341
0.7522, 1739676
0.7545, 1738444
0.7546, 1726240
0.7556, 1723054
0.7565, 1682918
0.7568, 1681225
0.7590, 1673137
0.7592, 1671253
0.7609, 1669593
0.7635, 1668043
0.7638, 1660434
0.7690, 1659739
0.7715, 1655290
0.7745, 1645059
0.7781, 1641080
0.7860, 1633355
0.7865, 1633217
0.7869, 1626532
0.7910, 1625669
0.7971, 1625536
4.3912, 1619385
36.4898, 1606864
39.9898, 1604971
39.9962, 1602963
129.0760, 1602297
129.0773, 1600884
129.0808, 1598006
132.2848, 1588853
149.8358, 1586390
149.8382, 1585647
149.8407, 1583244
149.8440, 1582101
337.8662, 1577633
387.5789, 1572513
387.5859, 1568064
387.6105, 1566656
388.6251, 1566402
388.6312, 1563794
388.6334, 1562562
392.9269, 1561431
392.9378, 1559515
