0.0001, 7624739
0.0003, 7592152
0.0003, 7590535
0.0004, 7587600
0.0005, 7542856
0.0006, 7542276
0.0006, 7489944
0.0006, 7443718
0.0006, 7320302
0.0007, 7116813
0.0007, 7108429
0.0007, 7048096
0.0014, 7039206
0.0032, 7030300
0.0032, 7018480
0.0037, 6852021
0.0037, 6804224
0.0037, 6782544
0.0037, 6684671
0.0037, 6664207
0.0042, 6536218
0.0044, 6527652
0.0044, 6463266
0.0044, 6458717
0.0044, 6440256
0.0044, 6410702
0.0045, 6399931
0.0069, 6385721
0.0070, 6322288
0.0070, 6303333
0.0080, 6280320
0.0080, 6271684
0.0080, 6201295
0.1355, 6104775
0.1356, 6061457
0.1357, 5991677
0.1357, 5952689
0.1357, 5943061
0.1357, 5865532
0.7078, 5790888
0.7094, 5681538
0.7094, 5661586
0.7095, 5661416
0.7110, 5444870
0.7137, 5346759
0.7139, 5325175
0.7139, 5303206
0.7143, 5108182
0.7143, 5090732
0.7144, 5088129
0.7145, 5068771
0.7145, 4966942
0.7146, 4903703
0.7146, 4903282
0.7147, 4812496
0.7149, 4812458
0.7149, 4804669
0.7182, 4793430
0.7182, 4784100
0.7189, 4774887
0.7189, 4736953
0.7190, 4734198
0.7192, 4496447
0.7192, 4479278
0.7192, 4467359
0.7229, 4455851
0.7230, 4415424
0.7231, 4359737
0.7231, 4329850
0.7231, 4327298
0.7231, 4279634
0.7232, 4270882
0.7232, 4177175
0.7232, 4132622
0.7233, 4126459
0.7233, 4101377
0.7233, 4080090
0.7241, 4077075
0.7241, 4064230
0.7242, 4063460
0.7243, 3943201
0.7243, 3939622
0.7243, 3931194
0.7244, 3917683
0.7245, 3913648
0.7245, 3911693
0.7257, 3847772
0.7257, 3828635
0.7259, 3723317
0.7259, 3684113
0.7259, 3502225
0.7260, 3477132
0.7269, 3381882
0.7270, 3381864
0.7273, 3377857
0.7273, 3369516
0.7278, 3355248
0.7283, 3353245
0.7283, 3336688
0.7284, 3276365
0.7285, 3271387
0.7286, 3254640
0.7286, 3216452
0.7287, 3211585
0.7287, 3207287
0.7287, 3166587
0.7298, 3103475
0.7299, 3081022
0.7309, 3078589
0.7310, 3064029
0.7310, 3037029
0.7313, 3006731
0.7314, 2980982
0.7317, 2957041
0.7317, 2949475
0.7317, 2944614
0.7317, 2944339
0.7318, 2893983
0.7318, 2891105
0.7319, 2890556
0.7319, 2888054
0.7320, 2859115
0.7321, 2844259
0.7322, 2842803
0.7322, 2842712
0.7323, 2835378
0.7323, 2829303
0.7326, 2791575
0.7329, 2774073
0.7331, 2764656
0.7331, 2758448
0.7331, 2723291
0.7332, 2723005
0.7332, 2721689
0.7332, 2721645
0.7333, 2700254
0.7333, 2630936
0.7335, 2630049
0.7360, 2625504
0.7379, 2622828
0.7383, 2609426
0.7384, 2605401
0.7385, 2598768
0.7402, 2586200
0.7402, 2585141
0.7403, 2583625
0.7405, 2580674
0.7409, 2578066
0.7410, 2568472
0.7412, 2535687
0.7417, 2521954
0.7419, 2510898
0.7422, 2447068
0.7423, 2446994
0.7423, 2444783
0.7425, 2436249
0.7427, 2420109
0.7433, 2415684
0.7434, 2377948
0.7438, 2327059
0.7440, 2325354
0.7455, 2316482
0.7457, 2280405
0.7458, 2279396
0.7459, 2273048
0.7459, 2263213
0.7474, 2240326
0.7480, 2239057
0.7480, 2229969
0.7483, 2226454
0.7484, 2215683
0.7485, 2209247
0.7494, 2189783
0.7500, 2189737
0.7501, 2189157
0.7504, 2167750
0.7505, 2152775
0.7509, 2148393
0.7510, 2138326
0.7517, 2135100
0.7521, 2130701
0.7532, 2123279
0.7538, 2110879
0.7543, 2084731
0.7548, 2082101
0.7550, 2081756
0.7554, 2078490
0.7555, 2072668
0.7558, 2051368
0.7563, 2049341
0.7568, 2037818
0.7573, 2032420
0.7577, 2029990
0.7578, 2027445
0.7578, 2023769
0.7584, 2005760
0.7584, 2002989
0.7585, 1992334
0.7589, 1989800
0.7616, 1976973
0.7627, 1966930
0.7630, 1956966
0.7639, 1956820
0.7650, 1940716
0.7651, 1921972
0.7652, 1913553
0.7658, 1872700
0.7684, 1809555
0.7715, 1804751
0.7718, 1711426
0.7752, 1702564
0.7756, 1699959
0.7769, 1699320
0.7773, 1695778
0.7810, 1695602
0.7817, 1695152
0.7818, 1694536
0.7859, 1692986
0.7889, 1688124
0.7899, 1687429
0.7900, 1671893
0.7920, 1665128
0.7970, 1657391
0.7976, 1643395
0.8002, 1640414
0.8053, 1639869
7.2720, 1634690
9.8877, 1633363
13.4831, 1631977
13.4845, 1628113
13.4887, 1611122
13.4917, 1602761
13.4930, 1600753
15.2985, 1588751
18.9228, 1585748
233.0615, 1584869
233.0634, 1583726
389.4735, 1581984
389.4737, 1579581
389.4765, 1578718
389.4854, 1574207
392.7227, 1572912
392.7289, 1567806
393.8257, 1563093
