0.0001, 4268069
0.0004, 3964618
0.0009, 3886567
0.0009, 3798754
0.0009, 3788983
0.0009, 3749063
0.0009, 3711061
0.0010, 3653999
0.0010, 3533843
0.0025, 3523561
0.0025, 3446708
0.0026, 3370388
0.0045, 3235736
0.0308, 3217378
0.0389, 3132533
0.0390, 3127090
0.0390, 3117844
0.0390, 3110768
0.0515, 2945968
0.3007, 2806052
0.5578, 2768952
0.5579, 2687498
0.5579, 2601985
0.5762, 2591451
0.5762, 2590332
0.5763, 2581743
0.5797, 2562695
0.5797, 2558899
0.5797, 2534967
0.5802, 2397668
0.5802, 2390037
0.5804, 2382663
0.5805, 2184612
0.5805, 2175858
0.5805, 2138062
0.5806, 2137305
0.5808, 2123115
0.5808, 2074927
0.5809, 2072409
0.5809, 2068864
0.5815, 2059291
0.5817, 2030264
0.5817, 2020312
0.5818, 2013231
0.5826, 1981084
0.5826, 1966107
0.5827, 1960124
0.5829, 1950938
0.5829, 1926091
0.5830, 1920060
0.5830, 1904104
0.5833, 1870532
0.5850, 1828535
0.5851, 1827571
0.5851, 1812026
0.5851, 1797379
0.5853, 1787422
0.5854, 1746841
0.5854, 1738522
0.5854, 1716270
0.5855, 1695259
0.5863, 1682696
0.5863, 1672636
0.5864, 1671142
0.5865, 1630027
0.5891, 1605287
0.5891, 1601850
0.5915, 1595544
0.5918, 1589349
0.5942, 1571492
0.5944, 1566530
0.5944, 1565141
0.5951, 1562594
0.5952, 1553671
0.5953, 1494710
0.5953, 1484314
0.5954, 1476150
0.5956, 1468962
0.5961, 1467710
0.5961, 1462981
0.5961, 1460845
0.5962, 1459721
0.5979, 1459230
0.5980, 1455198
0.5985, 1447353
0.5986, 1434671
0.6016, 1430341
0.6025, 1423707
0.6036, 1423489
0.6143, 1422583
0.6147, 1420283
0.6162, 1420065
2.2701, 1411391
3.9422, 1406515
3.9430, 1405947
5.6339, 1404001
7.3382, 1403409
7.3401, 1402285
7.3408, 1399417
7.3415, 1397685
7.3429, 1397117
7.3431, 1395981
