0.0001, 4311558
0.0002, 4311465
0.0003, 4161923
0.0004, 4077054
0.0004, 4023847
0.0004, 4019548
0.0005, 3883003
0.0006, 3735745
0.0006, 3652106
0.0019, 3520370
0.0210, 3439811
0.0211, 3418620
0.0211, 3417974
0.0373, 3370911
0.0373, 3365444
0.0593, 3354474
0.0657, 3323055
0.0658, 3315411
0.0658, 3308522
0.0659, 3242514
0.0659, 3124884
0.0915, 2885469
0.2801, 2877929
0.4027, 2833370
0.5358, 2752879
0.5669, 2744176
0.5669, 2724466
0.5721, 2706163
0.5722, 2571449
0.5723, 2560080
0.5725, 2400738
0.5725, 2370345
0.5725, 2360524
0.5726, 2349921
0.5726, 2333629
0.5727, 2274608
0.5735, 2269035
0.5735, 2255529
0.5737, 2210441
0.5737, 2192977
0.5738, 2190883
0.5747, 2112733
0.5750, 2094273
0.5751, 2075650
0.5754, 1969519
0.5754, 1947611
0.5754, 1924292
0.5755, 1901823
0.5770, 1889953
0.5780, 1886327
0.5781, 1871105
0.5782, 1861522
0.5782, 1828194
0.5782, 1814864
0.5813, 1807174
0.5814, 1786331
0.5814, 1770682
0.5815, 1767814
0.5816, 1751163
0.5817, 1742817
0.5817, 1699368
0.5819, 1691392
0.5820, 1674585
0.5821, 1667641
0.5822, 1666266
0.5822, 1662538
0.5823, 1661869
0.5825, 1629843
0.5828, 1626155
0.5829, 1619165
0.5829, 1619053
0.5829, 1614583
0.5861, 1607097
0.5862, 1577912
0.5864, 1564248
0.5865, 1558630
0.5866, 1557703
0.5881, 1554917
0.5891, 1554285
0.5891, 1551021
0.5892, 1549978
0.5913, 1541680
0.5917, 1537583
0.5921, 1517705
0.5921, 1511114
0.5930, 1509575
0.5930, 1497884
0.5946, 1493252
0.5946, 1479994
0.5948, 1477080
0.5949, 1466748
0.5968, 1462333
0.5972, 1462306
0.5974, 1460774
0.5977, 1460361
0.5978, 1458126
0.5981, 1454496
0.6007, 1453785
0.6018, 1453045
0.6098, 1451115
0.6116, 1449137
0.6146, 1448397
2.2559, 1435544
2.2559, 1433140
2.2634, 1432639
2.2667, 1431720
2.2670, 1427650
2.2682, 1419483
2.2698, 1413241
2.2706, 1410341
2.2737, 1409773
5.6006, 1408481
5.6006, 1407913
5.6067, 1406777
7.2400, 1405796
7.2415, 1403850
10.5481, 1399405
10.5582, 1398999
10.5697, 1397685
10.5703, 1396549
10.5758, 1395981
