0.0000, 4101532
0.0020, 3741633
0.0020, 3621300
0.0020, 3435567
0.0020, 3417433
0.0160, 3381528
0.0160, 3355575
0.0160, 3108130
0.0160, 3103817
0.0160, 2965923
0.2110, 2956708
0.2110, 2809331
0.2110, 2806746
0.2970, 2755290
0.2970, 2711837
0.2970, 2694150
0.3690, 2644561
0.3710, 2617390
0.3710, 2612380
0.3710, 2577538
0.3710, 2568206
0.3710, 2562232
0.3710, 2548406
0.3710, 2542658
0.3720, 2510769
0.3720, 2491434
0.3730, 2226496
0.3730, 2220314
0.3730, 2220275
0.3730, 2201905
0.3730, 2185770
0.3730, 2171207
0.3730, 2105189
0.3760, 2091480
0.3760, 2079543
0.3760, 2063616
0.3760, 2047803
0.3760, 2047101
0.3770, 2023936
0.3780, 1992144
0.3780, 1992047
0.3780, 1991294
0.3780, 1919083
0.3780, 1918918
0.3780, 1892151
0.3780, 1879606
0.3780, 1875241
0.3780, 1864327
0.3790, 1855962
0.3790, 1812766
0.3790, 1795485
0.3790, 1763248
0.3790, 1761039
0.3790, 1746084
0.3790, 1736631
0.3790, 1728485
0.3800, 1717203
0.3800, 1657647
0.3800, 1654806
0.3800, 1644757
0.3850, 1622101
0.3850, 1614097
0.3850, 1607168
0.3850, 1604803
0.3860, 1600225
0.3860, 1591296
0.3860, 1589435
0.3860, 1588866
0.3860, 1559932
0.3860, 1544571
0.3870, 1544014
0.3870, 1539514
0.3870, 1529541
0.3870, 1527902
0.3870, 1527162
0.3870, 1522818
0.3870, 1506152
0.3880, 1505493
0.3880, 1498597
0.3890, 1498369
0.3890, 1485507
0.3890, 1481556
0.3890, 1476680
0.3900, 1459276
0.3900, 1457962
0.3900, 1456841
0.3960, 1456101
0.3970, 1440118
0.3990, 1439550
1.7980, 1439401
1.7980, 1423418
1.8020, 1422775
1.8030, 1418597
1.8040, 1411358
1.8040, 1407934
1.8040, 1407366
1.8050, 1401884
1.8060, 1395981
