0.0001, 3957117
0.0004, 3951839
0.0005, 3682820
0.0007, 3440463
0.0007, 3387609
0.0007, 3212688
0.0291, 3164764
0.0291, 3153897
0.0313, 3139335
0.0426, 3071065
0.0426, 3063493
0.0433, 3040037
0.0624, 3039971
0.0624, 3010754
0.0624, 2918708
0.0624, 2890770
0.2404, 2732003
0.2404, 2718671
0.4066, 2680081
0.4067, 2583813
0.4136, 2542831
0.4145, 2490563
0.4146, 2480204
0.4146, 2451229
0.4146, 2444043
0.4146, 2441810
0.4146, 2375295
0.4147, 2369605
0.4147, 2352015
0.4147, 2344479
0.4147, 2298795
0.4147, 2297834
0.4173, 2121058
0.4189, 2071447
0.4189, 2067706
0.4189, 2044941
0.4189, 2004685
0.4190, 1992409
0.4195, 1963497
0.4196, 1962388
0.4196, 1954767
0.4202, 1923299
0.4202, 1900233
0.4202, 1887306
0.4202, 1878777
0.4202, 1869735
0.4203, 1868250
0.4203, 1858678
0.4204, 1836472
0.4205, 1817195
0.4233, 1808206
0.4233, 1792011
0.4234, 1788653
0.4235, 1785232
0.4237, 1784089
0.4237, 1779399
0.4237, 1778993
0.4237, 1756066
0.4238, 1744159
0.4238, 1740913
0.4239, 1718852
0.4239, 1711509
0.4239, 1696249
0.4239, 1695547
0.4239, 1689638
0.4240, 1637731
0.4281, 1627507
0.4282, 1611627
0.4283, 1599847
0.4289, 1584773
0.4290, 1573060
0.4290, 1559994
0.4290, 1557011
0.4291, 1540177
0.4291, 1521829
0.4293, 1519134
0.4294, 1516493
0.4297, 1512929
0.4298, 1502687
0.4327, 1490372
0.4328, 1486638
0.4330, 1481638
0.4331, 1461529
0.4334, 1455236
0.4336, 1452182
0.4341, 1450755
0.4346, 1450546
0.4350, 1444535
0.4352, 1441953
0.4355, 1441559
0.4356, 1438346
0.4357, 1437360
0.4359, 1433723
0.4365, 1427526
0.4366, 1426212
0.4367, 1412422
0.4367, 1410122
0.4368, 1408986
0.4370, 1404894
0.4372, 1404326
0.4464, 1403850
1.9271, 1400614
1.9287, 1400046
3.4142, 1397117
3.4186, 1395981
