0.0001, 4179571
0.0002, 4176642
0.0002, 3813755
0.0002, 3587394
0.0012, 3499883
0.0012, 3412594
0.0012, 3204998
0.0046, 3097959
0.0046, 3064916
0.0046, 3059803
0.0502, 2974693
0.1207, 2964658
0.3101, 2950054
0.3101, 2894532
0.3101, 2890555
0.3101, 2879214
0.3101, 2867920
0.3101, 2860128
0.3812, 2848484
0.5640, 2818254
0.5711, 2723317
0.5712, 2667171
0.5712, 2546291
0.5712, 2510329
0.5713, 2497809
0.5716, 2496458
0.5717, 2467840
0.5718, 2405612
0.5719, 2390916
0.5769, 2248091
0.5769, 2246416
0.5770, 2195320
0.5770, 2187500
0.5771, 2144377
0.5771, 2140376
0.5771, 2139259
0.5771, 2113193
0.5772, 2108360
0.5802, 2067554
0.5802, 2057076
0.5810, 2004649
0.5810, 1997901
0.5813, 1969234
0.5813, 1958657
0.5814, 1930228
0.5817, 1836913
0.5825, 1805622
0.5825, 1792381
0.5829, 1742530
0.5829, 1733977
0.5829, 1732126
0.5854, 1713917
0.5855, 1701143
0.5887, 1640755
0.5888, 1634388
0.5888, 1607165
0.5890, 1605358
0.5891, 1597980
0.5922, 1596897
0.5922, 1562597
0.5945, 1561789
0.5952, 1555409
0.5952, 1543521
0.5955, 1531443
0.5957, 1522177
0.5965, 1520535
0.5965, 1519209
0.5969, 1518637
0.5969, 1515685
0.5969, 1510956
0.5970, 1492539
0.5972, 1489521
0.5973, 1487279
0.5977, 1471134
0.5978, 1461031
0.5982, 1460278
0.6007, 1457606
0.6010, 1451988
0.6019, 1439174
0.6252, 1435910
2.3024, 1426328
2.3030, 1423064
2.3031, 1416262
2.3040, 1412710
2.3044, 1411386
2.3051, 1409021
2.3084, 1404847
2.3118, 1404279
7.4221, 1403178
7.4225, 1400878
7.4226, 1400723
7.4307, 1400073
7.4419, 1395981
