0.0001, 4510889
0.0003, 4497371
0.0004, 4366409
0.0004, 4177483
0.0005, 3858051
0.0008, 3731600
0.0028, 3427112
0.0028, 3407742
0.0028, 3399247
0.0039, 3355698
0.0039, 3353522
0.0062, 3295203
0.0199, 3233924
0.0201, 3158616
0.0201, 3127384
0.0201, 3050928
0.0201, 2859771
0.1927, 2828503
0.1927, 2708769
0.6019, 2703902
0.6106, 2496878
0.6106, 2488757
0.6106, 2459582
0.6108, 2408202
0.6183, 2335994
0.6183, 2308350
0.6197, 2304302
0.6197, 2249240
0.6199, 2240543
0.6199, 2189966
0.6231, 2188734
0.6231, 2149195
0.6232, 2135937
0.6232, 2114077
0.6241, 2107775
0.6242, 2103405
0.6244, 2091315
0.6244, 2083862
0.6245, 2061971
0.6248, 1979143
0.6249, 1955054
0.6249, 1892183
0.6252, 1864996
0.6256, 1845524
0.6256, 1834056
0.6260, 1806166
0.6274, 1801719
0.6275, 1795188
0.6277, 1791592
0.6287, 1751751
0.6287, 1749471
0.6288, 1745426
0.6296, 1741048
0.6305, 1728905
0.6329, 1727148
0.6330, 1723591
0.6330, 1700629
0.6358, 1635276
0.6359, 1632822
0.6360, 1614604
0.6367, 1611265
0.6368, 1607509
0.6369, 1606370
0.6374, 1597182
0.6374, 1596822
0.6375, 1586921
0.6377, 1585804
0.6381, 1562117
0.6391, 1561463
0.6393, 1551158
0.6395, 1517320
0.6395, 1512417
0.6396, 1510249
0.6397, 1504631
0.6397, 1492593
0.6410, 1483996
0.6416, 1479364
0.6419, 1474379
0.6420, 1464406
0.6437, 1463310
0.6487, 1453242
0.6494, 1452502
2.3918, 1450927
2.3919, 1443739
2.3928, 1440059
2.3939, 1439321
2.3943, 1435128
2.3946, 1431864
2.3956, 1429362
2.3993, 1427143
2.3996, 1416029
2.4001, 1413794
2.4004, 1404901
2.4109, 1404333
4.1385, 1404001
5.8637, 1400517
5.8662, 1400046
9.2400, 1398999
9.2404, 1397685
9.2423, 1397117
9.2452, 1395981
