0.0000, 4496393
0.0010, 4412938
0.0010, 4397595
0.0010, 4150900
0.0010, 4119599
0.0010, 4097330
0.0010, 4051605
0.0010, 4046674
0.0010, 3980125
0.0010, 3919589
0.0030, 3871492
0.0030, 3690077
0.0030, 3664109
0.0030, 3520914
0.0080, 3443992
0.0080, 3349543
0.0110, 3334252
0.0130, 3254899
0.0130, 2926322
0.0130, 2862059
0.0450, 2725754
0.0450, 2717022
0.0450, 2550336
0.3850, 2496453
0.3850, 2491461
0.3850, 2461727
0.3850, 2457344
0.3850, 2294271
0.3850, 2260725
0.3850, 2247710
0.3860, 2057247
0.3860, 2056200
0.3900, 2037900
0.3900, 1973465
0.3900, 1970405
0.3900, 1959736
0.3900, 1943195
0.3900, 1928665
0.3900, 1923451
0.3900, 1918580
0.3900, 1915343
0.3900, 1905424
0.3900, 1835681
0.3900, 1772878
0.3900, 1744698
0.3900, 1744637
0.3900, 1705200
0.3910, 1698864
0.3910, 1687784
0.3910, 1664894
0.3910, 1627197
0.3910, 1613074
0.3950, 1608092
0.3950, 1604314
0.3970, 1595214
0.3970, 1594793
0.3980, 1563813
0.3980, 1552751
0.3980, 1539626
0.3980, 1539340
0.3980, 1525684
0.3980, 1524516
0.3990, 1523582
0.3990, 1514053
0.3990, 1493642
0.3990, 1477266
0.3990, 1437131
0.4000, 1430996
0.4060, 1430894
0.4070, 1429779
0.4070, 1425037
0.4070, 1419391
0.4070, 1415308
0.4070, 1408768
1.8090, 1405400
1.8090, 1403100
1.8150, 1401303
1.8160, 1400614
1.8210, 1400046
21.3430, 1395981
