0.0000, 4394467
0.0020, 4382100
0.0020, 4113170
0.0020, 3817613
0.0020, 3816904
0.0020, 3806660
0.0030, 3420245
0.0030, 3415117
0.0030, 2998694
0.0840, 2994162
0.0940, 2855914
0.0940, 2835897
0.1110, 2745863
0.3880, 2502286
0.3880, 2499044
0.3880, 2489036
0.3880, 2390088
0.3880, 2377895
0.3880, 2274911
0.3880, 2225641
0.3880, 2223594
0.3880, 2222100
0.3880, 2172634
0.3880, 2152509
0.3880, 2069138
0.3880, 2046788
0.3880, 2026565
0.3910, 1967361
0.3920, 1952341
0.3930, 1810339
0.3980, 1805788
0.3980, 1755222
0.3980, 1730657
0.3980, 1717160
0.3980, 1702854
0.3990, 1697010
0.3990, 1692165
0.3990, 1688395
0.4000, 1674703
0.4000, 1635615
0.4000, 1635366
0.4030, 1622966
0.4030, 1622049
0.4030, 1600702
0.4030, 1591193
0.4030, 1564245
0.4030, 1563602
0.4030, 1554848
0.4040, 1530829
0.4040, 1529999
0.4040, 1528120
0.4040, 1512705
0.4040, 1511541
0.4040, 1506752
0.4040, 1504942
0.4040, 1460491
0.4060, 1458824
0.4060, 1451793
0.4060, 1451080
0.4070, 1445347
0.4090, 1440822
0.4100, 1439789
0.4110, 1427698
0.4110, 1422829
0.4130, 1421538
0.4130, 1419395
0.4140, 1415186
0.4150, 1407322
1.8440, 1405284
1.8440, 1405257
1.8440, 1402561
1.8450, 1401993
1.8450, 1397117
1.8500, 1395981
