0.0001, 4181593
0.0003, 3880238
0.0003, 3868533
0.0004, 3861695
0.0004, 3857243
0.0004, 3838817
0.0004, 3807602
0.0005, 3761897
0.0005, 3664196
0.0036, 3635966
0.0059, 3485095
0.0059, 3484261
0.0074, 3469272
0.0074, 3460537
0.0086, 3445099
0.0086, 3444564
0.0086, 3442522
0.0086, 3442509
0.0086, 3441334
0.0087, 3425517
0.0087, 3237349
0.0087, 3236782
0.0375, 3157380
0.1103, 3136801
0.1103, 3131574
0.1103, 3124686
0.1103, 3111623
0.1104, 3076982
0.1104, 3037280
0.1222, 3007228
0.1737, 2846989
0.1737, 2611103
0.1737, 2590616
0.7460, 2481639
0.7460, 2381126
0.7460, 2343195
0.7460, 2338314
0.7461, 2315248
0.7461, 2297116
0.7503, 2210963
0.7509, 2162642
0.7535, 2012663
0.7535, 1811169
0.7612, 1786728
0.7613, 1768531
0.7613, 1741835
0.7613, 1733414
0.7616, 1727868
0.7617, 1726050
0.7628, 1683022
0.7628, 1661195
0.7646, 1658630
0.7648, 1611583
0.7648, 1608760
0.7650, 1603840
0.7652, 1584343
0.7654, 1574754
0.7657, 1574294
0.7659, 1546944
0.7660, 1541282
0.7763, 1501730
0.7764, 1490184
0.7765, 1489060
0.7781, 1487655
0.7783, 1461858
0.7818, 1458965
0.7819, 1451018
0.7820, 1443558
0.7829, 1442427
0.7830, 1439845
0.7830, 1438531
0.7837, 1427035
0.7842, 1422159
0.7846, 1410359
0.7853, 1402014
0.7904, 1397117
0.7958, 1396549
0.7962, 1395981
