0.0001, 3965540
0.0002, 3766579
0.0003, 3747533
0.0003, 3701986
0.0003, 3652793
0.0003, 3628029
0.0004, 3543725
0.0071, 3499167
0.0071, 3491151
0.0071, 3473142
0.0190, 3296058
0.0192, 3219118
0.0349, 3172319
0.0350, 3171646
0.0486, 3043280
0.0486, 3008890
0.0753, 2935144
0.0754, 2907808
0.0754, 2900250
0.0754, 2879663
0.0754, 2797569
0.0755, 2773751
0.3253, 2686018
0.5592, 2616953
0.5648, 2474222
0.5649, 2472771
0.5652, 2431586
0.5652, 2422340
0.5652, 2249655
0.5653, 2120459
0.5741, 2066345
0.5753, 1869488
0.5753, 1824091
0.5754, 1820202
0.5754, 1747299
0.5754, 1738603
0.5755, 1735087
0.5758, 1733092
0.5775, 1689215
0.5776, 1681185
0.5776, 1679481
0.5812, 1666898
0.5812, 1662364
0.5813, 1647249
0.5813, 1609727
0.5814, 1606230
0.5815, 1606034
0.5815, 1599969
0.5815, 1590972
0.5816, 1582904
0.5818, 1577692
0.5853, 1574435
0.5853, 1566571
0.5854, 1565685
0.5859, 1560512
0.5859, 1556142
0.5860, 1532339
0.5860, 1518538
0.5870, 1495723
0.5878, 1494848
0.5882, 1492826
0.5884, 1492669
0.5889, 1469870
0.5893, 1462332
0.5918, 1459624
0.5921, 1444409
0.5921, 1434721
0.5929, 1434149
0.5930, 1432823
0.5931, 1425635
0.5971, 1421532
0.5979, 1419232
0.6019, 1418583
0.6041, 1415879
0.6050, 1415311
0.6053, 1402223
0.6064, 1395981
