0.0002, 6886266
0.0006, 6885229
0.0006, 6867900
0.0007, 6862855
0.0007, 6859282
0.0007, 6858944
0.0046, 6815590
0.0047, 6812724
0.0047, 6812655
0.0047, 6803916
0.0270, 6803336
0.0271, 6781951
0.0340, 6730143
0.0340, 6729310
0.0340, 6726586
0.0344, 6722564
0.0357, 6714258
0.0357, 6669555
0.0511, 6650897
0.0754, 6640110
0.0755, 6573152
0.0755, 6560361
0.0756, 6527118
0.0756, 6520050
0.0756, 6503549
0.1240, 6495286
0.1240, 6468470
0.1240, 6466114
0.1240, 6464275
0.1240, 6462185
0.4124, 6441767
0.4124, 6439726
0.4124, 6428624
0.4124, 6422891
0.7710, 6383489
0.7710, 6376334
0.7710, 6374616
0.7714, 6304807
0.7714, 6298373
0.7714, 6294931
0.7789, 6294208
0.7790, 6246768
0.7790, 6237278
0.7790, 6224645
0.7841, 6200689
0.7841, 6170383
0.7842, 6152282
0.7842, 6117212
0.7843, 6109382
0.7843, 6087659
0.7843, 6086203
0.7851, 6077400
0.7851, 6077061
0.7851, 6061613
0.7851, 6049692
0.7852, 6047371
0.7852, 6015845
0.7855, 5898436
0.7856, 5897686
0.7856, 5869624
0.7856, 5856846
0.7856, 5855227
0.7857, 5848583
0.7858, 5846174
0.7858, 5839157
0.7858, 5827451
0.7858, 5812285
0.7860, 5806084
0.7917, 5713759
0.7917, 5710825
0.7917, 5706047
0.7918, 5691349
0.7918, 5690500
0.7918, 5685974
0.7919, 5684288
0.7919, 5676866
0.7922, 5674683
0.7924, 5672969
0.7924, 5658805
0.7924, 5651656
0.7925, 5645882
0.7925, 5640969
0.7925, 5640899
0.7926, 5624428
0.7926, 5622021
0.7926, 5594782
0.7926, 5568857
0.7927, 5553509
0.7927, 5539436
0.7927, 5523963
0.7927, 5523137
0.7927, 5508625
0.7928, 5490943
0.7928, 5483681
0.7929, 5478344
0.7929, 5467056
0.7930, 5460992
0.7930, 5460236
0.7931, 5459738
0.7931, 5456361
0.7932, 5448534
0.7932, 5446595
0.7933, 5431770
0.7933, 5425914
0.7933, 5355012
0.7933, 5352695
0.7934, 5351910
0.7934, 5350676
0.7970, 5349767
0.7970, 5323820
0.7970, 5278856
0.7971, 5257314
0.7971, 5201933
0.7971, 5191482
0.7971, 5190623
0.7972, 5186324
0.7972, 5173464
0.7972, 5173219
0.7973, 5166247
0.7973, 5163130
0.7973, 5162764
0.7974, 5154825
0.7975, 5143465
0.7975, 5143261
0.7975, 5142842
0.7975, 5139780
0.7975, 5139662
0.7976, 5139403
0.7977, 5135427
0.7977, 5086733
0.7977, 5079423
0.7978, 5066969
0.7978, 5047503
0.7978, 5039983
0.7979, 5031934
0.7979, 5012088
0.7979, 4984902
0.7980, 4983680
0.7980, 4976668
0.7980, 4976174
0.7980, 4976095
0.7980, 4953461
0.7981, 4952671
0.7981, 4945850
0.7981, 4940841
0.7981, 4937717
0.7983, 4932210
0.7983, 4930280
0.7983, 4919785
0.7983, 4914714
0.7984, 4908847
0.7984, 4877303
0.7985, 4852793
0.7985, 4840232
0.7985, 4818019
0.7985, 4790034
0.7986, 4776295
0.7986, 4767594
0.7989, 4756819
0.7989, 4747322
0.7989, 4722183
0.7989, 4721487
0.7993, 4715822
0.7994, 4709254
0.7998, 4702548
0.7998, 4695553
0.8000, 4688310
0.8000, 4682344
0.8000, 4667652
0.8000, 4663256
0.8001, 4648982
0.8008, 4646514
0.8008, 4645052
0.8010, 4632790
0.8010, 4632322
0.8012, 4625194
0.8012, 4560583
0.8013, 4560290
0.8013, 4551116
0.8013, 4506631
0.8013, 4502635
0.8014, 4501661
0.8014, 4499755
0.8015, 4497895
0.8015, 4492940
0.8015, 4486188
0.8017, 4472926
0.8017, 4471846
0.8017, 4471392
0.8017, 4471069
0.8018, 4451239
0.8019, 4447730
0.8019, 4425260
0.8025, 4416325
0.8025, 4416089
0.8025, 4407020
0.8025, 4390191
0.8026, 4387232
0.8026, 4380188
0.8026, 4347660
0.8027, 4345794
0.8027, 4342325
0.8027, 4338920
0.8028, 4337848
0.8029, 4275308
0.8029, 4255211
0.8029, 4245744
0.8029, 4244076
0.8033, 4232689
0.8034, 4231767
0.8034, 4219387
0.8034, 4212707
0.8034, 4196393
0.8035, 4193543
0.8036, 4182615
0.8036, 4181509
0.8037, 4168376
0.8037, 4166743
0.8038, 4153896
0.8038, 4148278
0.8038, 4140860
0.8038, 4140134
0.8040, 4083116
0.8041, 4079868
0.8041, 4074933
0.8043, 4062761
0.8045, 4061885
0.8045, 4041754
0.8046, 4037981
0.8048, 4025937
0.8048, 4005610
0.8048, 3996985
0.8049, 3959776
0.8049, 3953265
0.8049, 3942376
0.8049, 3933999
0.8051, 3930512
0.8052, 3922077
0.8052, 3907578
0.8053, 3897589
0.8053, 3889559
0.8056, 3861636
0.8056, 3860629
0.8056, 3845354
0.8056, 3843138
0.8056, 3842799
0.8057, 3824292
0.8058, 3816361
0.8058, 3810476
0.8059, 3807489
0.8061, 3776367
0.8061, 3708410
0.8062, 3704103
0.8062, 3702812
0.8062, 3702438
0.8062, 3700872
0.8065, 3684851
0.8065, 3665617
0.8066, 3664299
0.8066, 3663180
0.8068, 3657364
0.8068, 3656649
0.8068, 3655872
0.8069, 3654574
0.8069, 3651895
0.8070, 3648436
0.8071, 3624438
0.8071, 3616500
0.8072, 3610185
0.8072, 3603690
0.8072, 3603393
0.8075, 3599825
0.8075, 3598553
0.8075, 3598538
0.8076, 3595950
0.8077, 3588136
0.8077, 3581918
0.8081, 3566261
0.8081, 3565981
0.8082, 3558722
0.8082, 3558040
0.8083, 3556031
0.8084, 3533132
0.8084, 3521405
0.8084, 3520253
0.8085, 3518109
0.8086, 3517836
0.8086, 3511528
0.8086, 3506571
0.8086, 3504026
0.8086, 3491570
0.8087, 3489004
0.8088, 3488784
0.8088, 3480291
0.8088, 3477320
0.8089, 3477157
0.8089, 3471639
0.8089, 3463821
0.8089, 3463043
0.8089, 3404420
0.8094, 3402694
0.8095, 3401372
0.8095, 3396764
0.8096, 3396012
0.8096, 3392244
0.8096, 3391020
0.8099, 3265618
0.8099, 3262988
0.8099, 3260459
0.8099, 3260288
0.8100, 3256095
0.8102, 3244098
0.8102, 3243475
0.8103, 3243255
0.8105, 3242175
0.8106, 3241340
0.8106, 3235955
0.8107, 3233036
0.8107, 3227534
0.8111, 3226136
0.8112, 3129504
0.8112, 3114656
0.8113, 3114477
0.8114, 3111758
0.8115, 3111334
0.8115, 3111208
0.8115, 3108773
0.8116, 3106153
0.8118, 3104033
0.8119, 3100047
0.8119, 3099601
0.8120, 3057298
0.8120, 3050393
0.8121, 3048955
0.8121, 3048820
0.8122, 3005764
0.8123, 3005057
0.8124, 2965061
0.8124, 2960501
0.8125, 2959319
0.8127, 2959041
0.8127, 2942484
0.8127, 2942114
0.8128, 2939927
0.8128, 2934901
0.8128, 2932002
0.8128, 2927992
0.8129, 2927850
0.8132, 2922585
0.8132, 2915373
0.8135, 2913440
0.8135, 2907473
0.8137, 2898146
0.8137, 2892713
0.8138, 2890801
0.8138, 2888828
0.8139, 2888337
0.8142, 2885477
0.8142, 2884526
0.8143, 2831100
0.8143, 2830591
0.8144, 2827371
0.8145, 2825920
0.8146, 2825327
0.8147, 2824841
0.8147, 2818649
0.8147, 2812346
0.8151, 2750280
0.8152, 2707159
0.8153, 2701113
0.8154, 2692060
0.8154, 2682172
0.8154, 2675466
0.8154, 2673321
0.8158, 2672814
0.8158, 2667753
0.8158, 2667152
0.8159, 2664802
0.8160, 2664254
0.8161, 2650505
0.8161, 2649844
0.8162, 2649455
0.8162, 2643538
0.8163, 2627274
0.8164, 2624800
0.8165, 2624312
0.8166, 2622372
0.8167, 2619546
0.8169, 2615661
0.8169, 2612099
0.8170, 2611443
0.8170, 2611090
0.8170, 2610825
0.8171, 2606640
0.8171, 2605126
0.8171, 2596966
0.8175, 2596826
0.8175, 2588363
0.8176, 2585647
0.8177, 2569761
0.8179, 2563571
0.8180, 2561900
0.8180, 2557755
0.8180, 2500398
0.8181, 2500341
0.8181, 2498884
0.8181, 2498366
0.8183, 2494499
0.8184, 2492973
0.8184, 2492785
0.8184, 2453931
0.8184, 2449471
0.8185, 2437209
0.8186, 2417003
0.8187, 2416477
0.8187, 2413610
0.8188, 2413493
0.8188, 2400525
0.8188, 2392016
0.8189, 2317193
0.8190, 2312127
0.8191, 2256676
0.8191, 2253742
0.8191, 2250636
0.8192, 2241719
0.8195, 2240306
0.8195, 2240292
0.8196, 2231483
0.8196, 2220079
0.8197, 2219852
0.8197, 2218867
0.8197, 2216566
0.8198, 2216247
0.8198, 2211372
0.8200, 2204037
0.8200, 2201593
0.8201, 2188765
0.8201, 2183222
0.8201, 2164245
0.8202, 2157734
0.8203, 2124557
0.8204, 2124296
0.8204, 2121737
0.8204, 2116603
0.8205, 2115129
0.8207, 2112159
0.8208, 2111764
0.8209, 2111131
0.8210, 2110210
0.8211, 2106924
0.8211, 2105688
0.8212, 2102338
0.8212, 2098094
0.8213, 2097455
0.8213, 2093671
0.8213, 2092211
0.8214, 1978776
0.8215, 1973518
0.8216, 1972556
0.8217, 1971308
0.8218, 1970581
0.8219, 1966075
0.8220, 1966023
0.8220, 1965409
0.8222, 1963949
0.8226, 1963449
0.8226, 1958782
0.8228, 1957644
0.8230, 1956423
0.8230, 1954805
0.8230, 1953198
0.8232, 1952660
0.8233, 1943360
0.8233, 1942722
0.8234, 1935260
0.8236, 1934763
0.8236, 1934388
0.8244, 1926435
0.8244, 1924582
0.8246, 1922978
0.8247, 1921229
0.8247, 1921211
0.8248, 1920472
0.8249, 1920466
0.8249, 1920274
0.8250, 1918480
0.8251, 1912923
0.8252, 1912126
0.8256, 1903848
0.8260, 1901679
0.8260, 1899032
0.8261, 1898604
0.8262, 1894946
0.8263, 1890825
0.8263, 1889412
0.8265, 1887692
0.8265, 1886079
0.8266, 1885827
0.8267, 1880556
0.8267, 1880546
0.8268, 1855614
0.8269, 1839961
0.8272, 1829358
0.8272, 1813936
0.8274, 1813924
0.8276, 1813111
0.8277, 1774765
0.8278, 1774470
0.8280, 1772972
0.8281, 1772488
0.8283, 1759619
0.8283, 1753125
0.8285, 1751446
0.8286, 1751219
0.8287, 1750735
0.8287, 1743938
0.8289, 1741150
0.8290, 1740093
0.8290, 1740063
0.8292, 1729245
0.8293, 1712069
0.8296, 1711731
0.8303, 1711445
0.8304, 1708493
0.8305, 1704437
0.8310, 1702672
0.8312, 1702295
0.8313, 1691429
0.8314, 1689684
0.8315, 1689240
0.8317, 1689028
0.8318, 1688924
0.8318, 1688715
0.8319, 1687521
0.8322, 1627653
0.8325, 1627074
0.8327, 1626656
0.8332, 1624463
0.8333, 1610388
0.8334, 1609886
0.8335, 1605975
0.8336, 1600632
0.8339, 1598765
0.8345, 1598042
0.8346, 1597649
0.8350, 1596872
0.8351, 1594678
0.8352, 1587257
0.8353, 1571535
0.8353, 1566209
0.8354, 1565601
0.8356, 1565335
0.8359, 1558859
0.8365, 1556153
0.8368, 1555634
0.8368, 1554628
0.8369, 1552540
0.8371, 1551879
0.8374, 1548391
0.8376, 1547792
0.8377, 1538233
0.8377, 1536947
0.8377, 1536742
0.8379, 1536370
0.8380, 1508177
0.8385, 1506473
0.8386, 1506457
0.8389, 1506197
0.8390, 1497110
0.8393, 1493569
0.8393, 1492186
0.8395, 1491981
0.8396, 1490333
0.8397, 1488518
0.8399, 1488245
0.8400, 1470858
0.8401, 1469348
0.8401, 1468315
0.8402, 1467913
0.8406, 1467159
0.8410, 1467099
0.8416, 1462699
0.8422, 1462383
0.8422, 1462240
0.8423, 1460240
0.8425, 1460070
0.8426, 1459807
0.8427, 1458824
0.8432, 1457674
0.8433, 1450271
0.8436, 1448953
0.8437, 1448775
0.8439, 1445098
0.8442, 1442652
0.8443, 1442246
0.8444, 1440446
0.8446, 1438895
0.8447, 1432463
0.8448, 1403449
0.8452, 1398612
0.8452, 1394372
0.8455, 1383288
0.8455, 1382631
0.8457, 1382575
0.8460, 1376078
0.8461, 1373793
0.8464, 1363287
0.8467, 1362271
0.8469, 1361740
0.8469, 1361055
0.8469, 1359402
0.8473, 1352316
0.8480, 1351621
0.8485, 1350679
0.8490, 1349765
0.8492, 1349758
0.8492, 1347796
0.8493, 1347767
0.8494, 1311822
0.8495, 1310428
0.8496, 1310397
0.8498, 1309702
0.8504, 1306153
0.8506, 1302941
0.8506, 1300461
0.8509, 1300439
0.8510, 1300212
0.8512, 1299859
0.8512, 1299108
0.8515, 1297302
0.8515, 1296729
0.8516, 1294951
0.8517, 1292053
0.8518, 1289497
0.8520, 1278927
0.8520, 1278664
0.8521, 1276059
0.8523, 1272864
0.8523, 1272631
0.8525, 1269967
0.8530, 1266716
0.8531, 1265692
0.8533, 1263705
0.8534, 1263439
0.8539, 1254810
0.8552, 1254174
0.8555, 1253800
0.8556, 1247673
0.8557, 1244437
0.8558, 1243580
0.8565, 1240033
0.8566, 1230986
0.8571, 1217946
0.8577, 1216346
0.8583, 1215840
0.8583, 1214604
0.8584, 1213685
0.8589, 1208509
0.8593, 1207123
0.8594, 1206824
0.8594, 1206228
0.8595, 1199460
38.8349, 1180245
115.4508, 1179322
210.8411, 1167395
247.3597, 1166984
292.7392, 1164067
383.5379, 1163786
391.1625, 1156771
391.2310, 1155637
392.2908, 1154384
392.2918, 1154005
392.2919, 1153136
392.2920, 1145443
392.2922, 1144856
392.2923, 1142592
392.2923, 1140619
392.2927, 1140425
392.2930, 1139498
392.2932, 1138892
392.2935, 1137816
392.2937, 1136287
392.2939, 1136030
392.2941, 1134813
392.2941, 1134685
392.2942, 1133890
392.2947, 1131872
392.2956, 1129232
392.2957, 1123558
392.2961, 1123216
392.2963, 1121329
392.2965, 1120784
392.2968, 1119470
392.2969, 1118131
392.2975, 1116777
392.2975, 1116069
392.2977, 1115040
392.2979, 1106830
392.2980, 1099080
392.2982, 1096311
392.2982, 1095998
392.2983, 1095712
392.3002, 1095519
392.3013, 1094619
392.3014, 1093796
392.3018, 1093571
392.3020, 1090790
392.3024, 1089797
392.3025, 1089635
392.3031, 1082057
392.3041, 1080551
392.3041, 1079101
392.3043, 1079043
392.3045, 1077719
392.3046, 1076028
394.4306, 1076027
394.4308, 1074847
394.4312, 1072896
394.4312, 1072780
394.4320, 1070180
394.4325, 1070045
394.4329, 1070033
394.4329, 1068753
394.4334, 1067249
394.4335, 1067160
394.4338, 1067074
394.4339, 1064892
394.4342, 1059328
394.4347, 1058804
394.4350, 1058261
394.4360, 1057922
394.4368, 1053890
394.4371, 1051355
394.4373, 1050459
394.4383, 1049303
394.4389, 1048760
394.4408, 1047358
394.4410, 1046495
394.4415, 1046342
394.4422, 1046288
394.4425, 1045384
394.4427, 1042944
394.4427, 1042618
394.4427, 1040708
394.4429, 1040361
394.4429, 1037894
394.4430, 1037887
394.4432, 1036807
394.4435, 1034395
394.4436, 1033531
395.4551, 1033226
395.5036, 1032216
395.5040, 1031594
395.5045, 1031538
395.5048, 1031364
395.5049, 1031309
395.5054, 1029109
395.5057, 1026518
395.5067, 1026381
395.5071, 1025696
395.5072, 1024249
395.5086, 1023909
395.5096, 1023669
395.5101, 1019518
395.5106, 1013295
395.5107, 1009220
395.5108, 1008902
395.5115, 1008062
395.5119, 1002798
395.5119, 998531
395.5119, 997478
395.5129, 997099
395.5130, 989943
395.5138, 989185
395.5139, 988815
395.5150, 987982
395.5153, 987717
395.5157, 987327
396.5231, 985299
396.5618, 984751
396.5619, 984375
396.5621, 983390
396.5631, 982886
396.5641, 982059
396.5643, 981105
396.5654, 980717
396.5662, 969884
396.5666, 968052
396.5666, 965499
396.5668, 965467
396.5675, 965223
396.5678, 964787
396.5680, 963994
396.5682, 963644
396.5685, 961853
396.5689, 960389
396.5695, 954379
396.5699, 951813
396.5709, 949712
396.5715, 946432
396.5719, 945510
396.5720, 945490
396.5720, 944894
396.5722, 943266
396.5729, 942099
396.5736, 942020
396.5739, 941657
396.5741, 941530
396.5742, 941437
396.5746, 935674
396.5749, 934728
396.5750, 932897
396.5759, 929391
396.5762, 929022
396.5763, 928391
396.5766, 927098
396.5769, 926810
396.5778, 922422
396.5780, 922385
396.5789, 920878
396.5794, 917329
396.5802, 916881
396.5807, 916264
396.5807, 915862
396.5817, 915859
398.6854, 915433
398.6855, 913845
398.6866, 911151
398.6872, 910809
398.6883, 910783
398.6886, 910661
398.6891, 910624
398.6892, 909184
398.6903, 904422
398.6906, 903189
398.6913, 901488
398.6914, 900130
398.6918, 899613
398.6919, 898198
398.6929, 897566
398.6937, 896981
398.6937, 894918
398.6937, 894352
398.6939, 892175
398.6944, 891005
398.6946, 888685
398.6947, 888462
398.6948, 886856
398.6950, 886642
398.6951, 885806
398.6955, 885392
398.6964, 884128
398.6968, 883519
398.6981, 882012
398.6982, 881911
398.6984, 881590
398.6986, 879948
398.6987, 879151
398.6988, 879023
398.6989, 877344
398.6995, 876958
398.7002, 876630
399.7382, 876001
399.7390, 875871
399.7392, 875449
399.7395, 875407
399.7396, 874605
399.7406, 869940
399.7416, 868651
399.7438, 867546
399.7440, 867475
399.7459, 867011
399.7466, 866043
399.7469, 865307
399.7476, 864705
399.7489, 863516
399.7495, 859642
399.7496, 855376
399.7498, 855008
399.7506, 852969
399.7535, 852913
399.7539, 851688
399.7554, 850887
399.7563, 850165
399.7565, 849013
399.7566, 848313
399.7572, 847428
399.7576, 844352
399.7577, 844152
399.7578, 844029
399.7602, 841966
400.7687, 839518
400.7689, 837629
400.8059, 836333
400.8063, 834818
400.8072, 833961
400.8075, 833580
400.8087, 832417
400.8094, 830714
400.8118, 829553
400.8120, 829301
400.8128, 829252
400.8143, 827698
400.8150, 826710
400.8163, 826429
400.8182, 826090
400.8186, 825870
400.8188, 825728
401.8282, 825160
401.8583, 823909
401.8589, 823782
401.8599, 823700
401.8609, 821477
401.8620, 820557
401.8622, 820387
401.8624, 819787
401.8627, 818889
401.8628, 818491
401.8638, 818428
401.8656, 816820
401.8660, 816724
401.8665, 815471
401.8669, 815455
401.8676, 814887
401.8701, 813259
401.8712, 813051
401.8719, 812293
401.8730, 808709
401.8732, 808488
401.8742, 807635
401.8743, 806272
401.8746, 806132
401.8753, 803314
401.8769, 802865
402.9063, 802684
402.9064, 801668
402.9067, 797911
402.9069, 797893
402.9074, 797617
402.9092, 795940
402.9096, 795659
402.9153, 793686
402.9160, 792988
402.9194, 792171
402.9196, 788688
402.9197, 787498
402.9201, 785945
402.9212, 785742
402.9222, 785560
402.9253, 785353
402.9258, 784191
402.9266, 783843
402.9323, 783649
402.9327, 783444
402.9328, 783186
402.9330, 783166
402.9334, 782541
402.9350, 782470
402.9357, 782072
402.9358, 780659
402.9361, 776484
402.9362, 776124
403.9750, 776056
403.9778, 774526
403.9795, 774025
403.9807, 771668
403.9808, 771576
403.9828, 769913
403.9834, 769641
403.9842, 768750
403.9848, 768625
403.9859, 767917
403.9884, 767457
403.9904, 766193
403.9909, 766185
403.9910, 764994
403.9910, 764581
405.0208, 762375
405.0219, 761398
405.0219, 761243
405.0227, 760803
405.0271, 760354
405.0351, 760125
405.0370, 759544
405.0379, 759394
405.0393, 759166
405.0394, 757904
405.0414, 757902
405.0416, 756735
406.0533, 756283
406.0541, 756235
406.0551, 756001
406.0561, 752535
406.0574, 752155
406.0585, 752136
406.0609, 751622
406.0640, 750387
406.0662, 749943
406.0690, 749928
406.0694, 748515
406.0704, 747727
406.0706, 746825
406.0739, 746624
406.0763, 746122
406.0772, 737318
406.0825, 736238
406.0840, 735416
406.0845, 733435
406.0883, 732460
407.1085, 731944
407.1110, 731853
407.1165, 731606
407.1240, 731500
407.1249, 731451
407.1266, 729065
407.1355, 729021
407.1378, 728777
408.1569, 728750
408.1582, 727824
408.1596, 727645
408.1633, 727534
408.1689, 727340
408.1716, 726454
408.1741, 726422
408.1749, 725886
409.2050, 725599
409.2056, 725543
409.2082, 725349
409.2093, 725204
409.2133, 723087
410.2489, 722373
410.2563, 722132
410.2579, 721613
410.2751, 720509
411.2989, 719921
411.3084, 719810
411.3086, 719384
411.3208, 718232
411.3238, 717859
412.3414, 717814
412.3454, 716450
412.3503, 716292
412.3508, 715768
413.3981, 712141
413.3982, 712067
413.4014, 710949
414.4261, 710707
414.4279, 709408
414.4370, 708350
415.4602, 708308
415.4765, 708008
416.5010, 706782
417.5484, 706588
418.5647, 705819
418.5689, 705593
419.6066, 705424
419.6089, 705347
419.6187, 704690
421.6541, 703802
422.6945, 702932
424.7491, 702415
426.7897, 702312
427.8205, 702109
429.8527, 701496
