0.0002, 7214668
0.0006, 7191585
0.0016, 7181311
0.0018, 7131251
0.0018, 7109755
0.0019, 7087880
0.0019, 7063537
0.0019, 7061305
0.0019, 7049223
0.0019, 7047100
0.0024, 7044972
0.0025, 7024750
0.0033, 7021957
0.0090, 7009985
0.0090, 7009874
0.0091, 7006777
0.0136, 7002943
0.0137, 6993987
0.0137, 6987763
0.0137, 6965732
0.0214, 6950033
0.0234, 6925841
0.0234, 6898323
0.0234, 6898052
0.0235, 6870787
0.0235, 6789959
0.0235, 6774573
0.0235, 6769208
0.0236, 6758058
0.0237, 6753657
0.0244, 6751289
0.0258, 6747772
0.0259, 6741974
0.0259, 6656548
0.0259, 6656431
0.0259, 6638889
0.0260, 6632640
0.0669, 6576137
0.0669, 6548111
0.0669, 6529397
0.0669, 6526884
0.0669, 6521908
0.0670, 6519167
0.0670, 6516910
0.0670, 6498278
0.0670, 6495084
0.0682, 6476255
0.0682, 6449928
0.0682, 6440438
0.0683, 6432490
0.0683, 6398366
0.6173, 6393126
0.9982, 6387832
1.0069, 6377511
1.0069, 6360521
1.0070, 6350516
1.0070, 6345602
1.0070, 6343669
1.0085, 6341182
1.0085, 6332143
1.0085, 6329617
1.0086, 6313536
1.0086, 6311467
1.0087, 6294451
1.0087, 6278041
1.0087, 6272894
1.0087, 6271652
1.0088, 6268450
1.0088, 6262604
1.0092, 6240814
1.0093, 6233123
1.0094, 6231440
1.0094, 6194373
1.0100, 6193512
1.0100, 6192476
1.0101, 6111277
1.0101, 6107050
1.0101, 6051203
1.0102, 6047467
1.0102, 6043242
1.0103, 6020199
1.0104, 6011031
1.0104, 5983541
1.0104, 5973621
1.0104, 5955619
1.0105, 5939974
1.0105, 5921585
1.0106, 5921192
1.0106, 5912731
1.0108, 5906361
1.0108, 5879957
1.0109, 5872872
1.0109, 5872585
1.0109, 5851047
1.0110, 5837113
1.0111, 5836753
1.0111, 5834528
1.0111, 5816077
1.0116, 5810623
1.0116, 5807201
1.0117, 5806048
1.0118, 5802476
1.0118, 5794562
1.0118, 5789632
1.0119, 5756867
1.0119, 5751818
1.0119, 5750374
1.0119, 5749789
1.0122, 5740916
1.0134, 5726434
1.0134, 5721007
1.0135, 5717490
1.0135, 5714951
1.0135, 5703939
1.0135, 5691130
1.0135, 5689735
1.0136, 5686058
1.0136, 5683337
1.0137, 5682065
1.0137, 5679823
1.0137, 5668486
1.0138, 5641628
1.0139, 5639339
1.0142, 5631530
1.0143, 5618909
1.0143, 5587692
1.0144, 5584743
1.0144, 5575340
1.0145, 5571867
1.0145, 5557108
1.0154, 5528594
1.0154, 5506489
1.0154, 5496909
1.0156, 5489640
1.0156, 5484870
1.0156, 5478920
1.0157, 5478374
1.0157, 5475939
1.0158, 5473017
1.0158, 5470361
1.0159, 5459779
1.0159, 5439695
1.0159, 5439095
1.0159, 5417828
1.0160, 5409421
1.0161, 5408623
1.0161, 5391328
1.0161, 5388308
1.0161, 5386950
1.0162, 5366863
1.0162, 5366501
1.0163, 5363188
1.0163, 5339721
1.0163, 5337749
1.0164, 5337702
1.0164, 5327781
1.0164, 5325838
1.0165, 5320264
1.0165, 5241449
1.0165, 5239123
1.0166, 5218280
1.0166, 5218113
1.0166, 5214521
1.0166, 5213478
1.0167, 5199834
1.0167, 5199706
1.0179, 5184249
1.0180, 5171590
1.0182, 5159981
1.0182, 5110670
1.0203, 5086921
1.0205, 5068491
1.0205, 5066038
1.0205, 5044406
1.0205, 5043207
1.0213, 5042488
1.0216, 5022596
1.0217, 5008538
1.0217, 5004407
1.0220, 4990937
1.0225, 4974740
1.0228, 4948910
1.0228, 4932258
1.0230, 4870940
1.0230, 4869931
1.0231, 4869187
1.0231, 4847504
1.0231, 4830432
1.0231, 4825416
1.0232, 4824039
1.0232, 4821572
1.0236, 4796482
1.0236, 4774190
1.0238, 4752110
1.0239, 4742657
1.0239, 4733162
1.0240, 4711380
1.0241, 4664955
1.0242, 4664548
1.0252, 4656571
1.0253, 4648071
1.0253, 4633925
1.0253, 4625648
1.0253, 4625418
1.0254, 4607134
1.0255, 4556910
1.0255, 4555902
1.0256, 4525050
1.0256, 4522905
1.0257, 4522894
1.0257, 4505208
1.0258, 4501885
1.0261, 4492856
1.0262, 4484407
1.0262, 4477097
1.0262, 4473793
1.0263, 4473441
1.0263, 4462531
1.0263, 4449915
1.0263, 4449761
1.0264, 4426642
1.0264, 4425664
1.0265, 4425654
1.0265, 4421160
1.0265, 4415187
1.0265, 4412109
1.0266, 4405796
1.0267, 4398238
1.0267, 4392100
1.0268, 4365649
1.0287, 4361955
1.0290, 4349524
1.0292, 4328760
1.0292, 4281158
1.0292, 4274751
1.0294, 4246470
1.0295, 4246183
1.0297, 4219395
1.0297, 4216058
1.0297, 4203689
1.0299, 4162187
1.0299, 4159055
1.0301, 4158027
1.0302, 4149736
1.0302, 4147909
1.0302, 4135201
1.0304, 4072796
1.0304, 4033023
1.0304, 4031862
1.0308, 4030380
1.0308, 4010191
1.0308, 4008592
1.0308, 4006548
1.0309, 3978286
1.0309, 3973809
1.0310, 3959548
1.0310, 3948338
1.0310, 3944500
1.0312, 3939027
1.0317, 3927163
1.0317, 3927119
1.0317, 3925743
1.0319, 3924073
1.0320, 3921640
1.0320, 3917298
1.0321, 3917078
1.0321, 3913330
1.0327, 3908681
1.0327, 3908106
1.0327, 3907319
1.0328, 3905910
1.0328, 3904998
1.0328, 3904899
1.0329, 3902646
1.0329, 3895917
1.0330, 3873157
1.0331, 3871880
1.0331, 3871584
1.0331, 3849826
1.0332, 3849350
1.0333, 3849105
1.0333, 3849086
1.0334, 3837662
1.0334, 3836586
1.0335, 3835589
1.0336, 3835000
1.0336, 3829501
1.0337, 3827312
1.0337, 3826900
1.0338, 3824092
1.0338, 3819782
1.0338, 3819612
1.0338, 3792183
1.0339, 3787874
1.0339, 3787454
1.0339, 3787377
1.0340, 3784620
1.0340, 3783983
1.0344, 3749212
1.0344, 3745154
1.0346, 3741259
1.0347, 3736784
1.0347, 3733589
1.0347, 3729550
1.0348, 3725683
1.0348, 3706720
1.0348, 3706348
1.0349, 3694034
1.0354, 3692129
1.0354, 3689832
1.0355, 3688891
1.0356, 3674133
1.0357, 3668901
1.0357, 3667938
1.0359, 3664677
1.0360, 3659422
1.0361, 3658031
1.0361, 3656071
1.0361, 3653815
1.0367, 3641439
1.0368, 3629010
1.0368, 3624888
1.0369, 3623429
1.0369, 3615094
1.0369, 3604710
1.0369, 3601560
1.0370, 3599814
1.0370, 3590864
1.0370, 3582806
1.0371, 3570333
1.0371, 3567908
1.0372, 3567822
1.0375, 3567141
1.0376, 3566523
1.0376, 3562540
1.0376, 3541946
1.0376, 3534709
1.0378, 3526759
1.0378, 3522121
1.0378, 3516657
1.0379, 3516586
1.0381, 3513940
1.0384, 3490497
1.0385, 3485803
1.0385, 3483753
1.0386, 3483649
1.0387, 3459452
1.0387, 3452186
1.0388, 3449261
1.0389, 3438935
1.0390, 3437229
1.0392, 3429949
1.0392, 3429264
1.0394, 3426428
1.0394, 3426141
1.0402, 3412852
1.0402, 3409908
1.0402, 3408746
1.0403, 3397818
1.0403, 3394188
1.0404, 3369341
1.0404, 3368962
1.0405, 3363563
1.0406, 3362731
1.0411, 3362670
1.0412, 3358471
1.0412, 3352456
1.0413, 3347833
1.0413, 3346292
1.0413, 3281289
1.0413, 3281070
1.0416, 3280070
1.0416, 3272132
1.0417, 3272002
1.0417, 3270840
1.0417, 3209034
1.0418, 3178099
1.0421, 3177713
1.0422, 3175462
1.0422, 3167842
1.0422, 3118843
1.0423, 3110754
1.0423, 3106970
1.0424, 3090773
1.0424, 3080157
1.0425, 3077461
1.0426, 3076926
1.0427, 3067445
1.0427, 3067438
1.0428, 3066898
1.0429, 3064595
1.0430, 3063517
1.0431, 3058995
1.0432, 3058208
1.0432, 3057614
1.0433, 3057355
1.0433, 3046675
1.0433, 3045582
1.0434, 3037970
1.0435, 3037768
1.0436, 3035067
1.0436, 3021218
1.0436, 3016900
1.0438, 3015367
1.0439, 3014872
1.0439, 2995851
1.0440, 2995503
1.0440, 2993070
1.0442, 2992612
1.0442, 2991051
1.0444, 2987412
1.0447, 2981737
1.0452, 2981163
1.0454, 2980846
1.0454, 2976314
1.0455, 2976078
1.0456, 2974428
1.0458, 2971147
1.0458, 2961755
1.0459, 2961072
1.0459, 2958306
1.0459, 2950504
1.0460, 2893485
1.0462, 2888806
1.0464, 2883973
1.0464, 2881923
1.0465, 2869280
1.0465, 2869240
1.0468, 2865707
1.0468, 2859331
1.0471, 2809620
1.0472, 2791977
1.0474, 2781373
1.0474, 2780707
1.0474, 2767549
1.0478, 2767386
1.0481, 2749850
1.0482, 2749206
1.0483, 2744757
1.0483, 2690217
1.0484, 2689287
1.0485, 2689032
1.0486, 2676297
1.0488, 2673984
1.0489, 2667963
1.0489, 2659727
1.0490, 2659189
1.0491, 2655778
1.0491, 2648436
1.0492, 2647889
1.0492, 2646933
1.0500, 2645240
1.0501, 2644227
1.0502, 2643953
1.0504, 2643842
1.0506, 2635805
1.0508, 2631848
1.0509, 2625746
1.0510, 2621774
1.0511, 2619477
1.0512, 2614908
1.0520, 2613126
1.0521, 2612733
1.0521, 2612252
1.0522, 2609293
1.0523, 2604720
1.0524, 2595949
1.0527, 2526383
1.0528, 2526017
1.0528, 2523470
1.0529, 2515047
1.0529, 2511316
1.0530, 2510832
1.0530, 2508774
1.0530, 2506049
1.0533, 2505667
1.0535, 2505362
1.0539, 2499428
1.0540, 2499323
1.0541, 2493843
1.0541, 2489528
1.0542, 2487055
1.0543, 2483127
1.0544, 2451582
1.0544, 2448508
1.0545, 2448175
1.0546, 2440099
1.0548, 2438357
1.0549, 2427635
1.0551, 2426390
1.0553, 2426037
1.0560, 2425650
1.0560, 2424724
1.0561, 2424152
1.0561, 2410816
1.0562, 2408415
1.0563, 2406326
1.0565, 2403715
1.0567, 2403393
1.0568, 2349997
1.0573, 2347885
1.0573, 2345810
1.0575, 2344902
1.0578, 2343709
1.0580, 2329619
1.0581, 2325813
1.0581, 2319541
1.0582, 2316266
1.0584, 2315357
1.0584, 2313246
1.0586, 2312102
1.0586, 2308546
1.0587, 2308338
1.0589, 2304742
1.0590, 2303510
1.0590, 2299073
1.0591, 2298206
1.0593, 2293746
1.0594, 2290052
1.0595, 2285067
1.0595, 2284896
1.0596, 2284695
1.0599, 2283183
1.0601, 2283100
1.0601, 2278733
1.0602, 2277427
1.0603, 2275405
1.0605, 2274952
1.0605, 2273305
1.0606, 2268930
1.0607, 2268846
1.0608, 2263340
1.0610, 2260602
1.0611, 2259891
1.0612, 2258468
1.0614, 2257522
1.0616, 2255529
1.0616, 2255210
1.0620, 2254605
1.0620, 2254239
1.0620, 2252777
1.0621, 2172935
1.0623, 2166849
1.0623, 2165255
1.0624, 2149501
1.0625, 2142410
1.0625, 2139747
1.0625, 2100977
1.0629, 2100826
1.0631, 2099524
1.0632, 2097305
1.0633, 2095576
1.0633, 2095340
1.0637, 2094026
1.0640, 2092744
1.0641, 2087391
1.0641, 2087252
1.0641, 2080679
1.0642, 2080275
1.0643, 2078514
1.0643, 2077651
1.0644, 2077102
1.0645, 2075535
1.0646, 2074844
1.0647, 2074519
1.0648, 2071601
1.0650, 2056913
1.0651, 2013238
1.0652, 2010645
1.0652, 2009381
1.0652, 2009326
1.0660, 2007903
1.0661, 2004082
1.0661, 2003596
1.0662, 1999154
1.0665, 1998258
1.0666, 1996712
1.0667, 1995337
1.0668, 1961017
1.0669, 1958847
1.0669, 1955769
1.0670, 1954885
1.0673, 1954283
1.0673, 1952660
1.0674, 1949441
1.0675, 1948591
1.0677, 1943877
1.0678, 1943105
1.0678, 1935183
1.0678, 1934799
1.0679, 1934731
1.0681, 1921676
1.0681, 1920529
1.0682, 1917391
1.0684, 1916733
1.0687, 1912078
1.0689, 1910365
1.0691, 1909757
1.0692, 1893166
1.0692, 1892576
1.0692, 1891632
1.0693, 1890184
1.0694, 1890101
1.0697, 1886282
1.0697, 1886186
1.0698, 1879099
1.0699, 1878942
1.0700, 1871791
1.0703, 1870414
1.0703, 1869871
1.0706, 1866725
1.0711, 1865609
1.0712, 1865200
1.0713, 1864876
1.0722, 1863522
1.0723, 1863419
1.0726, 1855693
1.0727, 1855538
1.0727, 1854984
1.0733, 1853330
1.0735, 1849233
1.0738, 1844875
1.0742, 1844599
1.0745, 1834044
1.0745, 1831724
1.0754, 1828830
1.0756, 1828819
1.0756, 1828036
1.0764, 1821141
1.0764, 1816264
1.0765, 1815811
1.0766, 1806132
1.0769, 1804550
1.0771, 1804348
1.0774, 1801516
1.0779, 1801347
1.0789, 1801025
1.0789, 1800221
1.0790, 1799496
1.0791, 1797847
1.0793, 1796688
1.0794, 1796668
1.0796, 1795724
1.0797, 1794702
1.0798, 1793326
1.0798, 1793052
1.0799, 1790886
1.0801, 1790880
1.0805, 1784235
1.0806, 1778635
1.0808, 1777940
1.0808, 1776814
1.0809, 1775671
1.0813, 1775001
1.0817, 1773906
1.0818, 1773273
1.0821, 1772475
1.0821, 1771555
1.0821, 1771549
1.0823, 1770646
1.0823, 1769451
1.0828, 1768512
1.0829, 1760609
1.0829, 1759906
1.0831, 1758759
1.0833, 1758737
1.0834, 1757220
1.0836, 1756082
1.0836, 1755843
1.0838, 1745256
1.0838, 1744865
1.0844, 1744704
1.0853, 1744014
1.0857, 1743950
1.0858, 1743192
1.0858, 1743010
1.0859, 1742052
1.0862, 1737497
1.0862, 1736166
1.0865, 1718295
1.0868, 1717848
1.0869, 1715986
1.0870, 1715515
1.0870, 1708029
1.0873, 1707583
1.0873, 1707071
1.0874, 1705795
1.0877, 1705566
1.0879, 1697770
1.0880, 1697692
1.0883, 1695549
1.0889, 1694704
1.0890, 1693840
1.0892, 1693688
1.0893, 1693227
1.0894, 1690878
1.0895, 1690753
1.0899, 1687028
1.0902, 1683612
1.0908, 1683562
1.0910, 1682076
1.0912, 1681251
1.0918, 1681115
1.0921, 1680886
1.0931, 1679415
1.0936, 1678271
1.0937, 1677117
1.0940, 1675072
1.0947, 1673540
1.0948, 1673385
1.0955, 1664349
1.0957, 1662345
1.0962, 1653096
1.0965, 1651296
1.0965, 1648906
1.0967, 1647347
1.0969, 1647335
1.0970, 1646789
1.0971, 1646704
1.0971, 1646025
1.0974, 1644498
1.0981, 1643371
1.0987, 1642575
1.0991, 1641961
1.0992, 1640606
1.0994, 1640531
1.0997, 1640183
1.1001, 1638245
1.1006, 1638224
1.1009, 1632818
1.1012, 1632522
1.1016, 1628797
1.1019, 1627275
1.1026, 1626843
3.2155, 1619397
3.2159, 1619132
3.2161, 1616473
3.2162, 1615178
3.2162, 1613559
3.2166, 1613487
3.2168, 1611839
3.2169, 1608901
3.2173, 1607315
3.2175, 1607058
3.2177, 1605158
3.2180, 1604187
3.2185, 1602380
3.2188, 1598646
3.2190, 1578443
3.2192, 1578304
3.2194, 1577812
3.2196, 1574647
3.2196, 1574447
3.2200, 1556875
3.2200, 1556182
3.2201, 1555824
3.2201, 1535941
3.2202, 1535909
3.2202, 1524413
3.2204, 1516619
3.2206, 1512825
3.2208, 1511739
3.2208, 1511424
3.2209, 1511091
3.2216, 1510790
3.2220, 1501716
3.2220, 1500871
3.2227, 1495703
3.2227, 1494908
3.2228, 1494103
3.2228, 1493630
3.2230, 1491842
3.2231, 1491543
3.2232, 1491478
3.2238, 1490135
3.2238, 1479615
3.2239, 1477888
3.2247, 1473853
3.2247, 1472677
3.2253, 1472200
3.2255, 1468767
3.2258, 1468135
3.2263, 1466106
3.2264, 1462973
3.2266, 1461430
3.2270, 1461299
3.2270, 1459490
3.2276, 1459170
3.2277, 1457278
3.2277, 1452157
3.2278, 1451530
3.2280, 1451502
3.2281, 1450759
3.2282, 1449998
3.2286, 1439338
3.2290, 1438580
3.2290, 1438367
3.2292, 1430008
3.2292, 1426872
3.2300, 1425861
3.2314, 1424697
3.2317, 1419798
3.2320, 1418234
3.2322, 1417765
3.2324, 1415264
3.2326, 1409985
3.2329, 1408756
3.2336, 1404235
3.2338, 1395953
3.2339, 1394410
3.2340, 1389557
3.2341, 1388877
3.2343, 1388711
3.2346, 1388394
3.2358, 1387852
3.2362, 1385934
3.2363, 1376157
3.2366, 1373234
3.2374, 1373106
3.2390, 1367853
3.2395, 1364299
3.2411, 1363853
3.2415, 1361954
3.2420, 1360799
3.2437, 1359692
3.2440, 1359412
3.2446, 1355041
18.3147, 1338963
18.3148, 1337938
18.3165, 1335615
19.3193, 1333265
20.4950, 1317293
24.7311, 1286165
24.7314, 1285994
73.8933, 1278875
73.8939, 1271913
73.8948, 1270497
73.8952, 1269851
73.8953, 1269704
73.8962, 1267384
73.8964, 1264956
73.8965, 1264731
73.8967, 1261364
73.8970, 1260126
73.8970, 1259896
74.8979, 1259446
98.7421, 1256128
283.5606, 1254750
298.7255, 1254667
303.2592, 1254613
310.7149, 1252871
426.5577, 1250776
432.1683, 1246698
432.1687, 1244320
432.1690, 1241530
432.1693, 1240678
432.1693, 1238976
432.1700, 1238018
432.1701, 1230605
432.1706, 1230193
432.1710, 1230021
432.1711, 1223925
432.1713, 1223890
432.1717, 1222830
432.1722, 1219912
432.1723, 1218865
432.1736, 1214533
432.1737, 1214442
432.1738, 1213960
432.1739, 1212457
432.1740, 1210921
432.1741, 1210447
432.1743, 1210430
432.1749, 1204976
432.1751, 1203920
432.1755, 1203459
432.1775, 1201608
432.1776, 1199633
432.1781, 1197578
432.1784, 1196973
432.1786, 1196537
432.1790, 1194221
433.1817, 1193151
433.2449, 1184645
433.2453, 1183225
433.2462, 1182398
433.2464, 1182169
433.2468, 1181856
433.2469, 1180281
433.2474, 1179721
433.2476, 1179611
433.2479, 1179228
433.2485, 1164500
433.2492, 1159849
433.2501, 1154836
433.2506, 1152488
433.2506, 1152352
433.2519, 1151153
433.2519, 1150677
433.2520, 1146602
433.2531, 1145296
433.2537, 1145169
433.2542, 1144749
433.2544, 1141717
433.2544, 1141350
433.2547, 1140830
433.2550, 1139566
433.2556, 1137211
433.2557, 1136926
433.2564, 1136243
433.2569, 1135268
433.2569, 1134887
433.2576, 1129803
433.2578, 1129389
433.2580, 1128140
433.2584, 1126366
433.2591, 1125724
433.2597, 1125471
433.2602, 1125175
433.2603, 1121710
433.2606, 1121480
433.2613, 1120866
433.2621, 1120243
433.2622, 1119904
433.2632, 1119863
433.2642, 1118337
433.2652, 1115872
433.2652, 1115637
434.3297, 1114372
434.3308, 1113131
434.3309, 1111777
434.3315, 1109484
434.3315, 1108751
434.3316, 1108224
434.3321, 1108197
434.3324, 1108059
434.3326, 1107599
434.3328, 1107439
434.3332, 1098973
434.3333, 1098219
434.3339, 1098197
434.3339, 1096486
434.3341, 1094368
434.3344, 1093700
434.3357, 1086008
434.3362, 1084434
434.3365, 1083749
434.3370, 1082747
434.3378, 1080883
434.3379, 1079746
434.3381, 1079675
434.3393, 1079287
434.3394, 1076896
434.3396, 1076836
434.3400, 1074533
434.3401, 1073939
434.3404, 1068186
434.3407, 1065320
434.3409, 1064284
434.3419, 1064262
434.3421, 1059405
434.3421, 1058827
434.3427, 1058273
434.3429, 1057810
434.3433, 1055844
434.3436, 1055288
434.3443, 1050721
434.3445, 1050450
434.3457, 1050346
434.3460, 1049605
434.3462, 1046328
434.3476, 1045349
434.3478, 1043409
434.3479, 1042458
434.3486, 1041536
434.3494, 1041041
434.3495, 1040148
434.3499, 1039394
434.3500, 1039147
434.3511, 1038753
434.3518, 1038057
434.3530, 1037847
434.3531, 1037762
434.3534, 1037747
434.3537, 1037576
434.3540, 1037024
434.3543, 1035503
434.3544, 1034409
434.3549, 1033019
434.3555, 1032847
434.3558, 1021866
434.3559, 1021549
434.3559, 1021494
434.3560, 1020819
435.4302, 1019815
435.4303, 1019722
435.4311, 1019424
435.4313, 1018897
435.4314, 1018321
435.4317, 1018252
435.4320, 1018170
435.4328, 1016276
435.4334, 1009193
435.4344, 1008915
435.4346, 1004078
435.4378, 1002798
435.4380, 999969
435.4392, 999933
435.4396, 998662
435.4402, 998070
435.4404, 998021
435.4406, 997950
435.4410, 992406
435.4415, 989310
435.4425, 988967
435.4425, 986608
435.4435, 979485
435.4435, 979106
435.4443, 974277
435.4451, 973683
435.4453, 971915
435.4459, 968813
435.4459, 968325
435.4465, 967395
435.4465, 964150
435.4467, 963605
436.5301, 959927
437.6027, 953832
437.6029, 953824
437.6031, 953782
437.6036, 953343
437.6046, 950574
437.6052, 949156
437.6057, 947998
437.6057, 947548
437.6063, 947122
437.6069, 946919
437.6078, 946902
437.6084, 946870
437.6085, 946111
437.6085, 945503
437.6086, 943877
437.6090, 943806
437.6093, 943452
438.6574, 942645
438.6576, 942012
438.6579, 939900
438.6592, 939572
438.6594, 939556
438.6600, 939424
438.6606, 938354
438.6609, 935959
438.6613, 935485
438.6618, 933003
438.6625, 932749
438.6626, 932018
438.6627, 931326
438.6628, 931013
438.6657, 929982
438.6666, 929495
438.6667, 928236
438.6671, 924113
438.6672, 923593
438.6674, 921175
438.6680, 921140
438.6687, 920607
438.6695, 914795
438.6708, 912674
438.6712, 912039
438.6713, 908542
438.6734, 908171
438.6765, 907665
438.6766, 906181
438.6767, 905152
438.6780, 901008
438.6786, 898623
438.6790, 895615
438.6792, 895147
438.6795, 894983
438.6801, 893682
438.6815, 893148
438.6824, 892848
438.6834, 890416
438.6836, 889869
438.6838, 886660
438.6839, 886657
438.6844, 886505
438.6846, 885281
439.7298, 885158
439.7299, 884981
439.7307, 882997
439.7317, 882910
439.7321, 882107
439.7323, 880073
439.7332, 879073
439.7338, 878114
439.7348, 876556
439.7382, 875318
439.7398, 875066
439.7403, 874957
439.7404, 873826
439.7425, 873739
439.7447, 873081
439.7464, 873075
439.7489, 871517
439.7502, 871439
439.7502, 867240
439.7509, 865163
439.7513, 864480
439.7521, 864029
439.7523, 863804
439.7535, 861050
439.7538, 859255
439.7547, 857649
439.7564, 855764
439.7572, 855080
439.7573, 854938
439.7576, 853960
439.7578, 853658
439.7587, 849226
439.7592, 848336
439.7600, 848065
439.7603, 846929
439.7604, 846094
439.7611, 845714
439.7611, 845539
439.7612, 843078
439.7620, 840865
439.7634, 839073
440.8242, 837623
440.8248, 834661
440.8249, 834321
440.8267, 834309
440.8268, 834143
440.8298, 833531
440.8312, 826617
440.8329, 826583
440.8393, 826553
440.8418, 826414
441.8480, 826287
441.8785, 825259
441.8788, 824856
441.8793, 824078
441.8805, 823234
441.8806, 820761
441.8807, 820587
441.8810, 820342
441.8823, 820153
441.8823, 818365
441.8831, 817825
441.8900, 817815
441.8914, 817374
441.8918, 816986
441.8921, 815853
441.8950, 815317
441.8959, 814949
441.8961, 814947
441.8983, 813784
441.8999, 813665
441.9012, 812834
441.9022, 812763
441.9028, 812757
441.9038, 812674
441.9060, 811719
441.9079, 811662
441.9098, 811327
441.9108, 811199
441.9112, 810735
441.9143, 809631
441.9144, 808890
441.9148, 808496
441.9149, 807428
441.9150, 805982
441.9150, 803992
441.9151, 803878
441.9153, 803691
441.9163, 803607
441.9163, 803215
441.9172, 801062
442.9743, 800695
442.9744, 799174
442.9751, 798905
442.9763, 798283
442.9785, 797922
442.9786, 796892
442.9809, 796101
442.9833, 794754
442.9837, 793991
442.9861, 793840
442.9879, 792098
442.9900, 790478
442.9915, 790383
443.9943, 789278
444.0281, 788026
444.0286, 787726
444.0313, 787708
444.0317, 786848
444.0319, 786804
444.0324, 786757
444.0330, 786599
444.0333, 786392
444.0346, 786387
444.0366, 786102
444.0377, 785728
444.0382, 785676
444.0410, 785414
444.0411, 784920
444.0440, 784406
444.0470, 784402
444.0493, 784175
444.0495, 783771
444.0502, 783453
444.0511, 783219
444.0551, 783188
444.0554, 781216
444.0557, 780434
444.0568, 780407
445.0644, 778070
445.0650, 777579
445.0805, 777040
445.0814, 776055
445.0815, 775472
445.0839, 773543
445.0903, 773247
445.0923, 772761
445.0943, 771833
445.0951, 771412
445.0965, 770629
445.0972, 770542
445.0978, 769620
445.1049, 769007
445.1053, 768925
445.1054, 768592
445.1131, 767329
445.1152, 766460
445.1164, 766442
445.1166, 763977
445.1172, 763753
445.1175, 761503
445.1179, 760490
445.1205, 760150
445.1256, 760018
445.1262, 759922
446.1392, 759347
446.1396, 748621
446.1418, 748424
446.1441, 748342
446.1449, 744667
446.1464, 743815
446.1478, 743531
446.1529, 743441
446.1535, 742366
446.1538, 741336
446.1576, 740498
446.1597, 740324
446.1618, 738277
446.1625, 737813
446.1667, 737728
446.1668, 735388
446.1678, 735294
446.1702, 734552
446.1704, 734424
446.1717, 734126
446.1736, 733225
446.1765, 733080
446.1782, 732568
446.1787, 732078
446.1830, 732077
446.1844, 731864
446.1848, 731582
447.1938, 731299
447.2011, 730389
447.2017, 730270
447.2070, 730105
447.2085, 727034
447.2087, 726614
447.2094, 725729
447.2129, 720485
447.2137, 719781
447.2148, 718650
447.2224, 718213
447.2226, 718140
447.2281, 717760
447.2334, 717635
447.2443, 717235
448.2654, 717132
448.2706, 716929
448.2787, 716211
448.2821, 714927
448.2892, 714890
448.2927, 714832
448.2964, 714271
448.2977, 714024
448.2988, 713151
448.3053, 712046
449.3487, 711922
449.3504, 711339
449.3527, 710452
449.3579, 710032
449.3645, 709633
449.3698, 708835
450.3919, 708397
450.3972, 707413
450.4145, 707168
450.4196, 707112
450.4201, 706432
452.5015, 706060
452.5045, 705577
452.5088, 705478
452.5189, 704566
452.5204, 704530
453.5471, 703941
453.5531, 703338
453.5547, 703266
453.5560, 703130
453.5710, 703001
454.5792, 702597
454.5803, 702566
454.5860, 702508
454.5899, 701835
454.6016, 701707
454.6026, 701541
454.6027, 701534
454.6146, 701234
455.6244, 701062
455.6418, 700997
455.6526, 694471
455.6653, 694435
456.6764, 694375
456.6935, 692767
456.7044, 691813
457.7262, 691343
457.7405, 689894
457.7466, 689227
459.7969, 688898
459.7994, 688610
459.8096, 687458
461.8849, 687124
462.9143, 686996
462.9208, 686071
463.9380, 685859
464.9771, 683374
467.0197, 682205
467.0355, 681930
472.1379, 681908
477.2003, 681794
