0.0003, 7220742
0.0009, 7185395
0.0015, 7171170
0.0017, 7161574
0.0017, 7155798
0.0018, 7153938
0.0018, 7137865
0.0018, 7135179
0.0018, 7122063
0.0018, 7109078
0.0018, 7104816
0.0020, 7097535
0.0020, 7039179
0.0020, 7032701
0.0029, 7026731
0.0052, 7025363
0.0052, 7024968
0.0052, 7022820
0.0052, 7018017
0.0053, 7008570
0.0053, 7003391
0.0053, 6963491
0.0054, 6962629
0.0054, 6936242
0.0054, 6927750
0.0055, 6922445
0.0055, 6918408
0.0055, 6860083
0.0055, 6858807
0.0055, 6830154
0.0056, 6829139
0.0057, 6815506
0.0057, 6772361
0.0057, 6762946
0.0057, 6762440
0.0064, 6758406
0.0064, 6742519
0.0064, 6738946
0.0065, 6737554
0.0069, 6720299
0.0069, 6704634
0.0069, 6695937
0.0070, 6695905
0.0073, 6692934
0.0073, 6677761
0.0073, 6664745
0.0074, 6664409
0.0075, 6638590
0.0075, 6634856
0.0075, 6629837
0.0076, 6587054
0.0076, 6586124
0.1675, 6568584
0.1675, 6544733
0.1699, 6532589
0.1699, 6529172
0.1700, 6525265
0.1702, 6483507
0.1702, 6475196
0.1702, 6459040
0.3009, 6456096
0.3009, 6455037
0.5768, 6425951
0.5769, 6383848
0.5769, 6383046
0.5771, 6371276
0.5771, 6371060
0.5784, 6366652
0.5784, 6359717
0.7270, 6353429
0.7270, 6349806
0.7270, 6338301
0.7306, 6327504
0.7306, 6321788
0.7307, 6320767
0.7307, 6232019
0.7307, 6230054
0.7308, 6154681
0.7308, 6150098
0.7309, 6148656
0.7309, 6125358
0.7309, 6124561
0.7310, 6120259
0.7310, 6118285
0.7310, 6110303
0.7311, 6108646
0.7311, 6105046
0.7311, 6089571
0.7311, 6088445
0.7311, 6084818
0.7314, 6084544
0.7327, 6049596
0.7327, 6036510
0.7334, 6029089
0.7334, 6028260
0.7335, 6006751
0.7335, 6002497
0.7335, 6001388
0.7341, 5995170
0.7344, 5995111
0.7345, 5986320
0.7345, 5977351
0.7345, 5977056
0.7345, 5976559
0.7345, 5967478
0.7347, 5966045
0.7348, 5907409
0.7349, 5882405
0.7353, 5881983
0.7353, 5876843
0.7355, 5867261
0.7355, 5834201
0.7355, 5832233
0.7356, 5806236
0.7356, 5794101
0.7356, 5755714
0.7356, 5752780
0.7359, 5747340
0.7359, 5745444
0.7359, 5740296
0.7359, 5708949
0.7360, 5708336
0.7361, 5679527
0.7361, 5601759
0.7361, 5597477
0.7361, 5589525
0.7362, 5574461
0.7362, 5566305
0.7362, 5548871
0.7366, 5547639
0.7366, 5540440
0.7368, 5535809
0.7368, 5535774
0.7369, 5534694
0.7369, 5532060
0.7371, 5527774
0.7372, 5527765
0.7372, 5519403
0.7373, 5519304
0.7375, 5514511
0.7376, 5511421
0.7376, 5500637
0.7376, 5422753
0.7377, 5403631
0.7377, 5394527
0.7382, 5393283
0.7382, 5379299
0.7382, 5371314
0.7383, 5366320
0.7383, 5365626
0.7383, 5361485
0.7394, 5353401
0.7394, 5351386
0.7394, 5340413
0.7394, 5306087
0.7394, 5306030
0.7395, 5301771
0.7395, 5301671
0.7395, 5297275
0.7395, 5288339
0.7395, 5265083
0.7395, 5261971
0.7396, 5257235
0.7396, 5248055
0.7397, 5226867
0.7397, 5221086
0.7398, 5220377
0.7398, 5211528
0.7398, 5211284
0.7398, 5182652
0.7399, 5181747
0.7400, 5124267
0.7400, 5094934
0.7400, 5078454
0.7401, 5071169
0.7401, 5070148
0.7401, 5064041
0.7401, 5063593
0.7401, 5060718
0.7403, 5043594
0.7403, 5034401
0.7404, 5026984
0.7404, 5020535
0.7404, 5018686
0.7405, 5018380
0.7411, 5017557
0.7412, 5008707
0.7412, 5001728
0.7412, 4967466
0.7412, 4964546
0.7412, 4954322
0.7413, 4949348
0.7413, 4940245
0.7413, 4938344
0.7418, 4927118
0.7418, 4919207
0.7418, 4909712
0.7418, 4873215
0.7419, 4871056
0.7420, 4866306
0.7421, 4845667
0.7421, 4844349
0.7421, 4840062
0.7423, 4797126
0.7424, 4791125
0.7424, 4780625
0.7424, 4779012
0.7425, 4775033
0.7426, 4773673
0.7426, 4770194
0.7426, 4764446
0.7427, 4718629
0.7427, 4709030
0.7429, 4699994
0.7430, 4697372
0.7432, 4692804
0.7435, 4645592
0.7435, 4637365
0.7436, 4600673
0.7436, 4598832
0.7437, 4592290
0.7437, 4588119
0.7437, 4580999
0.7438, 4560247
0.7438, 4553108
0.7442, 4551342
0.7442, 4548467
0.7442, 4546367
0.7442, 4541554
0.7444, 4501321
0.7445, 4500061
0.7445, 4493172
0.7446, 4487169
0.7446, 4466253
0.7447, 4448458
0.7447, 4423816
0.7447, 4406888
0.7448, 4378752
0.7448, 4363900
0.7448, 4363419
0.7448, 4350639
0.7448, 4321969
0.7448, 4269315
0.7449, 4268590
0.7449, 4261276
0.7449, 4250953
0.7450, 4248883
0.7450, 4236109
0.7450, 4229529
0.7450, 4225405
0.7450, 4211930
0.7451, 4206892
0.7451, 4201467
0.7452, 4196758
0.7452, 4196112
0.7452, 4194594
0.7453, 4184443
0.7453, 4169544
0.7454, 4166585
0.7457, 4136054
0.7457, 4112523
0.7457, 4109426
0.7457, 4109369
0.7458, 4104864
0.7458, 4104079
0.7459, 4103058
0.7459, 4100726
0.7459, 4071590
0.7460, 4064878
0.7460, 4064814
0.7460, 4060687
0.7461, 4059316
0.7462, 4052471
0.7466, 4019369
0.7466, 4007485
0.7466, 4004753
0.7467, 4002779
0.7467, 3990739
0.7468, 3981587
0.7468, 3973063
0.7469, 3971511
0.7469, 3965040
0.7470, 3963963
0.7481, 3944174
0.7482, 3943613
0.7482, 3941680
0.7483, 3931270
0.7483, 3930205
0.7483, 3929694
0.7484, 3928786
0.7484, 3923079
0.7498, 3922436
0.7499, 3917302
0.7499, 3910727
0.7499, 3835502
0.7500, 3827962
0.7500, 3827801
0.7501, 3818207
0.7502, 3811364
0.7502, 3810981
0.7502, 3802231
0.7503, 3801705
0.7503, 3801476
0.7503, 3801415
0.7504, 3801277
0.7504, 3798631
0.7504, 3798029
0.7505, 3795014
0.7505, 3791436
0.7506, 3789850
0.7506, 3780462
0.7507, 3779828
0.7507, 3761535
0.7508, 3747968
0.7510, 3747149
0.7511, 3739882
0.7511, 3738456
0.7511, 3737509
0.7512, 3731590
0.7512, 3729321
0.7513, 3702574
0.7513, 3682771
0.7517, 3682374
0.7518, 3667348
0.7519, 3661807
0.7520, 3656749
0.7521, 3649121
0.7522, 3648943
0.7522, 3626817
0.7523, 3624779
0.7524, 3621440
0.7524, 3621348
0.7524, 3621184
0.7525, 3619660
0.7525, 3614533
0.7526, 3605663
0.7527, 3603549
0.7527, 3598801
0.7527, 3592705
0.7528, 3580051
0.7528, 3546765
0.7529, 3543143
0.7529, 3539353
0.7530, 3524718
0.7530, 3523863
0.7532, 3520385
0.7532, 3519331
0.7533, 3509951
0.7533, 3509841
0.7533, 3508372
0.7534, 3396083
0.7535, 3393634
0.7535, 3390611
0.7536, 3384031
0.7536, 3383437
0.7536, 3378135
0.7537, 3378102
0.7538, 3377041
0.7540, 3367244
0.7542, 3354430
0.7542, 3354428
0.7543, 3353522
0.7543, 3353135
0.7544, 3350263
0.7545, 3307275
0.7546, 3306279
0.7547, 3300810
0.7548, 3293198
0.7549, 3269465
0.7551, 3264314
0.7552, 3249653
0.7553, 3219765
0.7553, 3214323
0.7554, 3212295
0.7555, 3199612
0.7555, 3196639
0.7555, 3195648
0.7555, 3193578
0.7556, 3185992
0.7556, 3181462
0.7557, 3176297
0.7558, 3175659
0.7560, 3169193
0.7562, 3137857
0.7562, 3137465
0.7563, 3136715
0.7563, 3136590
0.7567, 3125487
0.7568, 3121997
0.7568, 3119868
0.7568, 3119739
0.7571, 3086371
0.7572, 3083806
0.7572, 3083532
0.7572, 3082688
0.7572, 3069595
0.7573, 3069491
0.7576, 3065518
0.7577, 3062139
0.7577, 3057158
0.7577, 3055332
0.7577, 3055024
0.7577, 3051981
0.7578, 3049019
0.7578, 3044802
0.7578, 3040842
0.7579, 3040672
0.7580, 3026423
0.7580, 3025410
0.7581, 3022937
0.7581, 3020895
0.7581, 3019396
0.7582, 3002358
0.7583, 3001747
0.7583, 3001695
0.7583, 2996773
0.7583, 2996476
0.7584, 2943059
0.7585, 2942172
0.7586, 2935702
0.7587, 2933070
0.7588, 2920617
0.7588, 2918724
0.7589, 2915830
0.7590, 2908606
0.7590, 2905613
0.7590, 2905111
0.7590, 2904549
0.7593, 2901893
0.7595, 2900300
0.7595, 2877999
0.7596, 2872733
0.7597, 2856124
0.7597, 2824028
0.7597, 2821963
0.7598, 2821493
0.7599, 2821427
0.7599, 2820178
0.7603, 2809250
0.7603, 2808526
0.7603, 2807589
0.7604, 2794350
0.7604, 2789731
0.7605, 2787584
0.7606, 2776138
0.7606, 2770932
0.7606, 2768740
0.7607, 2763607
0.7607, 2758290
0.7608, 2757948
0.7609, 2755912
0.7609, 2755907
0.7609, 2755647
0.7610, 2754245
0.7610, 2751598
0.7610, 2749084
0.7611, 2748385
0.7611, 2745257
0.7612, 2731048
0.7612, 2729668
0.7612, 2727228
0.7612, 2725496
0.7613, 2718339
0.7614, 2715955
0.7616, 2709496
0.7617, 2708844
0.7618, 2708689
0.7618, 2690036
0.7619, 2634612
0.7619, 2631636
0.7619, 2620210
0.7621, 2588644
0.7622, 2579392
0.7624, 2576905
0.7624, 2575796
0.7626, 2572809
0.7627, 2571196
0.7627, 2566203
0.7628, 2564699
0.7629, 2561434
0.7630, 2560229
0.7631, 2552899
0.7631, 2545476
0.7632, 2543158
0.7632, 2542821
0.7635, 2528931
0.7636, 2527744
0.7636, 2501291
0.7637, 2500529
0.7638, 2498813
0.7638, 2478483
0.7639, 2475903
0.7640, 2475054
0.7641, 2474550
0.7642, 2471337
0.7643, 2466788
0.7644, 2460926
0.7645, 2457109
0.7646, 2453828
0.7647, 2449397
0.7647, 2449007
0.7650, 2446712
0.7650, 2446099
0.7651, 2427878
0.7651, 2427789
0.7652, 2426903
0.7652, 2422531
0.7653, 2413440
0.7653, 2413166
0.7654, 2413121
0.7655, 2412848
0.7655, 2412119
0.7656, 2411086
0.7656, 2410344
0.7659, 2391940
0.7659, 2390338
0.7660, 2388872
0.7661, 2387642
0.7661, 2374734
0.7664, 2373743
0.7664, 2373741
0.7665, 2373207
0.7665, 2365088
0.7665, 2273611
0.7666, 2273567
0.7668, 2273229
0.7668, 2261860
0.7668, 2259949
0.7670, 2257107
0.7670, 2254303
0.7672, 2251932
0.7672, 2246604
0.7672, 2246276
0.7674, 2245264
0.7675, 2241611
0.7676, 2241121
0.7676, 2238604
0.7678, 2237209
0.7678, 2236274
0.7681, 2236243
0.7681, 2235762
0.7682, 2234212
0.7684, 2234068
0.7687, 2227759
0.7687, 2226146
0.7687, 2225746
0.7688, 2225690
0.7688, 2219619
0.7690, 2217554
0.7691, 2217366
0.7691, 2217235
0.7691, 2216087
0.7693, 2212291
0.7693, 2211558
0.7693, 2206811
0.7695, 2205879
0.7697, 2199156
0.7698, 2196577
0.7698, 2188295
0.7700, 2135838
0.7701, 2131796
0.7702, 2120782
0.7703, 2119889
0.7705, 2118503
0.7705, 2118048
0.7706, 2114434
0.7707, 2112372
0.7708, 2112165
0.7708, 2111879
0.7708, 2110876
0.7709, 2110800
0.7710, 2109986
0.7710, 2108787
0.7712, 2108121
0.7715, 2107233
0.7716, 2106291
0.7716, 2102285
0.7717, 2097966
0.7724, 2075321
0.7724, 2074004
0.7726, 2072720
0.7727, 2072109
0.7728, 2071847
0.7729, 2059984
0.7730, 2055406
0.7730, 2055212
0.7731, 2054739
0.7733, 2054591
0.7734, 2052993
0.7735, 2052434
0.7737, 2048056
0.7739, 2038093
0.7740, 2036780
0.7743, 2034088
0.7745, 2028537
0.7747, 2026620
0.7748, 2025623
0.7750, 2022849
0.7751, 2022726
0.7751, 2015827
0.7752, 2015555
0.7753, 2015348
0.7754, 2015244
0.7754, 2013740
0.7755, 2013495
0.7756, 2013206
0.7756, 2011006
0.7756, 2008030
0.7758, 2003467
0.7759, 2000707
0.7760, 2000034
0.7761, 1999384
0.7762, 1997897
0.7764, 1992312
0.7765, 1991997
0.7765, 1989715
0.7766, 1989511
0.7766, 1988548
0.7767, 1973745
0.7768, 1971196
0.7768, 1966978
0.7768, 1966284
0.7769, 1955369
0.7769, 1955343
0.7770, 1954476
0.7773, 1951776
0.7775, 1948343
0.7775, 1938404
0.7776, 1936027
0.7776, 1925859
0.7776, 1917687
0.7776, 1913933
0.7777, 1913141
0.7778, 1912109
0.7779, 1903106
0.7781, 1898441
0.7782, 1898362
0.7783, 1893843
0.7783, 1893428
0.7785, 1891419
0.7787, 1890984
0.7793, 1889104
0.7795, 1886627
0.7795, 1883859
0.7799, 1880552
0.7799, 1879209
0.7800, 1878316
0.7804, 1877708
0.7808, 1856041
0.7811, 1855637
0.7813, 1855434
0.7814, 1852040
0.7816, 1851272
0.7817, 1850636
0.7821, 1850333
0.7823, 1850093
0.7825, 1848752
0.7825, 1845932
0.7826, 1844418
0.7829, 1843232
0.7829, 1841393
0.7830, 1839605
0.7831, 1839286
0.7831, 1821370
0.7831, 1814613
0.7833, 1760870
0.7833, 1760324
0.7834, 1755810
0.7835, 1755276
0.7837, 1753616
0.7837, 1752548
0.7837, 1751492
0.7839, 1750808
0.7841, 1745677
0.7842, 1744188
0.7844, 1743958
0.7845, 1742476
0.7848, 1741659
0.7848, 1740904
0.7849, 1740003
0.7850, 1738733
0.7851, 1736713
0.7854, 1736005
0.7855, 1726923
0.7855, 1717409
0.7855, 1714503
0.7857, 1714146
0.7858, 1712262
0.7858, 1711642
0.7861, 1710948
0.7867, 1708335
0.7867, 1676194
0.7868, 1671417
0.7869, 1625115
0.7871, 1623456
0.7873, 1621633
0.7874, 1621312
0.7875, 1599656
0.7875, 1536424
0.7878, 1536229
0.7879, 1524300
0.7882, 1522937
0.7883, 1521627
0.7884, 1518993
0.7888, 1518270
0.7889, 1516900
0.7892, 1515901
0.7897, 1509745
0.7900, 1509192
0.7903, 1508190
0.7904, 1506379
0.7905, 1501163
0.7906, 1499270
0.7908, 1497238
0.7908, 1496867
0.7918, 1495263
0.7918, 1494963
0.7918, 1494776
0.7922, 1494675
0.7925, 1494285
0.7925, 1494015
0.7928, 1493459
0.7929, 1467498
0.7932, 1466919
0.7933, 1461989
0.7933, 1461638
0.7934, 1455835
0.7934, 1454481
0.7938, 1453068
0.7942, 1452430
0.7945, 1450847
0.7948, 1450758
0.7948, 1448483
0.7948, 1448442
0.7948, 1437905
0.7951, 1437894
0.7952, 1437259
0.7954, 1434635
0.7955, 1433619
0.7957, 1432056
0.7958, 1431740
0.7962, 1430324
0.7966, 1429239
0.7970, 1428118
0.7971, 1427202
0.7972, 1425228
0.7974, 1424666
0.7976, 1422696
0.7980, 1422222
0.7981, 1419097
0.7983, 1418002
0.7984, 1416037
0.7985, 1414389
0.7985, 1412029
7.8149, 1408538
7.8150, 1406434
7.8151, 1406002
7.8154, 1403780
13.1227, 1402855
14.9019, 1402722
14.9022, 1402704
20.0595, 1401482
20.0595, 1400895
20.0597, 1398748
20.0597, 1397304
20.0599, 1388598
20.0601, 1388556
20.0603, 1387556
20.0604, 1385998
20.0607, 1385911
20.0608, 1385522
20.0608, 1375888
20.0615, 1364358
20.0617, 1364044
20.0617, 1363881
20.0632, 1361844
20.0632, 1361756
20.0632, 1361679
20.0633, 1353278
20.0638, 1349019
20.0639, 1338909
20.0641, 1335975
20.0641, 1329686
20.0642, 1329557
20.0643, 1329360
20.0651, 1327854
20.0655, 1327189
20.0655, 1325805
20.0660, 1322179
20.0660, 1322011
20.0663, 1321971
20.0665, 1320778
38.5938, 1320744
446.7559, 1319973
450.6734, 1309679
480.3728, 1309125
480.3733, 1308022
480.3736, 1307670
480.3747, 1305714
480.3747, 1304842
480.3753, 1304304
480.3760, 1296086
480.3767, 1295558
482.0461, 1293842
482.0462, 1293524
482.0465, 1292890
482.0468, 1292691
482.0468, 1291035
482.0473, 1290960
513.8841, 1290482
523.3042, 1287614
