0.0000, 6957962
0.0010, 6943342
0.0010, 6923604
0.0010, 6905459
0.0010, 6904068
0.0010, 6893845
0.0010, 6893827
0.0020, 6891316
0.0020, 6885802
0.0020, 6885636
0.0020, 6875646
0.0020, 6863901
0.0020, 6822914
0.0020, 6814949
0.0020, 6801601
0.0020, 6780657
0.0020, 6772724
0.0020, 6759859
0.0020, 6758042
0.0020, 6756254
0.0020, 6755041
0.0020, 6694465
0.0020, 6687526
0.0020, 6678099
0.0020, 6649718
0.0020, 6647710
0.0340, 6640255
0.0340, 6631778
0.0340, 6614403
0.0350, 6608406
0.0350, 6590752
0.0350, 6584550
0.0350, 6582112
0.0350, 6545373
0.0370, 6541840
0.0370, 6541494
0.0370, 6526609
0.0370, 6508002
0.0370, 6500836
0.0380, 6498667
0.0380, 6497545
0.0380, 6495765
0.0380, 6495615
0.0380, 6429946
0.0380, 6429450
0.0380, 6428081
0.0380, 6412728
0.0380, 6409147
0.0380, 6404952
0.0380, 6395313
0.0380, 6384279
0.0380, 6382129
0.0380, 6366245
0.0380, 6362691
0.7460, 6359885
0.7460, 6359718
0.7460, 6355917
0.7460, 6355439
0.7460, 6350665
0.7460, 6332385
0.7460, 6253833
0.7470, 6229080
0.7470, 6218413
0.7470, 6216642
0.7470, 6214218
0.7470, 6124767
0.7470, 6113768
0.7470, 6101805
0.7470, 6100997
0.7470, 6100676
0.7470, 6085746
0.7470, 6082423
0.7470, 6081649
0.7470, 6075192
0.7480, 6050651
0.7480, 6049174
0.7480, 6049150
0.7480, 6047926
0.7570, 6037099
0.7570, 6035219
0.7570, 6000994
0.7570, 5998428
0.7570, 5979227
0.7580, 5937262
0.7580, 5935472
0.7580, 5919408
0.7580, 5918651
0.7580, 5913564
0.7580, 5911820
0.7590, 5901480
0.7590, 5861298
0.7590, 5828368
0.7590, 5813717
0.7590, 5811500
0.7590, 5810806
0.7590, 5810647
0.7600, 5808544
0.7600, 5760390
0.7600, 5760337
0.7600, 5760009
0.7600, 5753218
0.7600, 5730114
0.7600, 5701310
0.7600, 5698218
0.7600, 5650315
0.7610, 5642634
0.7610, 5622501
0.7610, 5587881
0.7610, 5583493
0.7610, 5580688
0.7610, 5572977
0.7610, 5570975
0.7610, 5558125
0.7610, 5542003
0.7620, 5540026
0.7620, 5538721
0.7620, 5535498
0.7620, 5532803
0.7620, 5513775
0.7620, 5513287
0.7620, 5511061
0.7620, 5484542
0.7620, 5477092
0.7620, 5473430
0.7620, 5432799
0.7620, 5428111
0.7620, 5425730
0.7620, 5419746
0.7620, 5402833
0.7620, 5402335
0.7620, 5392338
0.7620, 5388320
0.7650, 5340201
0.7650, 5338851
0.7650, 5336486
0.7650, 5334842
0.7650, 5262886
0.7650, 5252988
0.7650, 5251844
0.7650, 5244182
0.7650, 5193693
0.7650, 5192512
0.7650, 5192293
0.7650, 5190990
0.7650, 5183568
0.7650, 5180815
0.7650, 5162647
0.7650, 5160447
0.7650, 5147266
0.7650, 5143876
0.7650, 5136439
0.7650, 5121231
0.7650, 5107187
0.7650, 5102193
0.7650, 5090187
0.7650, 5086989
0.7650, 5085698
0.7650, 5082300
0.7650, 5077576
0.7660, 5075791
0.7660, 5069453
0.7660, 5055459
0.7660, 5023045
0.7660, 5016489
0.7660, 5015655
0.7660, 5015598
0.7660, 5014787
0.7670, 5014727
0.7670, 4987028
0.7670, 4979784
0.7670, 4970733
0.7670, 4954601
0.7670, 4952683
0.7670, 4944150
0.7670, 4940572
0.7670, 4914150
0.7670, 4902396
0.7670, 4895504
0.7670, 4891074
0.7670, 4890841
0.7670, 4886364
0.7670, 4884379
0.7670, 4882598
0.7670, 4868763
0.7670, 4868485
0.7670, 4862191
0.7670, 4846773
0.7670, 4846082
0.7670, 4832782
0.7670, 4832160
0.7670, 4824513
0.7670, 4819674
0.7670, 4809002
0.7670, 4802046
0.7680, 4801530
0.7680, 4796855
0.7690, 4765519
0.7690, 4761966
0.7690, 4761602
0.7690, 4754176
0.7690, 4738590
0.7690, 4730413
0.7690, 4729580
0.7690, 4726012
0.7690, 4724559
0.7690, 4716955
0.7690, 4713550
0.7690, 4711342
0.7690, 4710856
0.7690, 4710580
0.7690, 4709941
0.7690, 4699674
0.7700, 4672025
0.7700, 4671756
0.7700, 4665533
0.7700, 4661315
0.7700, 4658559
0.7700, 4647810
0.7700, 4646550
0.7700, 4640312
0.7700, 4618336
0.7700, 4617387
0.7700, 4611419
0.7700, 4606552
0.7700, 4603333
0.7700, 4603247
0.7700, 4600055
0.7700, 4583671
0.7710, 4577274
0.7710, 4569685
0.7710, 4471738
0.7710, 4446517
0.7710, 4371521
0.7710, 4371441
0.7710, 4367874
0.7710, 4367642
0.7710, 4363603
0.7710, 4363116
0.7710, 4362364
0.7710, 4360480
0.7710, 4354049
0.7710, 4342485
0.7710, 4336914
0.7710, 4329501
0.7710, 4319766
0.7710, 4316223
0.7710, 4315794
0.7710, 4311072
0.7710, 4309978
0.7720, 4308944
0.7720, 4298073
0.7720, 4288308
0.7720, 4287592
0.7720, 4280688
0.7720, 4268610
0.7720, 4268136
0.7720, 4267419
0.7720, 4262279
0.7720, 4216882
0.7720, 4211666
0.7720, 4207496
0.7720, 4204383
0.7720, 4202707
0.7720, 4202691
0.7720, 4198096
0.7720, 4192903
0.7720, 4180750
0.7720, 4115327
0.7720, 4093808
0.7720, 4093025
0.7720, 4086236
0.7720, 4077149
0.7720, 4071331
0.7720, 4062166
0.7720, 4061018
0.7720, 4047471
0.7720, 4029184
0.7720, 4020792
0.7720, 4020739
0.7720, 4016603
0.7730, 4013937
0.7730, 3976667
0.7730, 3973438
0.7730, 3969067
0.7730, 3961493
0.7730, 3954483
0.7730, 3949697
0.7730, 3949543
0.7730, 3949222
0.7730, 3942761
0.7730, 3942092
0.7730, 3941499
0.7730, 3940922
0.7740, 3938462
0.7740, 3923287
0.7740, 3922274
0.7740, 3921724
0.7740, 3918361
0.7740, 3897843
0.7740, 3897795
0.7740, 3887105
0.7740, 3842937
0.7740, 3837649
0.7750, 3837604
0.7750, 3836945
0.7750, 3836370
0.7750, 3822682
0.7750, 3819938
0.7750, 3819845
0.7750, 3811816
0.7750, 3808773
0.7750, 3807198
0.7750, 3805444
0.7750, 3795927
0.7750, 3795911
0.7750, 3759030
0.7750, 3755523
0.7750, 3753760
0.7750, 3728515
0.7750, 3727226
0.7750, 3721067
0.7750, 3720817
0.7760, 3709971
0.7760, 3708165
0.7760, 3706376
0.7760, 3695615
0.7760, 3688316
0.7760, 3686782
0.7760, 3681021
0.7760, 3670168
0.7760, 3669625
0.7760, 3667881
0.7760, 3667368
0.7760, 3662288
0.7760, 3658116
0.7760, 3658023
0.7760, 3657790
0.7760, 3657535
0.7760, 3657337
0.7760, 3656039
0.7760, 3653437
0.7760, 3651107
0.7760, 3647071
0.7760, 3646291
0.7760, 3637758
0.7760, 3637227
0.7760, 3631153
0.7760, 3630278
0.7770, 3620049
0.7770, 3619396
0.7770, 3615159
0.7770, 3614371
0.7770, 3606513
0.7770, 3592672
0.7770, 3592531
0.7770, 3591725
0.7770, 3591423
0.7770, 3590800
0.7770, 3585159
0.7770, 3582326
0.7770, 3575173
0.7770, 3540235
0.7770, 3538050
0.7780, 3535276
0.7780, 3532070
0.7780, 3521643
0.7780, 3518946
0.7780, 3510349
0.7780, 3507411
0.7780, 3506027
0.7780, 3500376
0.7780, 3499700
0.7780, 3499679
0.7780, 3496698
0.7780, 3494467
0.7780, 3487156
0.7780, 3486770
0.7790, 3486209
0.7790, 3479964
0.7790, 3477272
0.7790, 3472781
0.7790, 3470885
0.7790, 3466792
0.7790, 3465336
0.7790, 3459171
0.7790, 3454180
0.7800, 3449297
0.7800, 3448490
0.7800, 3447865
0.7800, 3438780
0.7800, 3434407
0.7800, 3433862
0.7800, 3418807
0.7800, 3416724
0.7800, 3412630
0.7800, 3412402
0.7800, 3411162
0.7800, 3400695
0.7800, 3397723
0.7800, 3395626
0.7810, 3383376
0.7810, 3382828
0.7810, 3371781
0.7810, 3369946
0.7810, 3367532
0.7810, 3366379
0.7810, 3365992
0.7810, 3359772
0.7810, 3357126
0.7810, 3355553
0.7810, 3354767
0.7810, 3339702
0.7810, 3338769
0.7810, 3338543
0.7810, 3318091
0.7810, 3302965
0.7820, 3292315
0.7820, 3285820
0.7820, 3205862
0.7820, 3200531
0.7820, 3194455
0.7820, 3186606
0.7820, 3185953
0.7820, 3183124
0.7820, 3182101
0.7820, 3150187
0.7820, 3148397
0.7820, 3142896
0.7820, 3142025
0.7820, 3141939
0.7820, 3141853
0.7830, 3136372
0.7830, 3134989
0.7830, 3123546
0.7830, 3087336
0.7830, 3076457
0.7830, 3076268
0.7830, 3075724
0.7830, 3075519
0.7830, 3071324
0.7830, 3046160
0.7830, 3034252
0.7830, 3030607
0.7830, 3028443
0.7830, 3020961
0.7830, 3017834
0.7830, 3017315
0.7830, 3017262
0.7840, 3015886
0.7840, 3015028
0.7840, 3010085
0.7840, 3003171
0.7840, 3000303
0.7840, 2996952
0.7840, 2983982
0.7840, 2979549
0.7840, 2979483
0.7840, 2975395
0.7840, 2974971
0.7840, 2974316
0.7840, 2974198
0.7840, 2968289
0.7840, 2965303
0.7840, 2965136
0.7840, 2960915
0.7840, 2958644
0.7840, 2953727
0.7850, 2953372
0.7850, 2948566
0.7850, 2942954
0.7850, 2936341
0.7850, 2933233
0.7850, 2929399
0.7850, 2928160
0.7850, 2928015
0.7860, 2923815
0.7860, 2917645
0.7860, 2911945
0.7860, 2911922
0.7860, 2911203
0.7860, 2910473
0.7860, 2906085
0.7860, 2906032
0.7860, 2880337
0.7860, 2869593
0.7860, 2867196
0.7860, 2862272
0.7860, 2861353
0.7860, 2860924
0.7860, 2859894
0.7860, 2858569
0.7870, 2851204
0.7870, 2849851
0.7870, 2845470
0.7870, 2842547
0.7870, 2841460
0.7870, 2839857
0.7870, 2839825
0.7870, 2837090
0.7870, 2836704
0.7870, 2832721
0.7870, 2830271
0.7870, 2827864
0.7870, 2826208
0.7880, 2819027
0.7880, 2812965
0.7880, 2808711
0.7880, 2807418
0.7880, 2789008
0.7880, 2788815
0.7880, 2788163
0.7880, 2760284
0.7880, 2759623
0.7880, 2756755
0.7880, 2754738
0.7880, 2751619
0.7890, 2751329
0.7890, 2742019
0.7890, 2741449
0.7890, 2740890
0.7890, 2729155
0.7890, 2722780
0.7890, 2722260
0.7890, 2722170
0.7890, 2720891
0.7890, 2719885
0.7890, 2719677
0.7900, 2710497
0.7900, 2710457
0.7900, 2709355
0.7900, 2694344
0.7900, 2690003
0.7900, 2689376
0.7900, 2687714
0.7900, 2607309
0.7900, 2602022
0.7900, 2597757
0.7900, 2595869
0.7910, 2590829
0.7910, 2590207
0.7910, 2589323
0.7910, 2583813
0.7910, 2582064
0.7910, 2578146
0.7920, 2578045
0.7920, 2571436
0.7920, 2565650
0.7920, 2555449
0.7920, 2554799
0.7920, 2554442
0.7920, 2552662
0.7920, 2551436
0.7920, 2549391
0.7920, 2549300
0.7920, 2544282
0.7920, 2538038
0.7930, 2536611
0.7930, 2534330
0.7930, 2524522
0.7930, 2522108
0.7930, 2521353
0.7930, 2519929
0.7930, 2517899
0.7930, 2517431
0.7930, 2516271
0.7940, 2515234
0.7940, 2514951
0.7940, 2512074
0.7940, 2512050
0.7940, 2509789
0.7940, 2508247
0.7940, 2503402
0.7940, 2502952
0.7940, 2502293
0.7950, 2501549
0.7950, 2501543
0.7950, 2501317
0.7950, 2494754
0.7950, 2444726
0.7950, 2442923
0.7960, 2441225
0.7960, 2441067
0.7960, 2419985
0.7960, 2418686
0.7960, 2412042
0.7960, 2408554
0.7960, 2406720
0.7960, 2404658
0.7960, 2395221
0.7960, 2393702
0.7960, 2333715
0.7970, 2329946
0.7970, 2326508
0.7970, 2325446
0.7970, 2320767
0.7970, 2319547
0.7970, 2319150
0.7970, 2319093
0.7980, 2290284
0.7980, 2285813
0.7980, 2280092
0.7980, 2255149
0.7980, 2255110
0.7980, 2243644
0.7990, 2238513
0.7990, 2229237
0.7990, 2227881
0.7990, 2227076
0.7990, 2227042
0.7990, 2226121
0.8000, 2222610
0.8000, 2219808
0.8000, 2219162
0.8000, 2218929
0.8000, 2218814
0.8010, 2218485
0.8010, 2215334
0.8010, 2211261
0.8010, 2194421
0.8010, 2159100
0.8010, 2150991
0.8010, 2150819
0.8010, 2150081
0.8020, 2148501
0.8020, 2145449
0.8020, 2143007
0.8020, 2142357
0.8020, 2140688
0.8020, 2140374
0.8020, 2139729
0.8030, 2138337
0.8030, 2137922
0.8030, 2124714
0.8030, 2122537
0.8030, 2116481
0.8030, 2104835
0.8040, 2099267
0.8040, 2092209
0.8040, 2089072
0.8040, 2085088
0.8040, 2084537
0.8040, 2082626
0.8040, 2080596
0.8040, 2080416
0.8040, 2078877
0.8040, 2078642
0.8050, 2074736
0.8050, 2074348
0.8050, 2073768
0.8050, 2073564
0.8050, 2073336
0.8050, 2071399
0.8050, 2045944
0.8050, 2045403
0.8050, 2045001
0.8050, 2044677
0.8060, 2043784
0.8060, 2029250
0.8060, 2028365
0.8060, 2019025
0.8060, 2017398
0.8060, 2017278
0.8060, 2016956
0.8070, 2008452
0.8070, 2003088
0.8070, 1998753
0.8070, 1990609
0.8080, 1989159
0.8080, 1988525
0.8080, 1986799
0.8080, 1985923
0.8080, 1985368
0.8080, 1972691
0.8080, 1961873
0.8080, 1958214
0.8090, 1957963
0.8090, 1957853
0.8090, 1957470
0.8090, 1955515
0.8090, 1941074
0.8090, 1929628
0.8090, 1928882
0.8090, 1928757
0.8100, 1928726
0.8100, 1928001
0.8100, 1927591
0.8110, 1922086
0.8110, 1921740
0.8110, 1919098
0.8110, 1913883
0.8110, 1910816
0.8110, 1908298
0.8110, 1907131
0.8120, 1890126
0.8120, 1851984
0.8120, 1851149
0.8120, 1851129
0.8120, 1847555
0.8120, 1846434
0.8120, 1846413
0.8120, 1845265
0.8130, 1844653
0.8130, 1781682
0.8130, 1778320
0.8130, 1777620
0.8130, 1777258
0.8130, 1774913
0.8140, 1774806
0.8140, 1774441
0.8140, 1774316
0.8140, 1774014
0.8140, 1736825
0.8140, 1735035
0.8150, 1734635
0.8150, 1733502
0.8150, 1673191
0.8150, 1672919
0.8150, 1654562
0.8150, 1654446
0.8160, 1650080
0.8160, 1649084
0.8160, 1648418
0.8160, 1648066
0.8160, 1647396
0.8170, 1646411
0.8170, 1642351
0.8170, 1641686
0.8170, 1620047
0.8180, 1619918
0.8180, 1618133
0.8180, 1617935
0.8190, 1617345
0.8190, 1597281
0.8190, 1594181
0.8200, 1593035
0.8200, 1592672
0.8200, 1592420
0.8200, 1586494
2.5520, 1585864
2.5520, 1577648
2.5520, 1577428
2.5520, 1577414
2.5520, 1576610
2.5520, 1573448
2.5520, 1572344
2.5520, 1571815
2.5520, 1571052
2.5530, 1558070
2.5530, 1556505
2.5530, 1555465
2.5530, 1554519
2.5530, 1553923
2.5530, 1551634
2.5540, 1545844
2.5540, 1545497
2.5540, 1544504
2.5540, 1543065
2.5540, 1541821
2.5550, 1539852
2.5550, 1537506
2.5550, 1531950
2.5550, 1531611
2.5550, 1531200
2.5550, 1529147
2.5560, 1525640
2.5560, 1525058
2.5560, 1523813
2.5560, 1523205
2.5560, 1522685
2.5560, 1522440
2.5570, 1515379
2.5570, 1514338
2.5570, 1511996
2.5570, 1508160
2.5580, 1507862
2.5580, 1507244
2.5580, 1502199
2.5590, 1501331
2.5590, 1491260
2.5590, 1490781
2.5600, 1487640
2.5600, 1485614
2.5600, 1484012
2.5600, 1483446
2.5600, 1461234
2.5610, 1460235
2.5610, 1460186
2.5610, 1459848
2.5610, 1457419
2.5610, 1451947
2.5610, 1451386
2.5610, 1450962
2.5610, 1430454
2.5620, 1430210
2.5620, 1429694
2.5620, 1429560
2.5630, 1429397
2.5640, 1429341
2.5640, 1428946
2.5640, 1427141
2.5640, 1425416
2.5650, 1401085
5.2890, 1400925
6.0030, 1391701
16.2900, 1390432
16.2900, 1390028
16.2910, 1385565
16.2910, 1382096
16.2910, 1381550
16.2910, 1381158
16.2910, 1381133
16.2910, 1378673
17.9930, 1363048
26.5370, 1333419
26.5370, 1331579
26.5370, 1331361
26.5370, 1328918
26.5370, 1328465
26.5370, 1326960
26.5380, 1326671
26.5380, 1326548
26.5390, 1326338
26.5390, 1324654
26.5390, 1322042
26.5390, 1321876
26.5400, 1312443
26.5400, 1308945
26.5400, 1304746
26.5400, 1304738
26.5400, 1303880
26.5410, 1303221
26.5410, 1298421
26.5410, 1298418
34.4280, 1298396
88.0100, 1297140
88.0100, 1295882
88.0100, 1278236
88.0110, 1277927
88.0110, 1277885
88.0110, 1276773
88.0110, 1276695
88.0110, 1276653
88.0110, 1272061
88.0110, 1267781
88.0120, 1267492
88.0120, 1267243
88.0120, 1263136
88.0120, 1262606
88.0120, 1261732
88.0120, 1260923
88.0120, 1260669
100.7440, 1253336
100.7440, 1253291
100.7440, 1253255
100.7440, 1253148
100.7450, 1250814
100.7450, 1250772
100.7450, 1249166
100.7450, 1248350
164.5220, 1226164
167.9340, 1225333
167.9350, 1177730
167.9350, 1177217
167.9350, 1176563
167.9350, 1174934
167.9360, 1173613
167.9360, 1173440
232.4370, 1159676
337.4160, 1159265
370.5960, 1158980
370.5960, 1158547
370.5960, 1156986
370.5970, 1155980
370.5980, 1150635
370.5980, 1148739
370.5990, 1146678
370.5990, 1145262
370.5990, 1142318
370.5990, 1140618
370.5990, 1139803
370.5990, 1139651
370.5990, 1135549
370.6000, 1135133
370.6000, 1134735
370.6000, 1134561
370.6000, 1133198
372.7030, 1125759
372.7030, 1125065
372.7040, 1124176
372.7040, 1123694
372.7050, 1123188
372.7050, 1120482
372.7050, 1113651
372.7050, 1113604
372.7060, 1113010
372.7060, 1112344
372.7070, 1105849
372.7080, 1105745
372.7080, 1104772
372.7080, 1104542
372.7080, 1101936
372.7080, 1099794
372.7090, 1099486
372.7090, 1094620
372.7090, 1084380
372.7100, 1083203
372.7100, 1081841
372.7100, 1081309
373.7100, 1077392
373.7100, 1074980
374.7940, 1074924
374.7950, 1074538
374.7950, 1071990
374.7950, 1071048
374.7950, 1068184
374.7960, 1067250
374.7960, 1066841
374.7970, 1066709
374.7970, 1065644
374.7980, 1065429
374.7980, 1061803
374.7980, 1059519
374.7980, 1059368
374.7990, 1058655
374.7990, 1055807
374.7990, 1055675
374.7990, 1054186
374.7990, 1054042
374.7990, 1052175
374.8000, 1051442
374.8000, 1049997
374.8010, 1049699
374.8010, 1049184
374.8020, 1049112
374.8020, 1049091
374.8020, 1048651
374.8030, 1046017
374.8030, 1042944
374.8030, 1041601
374.8030, 1038340
374.8040, 1038285
374.8050, 1036885
374.8050, 1036880
374.8050, 1035934
374.8050, 1031537
374.8050, 1031258
374.8060, 1029204
374.8060, 1027729
374.8060, 1027188
374.8060, 1023634
374.8070, 1023376
374.8070, 1022304
374.8070, 1021917
374.8070, 1020695
374.8080, 1017991
374.8080, 1017858
374.8080, 1017374
374.8090, 1016359
374.8090, 1014982
374.8100, 1014726
374.8100, 1014629
374.8100, 1012916
374.8100, 1012306
374.8100, 1011182
374.8100, 1008627
374.8100, 1008033
374.8110, 1007985
374.8110, 1004189
374.8110, 1002869
374.8120, 1002692
374.8120, 1002611
374.8130, 999541
374.8130, 997778
374.8130, 997638
374.8130, 997261
374.8130, 997181
374.8130, 996562
374.8140, 994608
374.8140, 991379
375.8560, 987742
375.8560, 986019
375.8570, 984323
375.8570, 983143
375.8570, 982587
375.8570, 981367
375.8580, 980669
375.8580, 978245
375.8580, 977697
375.8580, 977493
375.8590, 974843
375.8590, 974377
375.8590, 973890
375.8610, 971539
376.8620, 971391
376.8620, 968433
376.8620, 968329
376.8620, 968300
376.9090, 967917
376.9100, 966847
376.9100, 966501
376.9100, 965993
376.9100, 965801
376.9100, 962887
376.9110, 962706
376.9110, 962617
376.9120, 962397
376.9120, 959224
376.9150, 957745
376.9150, 956677
376.9160, 955720
376.9170, 947483
376.9170, 946326
377.9640, 945265
377.9650, 944105
377.9650, 942626
377.9650, 942543
377.9650, 941733
377.9650, 937611
377.9660, 936341
377.9660, 935505
377.9660, 935310
377.9660, 934000
377.9660, 933565
377.9660, 932015
377.9670, 929230
377.9670, 926420
377.9680, 924959
377.9680, 923652
377.9680, 923461
377.9680, 922102
377.9690, 917167
377.9690, 917007
377.9690, 915537
377.9700, 915212
377.9710, 910041
377.9710, 909997
377.9720, 908420
377.9730, 907720
377.9730, 906485
377.9730, 905378
377.9740, 905348
377.9750, 902184
377.9780, 902028
377.9800, 891347
377.9800, 891002
377.9830, 889540
378.9830, 889150
379.0170, 888544
379.0170, 888285
379.0180, 888065
379.0180, 887211
379.0190, 886000
379.0200, 885358
379.0200, 884457
379.0200, 881865
379.0220, 881565
379.0220, 881252
379.0230, 880429
379.0230, 878975
379.0230, 878937
379.0240, 874642
379.0240, 873189
379.0240, 870791
379.0250, 870723
380.0790, 868607
380.0790, 868606
380.0800, 868488
380.0800, 866962
380.0800, 864929
380.0810, 864924
380.0820, 864709
380.0820, 864544
380.0820, 863984
380.0820, 862275
380.0830, 860252
380.0830, 856169
381.0840, 855959
381.1030, 855163
381.1030, 854986
381.1060, 854572
381.1060, 853089
381.1060, 849571
381.1060, 849074
381.1070, 848496
381.1070, 848320
381.1080, 845487
381.1100, 844451
381.1110, 844235
381.1120, 844199
381.1130, 843895
381.1130, 843758
381.1140, 843305
381.1140, 841212
381.1140, 840943
381.1140, 840325
381.1150, 838235
381.1150, 837336
381.1160, 836449
381.1160, 836212
381.1170, 835533
381.1170, 835474
381.1180, 834406
381.1180, 833434
381.1190, 832388
381.1200, 832188
381.1200, 831267
381.1200, 830628
381.1200, 830576
381.1200, 829475
381.1210, 828805
381.1210, 828580
381.1220, 827811
381.1220, 827258
381.1230, 827226
381.1230, 826250
381.1240, 825933
381.1240, 825123
381.1250, 824640
381.1250, 824007
381.1260, 822556
381.1260, 820135
382.1500, 819816
382.1510, 818720
382.1520, 818609
382.1530, 817778
382.1530, 817707
382.1530, 817491
382.1530, 817440
382.1540, 816896
382.1550, 816721
382.1560, 816016
382.1570, 815414
382.1580, 815198
382.1590, 814870
382.1600, 814854
382.1600, 814212
382.1610, 813856
382.1620, 810811
382.1620, 810637
382.1630, 810230
382.1630, 809662
382.1640, 809423
382.1640, 808581
382.1660, 808071
383.2000, 806510
383.2000, 805812
383.2020, 805754
383.2030, 805134
383.2040, 803131
383.2040, 803087
383.2040, 802760
383.2060, 802003
383.2060, 801882
383.2060, 800303
383.2070, 799871
383.2070, 799865
383.2080, 799797
384.2110, 799451
384.2140, 798317
384.2140, 797311
384.2160, 796652
384.2160, 794898
384.2170, 794182
384.2210, 794021
384.2210, 793643
384.2210, 792632
384.2210, 791700
384.2240, 789209
384.2260, 787903
384.2260, 787557
384.2270, 787448
384.2270, 786954
384.2280, 785608
384.2300, 785307
384.2310, 784657
384.2320, 784472
384.2320, 783753
384.2320, 782896
384.2320, 779083
384.2320, 777111
384.2340, 776703
384.2340, 775830
384.2360, 772593
384.2370, 772169
384.2370, 771840
384.2390, 771026
384.2400, 771022
384.2400, 770848
384.2410, 769936
384.2410, 769526
384.2420, 768260
384.2450, 767874
385.2480, 767199
385.2500, 765633
385.2680, 765528
385.2710, 762876
385.2730, 761932
385.2740, 760352
385.2760, 759423
385.2770, 756512
385.2780, 756296
385.2810, 755429
385.2820, 753312
385.2850, 752154
385.2880, 751937
385.2910, 751879
385.2910, 751292
386.2920, 750486
386.2990, 748961
386.3030, 748662
386.3070, 747931
386.3090, 746251
386.3100, 746154
386.3110, 746052
386.3130, 746045
386.3150, 745174
386.3160, 744351
386.3240, 743401
387.3360, 743185
387.3390, 742385
387.3390, 741690
387.3440, 741476
387.3440, 741399
387.3450, 740170
387.3450, 739893
387.3460, 739150
387.3460, 737519
387.3500, 736789
387.3500, 736571
387.3530, 735248
387.3590, 735199
387.3600, 734974
387.3610, 733215
387.3610, 733076
387.3660, 732528
387.3660, 732424
387.3670, 732419
388.3700, 732253
388.3720, 732104
388.3740, 731452
388.3740, 730887
388.3840, 730633
388.3860, 730554
388.3880, 730400
388.3880, 728034
388.3900, 726920
388.3930, 726754
388.3940, 721028
388.3960, 720897
389.4030, 719704
389.4040, 719464
389.4100, 718873
389.4150, 718673
389.4200, 718622
389.4270, 718342
389.4300, 718109
389.4320, 717889
389.4320, 717863
389.4320, 716932
389.4330, 716836
390.4370, 716694
390.4430, 716533
390.4430, 715500
390.4440, 715179
390.4440, 715129
390.4540, 714972
390.4570, 714267
390.4640, 713646
390.4670, 713185
390.4680, 712865
391.4690, 712686
391.4700, 711976
391.4730, 710202
392.5120, 708703
392.5140, 708681
392.5170, 708639
392.5190, 708359
392.5290, 707317
392.5340, 707019
393.5530, 706301
394.5680, 706258
394.5910, 705489
395.6060, 704869
396.6360, 704797
396.6400, 704175
396.6510, 703960
396.6540, 703919
397.6750, 703481
398.6990, 702774
399.7250, 702178
400.7460, 701887
401.7610, 698176
402.7790, 698066
402.7820, 697921
402.8000, 696881
402.8010, 696802
405.8420, 696736
406.8510, 696495
409.9180, 696435
411.9300, 695796
