0.0002, 7077083
0.0023, 7030224
0.0023, 7000711
0.0023, 6995248
0.0023, 6987756
0.0024, 6981028
0.0028, 6979428
0.0028, 6976432
0.0172, 6974113
0.0172, 6961692
0.0172, 6960344
0.0172, 6952678
0.0174, 6949602
0.0175, 6945525
0.0309, 6934906
0.0309, 6931081
0.0309, 6929661
0.0310, 6926119
0.0314, 6849463
0.0315, 6848890
0.0422, 6846918
0.0423, 6737889
0.0424, 6737504
0.0424, 6724499
0.0425, 6698077
0.0426, 6696616
0.0426, 6694718
0.0426, 6675115
0.0427, 6672388
0.0427, 6671745
0.0427, 6647636
0.0428, 6636347
0.0428, 6633934
0.0428, 6628182
0.0429, 6599182
0.0438, 6590300
0.0439, 6581558
0.0439, 6579530
0.0442, 6495105
0.0444, 6485275
0.0445, 6469179
0.2004, 6461175
0.2004, 6461089
0.2004, 6456168
0.2005, 6452103
0.2005, 6451141
0.2006, 6352794
1.0381, 6349833
1.0381, 6336953
1.0381, 6327803
1.0382, 6278645
1.0382, 6274683
1.0383, 6273135
1.0383, 6224203
1.0384, 6209469
1.0407, 6136918
1.0408, 6136554
1.0409, 6131368
1.0409, 6126581
1.0428, 6089405
1.0428, 6085078
1.0428, 6077196
1.0429, 6068974
1.0429, 6066265
1.0430, 6065861
1.0431, 6056961
1.0433, 6035756
1.0433, 6035441
1.0438, 5984039
1.0441, 5949429
1.0441, 5948894
1.0443, 5918863
1.0443, 5918502
1.0450, 5897043
1.0482, 5892019
1.0482, 5888394
1.0488, 5868417
1.0488, 5822040
1.0488, 5809377
1.0531, 5798617
1.0532, 5726039
1.0532, 5713980
1.0532, 5702253
1.0533, 5696162
1.0533, 5687413
1.0534, 5660960
1.0551, 5608636
1.0552, 5598349
1.0556, 5592058
1.0556, 5589247
1.0557, 5586299
1.0558, 5582803
1.0559, 5573509
1.0561, 5566022
1.0565, 5564295
1.0565, 5561632
1.0565, 5545386
1.0566, 5545233
1.0567, 5539711
1.0568, 5538012
1.0582, 5529653
1.0586, 5529128
1.0586, 5521485
1.0587, 5508350
1.0587, 5506814
1.0587, 5505016
1.0588, 5473564
1.0588, 5473552
1.0588, 5468861
1.0589, 5468394
1.0589, 5467445
1.0589, 5459864
1.0590, 5442737
1.0590, 5378056
1.0591, 5355850
1.0593, 5350479
1.0594, 5328445
1.0595, 5327013
1.0595, 5259474
1.0596, 5238172
1.0607, 5223770
1.0607, 5222587
1.0608, 5213558
1.0608, 5213537
1.0609, 5205747
1.0609, 5198804
1.0612, 5198769
1.0613, 5198615
1.0615, 5198300
1.0615, 5198155
1.0615, 5191856
1.0616, 5172361
1.0616, 5153008
1.0616, 5152613
1.0619, 5142087
1.0620, 5020567
1.0621, 5008181
1.0621, 5007340
1.0621, 5002345
1.0623, 4992382
1.0624, 4954179
1.0624, 4941482
1.0624, 4928036
1.0626, 4921967
1.0627, 4920024
1.0627, 4918304
1.0627, 4897847
1.0629, 4857800
1.0631, 4843585
1.0631, 4835463
1.0631, 4833910
1.0635, 4826359
1.0641, 4808350
1.0641, 4759383
1.0642, 4753502
1.0642, 4747133
1.0642, 4724320
1.0643, 4711498
1.0644, 4667529
1.0644, 4661682
1.0645, 4648322
1.0645, 4645651
1.0647, 4644899
1.0648, 4601042
1.0648, 4600105
1.0648, 4594596
1.0650, 4582966
1.0651, 4572704
1.0652, 4560863
1.0653, 4497237
1.0653, 4489058
1.0654, 4447548
1.0655, 4447247
1.0655, 4437231
1.0656, 4436146
1.0656, 4432437
1.0659, 4381879
1.0675, 4367138
1.0676, 4366985
1.0679, 4345777
1.0680, 4343352
1.0681, 4340195
1.0682, 4339877
1.0682, 4339690
1.0683, 4324811
1.0683, 4323258
1.0700, 4317251
1.0701, 4312711
1.0704, 4303072
1.0717, 4302154
1.0717, 4299006
1.0718, 4296818
1.0718, 4295132
1.0720, 4293125
1.0721, 4267880
1.0722, 4261855
1.0727, 4244281
1.0730, 4243624
1.0730, 4228610
1.0735, 4227729
1.0737, 4215813
1.0738, 4214965
1.0742, 4143715
1.0743, 4128768
1.0743, 4120257
1.0744, 4113161
1.0744, 4095868
1.0744, 4079970
1.0746, 4060683
1.0746, 4056746
1.0747, 4045613
1.0747, 4041873
1.0749, 4038135
1.0749, 4036582
1.0750, 4004677
1.0751, 3997636
1.0752, 3977942
1.0752, 3965943
1.0753, 3948204
1.0756, 3903526
1.0757, 3896816
1.0760, 3896692
1.0763, 3891862
1.0763, 3889008
1.0764, 3888705
1.0766, 3818294
1.0766, 3808526
1.0768, 3776148
1.0770, 3774292
1.0783, 3770789
1.0787, 3769464
1.0787, 3766637
1.0788, 3726188
1.0788, 3723921
1.0788, 3706687
1.0788, 3705396
1.0789, 3700941
1.0789, 3698799
1.0793, 3670034
1.0793, 3657491
1.0802, 3642602
1.0802, 3633040
1.0803, 3632653
1.0803, 3630680
1.0804, 3629537
1.0804, 3596513
1.0804, 3593873
1.0805, 3592939
1.0805, 3583550
1.0806, 3581271
1.0808, 3552189
1.0808, 3551263
1.0809, 3545978
1.0809, 3544538
1.0810, 3543801
1.0810, 3542663
1.0810, 3535622
1.0811, 3534715
1.0811, 3532672
1.0811, 3532526
1.0815, 3501895
1.0815, 3501182
1.0816, 3497494
1.0816, 3495045
1.0817, 3492075
1.0817, 3476591
1.0817, 3475901
1.0817, 3472991
1.0820, 3459064
1.0820, 3458736
1.0821, 3455688
1.0822, 3419522
1.0823, 3417401
1.0823, 3408860
1.0823, 3401381
1.0823, 3400879
1.0824, 3389290
1.0825, 3388029
1.0830, 3341660
1.0830, 3341428
1.0833, 3337890
1.0833, 3337324
1.0834, 3322779
1.0834, 3317705
1.0835, 3229691
1.0836, 3199639
1.0837, 3197587
1.0838, 3195197
1.0839, 3194933
1.0839, 3194268
1.0840, 3180967
1.0840, 3179816
1.0850, 3178089
1.0852, 3169181
1.0853, 3157861
1.0853, 3153248
1.0856, 3142478
1.0856, 3141329
1.0858, 3127719
1.0858, 3094844
1.0859, 3086154
1.0861, 3084722
1.0863, 3074158
1.0868, 3073777
1.0872, 3071062
1.0872, 2955540
1.0873, 2949489
1.0873, 2949151
1.0874, 2945065
1.0874, 2942852
1.0875, 2941653
1.0875, 2939099
1.0876, 2937797
1.0877, 2929582
1.0878, 2928481
1.0879, 2927081
1.0879, 2923584
1.0879, 2922463
1.0881, 2920610
1.0881, 2919628
1.0882, 2919215
1.0885, 2916242
1.0886, 2916241
1.0889, 2902632
1.0891, 2898421
1.0891, 2897145
1.0892, 2896548
1.0892, 2869584
1.0892, 2867167
1.0898, 2865870
1.0899, 2862394
1.0902, 2859031
1.0908, 2857138
1.0909, 2856050
1.0911, 2853335
1.0911, 2852544
1.0911, 2841954
1.0912, 2723103
1.0914, 2720516
1.0917, 2716123
1.0918, 2714324
1.0918, 2706073
1.0918, 2705957
1.0921, 2699909
1.0922, 2699698
1.0923, 2698759
1.0923, 2697721
1.0924, 2695773
1.0924, 2694773
1.0925, 2687781
1.0926, 2686919
1.0927, 2686756
1.0929, 2674405
1.0934, 2673196
1.0935, 2673172
1.0935, 2670440
1.0936, 2668810
1.0940, 2668593
1.0940, 2661261
1.0941, 2659795
1.0941, 2658495
1.0942, 2655080
1.0944, 2653916
1.0944, 2643664
1.0945, 2642519
1.0945, 2641756
1.0946, 2639566
1.0947, 2636813
1.0948, 2635708
1.0948, 2634480
1.0959, 2632954
1.0959, 2632265
1.0961, 2629632
1.0961, 2628746
1.0961, 2627262
1.0962, 2624743
1.0963, 2618604
1.0964, 2615200
1.0965, 2612858
1.0965, 2611907
1.0967, 2604956
1.0969, 2598530
1.0969, 2596821
1.0969, 2538011
1.0970, 2530219
1.0970, 2529149
1.0973, 2525378
1.0974, 2525224
1.0975, 2525069
1.0977, 2522221
1.0978, 2513286
1.0980, 2494223
1.0980, 2484238
1.0982, 2483723
1.0983, 2474753
1.0984, 2465732
1.0984, 2464398
1.0984, 2463565
1.0985, 2458271
1.0988, 2457951
1.0988, 2456722
1.0992, 2450874
1.0992, 2450731
1.0996, 2450232
1.0996, 2445837
1.0997, 2444171
1.1001, 2443556
1.1002, 2428692
1.1002, 2422856
1.1003, 2422347
1.1004, 2421513
1.1005, 2405078
1.1006, 2404870
1.1007, 2395606
1.1007, 2392738
1.1010, 2392549
1.1010, 2392253
1.1010, 2382619
1.1012, 2379231
1.1012, 2376664
1.1015, 2374553
1.1016, 2337174
1.1016, 2335956
1.1017, 2334614
1.1017, 2329638
1.1018, 2327161
1.1020, 2325783
1.1020, 2318080
1.1022, 2315307
1.1022, 2314897
1.1023, 2314709
1.1024, 2314135
1.1025, 2312604
1.1025, 2310555
1.1027, 2303966
1.1028, 2295105
1.1028, 2294064
1.1033, 2291875
1.1037, 2290154
1.1039, 2289453
1.1040, 2288411
1.1041, 2287596
1.1046, 2282266
1.1047, 2281770
1.1048, 2281290
1.1048, 2218647
1.1050, 2213383
1.1051, 2171981
1.1052, 2171185
1.1053, 2171040
1.1056, 2166986
1.1056, 2165697
1.1058, 2161912
1.1063, 2158693
1.1066, 2157443
1.1067, 2156512
1.1068, 2153355
1.1070, 2133953
1.1074, 2133936
1.1075, 2133905
1.1080, 2125531
1.1083, 2124033
1.1084, 2122354
1.1085, 2121143
1.1087, 2120711
1.1088, 2097191
1.1091, 2094032
1.1092, 2087957
1.1094, 2087627
1.1097, 2087133
1.1100, 2084828
1.1101, 2084693
1.1102, 2045936
1.1104, 2022377
1.1104, 2019960
1.1105, 2018109
1.1106, 2009092
1.1109, 2005027
1.1112, 2004468
1.1113, 2004023
1.1115, 2002682
1.1119, 2002681
1.1120, 1999637
1.1121, 1997122
1.1123, 1990931
1.1128, 1985700
1.1129, 1984389
1.1130, 1980428
1.1131, 1980405
1.1132, 1978778
1.1134, 1958893
1.1139, 1958655
1.1148, 1955662
1.1150, 1953537
1.1151, 1953407
1.1151, 1951597
1.1152, 1950918
1.1155, 1948654
1.1156, 1946566
1.1162, 1942238
1.1163, 1939996
1.1164, 1939913
1.1166, 1938745
1.1167, 1935219
1.1168, 1929270
1.1172, 1928920
1.1172, 1927859
1.1176, 1927689
1.1177, 1927176
1.1178, 1923264
1.1180, 1923071
1.1181, 1900690
1.1185, 1898514
1.1186, 1898483
1.1186, 1888158
1.1186, 1882826
1.1187, 1881766
1.1188, 1878579
1.1189, 1873763
1.1189, 1865574
1.1191, 1863468
1.1191, 1862065
1.1196, 1860229
1.1198, 1859973
1.1199, 1856620
1.1201, 1854944
1.1201, 1850652
1.1205, 1850249
1.1206, 1845796
1.1207, 1835955
1.1208, 1833770
1.1209, 1833195
1.1209, 1829927
1.1210, 1829066
1.1211, 1828900
1.1212, 1827518
1.1213, 1807214
1.1214, 1806821
1.1215, 1787498
1.1216, 1784431
1.1218, 1774394
1.1221, 1774386
1.1222, 1773712
1.1223, 1770684
1.1223, 1770533
1.1226, 1770490
1.1229, 1770360
1.1230, 1740404
1.1232, 1740396
1.1233, 1739609
1.1234, 1737799
1.1236, 1733871
1.1236, 1722052
1.1237, 1720692
1.1238, 1720413
1.1240, 1716274
1.1245, 1713726
1.1245, 1713429
1.1246, 1712416
1.1247, 1711760
1.1250, 1711219
1.1251, 1707846
1.1254, 1704728
1.1255, 1701270
1.1256, 1683908
1.1257, 1681473
1.1257, 1679899
1.1265, 1679888
1.1268, 1678543
1.1270, 1677891
1.1277, 1676141
1.1278, 1675856
1.1282, 1674768
1.1283, 1674465
1.1284, 1654280
1.1286, 1651252
1.1287, 1587396
1.1289, 1587239
1.1294, 1587120
1.1298, 1560506
1.1304, 1551334
1.1305, 1551001
1.1306, 1549133
1.1306, 1546349
1.1307, 1545341
1.1310, 1542885
1.1310, 1541999
1.1311, 1538286
1.1313, 1529159
1.1313, 1528661
1.1315, 1526901
1.1325, 1526706
1.1326, 1522434
1.1329, 1519318
1.1329, 1517102
1.1333, 1516707
1.1336, 1515865
1.1346, 1513993
1.1346, 1511213
1.1349, 1506269
1.1351, 1505496
1.1353, 1501066
1.1354, 1500179
1.1355, 1494969
1.1357, 1467995
1.1361, 1467639
1.1361, 1461426
1.1362, 1461097
1.1365, 1460729
1.1368, 1460041
1.1368, 1458937
1.1372, 1458522
1.1373, 1457083
1.1373, 1456697
1.1375, 1456398
1.1377, 1455710
1.1380, 1454957
1.1385, 1453202
1.1386, 1452776
1.1389, 1452468
1.1389, 1452352
1.1392, 1445049
1.1393, 1443745
1.1393, 1442301
1.1398, 1438581
1.1398, 1438241
1.1399, 1421802
1.1403, 1421075
1.1404, 1420648
1.1406, 1419985
1.1406, 1419395
1.1408, 1416629
1.1410, 1415549
1.1411, 1414624
1.1417, 1405050
1.1425, 1401269
1.1426, 1400102
1.1426, 1400069
1.1431, 1398755
1.1432, 1397034
1.1436, 1390530
1.1447, 1389094
1.1448, 1367224
1.1452, 1366925
1.1457, 1365546
1.1458, 1360280
1.1460, 1358969
1.1463, 1354456
1.1463, 1354307
1.1466, 1347488
1.1469, 1345582
1.1470, 1342366
1.1473, 1341807
1.1474, 1341501
1.1476, 1340895
1.1478, 1340582
1.1491, 1340017
1.1501, 1339440
1.1506, 1339427
1.1512, 1337909
1.1515, 1337899
1.1518, 1337437
1.1520, 1337371
1.1526, 1335624
1.1528, 1335203
1.1538, 1334492
1.1543, 1334435
1.1544, 1334168
1.1547, 1333254
1.1560, 1331705
1.1560, 1323342
1.1565, 1321790
1.1567, 1320792
1.1572, 1281513
1.1573, 1255192
1.1577, 1254755
6.4596, 1252032
60.7899, 1251726
99.2862, 1249971
139.6007, 1248393
164.4491, 1241028
164.4493, 1240106
164.4494, 1239634
164.4495, 1239600
164.4496, 1237544
164.4498, 1236014
164.4501, 1233597
164.4502, 1233258
213.6383, 1213512
213.6386, 1213449
213.6387, 1212727
213.6393, 1211160
213.6395, 1209193
213.6402, 1208240
213.6406, 1206653
213.6412, 1201197
213.6416, 1199869
213.6418, 1196146
213.6419, 1196141
213.6420, 1195374
425.8429, 1195207
432.5919, 1195054
432.5925, 1189248
432.5941, 1188663
432.5956, 1188234
432.5959, 1187437
432.5961, 1187372
432.5963, 1185733
432.5973, 1183250
432.5973, 1181774
432.5974, 1180791
432.5980, 1177942
432.5983, 1171736
432.5986, 1169079
432.5991, 1154917
433.6811, 1139145
433.6812, 1138550
433.6815, 1135751
433.6822, 1131742
433.6828, 1131188
433.6840, 1130487
433.6844, 1130218
433.6849, 1129628
433.6852, 1129070
433.6855, 1127071
433.6856, 1126800
433.6858, 1125408
433.6859, 1125285
433.6868, 1124241
433.6873, 1124012
433.6874, 1122661
433.6874, 1122164
433.6874, 1120982
433.6879, 1119378
433.6885, 1116505
433.6886, 1116288
433.6887, 1115970
433.6894, 1115571
433.6896, 1115543
433.6906, 1113610
433.6911, 1111475
433.6913, 1111280
433.6917, 1110402
433.6921, 1109755
433.6932, 1108808
433.6938, 1097952
433.6943, 1094024
433.6947, 1091954
433.6949, 1090316
433.6959, 1088410
433.6960, 1086061
433.6962, 1086047
433.6970, 1079778
433.6976, 1079695
433.6980, 1078683
433.6983, 1077772
433.6990, 1077716
433.6992, 1076475
435.8549, 1073296
435.8551, 1073100
435.8553, 1071246
435.8553, 1068670
435.8553, 1068492
435.8561, 1068481
435.8563, 1068348
435.8568, 1068034
435.8568, 1067936
435.8570, 1066618
435.8571, 1065523
435.8572, 1064852
435.8580, 1064519
435.8580, 1061646
435.8584, 1061639
435.8587, 1060886
435.8588, 1059297
435.8598, 1055313
435.8599, 1055224
435.8604, 1054535
435.8620, 1051387
435.8625, 1049844
435.8627, 1049743
435.8639, 1049453
435.8647, 1049054
435.8651, 1047921
435.8651, 1046692
435.8654, 1045381
435.8670, 1045064
435.8670, 1043138
435.8674, 1042086
435.8676, 1041982
435.8682, 1041636
435.8686, 1038535
435.8690, 1036254
435.8701, 1036130
435.8709, 1035145
435.8710, 1034056
435.8713, 1029720
435.8736, 1028979
435.8743, 1028083
435.8743, 1028069
435.8755, 1027716
435.8757, 1027012
435.8758, 1026021
435.8758, 1025500
435.8759, 1023049
435.8760, 1021904
435.8762, 1019347
435.8762, 1018818
435.8766, 1018079
435.8775, 1017485
435.8776, 1017111
435.8779, 1016279
435.8782, 1014217
435.8783, 1013806
435.8784, 1011977
436.9410, 1007848
436.9423, 1007185
436.9437, 1007174
436.9446, 1007172
436.9447, 1005896
436.9449, 1004349
436.9453, 1001913
436.9461, 999322
436.9466, 998890
436.9468, 998348
436.9473, 998120
436.9491, 995951
436.9517, 989109
436.9524, 988728
436.9531, 988292
436.9532, 987643
436.9536, 986791
436.9546, 985948
436.9553, 983238
436.9557, 982026
436.9562, 978483
436.9566, 978096
436.9573, 977918
436.9576, 977219
436.9580, 975266
436.9585, 975005
436.9591, 974624
436.9597, 974541
438.0112, 964839
438.0127, 963842
438.0130, 963679
438.0131, 962184
438.0140, 959422
438.0140, 958407
438.0148, 956237
438.0149, 955911
438.0152, 955518
438.0154, 955500
438.0162, 955468
438.0164, 954191
438.0191, 953521
438.0191, 952076
438.0192, 951848
438.0205, 951059
438.0207, 949504
438.0221, 947351
438.0223, 946601
438.0234, 946375
438.0236, 945591
438.0237, 943720
438.0243, 943498
438.0254, 941669
438.0263, 941310
438.0270, 940054
438.0276, 939625
438.0281, 938875
438.0283, 938136
438.0296, 936787
438.0297, 935782
438.0313, 935707
438.0315, 935181
438.0317, 934905
438.0324, 934276
438.0326, 933363
438.0330, 928357
438.0331, 926761
438.0336, 925778
438.0340, 925020
438.0342, 924655
438.0353, 924650
438.0354, 924290
438.0358, 922959
438.0369, 919912
438.0379, 918491
438.0387, 917537
438.0393, 916371
438.0394, 915420
438.0397, 914709
438.0404, 914072
439.1107, 913738
439.1112, 913153
439.1126, 908924
439.1127, 904694
439.1129, 904690
439.1139, 904053
439.1142, 903388
439.1146, 902830
439.1156, 902109
439.1157, 899945
439.1164, 899767
439.1164, 899400
439.1168, 899392
439.1168, 899389
439.1172, 897697
439.1173, 896143
439.1174, 895418
440.1744, 895218
440.1753, 894768
440.1758, 894459
440.1772, 894446
440.1773, 894433
440.1787, 894139
440.1788, 886901
440.1790, 886383
440.1797, 884993
440.1806, 884655
440.1806, 884466
440.1825, 882798
440.1830, 880567
440.1839, 878803
440.1854, 878789
440.1855, 878248
440.1859, 877979
440.1864, 877407
440.1870, 877070
440.1879, 876904
440.1882, 876896
440.1892, 876609
440.1892, 876118
440.1900, 870278
440.1904, 864350
440.1909, 860315
440.1913, 859125
440.1921, 852179
440.1924, 851971
440.1925, 849960
440.1936, 846280
440.1961, 845414
440.1964, 845293
440.1966, 844977
441.2543, 843842
441.2546, 842772
441.2556, 842573
441.2561, 842509
441.2569, 842142
441.2577, 840490
441.2586, 840037
441.2609, 839047
441.2615, 836373
441.2627, 836255
441.2631, 836164
441.2640, 835832
441.2645, 835575
441.2645, 834395
441.2660, 834089
442.2677, 833423
442.3052, 832668
442.3068, 828307
442.3073, 828052
442.3078, 825010
442.3088, 824552
442.3089, 820684
442.3091, 820511
442.3093, 820231
442.3099, 819799
442.3101, 819372
442.3107, 818411
442.3123, 817811
442.3123, 817755
442.3126, 817704
442.3147, 817513
442.3181, 817249
442.3182, 815040
442.3190, 813518
442.3195, 812345
442.3199, 805639
442.3227, 804466
442.3235, 804364
442.3236, 804106
442.3246, 803635
442.3261, 802555
442.3274, 797162
442.3279, 797082
442.3289, 795373
442.3296, 794067
442.3298, 793988
442.3300, 793216
442.3303, 793016
442.3333, 786076
443.3401, 784464
443.3402, 783259
443.3709, 780142
443.3732, 776249
443.3735, 775129
443.3756, 771471
443.3806, 770695
443.3827, 765569
443.3834, 764696
443.3840, 764337
443.3841, 763599
443.3847, 763586
443.3860, 763125
443.3865, 762593
443.3868, 762314
443.3895, 762114
443.3896, 762081
443.3897, 762032
443.3898, 761271
443.3902, 760111
443.3913, 759791
443.3913, 758083
443.3919, 756996
443.3932, 756525
443.3963, 756400
443.3965, 755408
443.4003, 754175
443.4005, 750912
443.4019, 750182
443.4022, 749803
443.4030, 749666
443.4038, 748347
444.4132, 747595
444.4445, 746728
444.4455, 746329
444.4481, 746214
444.4484, 742703
444.4504, 741597
444.4533, 740213
444.4534, 739671
444.4565, 738420
444.4569, 738274
444.4593, 737826
444.4632, 736998
444.4635, 736955
444.4645, 736891
444.4661, 736796
444.4690, 736459
445.4856, 735901
445.4892, 735806
445.4899, 735710
445.4913, 734675
445.4916, 734398
445.4954, 734179
445.4967, 732125
445.4970, 731651
445.5048, 730381
445.5059, 730333
445.5073, 730284
445.5085, 730244
445.5135, 729178
445.5165, 727560
445.5224, 726867
445.5228, 726863
445.5233, 726238
445.5300, 724570
445.5334, 723226
446.5410, 723194
446.5878, 722435
446.5885, 721459
446.5888, 721304
446.5961, 720858
446.5962, 720570
446.5971, 719795
446.6017, 719222
447.6436, 718825
447.6495, 717194
447.6581, 716656
448.6662, 716439
448.6694, 716249
448.6743, 715951
448.6757, 715853
448.6775, 714356
448.6788, 711658
448.6893, 710875
448.6898, 710533
448.6899, 710122
448.6925, 709847
448.7097, 709373
448.7157, 709207
448.7159, 709152
449.7285, 708325
449.7741, 708199
449.7760, 707561
450.7979, 707417
450.8029, 706855
450.8052, 706775
450.8060, 706033
450.8182, 705740
450.8193, 705697
450.8261, 705266
450.8362, 704926
451.8492, 704495
451.8565, 704028
451.8829, 703418
451.8893, 703369
452.8978, 701462
452.9160, 701444
452.9223, 700697
452.9301, 700372
452.9316, 700369
452.9317, 699931
453.9716, 699653
455.0198, 699061
455.0265, 698496
456.0670, 698216
456.0751, 697837
456.0869, 697759
457.1038, 697737
457.1039, 697108
457.1149, 696940
457.1169, 696808
458.1587, 696795
459.1780, 696352
459.1902, 696348
459.2026, 696340
459.2038, 696288
459.2056, 695909
460.2382, 694925
460.2382, 694872
462.2924, 694850
464.3836, 694514
465.3984, 694238
467.4590, 693987
468.4798, 693822
468.4950, 692706
469.5128, 692104
476.6270, 691832
