0.0000, 7316149
0.0020, 7302568
0.0020, 7238987
0.0020, 7232500
0.0020, 7229745
0.0020, 7144501
0.0020, 7141152
0.0020, 7131640
0.0020, 7052655
0.0020, 7035539
0.0020, 7033189
0.0020, 6935694
0.0020, 6909691
0.0020, 6909670
0.0020, 6897797
0.0020, 6889854
0.0020, 6798968
0.0030, 6763953
0.0080, 6751082
0.0080, 6742539
0.0120, 6726715
0.0120, 6716759
0.0120, 6691710
0.0120, 6663655
0.0120, 6607549
0.0120, 6607423
0.0260, 6546642
0.0260, 6450995
0.1320, 6421357
0.1320, 6394599
0.1320, 6386625
0.6570, 6383314
0.6570, 6347711
0.6570, 6329271
0.6570, 6322240
0.6570, 6316964
0.6570, 6301260
0.6570, 6297818
0.6570, 6297585
0.6570, 6278915
0.6580, 6247020
0.6580, 6224890
0.6580, 6206310
0.6580, 6185219
0.6580, 6184979
0.6700, 6148504
0.6700, 6070515
0.6700, 6064156
0.6700, 6057783
0.6700, 6032043
0.6700, 6019929
0.6700, 5965246
0.6760, 5937826
0.6760, 5934814
0.6760, 5933976
0.6760, 5920706
0.6760, 5892421
0.6760, 5890490
0.6770, 5887087
0.6770, 5870931
0.6770, 5866267
0.6770, 5863182
0.6770, 5858882
0.6770, 5850206
0.6770, 5728720
0.6770, 5722985
0.6770, 5722346
0.6780, 5704935
0.6780, 5672183
0.6780, 5671755
0.6780, 5668418
0.6790, 5623008
0.6790, 5609364
0.6790, 5606864
0.6790, 5597456
0.6790, 5597420
0.6800, 5588593
0.6800, 5532215
0.6800, 5527738
0.6800, 5498484
0.6800, 5498301
0.6800, 5486055
0.6800, 5478339
0.6800, 5471973
0.6800, 5461704
0.6800, 5459302
0.6810, 5413994
0.6810, 5412016
0.6810, 5410628
0.6810, 5404127
0.6810, 5404046
0.6810, 5402743
0.6810, 5400441
0.6810, 5397161
0.6810, 5338528
0.6810, 5307646
0.6810, 5280813
0.6810, 5275526
0.6810, 5270904
0.6810, 5268240
0.6810, 5267872
0.6810, 5265729
0.6810, 5220541
0.6810, 5212507
0.6810, 5202001
0.6820, 5186195
0.6820, 5181727
0.6820, 5180233
0.6820, 5179784
0.6820, 5173124
0.6820, 5169513
0.6820, 5155525
0.6820, 5133058
0.6820, 5103115
0.6820, 5095129
0.6820, 5083379
0.6820, 5071621
0.6820, 5050157
0.6820, 5046607
0.6830, 5041471
0.6830, 5040051
0.6830, 5031926
0.6830, 5027304
0.6830, 4972128
0.6830, 4968528
0.6830, 4956609
0.6830, 4948226
0.6830, 4943911
0.6830, 4925957
0.6830, 4900803
0.6830, 4832013
0.6830, 4830203
0.6830, 4829270
0.6830, 4812924
0.6830, 4811998
0.6830, 4811383
0.6830, 4810135
0.6830, 4786017
0.6830, 4779411
0.6830, 4766332
0.6830, 4766012
0.6830, 4764012
0.6830, 4762872
0.6830, 4760613
0.6830, 4727180
0.6830, 4725339
0.6830, 4716196
0.6840, 4702502
0.6840, 4699337
0.6840, 4685065
0.6840, 4682914
0.6840, 4682196
0.6840, 4681775
0.6840, 4667628
0.6840, 4645156
0.6840, 4627026
0.6840, 4624860
0.6840, 4614978
0.6840, 4607502
0.6840, 4607309
0.6840, 4597569
0.6840, 4595487
0.6840, 4595438
0.6840, 4585504
0.6840, 4579243
0.6840, 4567544
0.6840, 4543823
0.6860, 4493973
0.6860, 4473257
0.6860, 4384648
0.6860, 4371715
0.6860, 4371551
0.6860, 4355695
0.6860, 4352351
0.6860, 4350940
0.6870, 4349542
0.6870, 4347901
0.6870, 4335260
0.6870, 4313695
0.6870, 4311489
0.6870, 4299256
0.6870, 4298199
0.6870, 4296914
0.6870, 4295712
0.6870, 4295605
0.6870, 4286718
0.6870, 4285751
0.6870, 4196395
0.6870, 4192657
0.6870, 4191249
0.6870, 4189690
0.6870, 4189229
0.6870, 4177177
0.6870, 4167214
0.6880, 4161791
0.6880, 4159650
0.6880, 4153741
0.6880, 4144691
0.6880, 4128344
0.6880, 4122790
0.6880, 4112066
0.6880, 4111270
0.6880, 4106125
0.6880, 4104667
0.6880, 4097942
0.6880, 4095478
0.6880, 4092857
0.6880, 4088551
0.6880, 4082609
0.6880, 4060954
0.6880, 4060336
0.6880, 4057409
0.6880, 4052813
0.6880, 4030024
0.6880, 4029618
0.6890, 4007496
0.6890, 4000645
0.6890, 3977667
0.6890, 3977049
0.6890, 3974436
0.6890, 3972611
0.6890, 3969109
0.6890, 3962103
0.6890, 3957523
0.6890, 3954900
0.6890, 3952792
0.6900, 3915633
0.6900, 3910963
0.6900, 3903439
0.6900, 3899732
0.6900, 3889625
0.6900, 3887747
0.6900, 3887263
0.6900, 3879422
0.6900, 3879366
0.6900, 3878961
0.6900, 3878564
0.6900, 3878430
0.6900, 3864582
0.6900, 3857918
0.6910, 3848806
0.6910, 3845037
0.6910, 3818852
0.6910, 3815294
0.6910, 3740213
0.6910, 3735141
0.6920, 3730682
0.6920, 3721626
0.6920, 3719585
0.6920, 3718289
0.6920, 3669245
0.6920, 3668010
0.6920, 3667897
0.6920, 3650239
0.6920, 3627340
0.6920, 3627276
0.6920, 3613209
0.6930, 3612279
0.6930, 3606402
0.6930, 3593974
0.6930, 3586587
0.6930, 3582297
0.6930, 3581910
0.6930, 3578461
0.6930, 3567394
0.6930, 3563160
0.6930, 3560946
0.6930, 3559682
0.6930, 3556774
0.6930, 3516412
0.6930, 3513420
0.6930, 3506150
0.6930, 3476792
0.6930, 3467373
0.6930, 3440720
0.6930, 3408834
0.6930, 3406438
0.6930, 3403461
0.6930, 3395946
0.6930, 3367001
0.6940, 3353968
0.6940, 3348095
0.6940, 3277033
0.6940, 3271467
0.6940, 3260734
0.6940, 3258995
0.6940, 3252729
0.6940, 3240420
0.6950, 3237991
0.6950, 3234554
0.6950, 3234425
0.6950, 3203073
0.6950, 3203060
0.6950, 3189045
0.6960, 3185004
0.6960, 3183922
0.6960, 3181393
0.6960, 3177492
0.6960, 3177388
0.6960, 3172392
0.6960, 3171905
0.6960, 3159667
0.6960, 3142043
0.6960, 3140429
0.6960, 3133224
0.6970, 3128238
0.6970, 3126583
0.6970, 3125382
0.6970, 3119839
0.6970, 3115639
0.6970, 3111963
0.6970, 3081848
0.6970, 3073702
0.6970, 3073088
0.6970, 3072941
0.6970, 3066180
0.6970, 3019592
0.6970, 3016731
0.6970, 3012997
0.6970, 3012226
0.6970, 3009620
0.6970, 3009411
0.6970, 3009312
0.6980, 3006688
0.6980, 3005354
0.6980, 3005146
0.6980, 3002092
0.6980, 3000273
0.6980, 2967327
0.6980, 2958771
0.6980, 2948867
0.6990, 2944474
0.6990, 2941974
0.6990, 2939484
0.6990, 2933361
0.6990, 2924596
0.6990, 2918615
0.6990, 2902006
0.6990, 2886692
0.6990, 2885445
0.6990, 2884823
0.6990, 2881610
0.6990, 2878482
0.6990, 2877944
0.6990, 2874083
0.6990, 2871945
0.6990, 2871406
0.6990, 2871379
0.6990, 2869423
0.6990, 2865798
0.6990, 2861528
0.6990, 2852783
0.6990, 2826951
0.7000, 2817460
0.7000, 2815404
0.7000, 2809019
0.7000, 2804035
0.7000, 2802082
0.7000, 2798991
0.7000, 2798378
0.7000, 2797346
0.7000, 2794209
0.7000, 2792598
0.7000, 2790465
0.7000, 2789129
0.7000, 2781722
0.7000, 2775889
0.7010, 2772608
0.7010, 2770778
0.7010, 2768085
0.7010, 2763154
0.7010, 2760392
0.7010, 2756664
0.7010, 2749464
0.7010, 2736080
0.7010, 2732188
0.7010, 2730565
0.7010, 2730013
0.7010, 2729253
0.7010, 2704137
0.7020, 2703552
0.7020, 2699327
0.7020, 2697986
0.7020, 2692929
0.7020, 2679445
0.7020, 2672806
0.7020, 2670603
0.7020, 2670582
0.7020, 2664808
0.7020, 2661802
0.7020, 2660599
0.7020, 2659467
0.7020, 2653918
0.7020, 2652661
0.7020, 2650929
0.7020, 2650690
0.7030, 2645967
0.7030, 2642982
0.7030, 2638224
0.7030, 2637482
0.7030, 2637410
0.7030, 2634583
0.7030, 2632415
0.7030, 2622586
0.7030, 2605792
0.7030, 2603386
0.7030, 2602795
0.7030, 2601199
0.7030, 2600910
0.7030, 2598757
0.7030, 2597709
0.7030, 2594542
0.7040, 2563042
0.7040, 2561663
0.7040, 2561176
0.7040, 2546829
0.7040, 2537781
0.7040, 2534102
0.7040, 2519003
0.7040, 2516574
0.7040, 2512237
0.7040, 2511307
0.7040, 2511167
0.7040, 2506018
0.7050, 2505773
0.7050, 2495461
0.7050, 2494563
0.7050, 2487649
0.7050, 2484579
0.7050, 2483577
0.7050, 2483534
0.7050, 2483515
0.7050, 2483108
0.7050, 2480462
0.7050, 2478077
0.7050, 2476622
0.7050, 2476010
0.7060, 2471381
0.7060, 2470459
0.7060, 2405146
0.7060, 2404607
0.7060, 2396740
0.7060, 2395855
0.7060, 2394988
0.7060, 2392036
0.7060, 2377267
0.7060, 2376190
0.7060, 2376018
0.7060, 2375861
0.7060, 2375228
0.7060, 2368269
0.7060, 2367472
0.7070, 2366811
0.7070, 2365838
0.7070, 2362985
0.7070, 2362738
0.7070, 2360467
0.7070, 2352843
0.7070, 2351684
0.7070, 2351232
0.7070, 2349541
0.7070, 2348895
0.7070, 2347864
0.7070, 2346842
0.7070, 2346452
0.7080, 2345559
0.7080, 2331702
0.7080, 2327413
0.7080, 2325713
0.7080, 2323321
0.7080, 2318154
0.7080, 2317594
0.7080, 2313137
0.7080, 2311996
0.7080, 2310572
0.7090, 2310415
0.7090, 2302848
0.7090, 2295335
0.7090, 2294066
0.7090, 2187888
0.7090, 2175450
0.7090, 2175051
0.7090, 2173123
0.7090, 2172587
0.7100, 2170580
0.7100, 2169460
0.7100, 2165376
0.7100, 2150520
0.7100, 2150445
0.7100, 2149837
0.7100, 2139593
0.7100, 2139012
0.7100, 2138976
0.7100, 2138933
0.7110, 2137276
0.7110, 2136692
0.7110, 2136253
0.7110, 2134867
0.7110, 2131876
0.7110, 2130101
0.7110, 2127087
0.7110, 2127027
0.7110, 2118040
0.7110, 2111940
0.7110, 2109819
0.7110, 2108536
0.7120, 2107413
0.7120, 2107093
0.7120, 2097137
0.7120, 2088992
0.7120, 2084214
0.7120, 2083252
0.7120, 2081157
0.7120, 2080881
0.7120, 2080862
0.7120, 2071366
0.7120, 2070183
0.7130, 2069837
0.7130, 2064521
0.7130, 2062415
0.7130, 2055850
0.7130, 2050971
0.7130, 2047455
0.7140, 2030274
0.7140, 2021454
0.7140, 2021436
0.7140, 2020725
0.7140, 2018334
0.7140, 2017188
0.7140, 2015432
0.7140, 2013075
0.7140, 1992010
0.7140, 1990484
0.7140, 1989784
0.7140, 1971972
0.7150, 1968549
0.7150, 1967867
0.7150, 1966648
0.7150, 1965069
0.7150, 1955019
0.7150, 1953893
0.7150, 1929973
0.7160, 1910329
0.7160, 1905123
0.7160, 1897242
0.7160, 1895254
0.7160, 1894222
0.7160, 1894218
0.7160, 1891042
0.7160, 1887167
0.7160, 1886715
0.7160, 1883399
0.7160, 1871211
0.7170, 1870801
0.7170, 1867775
0.7170, 1867344
0.7170, 1865771
0.7170, 1864396
0.7170, 1857459
0.7170, 1848194
0.7170, 1847564
0.7170, 1845928
0.7170, 1845198
0.7180, 1844117
0.7180, 1842316
0.7180, 1839730
0.7180, 1836323
0.7190, 1836256
0.7190, 1833208
0.7190, 1820291
0.7190, 1819985
0.7190, 1815991
0.7190, 1813844
0.7190, 1813813
0.7200, 1813202
0.7200, 1786530
0.7200, 1784427
0.7200, 1773653
0.7200, 1773494
0.7200, 1771829
0.7210, 1771799
0.7210, 1763830
0.7210, 1763490
0.7210, 1758982
0.7210, 1755419
0.7220, 1754061
0.7220, 1753295
0.7220, 1752621
0.7220, 1752577
0.7220, 1751981
0.7220, 1751544
0.7230, 1751425
0.7230, 1750676
0.7230, 1749920
0.7230, 1748559
0.7230, 1748526
0.7230, 1747478
0.7230, 1747066
0.7230, 1746491
0.7240, 1745775
0.7240, 1743622
0.7240, 1741291
0.7240, 1741265
0.7240, 1741228
0.7240, 1741069
0.7240, 1740827
0.7240, 1737163
0.7240, 1731579
0.7240, 1730569
0.7250, 1726981
0.7250, 1719139
0.7250, 1719068
0.7250, 1718948
0.7260, 1718597
0.7260, 1712938
0.7270, 1709725
0.7270, 1705753
0.7270, 1705341
0.7270, 1705182
0.7280, 1704615
0.7280, 1703928
0.7280, 1703678
0.7280, 1703669
0.7280, 1702407
0.7280, 1702203
0.7290, 1695800
0.7290, 1694512
0.7290, 1694392
0.7290, 1691091
0.7290, 1686458
0.7290, 1671284
0.7290, 1670597
0.7290, 1669774
0.7300, 1665829
0.7300, 1665005
0.7300, 1663586
0.7300, 1659558
0.7300, 1656091
0.7300, 1655531
0.7300, 1653904
0.7300, 1653798
0.7300, 1652076
0.7300, 1649582
0.7300, 1639157
0.7310, 1638753
0.7310, 1638541
0.7310, 1637054
0.7310, 1636209
0.7310, 1636149
0.7310, 1635935
0.7310, 1634719
0.7320, 1628030
0.7320, 1625930
0.7330, 1621632
0.7330, 1619206
0.7340, 1617538
0.7340, 1616685
0.7340, 1616118
0.7340, 1614226
0.7350, 1612953
0.7350, 1592670
0.7350, 1592345
0.7350, 1591032
0.7350, 1590316
0.7350, 1587566
0.7360, 1586918
0.7360, 1585411
0.7360, 1585367
0.7360, 1582282
0.7360, 1581970
0.7370, 1576164
0.7370, 1575825
0.7370, 1541674
0.7370, 1539897
0.7370, 1539011
0.7370, 1537710
0.7370, 1537486
0.7370, 1537038
0.7380, 1536518
0.7380, 1535236
0.7380, 1534246
0.7380, 1534077
0.7380, 1531737
0.7380, 1529837
0.7380, 1529086
0.7390, 1524022
0.7390, 1520662
0.7390, 1520438
0.7390, 1508951
0.7390, 1508543
0.7400, 1495925
0.7400, 1491502
0.7400, 1489200
2.4580, 1487735
2.4580, 1487034
2.4580, 1486708
2.4590, 1486170
2.4590, 1484981
2.4590, 1471483
2.4600, 1467370
2.4600, 1456967
2.4600, 1456767
2.4600, 1443782
2.4600, 1443298
2.4620, 1414409
2.4620, 1411244
2.4620, 1410940
2.4620, 1410687
2.4620, 1408870
2.4620, 1401073
2.4620, 1400897
2.4620, 1400503
2.4620, 1394571
2.4620, 1392480
2.4620, 1389139
2.4620, 1384060
2.4620, 1383271
2.4620, 1378486
2.4620, 1378204
2.4620, 1365206
2.4630, 1361754
74.7060, 1358065
74.7060, 1342818
74.7070, 1341481
74.7070, 1339778
74.7070, 1338649
74.7070, 1323269
74.7070, 1322630
74.7080, 1315648
101.8720, 1314043
101.8720, 1310939
101.8720, 1310850
101.8720, 1310605
143.4860, 1303762
213.2970, 1301442
213.2980, 1297092
213.2980, 1291392
213.2980, 1289595
213.2980, 1278894
213.2980, 1278311
213.2990, 1276359
213.3000, 1274248
213.3000, 1272466
219.8030, 1272035
244.1780, 1271887
248.1590, 1271469
272.9090, 1270966
299.1220, 1267894
366.8970, 1267532
366.8970, 1265928
366.8970, 1265732
366.8980, 1264057
366.8980, 1264017
366.8980, 1258139
366.8980, 1257413
366.8980, 1256607
366.8980, 1255182
366.8980, 1253951
366.8980, 1253949
366.8990, 1253036
366.8990, 1251730
366.8990, 1249014
366.8990, 1247747
366.8990, 1247447
366.8990, 1247384
366.9000, 1245138
366.9000, 1245064
366.9000, 1241691
366.9000, 1241654
366.9010, 1234572
366.9010, 1230231
366.9010, 1229198
366.9010, 1228535
366.9010, 1226890
366.9020, 1226515
366.9020, 1226406
366.9020, 1224565
366.9020, 1221608
366.9020, 1219868
366.9020, 1209830
370.0800, 1208213
370.0800, 1208201
370.0800, 1208155
370.0810, 1205280
370.0810, 1203865
370.0810, 1202685
370.0810, 1201257
370.0820, 1200789
370.0830, 1200330
370.0840, 1199137
370.0840, 1198820
370.0840, 1197093
370.0840, 1195359
370.0840, 1194604
370.0840, 1192104
370.0840, 1179315
370.0840, 1176781
370.0850, 1176234
370.0850, 1173888
370.0850, 1173093
371.1350, 1173091
371.1350, 1171041
371.1350, 1170989
371.1350, 1170519
371.1350, 1169878
371.1360, 1167521
371.1360, 1166545
371.1360, 1165506
371.1360, 1163590
371.1370, 1163213
371.1370, 1155067
371.1370, 1153775
371.1380, 1148026
371.1380, 1147977
371.1380, 1147135
371.1390, 1146603
371.1390, 1144052
371.1400, 1143561
371.1410, 1143188
371.1410, 1142148
371.1410, 1141148
371.1410, 1140043
371.1410, 1139121
371.1410, 1138520
371.1410, 1129732
371.1410, 1129569
371.1420, 1127846
371.1420, 1127491
371.1430, 1126848
371.1430, 1126788
373.2440, 1117484
373.2440, 1117466
373.2440, 1115742
373.2450, 1115073
373.2450, 1113198
373.2460, 1111961
373.2460, 1110317
373.2460, 1094545
373.2460, 1093378
373.2460, 1093228
373.2460, 1091448
373.2460, 1090714
373.2460, 1089331
373.2470, 1086238
373.2470, 1086020
373.2480, 1085777
373.2480, 1085063
373.2480, 1084961
373.2480, 1084891
373.2480, 1084464
373.2480, 1083018
373.2490, 1080848
373.2490, 1078524
373.2490, 1077436
373.2490, 1075501
373.2490, 1074805
373.2500, 1071992
373.2500, 1071964
373.2500, 1071944
373.2500, 1071436
373.2500, 1069685
373.2510, 1069463
373.2510, 1060966
373.2510, 1059364
373.2520, 1058263
373.2520, 1057447
373.2520, 1057440
374.3090, 1037918
374.3090, 1037451
374.3100, 1036083
374.3100, 1034945
374.3100, 1034551
374.3120, 1032684
374.3130, 1031753
374.3130, 1030630
374.3130, 1030346
374.3130, 1030330
374.3130, 1030235
374.3130, 1029788
374.3140, 1029523
374.3140, 1029406
374.3140, 1027763
374.3140, 1027382
374.3150, 1024377
374.3150, 1021894
374.3150, 1021891
375.3630, 1020584
375.3630, 1019883
375.3630, 1019862
375.3640, 1019315
375.3640, 1016949
375.3640, 1016309
375.3640, 1010690
375.3640, 1008960
375.3650, 1008647
375.3650, 1008249
375.3650, 1007740
375.3650, 1005371
375.3650, 1003757
375.3660, 1002425
375.3660, 1001600
375.3660, 1000577
375.3660, 999863
375.3660, 999407
375.3670, 998144
375.3670, 998050
375.3670, 998032
375.3670, 997806
375.3670, 997670
375.3670, 996756
375.3670, 995739
375.3670, 993634
375.3680, 993249
375.3680, 989612
375.3680, 989448
375.3680, 988726
375.3680, 988703
375.3680, 988169
375.3680, 987782
376.3990, 985558
376.3990, 984174
376.3990, 983150
376.3990, 981851
376.3990, 981593
376.3990, 981320
376.4000, 980114
376.4000, 974619
376.4010, 973891
376.4010, 973171
376.4010, 972067
376.4010, 971716
376.4010, 970896
376.4010, 970399
376.4010, 970395
376.4010, 968955
376.4020, 965572
376.4020, 964808
376.4020, 963350
376.4020, 963334
376.4030, 963296
376.4030, 959772
376.4050, 959537
376.4050, 958747
376.4050, 954985
376.4060, 954872
376.4060, 954283
376.4060, 953489
376.4060, 949326
376.4060, 947618
376.4060, 946872
376.4060, 946522
376.4070, 946073
376.4070, 945356
376.4070, 944593
376.4090, 944103
376.4090, 942942
376.4090, 940722
376.4090, 940679
376.4090, 940146
376.4100, 933590
376.4100, 931924
376.4100, 927721
376.4100, 925281
376.4100, 924974
376.4110, 924293
376.4110, 923513
376.4110, 923420
376.4110, 923055
376.4120, 922711
376.4120, 922086
376.4120, 921606
376.4120, 917510
376.4130, 916915
376.4140, 914392
376.4140, 914155
376.4140, 913989
376.4140, 913820
376.4150, 912318
377.4470, 910141
377.4480, 909096
377.4480, 907802
377.4480, 907417
377.4490, 907346
377.4490, 906805
377.4500, 904921
377.4510, 904872
377.4510, 903705
377.4510, 903192
377.4520, 901607
377.4520, 899145
377.4520, 898749
377.4560, 898737
377.4560, 898279
377.4570, 897801
377.4580, 896204
377.4580, 895743
377.4580, 895136
377.4580, 893871
377.4590, 893684
377.4600, 892427
377.4610, 891441
377.4610, 890906
378.5000, 886137
378.5000, 880490
378.5000, 877837
378.5000, 877008
378.5010, 876303
378.5010, 874958
378.5010, 873526
378.5010, 873314
378.5020, 872000
378.5020, 871863
378.5040, 870939
378.5050, 868415
378.5070, 868262
378.5080, 868223
378.5090, 867574
378.5100, 865862
378.5110, 865783
378.5110, 862840
378.5110, 861203
378.5110, 861094
378.5110, 861080
378.5120, 859465
378.5120, 857615
378.5130, 856787
378.5130, 856723
378.5140, 856387
378.5150, 851442
379.5510, 850906
379.5530, 850170
379.5530, 846888
379.5540, 846213
379.5540, 845597
379.5550, 845563
379.5560, 845446
379.5560, 845031
379.5560, 844192
380.5880, 843823
380.5890, 843719
380.5890, 842100
380.5900, 841955
380.5900, 841522
380.5900, 840954
380.5900, 840858
380.5900, 838258
380.5910, 836901
380.5910, 835996
380.5910, 834592
380.5910, 834054
380.5920, 833955
380.5920, 833935
380.5930, 833281
380.5930, 831451
380.5940, 829689
380.5950, 829581
380.5950, 829186
380.5950, 827500
380.5960, 827330
380.5970, 827283
380.5980, 826541
380.5980, 826136
380.5980, 821068
380.6000, 818838
380.6000, 817826
380.6010, 817774
380.6010, 817614
380.6020, 817549
380.6040, 817454
381.6360, 816140
381.6400, 816039
381.6420, 815815
381.6440, 813778
381.6450, 810650
381.6450, 810245
381.6450, 808950
381.6460, 807061
381.6460, 806301
381.6460, 806005
381.6480, 804485
381.6480, 804179
381.6490, 799432
381.6490, 799332
381.6510, 797984
382.6640, 797510
382.6640, 796545
382.6650, 792043
382.6650, 792021
382.6650, 788569
382.6660, 787675
382.6660, 787574
382.6670, 787419
382.6670, 784437
382.6680, 783878
382.6690, 782978
382.6700, 782560
382.6700, 782155
382.6700, 782045
382.6720, 781380
382.6730, 781177
382.6730, 779017
382.6730, 778694
382.6770, 777893
382.6780, 777734
382.6780, 777467
382.6780, 777104
382.6790, 775299
382.6810, 775160
382.6830, 774406
382.6840, 774171
382.6880, 769984
383.7040, 767972
383.7060, 767944
383.7080, 767875
383.7090, 766853
383.7100, 766804
383.7100, 766330
383.7120, 766029
383.7150, 765366
383.7150, 764624
383.7150, 763516
383.7150, 763429
383.7150, 763015
383.7160, 762077
383.7160, 761546
383.7170, 761389
383.7190, 760826
383.7190, 759604
383.7190, 759434
383.7200, 758849
383.7220, 757835
383.7230, 757288
383.7240, 757150
383.7240, 757128
383.7240, 756904
384.7450, 756619
384.7460, 756421
384.7470, 754983
384.7480, 754803
384.7510, 754459
384.7550, 752653
384.7580, 751482
385.7630, 748616
385.7730, 748467
385.7750, 748186
385.7760, 747487
385.7760, 747430
385.7760, 747424
385.7770, 747419
385.7770, 746726
385.7820, 746543
385.7830, 746069
385.7860, 745832
385.7880, 745306
385.7900, 744548
385.7940, 743567
385.7960, 742634
385.7960, 741040
386.8020, 740190
386.8030, 739338
386.8030, 738621
386.8050, 738536
386.8070, 738127
386.8070, 737972
386.8080, 737498
386.8090, 737219
386.8100, 737143
386.8120, 729872
386.8160, 729738
386.8180, 729264
386.8180, 727473
386.8180, 726079
386.8210, 725832
386.8210, 723831
386.8230, 723260
386.8240, 722773
386.8290, 720862
387.8310, 720562
387.8320, 720314
387.8320, 719908
387.8320, 718719
387.8350, 718631
387.8380, 714993
387.8380, 714916
387.8400, 714368
387.8420, 714348
387.8450, 712964
387.8480, 707652
387.8520, 707630
387.8530, 707378
387.8550, 706014
387.8570, 705344
388.8660, 705249
388.8770, 705064
388.8810, 704930
388.8920, 703564
388.8960, 703561
389.9040, 703350
389.9080, 703193
389.9140, 699173
389.9170, 698774
389.9170, 698461
389.9180, 698129
390.9400, 698090
390.9430, 697400
390.9450, 697118
390.9500, 697059
390.9540, 697023
391.9750, 696960
391.9760, 696392
391.9990, 695941
392.0000, 695831
392.0030, 695211
393.0070, 694979
393.0270, 694139
393.0340, 694060
393.0390, 693866
393.0420, 693381
394.0690, 693209
394.0710, 693006
395.0750, 692103
395.1020, 690943
395.1040, 690112
396.1120, 690021
396.1160, 689419
396.1190, 689195
397.1360, 689120
397.1370, 688778
397.1490, 688749
398.1560, 688578
398.1570, 687997
399.1960, 687880
400.2330, 687858
402.2700, 687830
405.3220, 687781
