0.0002, 7135008
0.0008, 7122822
0.0009, 7116624
0.0009, 7056284
0.0009, 7038393
0.0010, 7028573
0.0011, 7013126
0.0016, 6980069
0.0016, 6951347
0.0016, 6947853
0.0017, 6946556
0.0017, 6937472
0.0017, 6935163
0.0018, 6932874
0.0018, 6919081
0.0019, 6841042
0.0019, 6839366
0.0027, 6835967
0.0027, 6835083
0.0028, 6827842
0.0031, 6819925
0.0031, 6816907
0.0034, 6789810
0.0034, 6785441
0.0219, 6783716
0.0219, 6782986
0.0220, 6717019
0.0293, 6713100
0.0294, 6704611
0.0294, 6695897
0.0295, 6673076
0.0298, 6620810
0.0298, 6609624
0.0299, 6587180
0.0303, 6560145
0.2579, 6559334
0.2579, 6503793
0.2580, 6469176
0.2580, 6467997
0.2580, 6439319
0.2587, 6348774
0.5762, 6307258
0.5762, 6306204
0.5762, 6304862
0.9842, 6298548
0.9843, 6288002
0.9843, 6272977
0.9845, 6266944
0.9845, 6261327
0.9850, 6259800
0.9854, 6233521
0.9855, 6152842
0.9855, 6151760
0.9864, 6148396
0.9864, 6136938
0.9871, 6106268
0.9876, 6106250
0.9900, 6103184
0.9900, 6091526
0.9900, 6079963
0.9913, 6076183
0.9913, 6030057
0.9913, 6027807
0.9914, 5987242
0.9914, 5975993
0.9915, 5971135
0.9924, 5970641
0.9924, 5964945
0.9924, 5945829
0.9926, 5863229
0.9927, 5846289
0.9927, 5825056
0.9927, 5822180
0.9934, 5804917
0.9940, 5796180
0.9940, 5774978
0.9940, 5773997
0.9940, 5772533
0.9941, 5768007
0.9941, 5745659
0.9943, 5678051
0.9943, 5677651
0.9945, 5677613
0.9945, 5676255
0.9945, 5672531
0.9945, 5671267
0.9945, 5660519
0.9946, 5631607
0.9946, 5610281
0.9946, 5608226
0.9949, 5595045
0.9949, 5587424
0.9949, 5559974
0.9950, 5544481
0.9950, 5542261
0.9950, 5520974
0.9950, 5493063
0.9951, 5489851
0.9951, 5471401
0.9951, 5469401
0.9951, 5457592
0.9952, 5457041
0.9958, 5442999
0.9959, 5442256
0.9959, 5410191
0.9959, 5403063
0.9959, 5385392
0.9960, 5279666
0.9961, 5233975
0.9961, 5225398
0.9961, 5220434
0.9962, 5219802
0.9963, 5198972
0.9986, 5197359
0.9987, 5196660
0.9988, 5191856
0.9998, 5149948
0.9998, 5111693
0.9998, 5106261
0.9999, 5105069
1.0000, 5103340
1.0000, 5098682
1.0000, 5096300
1.0000, 5095971
1.0000, 5092119
1.0000, 5072777
1.0001, 5058494
1.0007, 5055060
1.0007, 5053583
1.0008, 5053273
1.0008, 5039367
1.0008, 5029675
1.0008, 5020649
1.0009, 5001959
1.0009, 4990015
1.0016, 4972265
1.0018, 4971706
1.0019, 4965354
1.0019, 4965350
1.0029, 4962735
1.0029, 4959461
1.0031, 4951712
1.0034, 4927303
1.0034, 4922290
1.0035, 4897542
1.0035, 4888847
1.0036, 4876975
1.0036, 4858406
1.0036, 4761125
1.0037, 4740638
1.0037, 4740598
1.0037, 4731807
1.0037, 4728553
1.0038, 4713430
1.0038, 4697189
1.0038, 4687845
1.0038, 4681195
1.0039, 4675524
1.0040, 4671199
1.0041, 4666130
1.0042, 4617703
1.0045, 4616601
1.0045, 4610227
1.0045, 4602564
1.0046, 4600570
1.0046, 4598475
1.0047, 4592912
1.0047, 4584526
1.0048, 4584461
1.0049, 4569818
1.0050, 4558003
1.0050, 4556591
1.0050, 4550148
1.0051, 4523234
1.0051, 4522888
1.0052, 4522862
1.0052, 4520423
1.0053, 4514710
1.0053, 4513655
1.0054, 4512099
1.0054, 4510517
1.0072, 4497748
1.0072, 4495972
1.0073, 4491916
1.0074, 4483501
1.0074, 4476773
1.0074, 4476383
1.0074, 4458915
1.0075, 4458304
1.0075, 4452907
1.0076, 4421034
1.0077, 4396098
1.0077, 4390424
1.0077, 4386754
1.0078, 4384044
1.0089, 4383776
1.0089, 4382562
1.0090, 4361129
1.0091, 4359954
1.0091, 4359479
1.0093, 4352373
1.0094, 4347974
1.0094, 4345840
1.0095, 4278702
1.0096, 4267811
1.0096, 4240425
1.0097, 4172947
1.0099, 4169730
1.0099, 4123769
1.0099, 4123441
1.0100, 4123176
1.0100, 4116659
1.0114, 4112123
1.0116, 4110684
1.0118, 4108804
1.0118, 4105044
1.0119, 4055230
1.0119, 4051843
1.0120, 4045577
1.0120, 4042873
1.0121, 4032427
1.0122, 4018883
1.0123, 4017133
1.0123, 3890679
1.0123, 3889567
1.0125, 3888146
1.0126, 3886453
1.0131, 3852483
1.0132, 3852145
1.0132, 3849294
1.0133, 3848694
1.0137, 3845076
1.0137, 3842467
1.0137, 3838350
1.0138, 3767673
1.0149, 3751845
1.0150, 3749770
1.0151, 3745348
1.0152, 3742842
1.0152, 3740753
1.0152, 3710993
1.0152, 3708012
1.0153, 3697095
1.0153, 3693524
1.0154, 3689441
1.0154, 3687408
1.0154, 3686991
1.0155, 3686792
1.0155, 3685591
1.0155, 3685196
1.0158, 3679179
1.0159, 3665620
1.0159, 3663878
1.0165, 3655475
1.0165, 3649425
1.0165, 3648624
1.0166, 3647566
1.0168, 3639211
1.0169, 3636696
1.0169, 3634125
1.0171, 3633391
1.0171, 3632706
1.0171, 3630454
1.0172, 3626834
1.0173, 3626697
1.0173, 3624172
1.0174, 3616349
1.0174, 3611947
1.0175, 3604559
1.0176, 3574649
1.0177, 3559940
1.0179, 3559195
1.0180, 3556367
1.0181, 3528325
1.0181, 3527832
1.0181, 3527040
1.0182, 3518830
1.0182, 3513018
1.0182, 3511883
1.0183, 3503835
1.0183, 3499558
1.0183, 3496703
1.0183, 3473697
1.0184, 3465879
1.0185, 3465221
1.0185, 3458758
1.0186, 3454447
1.0187, 3451295
1.0187, 3439696
1.0187, 3439118
1.0188, 3435627
1.0188, 3417109
1.0188, 3410485
1.0189, 3400774
1.0190, 3397466
1.0191, 3390759
1.0192, 3389314
1.0193, 3385015
1.0193, 3373695
1.0194, 3293083
1.0195, 3293074
1.0195, 3292988
1.0195, 3292486
1.0196, 3291612
1.0196, 3290063
1.0197, 3285648
1.0197, 3285338
1.0198, 3267459
1.0198, 3266778
1.0198, 3261540
1.0199, 3233080
1.0199, 3228091
1.0205, 3228078
1.0206, 3222506
1.0207, 3195497
1.0210, 3189472
1.0211, 3172789
1.0211, 3168514
1.0212, 3167900
1.0212, 3167242
1.0213, 3155140
1.0213, 3146237
1.0215, 3143711
1.0216, 3142525
1.0217, 3142165
1.0221, 3124601
1.0222, 3119593
1.0222, 3109309
1.0223, 3106760
1.0223, 3101951
1.0224, 3101828
1.0224, 3096291
1.0225, 3057824
1.0225, 3056721
1.0225, 3046717
1.0226, 3046275
1.0226, 3044772
1.0227, 3043251
1.0228, 3042448
1.0228, 3042002
1.0230, 3034671
1.0230, 3032005
1.0232, 3022675
1.0232, 3022412
1.0233, 3001801
1.0233, 2977873
1.0234, 2977517
1.0234, 2976241
1.0236, 2970327
1.0236, 2968935
1.0237, 2964697
1.0237, 2962800
1.0238, 2954920
1.0238, 2952533
1.0238, 2952512
1.0239, 2952507
1.0239, 2949403
1.0240, 2949096
1.0241, 2945401
1.0242, 2944220
1.0244, 2942518
1.0245, 2939007
1.0245, 2933453
1.0246, 2919807
1.0246, 2905774
1.0247, 2905037
1.0247, 2904321
1.0248, 2900940
1.0250, 2894287
1.0250, 2891167
1.0250, 2890605
1.0252, 2890447
1.0252, 2889514
1.0253, 2888849
1.0254, 2888831
1.0254, 2884876
1.0255, 2875209
1.0257, 2874103
1.0257, 2857565
1.0258, 2857529
1.0258, 2857043
1.0259, 2848978
1.0259, 2836801
1.0260, 2836478
1.0260, 2832992
1.0261, 2830476
1.0263, 2827519
1.0265, 2827109
1.0266, 2823033
1.0271, 2822041
1.0275, 2819058
1.0278, 2815648
1.0279, 2803447
1.0279, 2770675
1.0280, 2763243
1.0280, 2760117
1.0281, 2726562
1.0282, 2726468
1.0283, 2723769
1.0284, 2657281
1.0285, 2655982
1.0287, 2628677
1.0288, 2626762
1.0288, 2625296
1.0290, 2619571
1.0290, 2612055
1.0291, 2610073
1.0292, 2607422
1.0294, 2588360
1.0295, 2577356
1.0297, 2577122
1.0297, 2575200
1.0297, 2573428
1.0299, 2570066
1.0299, 2568171
1.0300, 2558603
1.0301, 2556373
1.0302, 2540271
1.0303, 2540137
1.0303, 2540023
1.0305, 2539178
1.0306, 2535131
1.0306, 2533450
1.0309, 2523170
1.0311, 2523164
1.0314, 2510949
1.0314, 2508528
1.0315, 2508303
1.0315, 2500020
1.0318, 2496744
1.0318, 2495086
1.0319, 2493533
1.0319, 2491258
1.0320, 2490080
1.0321, 2489073
1.0321, 2479450
1.0321, 2478946
1.0322, 2460129
1.0323, 2458850
1.0324, 2458674
1.0324, 2435227
1.0325, 2434089
1.0328, 2421451
1.0328, 2417716
1.0329, 2412672
1.0329, 2411819
1.0331, 2410916
1.0333, 2409090
1.0334, 2388595
1.0334, 2387480
1.0334, 2383361
1.0335, 2379232
1.0336, 2354858
1.0338, 2354309
1.0338, 2341162
1.0339, 2326578
1.0339, 2326382
1.0340, 2325545
1.0343, 2325100
1.0343, 2321635
1.0343, 2299375
1.0344, 2292203
1.0344, 2284981
1.0344, 2279897
1.0345, 2278576
1.0346, 2269694
1.0347, 2269677
1.0351, 2269072
1.0352, 2250918
1.0354, 2250267
1.0356, 2249891
1.0358, 2249843
1.0359, 2248652
1.0360, 2244528
1.0361, 2243139
1.0361, 2240969
1.0362, 2225792
1.0362, 2222253
1.0364, 2212446
1.0364, 2208474
1.0367, 2206138
1.0369, 2202688
1.0370, 2197209
1.0370, 2193568
1.0373, 2187537
1.0374, 2157268
1.0375, 2149852
1.0376, 2148788
1.0376, 2145863
1.0377, 2144934
1.0378, 2143811
1.0379, 2142324
1.0382, 2142071
1.0384, 2140927
1.0386, 2137572
1.0387, 2134217
1.0388, 2110358
1.0389, 2110345
1.0391, 2107151
1.0393, 2106281
1.0394, 2104854
1.0397, 2103923
1.0400, 2092074
1.0402, 2091989
1.0402, 2091940
1.0402, 2090226
1.0404, 2088814
1.0407, 2070078
1.0407, 2069615
1.0408, 2068067
1.0410, 2066957
1.0410, 2064906
1.0418, 2061310
1.0420, 2056333
1.0421, 2053997
1.0422, 2053723
1.0424, 2048361
1.0424, 2044311
1.0426, 2042709
1.0428, 2041680
1.0429, 2038034
1.0430, 2030689
1.0432, 2028865
1.0432, 2024634
1.0433, 2021741
1.0433, 2019435
1.0433, 2017518
1.0434, 2015768
1.0435, 2014400
1.0435, 2012969
1.0435, 2012422
1.0437, 1986258
1.0438, 1984449
1.0439, 1984297
1.0444, 1983807
1.0446, 1982488
1.0447, 1981281
1.0450, 1979074
1.0450, 1978859
1.0450, 1978296
1.0451, 1978078
1.0452, 1977391
1.0452, 1976388
1.0453, 1974119
1.0455, 1971757
1.0455, 1964820
1.0458, 1964587
1.0459, 1960729
1.0462, 1960723
1.0464, 1956001
1.0464, 1944369
1.0465, 1920783
1.0470, 1911386
1.0470, 1910899
1.0472, 1910825
1.0474, 1910587
1.0478, 1905611
1.0479, 1901661
1.0482, 1901472
1.0482, 1899051
1.0486, 1898951
1.0487, 1897620
1.0488, 1891420
1.0488, 1887870
1.0490, 1887498
1.0494, 1877387
1.0496, 1874987
1.0498, 1870211
1.0500, 1853714
1.0503, 1853050
1.0504, 1795494
1.0505, 1795488
1.0506, 1794584
1.0506, 1785186
1.0510, 1783491
1.0511, 1782850
1.0513, 1781871
1.0516, 1781861
1.0517, 1781859
1.0518, 1765570
1.0519, 1764606
1.0525, 1763900
1.0525, 1760663
1.0525, 1740485
1.0526, 1727396
1.0529, 1681453
1.0530, 1681278
1.0531, 1680504
1.0540, 1676955
1.0547, 1676812
1.0547, 1676606
1.0550, 1675406
1.0551, 1673627
1.0552, 1672554
1.0563, 1671816
1.0563, 1663894
1.0564, 1660946
1.0565, 1658976
1.0574, 1655510
1.0575, 1655112
1.0582, 1652206
1.0583, 1651397
1.0584, 1649766
1.0584, 1648521
1.0587, 1648278
1.0589, 1637667
1.0590, 1637400
1.0595, 1636247
1.0597, 1627211
1.0599, 1627172
1.0601, 1625782
1.0604, 1625727
1.0605, 1579679
1.0616, 1574255
1.0616, 1573748
1.0619, 1572527
1.0619, 1571625
1.0619, 1552337
1.0624, 1551981
1.0624, 1551077
1.0627, 1550126
1.0631, 1549957
1.0638, 1549089
1.0640, 1541564
1.0642, 1533884
1.0642, 1533438
1.0642, 1533137
1.0646, 1532716
1.0646, 1531520
1.0646, 1516514
1.0649, 1516310
1.0651, 1510121
1.0655, 1508104
1.0658, 1508083
1.0659, 1507851
1.0659, 1506699
1.0663, 1503318
1.0664, 1503012
1.0665, 1501077
1.0667, 1501058
1.0668, 1494188
1.0678, 1491785
1.0679, 1491667
1.0679, 1490551
1.0682, 1487721
1.0683, 1484834
1.0686, 1480735
1.0686, 1479390
1.0694, 1478111
1.0695, 1449169
1.0698, 1448271
1.0705, 1445218
1.0713, 1434835
1.0715, 1434590
1.0717, 1432098
1.0718, 1428261
1.0718, 1427872
1.0720, 1423363
1.0724, 1421564
1.0728, 1418130
1.0729, 1417529
1.0731, 1415511
1.0734, 1415478
1.0737, 1414835
1.0746, 1414406
1.0747, 1414013
1.0755, 1413422
1.0761, 1412281
1.0765, 1411316
1.0765, 1409154
1.0768, 1408095
1.0770, 1407881
1.0771, 1407841
1.0777, 1406405
1.0784, 1405519
1.0787, 1405115
1.0788, 1404946
1.0789, 1402614
1.0789, 1402193
1.0790, 1402170
1.0793, 1374698
1.0802, 1372636
1.0806, 1371730
1.0807, 1370779
1.0808, 1368271
1.0818, 1365989
11.4265, 1365941
11.4266, 1365585
11.4268, 1351737
11.4270, 1351375
11.4273, 1342772
11.4276, 1341349
11.4281, 1340045
11.4285, 1339715
11.4285, 1327962
33.8372, 1323126
33.8379, 1322306
33.8386, 1318722
33.8388, 1303052
33.8392, 1302779
33.8399, 1301905
33.8401, 1301207
33.8404, 1300484
33.8411, 1295498
33.8411, 1295067
33.8414, 1294396
86.9341, 1275470
86.9341, 1269018
86.9342, 1268005
86.9342, 1267822
86.9343, 1267279
86.9344, 1265880
86.9359, 1264635
86.9360, 1264571
211.2295, 1264570
246.8043, 1263441
248.3784, 1262506
303.1242, 1261777
303.1248, 1259441
303.1248, 1254932
303.1252, 1250713
303.1254, 1250595
303.1256, 1249401
303.1257, 1244409
303.1261, 1243980
303.1269, 1243948
303.1269, 1242016
303.1271, 1240983
303.1277, 1240963
303.1278, 1230134
368.8214, 1229742
412.8390, 1227549
418.4829, 1224629
418.4845, 1223884
418.4846, 1223839
418.4849, 1180235
418.4860, 1180064
418.4864, 1180063
418.4865, 1175076
418.4868, 1173724
418.4869, 1173601
418.4870, 1168668
418.4873, 1168251
418.4880, 1165148
420.6815, 1157188
420.6816, 1156196
420.6818, 1138376
420.6825, 1135726
420.6828, 1134641
420.6834, 1133118
420.6834, 1130755
421.7613, 1128614
421.7618, 1127718
421.7619, 1127035
421.7619, 1126815
421.7626, 1125449
421.7630, 1124649
421.7633, 1119127
421.7633, 1118577
421.7643, 1117139
421.7647, 1117112
421.7649, 1116552
421.7650, 1111047
421.7651, 1110161
421.7657, 1106133
421.7663, 1105173
421.7667, 1104684
421.7668, 1104577
421.7669, 1103966
421.7674, 1103868
421.7674, 1103810
421.7681, 1103574
421.7683, 1102972
421.7686, 1102639
421.7696, 1102074
421.7697, 1101407
421.7701, 1100447
421.7704, 1094702
421.7706, 1089874
421.7708, 1089137
421.7710, 1088251
421.7710, 1088147
421.7711, 1088040
422.7805, 1086683
422.8581, 1086444
422.8588, 1083382
422.8593, 1082769
422.8598, 1082051
422.8599, 1080822
422.8602, 1080316
422.8606, 1079859
422.8610, 1079769
422.8617, 1078103
423.9385, 1077333
423.9402, 1076016
423.9403, 1073959
423.9406, 1073680
423.9415, 1073137
423.9417, 1072631
423.9425, 1063159
423.9426, 1063017
423.9429, 1062528
423.9435, 1062319
423.9446, 1062184
423.9452, 1060125
423.9457, 1059943
423.9459, 1059211
423.9462, 1046996
423.9464, 1039930
425.0299, 1039451
425.0302, 1038455
425.0305, 1036535
425.0305, 1036295
425.0306, 1035897
425.0314, 1031326
425.0315, 1030008
426.0782, 1029791
426.0785, 1028598
426.0792, 1026814
426.0795, 1026214
426.0796, 1025914
426.0800, 1025802
426.0803, 1025515
426.0807, 1024796
426.0807, 1021850
426.0812, 1021676
426.0818, 1016266
426.0819, 1015558
426.0828, 1015376
426.0839, 1015373
426.0842, 1015095
426.0850, 1014785
426.0860, 1013022
426.0865, 1012834
426.0867, 1011414
426.0880, 1011203
426.0884, 1008630
426.0889, 1008280
426.0893, 1007155
426.0895, 1000951
426.0902, 1000132
426.0920, 1000090
426.0923, 999996
426.0956, 993978
426.0971, 992562
426.0973, 992402
426.0978, 987324
426.0982, 987293
426.0996, 987169
426.0998, 986143
426.0999, 983302
426.1004, 979358
426.1005, 979233
426.1014, 976540
426.1023, 973817
426.1024, 973380
426.1031, 973230
427.1525, 973149
427.1532, 972793
427.1536, 972547
427.1537, 972094
427.1538, 970998
427.1543, 968028
427.1548, 967047
427.1549, 964622
427.1552, 962679
427.1553, 962318
427.1555, 961358
427.1556, 961170
427.1562, 960865
427.1563, 959673
427.1567, 957958
427.1568, 957384
427.1574, 956549
427.1576, 956044
427.1578, 955817
427.1584, 955768
427.1593, 954402
427.1594, 954096
427.1595, 953104
427.1604, 953057
427.1606, 952393
427.1608, 950434
427.1623, 950292
427.1624, 949158
427.1628, 948993
427.1635, 948870
427.1656, 945332
427.1664, 942911
427.1686, 940164
427.1689, 939325
427.1692, 938721
427.1693, 933129
427.1696, 925220
427.1698, 923857
427.1700, 923198
427.1714, 923125
427.1737, 921331
427.1751, 920000
427.1751, 919943
427.1757, 919842
427.1765, 918957
427.1766, 918396
427.1767, 917235
427.1770, 912300
427.1775, 911857
427.1781, 911035
427.1784, 910127
427.1802, 910124
428.2324, 909138
428.2326, 908231
428.2326, 907228
428.2335, 907199
428.2336, 905993
428.2356, 905649
428.2370, 902272
428.2380, 899851
428.2382, 899752
428.2390, 899399
428.2390, 898480
428.2394, 887136
428.2400, 886348
428.2404, 886267
428.2409, 886112
428.2413, 885023
428.2418, 875881
428.2420, 875733
428.2427, 874820
428.2432, 874331
428.2436, 872897
428.2443, 872805
428.2453, 871371
428.2454, 871273
428.2458, 870979
428.2459, 869834
428.2461, 868859
428.2471, 868824
428.2477, 867154
428.2486, 864737
428.2487, 864702
428.2489, 864636
428.2491, 862198
428.2504, 861833
428.2508, 861194
428.2522, 860604
428.2530, 857288
428.2543, 856785
428.2551, 856171
428.2555, 855397
428.2558, 855371
428.2592, 854610
428.2605, 851137
428.2613, 850070
429.2726, 849586
429.3184, 848659
429.3186, 848101
429.3190, 847385
429.3230, 846699
429.3236, 846097
429.3244, 844304
429.3251, 843807
429.3263, 843222
429.3269, 843081
429.3276, 842377
429.3278, 841943
429.3292, 841738
429.3297, 841193
429.3297, 841183
429.3299, 838282
429.3301, 837221
429.3310, 836267
429.3320, 835211
429.3328, 835026
429.3329, 834508
429.3344, 832588
430.3472, 832490
430.3880, 831931
430.3881, 831864
430.3892, 830364
430.3898, 823692
430.3918, 823625
430.3920, 822114
430.3920, 819245
430.3931, 818473
430.3937, 818274
430.3938, 816837
430.3940, 816833
430.3944, 816604
430.3965, 816577
430.3984, 816165
430.3984, 813607
430.3989, 809212
430.3997, 809110
430.4008, 808016
430.4013, 806033
430.4019, 805723
430.4021, 805562
430.4053, 804363
430.4055, 803984
430.4080, 800555
432.4909, 800469
432.4919, 799557
432.4969, 798168
432.4984, 797170
432.4989, 795250
432.5042, 795142
432.5056, 795065
432.5068, 794872
432.5068, 792584
432.5092, 792417
432.5098, 791083
432.5114, 789873
432.5118, 787525
432.5168, 787276
432.5169, 785620
432.5174, 784595
432.5200, 784306
432.5225, 783750
432.5240, 783548
432.5243, 783009
432.5252, 782232
432.5289, 781456
432.5294, 781019
432.5300, 780974
432.5307, 780884
432.5312, 775549
432.5319, 773804
432.5332, 773436
432.5333, 773115
432.5351, 772876
432.5366, 770350
432.5369, 767865
432.5416, 764689
432.5458, 763243
433.5971, 762818
433.5972, 762665
433.6019, 762567
433.6027, 762201
433.6044, 761907
433.6054, 761753
433.6067, 761172
433.6068, 760995
434.6355, 760128
434.6427, 759750
434.6434, 756515
434.6434, 756232
434.6435, 756120
434.6463, 756098
434.6473, 755429
434.6489, 755424
434.6496, 754737
434.6512, 753399
434.6563, 752965
434.6593, 752601
434.6624, 750860
434.6645, 750308
435.6677, 749358
435.6734, 749131
435.6734, 748475
435.6736, 748295
435.6746, 747922
435.6754, 747220
435.6858, 746462
435.6873, 745774
435.6886, 744775
435.6959, 744658
435.6961, 744032
435.6978, 742238
435.6986, 738900
435.7040, 738783
435.7065, 738329
435.7068, 738156
435.7076, 737314
435.7160, 737305
436.7242, 736223
436.7262, 735459
436.7282, 734045
436.7298, 733762
436.7308, 732579
436.7337, 732182
436.7345, 732035
436.7348, 731577
436.7351, 731390
436.7382, 728402
436.7389, 727771
436.7434, 727164
436.7544, 726886
436.7567, 725923
436.7573, 725897
436.7590, 725601
436.7609, 725126
436.7641, 725057
436.7652, 724759
436.7665, 724544
436.7729, 723189
437.7978, 722492
437.8052, 722464
437.8077, 722289
437.8095, 721473
437.8122, 721083
437.8176, 719223
437.8215, 718511
437.8241, 717862
437.8266, 717265
438.8417, 716762
438.8429, 716041
438.8536, 715713
438.8563, 715319
438.8576, 714913
438.8601, 714889
438.8645, 714824
438.8692, 713974
438.8697, 713713
438.8747, 713591
439.9216, 708395
439.9220, 708344
439.9230, 706852
439.9232, 706658
439.9352, 705623
439.9387, 705007
439.9415, 705002
440.9824, 704256
440.9846, 704221
440.9850, 703523
440.9883, 703358
440.9974, 703150
442.0146, 702667
442.0147, 702492
442.0147, 702157
442.0362, 701763
442.0382, 700658
442.0452, 700191
442.0457, 699243
442.0461, 699022
442.0473, 699004
442.0523, 698654
443.0676, 693202
443.0681, 693125
443.0803, 693054
443.0885, 692061
443.0895, 691391
443.1011, 691331
444.1221, 691270
444.1258, 690479
444.1385, 687378
444.1466, 687356
444.1567, 687167
445.1925, 686659
446.2311, 686324
446.2397, 685979
446.2411, 685972
446.2479, 685546
447.2668, 684244
447.2669, 683354
447.2800, 683273
448.3386, 681928
451.4628, 681900
457.6559, 681691
