0.0003, 6981934
0.0010, 6961079
0.0011, 6953763
0.0012, 6950732
0.0015, 6943740
0.0015, 6932522
0.0036, 6882017
0.0036, 6881481
0.0037, 6872529
0.0037, 6868702
0.0037, 6860903
0.0037, 6833323
0.0040, 6820582
0.0040, 6819883
0.0040, 6815900
0.0041, 6815237
0.0041, 6813379
0.0043, 6812530
0.0043, 6797549
0.0044, 6792063
0.0141, 6791537
0.0142, 6788100
0.0142, 6773899
0.0142, 6769473
0.0142, 6768870
0.0291, 6766155
0.0347, 6765646
0.0348, 6755325
0.0349, 6725671
0.0349, 6722778
0.0350, 6685177
0.0357, 6622784
0.0358, 6611798
0.0358, 6610005
0.0359, 6601298
0.0359, 6600340
0.0421, 6574505
0.0421, 6571773
0.0422, 6570080
0.0422, 6558557
0.0422, 6558025
0.0422, 6532267
0.0422, 6522427
0.0424, 6511673
0.0424, 6509298
0.0424, 6505723
0.0424, 6474928
0.0425, 6466695
0.0428, 6465580
0.0428, 6456501
0.5657, 6401875
0.9429, 6382653
0.9430, 6380435
0.9430, 6365056
0.9430, 6358454
0.9431, 6353392
0.9431, 6353322
0.9431, 6352799
0.9431, 6352657
0.9432, 6290654
0.9543, 6242907
0.9608, 6231036
0.9623, 6220917
0.9623, 6197229
0.9624, 6128401
0.9626, 6058983
0.9627, 6044129
0.9627, 6041842
0.9627, 6023008
0.9627, 6022106
0.9640, 6012893
0.9640, 6005916
0.9640, 5998586
0.9646, 5993894
0.9646, 5993484
0.9647, 5963130
0.9647, 5952124
0.9654, 5952121
0.9654, 5916518
0.9654, 5915658
0.9655, 5905700
0.9656, 5891215
0.9656, 5862747
0.9657, 5861100
0.9657, 5856739
0.9657, 5854757
0.9657, 5850998
0.9658, 5848805
0.9666, 5844381
0.9667, 5837724
0.9667, 5823422
0.9668, 5758437
0.9668, 5750302
0.9669, 5729351
0.9670, 5724774
0.9672, 5655151
0.9672, 5626888
0.9672, 5625220
0.9673, 5620274
0.9673, 5587291
0.9673, 5574766
0.9673, 5569455
0.9674, 5564082
0.9677, 5545417
0.9678, 5516426
0.9678, 5487481
0.9678, 5486720
0.9678, 5422238
0.9679, 5410229
0.9679, 5403499
0.9681, 5398400
0.9681, 5376229
0.9684, 5352047
0.9685, 5351970
0.9685, 5351148
0.9685, 5344161
0.9685, 5318734
0.9686, 5262606
0.9686, 5261496
0.9686, 5239879
0.9687, 5218745
0.9687, 5200510
0.9687, 5195042
0.9688, 5194380
0.9688, 5194116
0.9691, 5193332
0.9693, 5181429
0.9693, 5179842
0.9696, 5158207
0.9698, 5152171
0.9698, 5152038
0.9719, 5097951
0.9720, 5092778
0.9720, 5075984
0.9721, 5066443
0.9721, 5046086
0.9721, 5043958
0.9722, 5043547
0.9726, 5042186
0.9727, 5034186
0.9727, 5030519
0.9727, 5030015
0.9727, 5022451
0.9747, 5005862
0.9748, 4994418
0.9748, 4983810
0.9748, 4983733
0.9749, 4965774
0.9749, 4951080
0.9749, 4947522
0.9750, 4942834
0.9753, 4942585
0.9753, 4913890
0.9754, 4909716
0.9754, 4903996
0.9755, 4902545
0.9757, 4902132
0.9765, 4900883
0.9765, 4871084
0.9766, 4867561
0.9766, 4850392
0.9766, 4838858
0.9767, 4837372
0.9770, 4836676
0.9770, 4826788
0.9771, 4814670
0.9772, 4805193
0.9773, 4802972
0.9774, 4748942
0.9774, 4748790
0.9774, 4745518
0.9775, 4738712
0.9775, 4725736
0.9776, 4662998
0.9777, 4653437
0.9777, 4639242
0.9777, 4635934
0.9778, 4633389
0.9788, 4596289
0.9788, 4552215
0.9789, 4548300
0.9790, 4514521
0.9790, 4512703
0.9791, 4489640
0.9791, 4477565
0.9792, 4465568
0.9793, 4464370
0.9794, 4457081
0.9795, 4453066
0.9795, 4452717
0.9795, 4447288
0.9796, 4442913
0.9796, 4442810
0.9796, 4441206
0.9801, 4430883
0.9801, 4418643
0.9801, 4417953
0.9801, 4409951
0.9802, 4383549
0.9803, 4375893
0.9804, 4375791
0.9804, 4362369
0.9804, 4360010
0.9805, 4351388
0.9805, 4351366
0.9805, 4322508
0.9805, 4299781
0.9806, 4297021
0.9806, 4295417
0.9806, 4287292
0.9809, 4248563
0.9809, 4239221
0.9809, 4237109
0.9810, 4225205
0.9810, 4216314
0.9812, 4214380
0.9819, 4158278
0.9819, 4151644
0.9824, 4137077
0.9824, 4136859
0.9825, 4136524
0.9825, 4125948
0.9826, 4021686
0.9826, 4011343
0.9827, 4010355
0.9828, 4008615
0.9828, 4005202
0.9829, 4001900
0.9829, 3995980
0.9829, 3988044
0.9829, 3987144
0.9830, 3986653
0.9830, 3954275
0.9830, 3954227
0.9831, 3946053
0.9838, 3926918
0.9839, 3907555
0.9840, 3903053
0.9841, 3903031
0.9843, 3894325
0.9843, 3893362
0.9844, 3892447
0.9844, 3891025
0.9844, 3883151
0.9844, 3881048
0.9845, 3875399
0.9846, 3853892
0.9846, 3849017
0.9848, 3847886
0.9849, 3846760
0.9849, 3845365
0.9852, 3836115
0.9852, 3817382
0.9852, 3808548
0.9853, 3808294
0.9853, 3799306
0.9854, 3792764
0.9854, 3779057
0.9855, 3777819
0.9855, 3776680
0.9856, 3774274
0.9856, 3763513
0.9856, 3762955
0.9857, 3752912
0.9857, 3751545
0.9857, 3750913
0.9858, 3743502
0.9859, 3739976
0.9861, 3738408
0.9861, 3737308
0.9862, 3733838
0.9863, 3727972
0.9866, 3720344
0.9867, 3649778
0.9867, 3621988
0.9867, 3554423
0.9868, 3554000
0.9868, 3547470
0.9868, 3545136
0.9877, 3544503
0.9879, 3474003
0.9879, 3419173
0.9880, 3409757
0.9880, 3329525
0.9880, 3289247
0.9881, 3272114
0.9885, 3264090
0.9885, 3263998
0.9886, 3255382
0.9890, 3254291
0.9891, 3246951
0.9894, 3240833
0.9895, 3235623
0.9896, 3186080
0.9897, 3167527
0.9898, 3165216
0.9898, 3157682
0.9900, 3157256
0.9902, 3149946
0.9902, 3135289
0.9903, 3128205
0.9903, 3122139
0.9903, 3120177
0.9905, 3113843
0.9905, 3112204
0.9905, 3103735
0.9906, 3097529
0.9906, 3094887
0.9907, 3091676
0.9907, 3091665
0.9909, 3090288
0.9912, 3090166
0.9913, 3042225
0.9914, 3040089
0.9915, 3038090
0.9915, 3034853
0.9915, 3034214
0.9916, 3031104
0.9916, 3029827
0.9917, 3027081
0.9918, 3024165
0.9918, 3021709
0.9918, 3017717
0.9919, 3016951
0.9920, 3016350
0.9921, 3016323
0.9922, 3009809
0.9922, 3004653
0.9923, 2999209
0.9924, 2979429
0.9924, 2979152
0.9925, 2958847
0.9926, 2957114
0.9927, 2956526
0.9927, 2956102
0.9927, 2952941
0.9929, 2950191
0.9929, 2950141
0.9930, 2946414
0.9930, 2945473
0.9931, 2945415
0.9932, 2942722
0.9935, 2934719
0.9936, 2934555
0.9937, 2932629
0.9937, 2919222
0.9937, 2904040
0.9937, 2903168
0.9938, 2902852
0.9938, 2898738
0.9938, 2883987
0.9938, 2806204
0.9941, 2802561
0.9942, 2802404
0.9942, 2799457
0.9943, 2796996
0.9943, 2796032
0.9943, 2782449
0.9944, 2769616
0.9944, 2768711
0.9946, 2766919
0.9947, 2757113
0.9948, 2755187
0.9948, 2754183
0.9950, 2754153
0.9950, 2753871
0.9952, 2740301
0.9953, 2738181
0.9955, 2733703
0.9956, 2732354
0.9956, 2728846
0.9956, 2720049
0.9958, 2719726
0.9959, 2717438
0.9960, 2716965
0.9960, 2713706
0.9962, 2710051
0.9962, 2709607
0.9963, 2688450
0.9963, 2686268
0.9964, 2683155
0.9965, 2682827
0.9969, 2682091
0.9969, 2679814
0.9971, 2677812
0.9971, 2671296
0.9972, 2618154
0.9976, 2614061
0.9977, 2612836
0.9977, 2612363
0.9977, 2610607
0.9978, 2610529
0.9979, 2607994
0.9979, 2587626
0.9980, 2585980
0.9981, 2585271
0.9983, 2584564
0.9984, 2580639
0.9984, 2579042
0.9985, 2577619
0.9986, 2564056
0.9986, 2563494
0.9987, 2551353
0.9988, 2546488
0.9988, 2540423
0.9990, 2538368
0.9990, 2537739
0.9992, 2537310
0.9993, 2536226
0.9994, 2533977
0.9995, 2529536
1.0006, 2528857
1.0006, 2503089
1.0008, 2496152
1.0009, 2492408
1.0010, 2489999
1.0012, 2489360
1.0016, 2487725
1.0016, 2487634
1.0018, 2483015
1.0019, 2481554
1.0020, 2471711
1.0021, 2471176
1.0022, 2468676
1.0022, 2465334
1.0024, 2464291
1.0025, 2460957
1.0027, 2438125
1.0028, 2432273
1.0029, 2428784
1.0032, 2426395
1.0033, 2426080
1.0033, 2418408
1.0034, 2412926
1.0035, 2412184
1.0040, 2386426
1.0040, 2360575
1.0042, 2359659
1.0042, 2358995
1.0042, 2358880
1.0045, 2357481
1.0048, 2356381
1.0050, 2356307
1.0052, 2343373
1.0052, 2343086
1.0054, 2340122
1.0055, 2340072
1.0055, 2337792
1.0057, 2335054
1.0059, 2328938
1.0064, 2325472
1.0067, 2290771
1.0068, 2290660
1.0071, 2277618
1.0072, 2273342
1.0073, 2269974
1.0074, 2267303
1.0074, 2242835
1.0076, 2226193
1.0077, 2226191
1.0077, 2223905
1.0081, 2223596
1.0084, 2222230
1.0084, 2217173
1.0084, 2216802
1.0085, 2216711
1.0086, 2212867
1.0086, 2212216
1.0088, 2189900
1.0089, 2188353
1.0089, 2187416
1.0089, 2187324
1.0091, 2185134
1.0092, 2182741
1.0092, 2175862
1.0093, 2174224
1.0094, 2171545
1.0095, 2168754
1.0096, 2167931
1.0097, 2150375
1.0097, 2149944
1.0097, 2149331
1.0101, 2146802
1.0102, 2140368
1.0104, 2137177
1.0105, 2135866
1.0106, 2118496
1.0107, 2110241
1.0107, 2109892
1.0109, 2096929
1.0110, 2095268
1.0112, 2090336
1.0112, 2090319
1.0113, 2089350
1.0113, 2089272
1.0113, 2087614
1.0114, 2087608
1.0116, 2087515
1.0117, 2083086
1.0124, 2082864
1.0127, 2081469
1.0128, 2079190
1.0130, 2079170
1.0131, 2078629
1.0134, 2077790
1.0135, 2074876
1.0137, 2071098
1.0139, 2070913
1.0141, 2070242
1.0142, 2063010
1.0143, 2061884
1.0144, 2061657
1.0145, 2058826
1.0146, 2046678
1.0148, 2046245
1.0150, 2036871
1.0151, 2036868
1.0153, 2033506
1.0156, 2033352
1.0161, 2033165
1.0162, 2032006
1.0163, 2027731
1.0164, 2020152
1.0170, 2019329
1.0172, 2019267
1.0174, 2019097
1.0175, 2006834
1.0178, 1989572
1.0188, 1989567
1.0188, 1987096
1.0190, 1986060
1.0190, 1984798
1.0191, 1978130
1.0192, 1978119
1.0194, 1969253
1.0199, 1967913
1.0202, 1965678
1.0203, 1964543
1.0204, 1964332
1.0205, 1963713
1.0206, 1963641
1.0206, 1963613
1.0207, 1962988
1.0208, 1961676
1.0209, 1955348
1.0210, 1955216
1.0212, 1953839
1.0213, 1953386
1.0214, 1918482
1.0215, 1917630
1.0217, 1916126
1.0218, 1913401
1.0218, 1912164
1.0219, 1911343
1.0220, 1910432
1.0224, 1909511
1.0225, 1908412
1.0226, 1906564
1.0227, 1832898
1.0227, 1831940
1.0228, 1819022
1.0229, 1817807
1.0229, 1805287
1.0229, 1804988
1.0235, 1802937
1.0237, 1802058
1.0239, 1800389
1.0242, 1799369
1.0246, 1797668
1.0250, 1796408
1.0251, 1779685
1.0252, 1779364
1.0255, 1777008
1.0262, 1765288
1.0265, 1763805
1.0267, 1762557
1.0268, 1757783
1.0268, 1720841
1.0271, 1720172
1.0273, 1702380
1.0276, 1700362
1.0282, 1699974
1.0284, 1699443
1.0284, 1694234
1.0287, 1692512
1.0290, 1691994
1.0291, 1686853
1.0294, 1681083
1.0294, 1678903
1.0295, 1675588
1.0296, 1674317
1.0298, 1673608
1.0300, 1672348
1.0302, 1672291
1.0309, 1671609
1.0318, 1671171
1.0320, 1671124
1.0322, 1659396
1.0324, 1646567
1.0325, 1645113
1.0326, 1639634
1.0327, 1639560
1.0327, 1639043
1.0328, 1634766
1.0329, 1633411
1.0335, 1633167
1.0337, 1632969
1.0341, 1623045
1.0343, 1622494
1.0343, 1621518
1.0344, 1621061
1.0344, 1570113
1.0346, 1567987
1.0346, 1561573
1.0347, 1557083
1.0348, 1547062
1.0350, 1544888
1.0351, 1539902
1.0352, 1539205
1.0355, 1535336
1.0356, 1524546
1.0358, 1524043
1.0362, 1523986
1.0364, 1522315
1.0370, 1522001
1.0382, 1518976
1.0385, 1518389
1.0390, 1514128
1.0404, 1506195
1.0411, 1504386
1.0412, 1493371
1.0412, 1492410
1.0417, 1491233
1.0419, 1490598
1.0421, 1488725
1.0424, 1487765
1.0430, 1485239
1.0431, 1485177
1.0433, 1485039
1.0433, 1484250
1.0435, 1475334
1.0436, 1474172
1.0437, 1473937
1.0438, 1472697
1.0440, 1471965
1.0441, 1469603
1.0443, 1456853
1.0444, 1456085
1.0444, 1446497
1.0446, 1445563
1.0453, 1445551
1.0454, 1436425
1.0459, 1435162
1.0460, 1435128
1.0460, 1435031
1.0466, 1434241
1.0471, 1428526
1.0474, 1427710
1.0477, 1427538
1.0487, 1427430
1.0490, 1426907
1.0493, 1423988
1.0495, 1421615
1.0495, 1418714
1.0496, 1417702
1.0499, 1415595
1.0503, 1414044
1.0507, 1411448
1.0508, 1411060
1.0514, 1409325
1.0514, 1409161
1.0515, 1408866
1.0516, 1405559
1.0517, 1405478
1.0519, 1401495
1.0522, 1400798
1.0528, 1399863
1.0537, 1399764
1.0538, 1399627
11.3969, 1392719
11.3970, 1392705
11.3971, 1386807
11.3974, 1386733
11.3974, 1384545
11.3982, 1379811
11.3986, 1379138
11.3986, 1375816
11.3988, 1375403
11.3989, 1373848
11.3990, 1372915
11.3994, 1372073
11.4000, 1371973
11.4015, 1370393
11.4017, 1370117
11.4026, 1367902
11.4026, 1367824
11.4027, 1367297
11.4036, 1365412
15.5368, 1343507
15.5373, 1343219
15.5379, 1342247
15.5384, 1341051
15.5384, 1340085
15.5388, 1338876
15.5388, 1334626
15.5391, 1334068
15.5392, 1333790
15.5401, 1332938
15.5404, 1330629
15.5405, 1330545
19.6737, 1316562
19.6746, 1316372
19.6748, 1314902
19.6749, 1313470
19.6749, 1312485
19.6756, 1311743
19.6757, 1285460
74.5117, 1283397
171.9766, 1283258
207.7286, 1283096
222.5468, 1282875
254.9516, 1281266
254.9518, 1280557
254.9523, 1279776
254.9527, 1279318
254.9543, 1279187
254.9544, 1270131
254.9547, 1268131
254.9548, 1267401
254.9549, 1267350
254.9551, 1266013
254.9552, 1264375
254.9552, 1264321
254.9555, 1261332
254.9557, 1258065
303.7244, 1254788
305.1550, 1253588
373.2800, 1253496
414.6012, 1233904
416.8013, 1231686
416.8018, 1220382
416.8020, 1216380
416.8020, 1191632
416.8037, 1189539
416.8038, 1188106
416.8041, 1180970
416.8046, 1178368
416.8064, 1162867
416.8067, 1160232
416.8068, 1158229
416.8072, 1157351
416.8076, 1157245
416.8077, 1156512
416.8078, 1156310
416.8079, 1155656
417.9079, 1123419
420.0911, 1121931
420.0918, 1121916
420.0924, 1118869
420.0926, 1118376
420.0927, 1117543
420.0929, 1117400
420.0932, 1116947
420.0935, 1107716
420.0941, 1103339
420.0942, 1103286
420.0943, 1102419
421.1746, 1083221
421.1756, 1081479
421.1759, 1081469
421.1762, 1080028
421.1763, 1078763
421.1764, 1074518
421.1764, 1074505
421.1765, 1071419
421.1766, 1071317
421.1768, 1068582
421.1793, 1065783
421.1802, 1064552
421.1804, 1064369
421.1804, 1063692
421.1804, 1060775
421.1818, 1059112
421.1833, 1056558
423.3322, 1055553
423.3326, 1055410
423.3327, 1053133
423.3330, 1052931
423.3340, 1052213
423.3341, 1051642
423.3342, 1048878
423.3342, 1048766
423.3342, 1045168
423.3343, 1045055
423.3363, 1038080
423.3374, 1036598
423.3375, 1034519
423.3383, 1034460
423.3385, 1034411
423.3387, 1032317
423.3389, 1031343
423.3390, 1029603
423.3390, 1028559
423.3393, 1025419
423.3399, 1025374
423.3408, 1025310
423.3409, 1024826
423.3415, 1023357
423.3415, 1023181
423.3417, 1023051
423.3418, 1022912
423.3420, 1017757
423.3423, 1017594
423.3424, 1017528
423.3424, 1017406
423.3427, 1016014
423.3431, 1015782
423.3440, 1015470
423.3442, 1014246
423.3443, 1014181
423.3458, 1013624
423.3458, 1009334
423.3463, 1008839
423.3468, 1008560
423.3472, 1007483
423.3478, 1007377
423.3478, 1006412
424.4254, 1005176
424.4258, 1004491
424.4286, 1003967
424.4293, 1002438
425.4937, 1001972
425.4938, 1001913
425.4945, 999938
425.4946, 998050
425.4948, 995444
425.4950, 994906
425.4958, 994856
425.4963, 992856
425.4965, 992569
425.4975, 989138
425.4982, 988146
425.4982, 988027
425.4985, 982920
425.4988, 981881
425.4989, 981257
425.4990, 980192
425.4993, 977244
425.4995, 975380
425.4999, 974381
425.4999, 974363
425.5001, 973988
425.5011, 973131
425.5013, 972966
425.5017, 972415
425.5024, 971344
425.5026, 971337
425.5026, 971135
425.5028, 969747
425.5031, 966543
425.5031, 966092
425.5036, 965665
425.5037, 965663
425.5045, 961715
425.5046, 961387
425.5053, 960208
426.5136, 950954
426.5496, 950803
426.5502, 950500
426.5503, 949906
426.5504, 949899
426.5505, 948876
426.5510, 945226
426.5514, 941961
426.5515, 940803
426.5531, 940641
426.5542, 940615
426.5543, 938937
426.5547, 937245
426.5555, 936679
426.5555, 935819
426.5572, 935039
426.5579, 934466
426.5581, 934087
426.5582, 933602
426.5588, 928536
426.5602, 928504
426.5603, 925175
426.5617, 925065
426.5617, 924855
426.5625, 924571
426.5631, 922547
426.5652, 921901
426.5661, 921307
426.5663, 915787
426.5664, 913682
426.5671, 910275
426.5689, 908666
426.5694, 908595
426.5694, 903375
426.5704, 900778
426.5721, 900631
426.5722, 898900
426.5725, 898148
426.5730, 897676
426.5736, 896139
426.5738, 896102
426.5749, 895166
426.5757, 893894
426.5764, 893768
426.5768, 891186
426.5777, 891106
426.5779, 890503
426.5782, 890361
426.5790, 890328
426.5792, 889454
426.5798, 889003
426.5801, 888383
427.6262, 887148
427.6266, 887000
427.6273, 886419
427.6283, 885830
427.6286, 885041
427.6289, 884001
427.6293, 883057
427.6296, 881918
427.6312, 881354
427.6315, 880981
427.6329, 879172
427.6334, 877966
427.6337, 876695
427.6337, 876546
427.6341, 870318
427.6351, 866350
427.6358, 864576
427.6363, 863186
427.6372, 862684
427.6383, 862064
427.6388, 862055
427.6397, 861839
427.6403, 860461
427.6406, 859742
427.6432, 857985
427.6438, 855699
427.6439, 850396
427.6445, 848411
427.6466, 846833
427.6467, 844489
428.7110, 842988
428.7116, 842600
428.7122, 841281
428.7146, 840223
428.7152, 840184
428.7153, 838506
428.7161, 836963
428.7163, 836628
428.7171, 835427
429.7723, 835129
429.7730, 834886
429.7730, 832612
429.7738, 831027
429.7758, 829598
429.7762, 828106
429.7792, 828041
429.7799, 827971
429.7806, 827936
429.7812, 827239
429.7818, 827000
429.7820, 826440
429.7821, 824210
429.7833, 823656
429.7851, 823431
429.7857, 820281
429.7859, 819836
429.7883, 818207
430.8107, 817912
430.8108, 817178
430.8111, 815951
430.8151, 815668
430.8173, 815242
430.8177, 814895
430.8182, 813494
430.8184, 812742
430.8204, 812687
430.8242, 812060
430.8247, 811620
430.8249, 808864
430.8254, 808722
430.8261, 808218
430.8265, 808211
430.8268, 808063
430.8281, 807041
430.8285, 805922
430.8288, 805575
430.8300, 805237
430.8309, 805132
430.8361, 805013
430.8375, 804987
430.8385, 803642
430.8388, 803017
430.8392, 802785
430.8406, 802442
430.8410, 801254
430.8416, 801160
430.8425, 799979
430.8439, 799949
430.8460, 799923
430.8471, 799484
430.8490, 798410
430.8509, 798273
430.8514, 797827
431.8615, 797272
431.8615, 796758
431.8975, 794019
431.8984, 792050
431.9022, 791814
431.9024, 791799
431.9042, 790872
431.9052, 790394
431.9093, 789878
431.9100, 789197
431.9120, 789093
431.9137, 789001
431.9154, 788583
431.9169, 788405
431.9181, 787440
431.9182, 786977
432.9615, 785731
432.9642, 785397
432.9644, 785212
432.9656, 785183
432.9657, 783864
432.9679, 783619
432.9699, 783142
432.9711, 783086
432.9740, 782603
432.9762, 782330
432.9764, 781773
432.9765, 781511
434.0129, 781241
434.0159, 780042
434.0187, 778773
434.0202, 778161
434.0219, 778070
434.0226, 774811
434.0228, 774454
434.0257, 774405
434.0282, 774165
434.0309, 773215
434.0320, 771630
434.0352, 770406
434.0401, 769500
435.0462, 768532
435.0463, 766814
435.0549, 766111
435.0558, 765660
435.0595, 763416
435.0613, 762051
435.0632, 761143
435.0649, 760988
435.0681, 760339
435.0684, 759472
435.0701, 759325
435.0719, 759282
435.0723, 759279
435.0735, 758360
435.0758, 758353
435.0773, 757165
435.0777, 757141
435.0803, 756912
435.0857, 752685
435.0937, 751975
435.0958, 751286
435.0972, 750971
436.1168, 750906
436.1169, 750757
436.1183, 749457
436.1191, 749429
436.1210, 748607
436.1243, 746481
436.1249, 746362
436.1265, 746357
436.1308, 744595
436.1316, 744159
436.1340, 743891
436.1353, 743123
436.1367, 742346
436.1467, 741313
436.1503, 741257
437.1601, 740619
437.1778, 740149
437.1789, 739815
437.1803, 738301
437.1820, 735357
437.1856, 735347
437.1859, 731472
437.1869, 731468
437.1874, 731467
437.1879, 731134
437.1970, 730255
437.2001, 730005
437.2063, 729710
438.2497, 728716
438.2544, 727112
439.2708, 726962
439.2969, 726412
439.2991, 726377
439.2999, 726232
439.3049, 726165
439.3057, 726096
439.3063, 726095
439.3107, 725457
439.3142, 723904
440.3288, 722194
440.3306, 722171
440.3319, 721575
440.3362, 720944
440.3385, 719061
440.3413, 718890
440.3531, 718619
440.3555, 718095
440.3597, 718019
440.3601, 717902
440.3626, 716820
441.3797, 716590
441.3970, 714588
441.4073, 714353
441.4112, 711671
442.4309, 711487
442.4374, 711316
442.4443, 711141
442.4464, 710082
442.4500, 709529
442.4588, 708276
442.4619, 707877
442.4621, 706061
442.4702, 705786
443.5086, 705610
444.5283, 705418
444.5541, 705265
444.5606, 705089
445.6027, 704531
446.6326, 704072
446.6372, 703908
446.6375, 703838
448.7241, 703762
451.8393, 703484
453.9043, 703456
453.9056, 703435
454.9387, 702970
458.0296, 702439
464.1429, 702362
