0.0002, 7010360
0.0007, 7008504
0.0008, 6984464
0.0008, 6977363
0.0008, 6976154
0.0009, 6935588
0.0009, 6931003
0.0010, 6923319
0.0010, 6922618
0.0012, 6874458
0.0012, 6864856
0.0012, 6858252
0.0012, 6846321
0.0013, 6844257
0.0013, 6841150
0.0013, 6837680
0.0013, 6826806
0.0013, 6816925
0.0014, 6811447
0.0014, 6769578
0.0014, 6753352
0.0015, 6749279
0.0015, 6739701
0.0016, 6734995
0.0016, 6709758
0.0017, 6698181
0.0038, 6676978
0.0038, 6676223
0.0038, 6674460
0.0038, 6673787
0.0038, 6635770
0.0039, 6630672
0.0040, 6625210
0.0041, 6619597
0.0041, 6609353
0.0042, 6605704
0.0043, 6564708
0.0043, 6556236
0.0047, 6543912
0.0047, 6543248
0.0597, 6525083
0.0598, 6508893
0.2253, 6431041
0.2253, 6424403
0.2255, 6389089
0.2256, 6388186
0.2256, 6377752
0.2262, 6374126
0.2263, 6369771
0.9597, 6360788
0.9598, 6351716
0.9598, 6331685
0.9599, 6311105
0.9599, 6307132
0.9599, 6300809
0.9599, 6298392
0.9600, 6295512
0.9601, 6274879
0.9601, 6261540
0.9601, 6224345
0.9601, 6218691
0.9602, 6217271
0.9602, 6200916
0.9605, 6191059
0.9606, 6186305
0.9606, 6185025
0.9606, 6184693
0.9607, 6177758
0.9607, 6171324
0.9608, 6155061
0.9624, 6147442
0.9625, 6143295
0.9625, 6141495
0.9634, 6112443
0.9635, 6096149
0.9636, 6009200
0.9636, 5993050
0.9636, 5991581
0.9655, 5981699
0.9656, 5973554
0.9656, 5972664
0.9658, 5922067
0.9659, 5917134
0.9659, 5916519
0.9659, 5906159
0.9662, 5890519
0.9662, 5881141
0.9680, 5859861
0.9680, 5854996
0.9680, 5847371
0.9681, 5838762
0.9681, 5837211
0.9682, 5836850
0.9682, 5819062
0.9682, 5815659
0.9682, 5814030
0.9684, 5797864
0.9684, 5796550
0.9685, 5793678
0.9687, 5782028
0.9687, 5780424
0.9687, 5773511
0.9687, 5772374
0.9688, 5763683
0.9688, 5750958
0.9690, 5750455
0.9708, 5725028
0.9708, 5708235
0.9708, 5702328
0.9708, 5699508
0.9708, 5680627
0.9709, 5675221
0.9718, 5675094
0.9722, 5667465
0.9723, 5647256
0.9724, 5636641
0.9724, 5602710
0.9724, 5601308
0.9725, 5598532
0.9725, 5597548
0.9725, 5587734
0.9726, 5587092
0.9726, 5578605
0.9726, 5574976
0.9726, 5572884
0.9727, 5558423
0.9727, 5554920
0.9733, 5553681
0.9733, 5550138
0.9733, 5550120
0.9733, 5547248
0.9733, 5446350
0.9734, 5437782
0.9736, 5400968
0.9736, 5393170
0.9736, 5389259
0.9737, 5375933
0.9748, 5375225
0.9748, 5371838
0.9748, 5370189
0.9750, 5329848
0.9751, 5313984
0.9762, 5274424
0.9762, 5251743
0.9763, 5249524
0.9776, 5235938
0.9776, 5229851
0.9776, 5225965
0.9777, 5200334
0.9777, 5129078
0.9789, 5125557
0.9789, 5109696
0.9789, 5099502
0.9790, 5090480
0.9790, 5054216
0.9791, 5054104
0.9791, 5053490
0.9792, 5035906
0.9792, 5032987
0.9793, 4976305
0.9797, 4967266
0.9797, 4964160
0.9797, 4937074
0.9798, 4933490
0.9799, 4931335
0.9799, 4929104
0.9802, 4910527
0.9802, 4909954
0.9802, 4909613
0.9802, 4863519
0.9808, 4858357
0.9808, 4856488
0.9809, 4854601
0.9810, 4848910
0.9810, 4847295
0.9812, 4838828
0.9812, 4818643
0.9813, 4809505
0.9813, 4772962
0.9815, 4769578
0.9815, 4765533
0.9816, 4764491
0.9817, 4762886
0.9818, 4761815
0.9818, 4761016
0.9818, 4759880
0.9819, 4699465
0.9819, 4681709
0.9821, 4665551
0.9821, 4664061
0.9822, 4661544
0.9822, 4654354
0.9823, 4593769
0.9824, 4585500
0.9824, 4493070
0.9824, 4491825
0.9829, 4488131
0.9830, 4484613
0.9830, 4469359
0.9830, 4422085
0.9831, 4413479
0.9831, 4401950
0.9831, 4399292
0.9831, 4389193
0.9832, 4366329
0.9833, 4366017
0.9834, 4350979
0.9834, 4344909
0.9839, 4334483
0.9839, 4332101
0.9841, 4324459
0.9841, 4324194
0.9842, 4321238
0.9843, 4319109
0.9843, 4318048
0.9844, 4314897
0.9844, 4312678
0.9852, 4300007
0.9862, 4299805
0.9863, 4290542
0.9864, 4268298
0.9864, 4268212
0.9864, 4267599
0.9864, 4255926
0.9865, 4254369
0.9865, 4251813
0.9865, 4249954
0.9865, 4242790
0.9866, 4205780
0.9866, 4204064
0.9867, 4148847
0.9867, 4145112
0.9870, 4139996
0.9872, 4134000
0.9873, 4132177
0.9876, 4129977
0.9876, 4129672
0.9877, 4125950
0.9877, 4124170
0.9879, 4122697
0.9881, 4122335
0.9881, 4121892
0.9881, 4108031
0.9883, 4105132
0.9883, 4097020
0.9883, 3975769
0.9888, 3970375
0.9889, 3965662
0.9889, 3965307
0.9902, 3960917
0.9902, 3960686
0.9902, 3954824
0.9903, 3935134
0.9904, 3932348
0.9904, 3931702
0.9905, 3859608
0.9907, 3840937
0.9907, 3816830
0.9909, 3814936
0.9911, 3788327
0.9911, 3788267
0.9912, 3776035
0.9912, 3775655
0.9912, 3766972
0.9913, 3759817
0.9914, 3753716
0.9915, 3736551
0.9916, 3733631
0.9917, 3731378
0.9917, 3724885
0.9918, 3724000
0.9918, 3721803
0.9918, 3715373
0.9919, 3704536
0.9919, 3701819
0.9920, 3643124
0.9922, 3630962
0.9922, 3623820
0.9922, 3569787
0.9923, 3568769
0.9923, 3565496
0.9924, 3554649
0.9924, 3552959
0.9924, 3547904
0.9927, 3547136
0.9927, 3540718
0.9927, 3540700
0.9929, 3531557
0.9942, 3519683
0.9943, 3513605
0.9947, 3510805
0.9948, 3509548
0.9948, 3505746
0.9948, 3505256
0.9949, 3501904
0.9951, 3497536
0.9951, 3491994
0.9952, 3490876
0.9953, 3490088
0.9953, 3481005
0.9954, 3476729
0.9954, 3476012
0.9956, 3473345
0.9957, 3472588
0.9957, 3469694
0.9958, 3460399
0.9958, 3457512
0.9959, 3456405
0.9959, 3455976
0.9964, 3439242
0.9964, 3434377
0.9967, 3406514
0.9967, 3403226
0.9968, 3396951
0.9969, 3396735
0.9970, 3395960
0.9971, 3395632
0.9971, 3394796
0.9972, 3381703
0.9973, 3378922
0.9974, 3378744
0.9975, 3350569
0.9975, 3348669
0.9975, 3348372
0.9976, 3340018
0.9983, 3327796
0.9984, 3327611
0.9985, 3320101
0.9988, 3318436
0.9989, 3318268
0.9990, 3316816
0.9992, 3316367
0.9992, 3253583
0.9992, 3251715
0.9994, 3236811
0.9995, 3230656
0.9995, 3221445
0.9997, 3219700
1.0001, 3219662
1.0002, 3206710
1.0002, 3202744
1.0007, 3201305
1.0008, 3186939
1.0010, 3184137
1.0012, 3172331
1.0012, 3169654
1.0013, 3151972
1.0015, 3143702
1.0016, 3140581
1.0016, 3139663
1.0017, 3139261
1.0018, 3138731
1.0021, 3137950
1.0022, 3135902
1.0023, 3132882
1.0023, 3124132
1.0024, 3121888
1.0024, 3112226
1.0025, 3111242
1.0025, 3107967
1.0032, 3098152
1.0033, 3096977
1.0034, 3090307
1.0036, 3084194
1.0038, 3082102
1.0038, 3081629
1.0039, 3078891
1.0040, 3070621
1.0040, 3067594
1.0041, 3040700
1.0042, 3039958
1.0047, 3038366
1.0047, 3033133
1.0048, 3027803
1.0048, 3024003
1.0049, 3022072
1.0050, 3021139
1.0050, 3019621
1.0051, 3015421
1.0051, 3008819
1.0063, 3001976
1.0067, 2998265
1.0067, 2998081
1.0069, 2994485
1.0070, 2990791
1.0071, 2926594
1.0072, 2910575
1.0072, 2910422
1.0072, 2910386
1.0073, 2885091
1.0078, 2877874
1.0079, 2875263
1.0079, 2875053
1.0085, 2871145
1.0087, 2868163
1.0087, 2854937
1.0088, 2850630
1.0089, 2848315
1.0090, 2832945
1.0091, 2802997
1.0093, 2802823
1.0096, 2801275
1.0097, 2800521
1.0098, 2799922
1.0098, 2789070
1.0099, 2734215
1.0099, 2730641
1.0100, 2713911
1.0100, 2713810
1.0105, 2713725
1.0107, 2710511
1.0112, 2705441
1.0113, 2692530
1.0113, 2692027
1.0114, 2691118
1.0118, 2690708
1.0120, 2688974
1.0122, 2671206
1.0123, 2670007
1.0124, 2670002
1.0125, 2666803
1.0125, 2665308
1.0125, 2658144
1.0126, 2657495
1.0126, 2654036
1.0127, 2653358
1.0128, 2633683
1.0129, 2633407
1.0129, 2633167
1.0129, 2632811
1.0130, 2631141
1.0130, 2626270
1.0132, 2620631
1.0133, 2617193
1.0133, 2614748
1.0134, 2613338
1.0135, 2604569
1.0140, 2601260
1.0140, 2601167
1.0141, 2521440
1.0142, 2520353
1.0143, 2518987
1.0143, 2515174
1.0144, 2510268
1.0144, 2510246
1.0144, 2509004
1.0145, 2507395
1.0146, 2503089
1.0146, 2485458
1.0147, 2485127
1.0147, 2478830
1.0148, 2476869
1.0149, 2475987
1.0152, 2471187
1.0152, 2461660
1.0152, 2439960
1.0153, 2439483
1.0154, 2433888
1.0154, 2427701
1.0155, 2425107
1.0158, 2423156
1.0158, 2419800
1.0159, 2367216
1.0161, 2366535
1.0165, 2338089
1.0165, 2334807
1.0166, 2323100
1.0167, 2310469
1.0168, 2309382
1.0169, 2309360
1.0170, 2308154
1.0170, 2306803
1.0170, 2249904
1.0171, 2241290
1.0172, 2236331
1.0172, 2236258
1.0173, 2235553
1.0176, 2231826
1.0178, 2214819
1.0178, 2206673
1.0179, 2205523
1.0180, 2204844
1.0180, 2200527
1.0182, 2199338
1.0182, 2196554
1.0183, 2195897
1.0183, 2188966
1.0185, 2188775
1.0185, 2153454
1.0186, 2151472
1.0186, 2149147
1.0191, 2146272
1.0192, 2138386
1.0193, 2129121
1.0193, 2128872
1.0195, 2127905
1.0195, 2079394
1.0195, 2078921
1.0197, 2063761
1.0197, 2029137
1.0198, 2027265
1.0199, 1996253
1.0202, 1995672
1.0204, 1993204
1.0209, 1987104
1.0210, 1986123
1.0211, 1985495
1.0211, 1985161
1.0215, 1984971
1.0216, 1983802
1.0217, 1982770
1.0220, 1974832
1.0220, 1971793
1.0223, 1970059
1.0224, 1961521
1.0226, 1960774
1.0229, 1959694
1.0230, 1958987
1.0232, 1957434
1.0232, 1955575
1.0234, 1954617
1.0235, 1952747
1.0236, 1948988
1.0236, 1939159
1.0237, 1936530
1.0239, 1936483
1.0241, 1936317
1.0241, 1925026
1.0243, 1923758
1.0243, 1923386
1.0244, 1918577
1.0246, 1915478
1.0246, 1908935
1.0247, 1907968
1.0249, 1907064
1.0251, 1906587
1.0252, 1906419
1.0253, 1903576
1.0255, 1902749
1.0255, 1899270
1.0257, 1899237
1.0257, 1898679
1.0260, 1897813
1.0261, 1897271
1.0262, 1896590
1.0262, 1896246
1.0268, 1887896
1.0268, 1887635
1.0269, 1886442
1.0270, 1885005
1.0272, 1879900
1.0274, 1878934
1.0274, 1878106
1.0276, 1875370
1.0281, 1875089
1.0282, 1874449
1.0288, 1866210
1.0290, 1863597
1.0292, 1857351
1.0293, 1857029
1.0295, 1855466
1.0296, 1841762
1.0297, 1840329
1.0299, 1839388
1.0304, 1839238
1.0305, 1838969
1.0308, 1838814
1.0310, 1838734
1.0312, 1838618
1.0317, 1837846
1.0321, 1829749
1.0325, 1827480
1.0326, 1817651
1.0331, 1760567
1.0331, 1759961
1.0334, 1733576
1.0334, 1731007
1.0335, 1730410
1.0337, 1728797
1.0337, 1723645
1.0338, 1720915
1.0340, 1720331
1.0345, 1713859
1.0346, 1711454
1.0350, 1710854
1.0354, 1708993
1.0355, 1708020
1.0356, 1705942
1.0357, 1701365
1.0358, 1699962
1.0360, 1696787
1.0360, 1692720
1.0362, 1681807
1.0363, 1679325
1.0365, 1676084
1.0367, 1675826
1.0368, 1670797
1.0370, 1668078
1.0373, 1665919
1.0374, 1665742
1.0375, 1665720
1.0378, 1665206
1.0380, 1662915
1.0384, 1662674
1.0384, 1658570
1.0385, 1656829
1.0387, 1654422
1.0390, 1653452
1.0394, 1652056
1.0397, 1648431
1.0397, 1645681
1.0398, 1644348
1.0401, 1643661
1.0403, 1638511
1.0403, 1637830
1.0405, 1620998
1.0405, 1617165
1.0411, 1616056
1.0420, 1615552
1.0421, 1615441
1.0421, 1615331
1.0424, 1613821
1.0427, 1613542
1.0427, 1602215
1.0428, 1602049
1.0429, 1601411
1.0431, 1601402
1.0433, 1598968
1.0440, 1597765
1.0441, 1587912
1.0447, 1560816
1.0447, 1559791
1.0452, 1558794
1.0458, 1556496
1.0464, 1555054
1.0465, 1554995
1.0468, 1553134
1.0471, 1553124
1.0474, 1552206
1.0477, 1550824
1.0484, 1545469
1.0488, 1545390
1.0494, 1544990
1.0495, 1543312
1.0495, 1529222
1.0497, 1529042
1.0502, 1528924
1.0503, 1527502
1.0506, 1518399
1.0510, 1517407
1.0513, 1515281
1.0518, 1484607
1.0521, 1482530
1.0523, 1482395
1.0523, 1460444
1.0525, 1459183
1.0526, 1458871
1.0528, 1458666
1.0529, 1458113
1.0529, 1457150
1.0531, 1454367
1.0533, 1453179
1.0534, 1449793
1.0535, 1448521
1.0539, 1447638
1.0542, 1447199
1.0543, 1441154
1.0546, 1439530
1.0547, 1439452
1.0548, 1438874
1.0551, 1438576
1.0551, 1434104
1.0555, 1433911
1.0556, 1433669
1.0557, 1433276
1.0562, 1430119
1.0562, 1429922
1.0564, 1427969
1.0566, 1420972
1.0570, 1419597
1.0581, 1419381
1.0581, 1416004
1.0584, 1408519
1.0587, 1408091
1.0588, 1407965
1.0589, 1407651
1.0590, 1406812
1.0590, 1404358
1.0594, 1403668
1.0599, 1394993
1.0604, 1393883
1.0606, 1392618
1.0607, 1392087
1.0613, 1389100
1.0615, 1378972
1.0616, 1373086
15.4102, 1372114
15.4105, 1372033
21.5190, 1365261
21.5193, 1364705
30.6160, 1362667
43.5805, 1353255
49.5142, 1343738
49.5145, 1340355
49.5150, 1339241
49.5153, 1338090
49.5155, 1337036
49.5155, 1336333
49.5155, 1316307
49.5156, 1316054
49.5159, 1315192
49.5160, 1313772
49.5162, 1313113
49.5164, 1308240
49.5188, 1307382
49.5188, 1299210
49.5192, 1296172
49.5198, 1285868
49.5201, 1285282
49.5202, 1285078
49.5202, 1272664
49.5215, 1268904
49.5215, 1268739
49.5219, 1264600
49.5227, 1263701
49.5231, 1260353
49.5245, 1254609
49.5246, 1252257
49.5250, 1250265
49.5259, 1248791
49.5260, 1248081
49.5265, 1247663
104.2999, 1243371
137.4016, 1243268
146.4022, 1242970
273.1246, 1231668
280.5912, 1195428
292.3883, 1194198
407.5092, 1191053
416.5346, 1188946
418.7139, 1184021
418.7143, 1182759
418.7147, 1182417
418.7152, 1179460
418.7170, 1177734
418.7172, 1175646
418.7175, 1175026
418.7180, 1174915
418.7181, 1173602
418.7181, 1172343
418.7186, 1171398
418.7186, 1167521
418.7194, 1166674
418.7206, 1165881
418.7209, 1164823
418.7216, 1163369
418.7223, 1163002
418.7224, 1162379
418.7229, 1160667
418.7231, 1157108
418.7233, 1156884
418.7238, 1155083
418.7242, 1141393
418.7243, 1139504
418.7253, 1138665
418.7255, 1133780
418.7256, 1133512
418.7263, 1133477
418.7265, 1132795
418.7267, 1132518
418.7269, 1123627
418.7270, 1123437
418.7271, 1122563
418.7274, 1122517
420.8238, 1119514
420.8985, 1118345
420.8987, 1118194
420.8991, 1118140
420.8992, 1116695
420.8993, 1115697
420.9001, 1115361
420.9004, 1112572
420.9006, 1112053
420.9012, 1112035
421.9064, 1111950
421.9698, 1111509
421.9699, 1110882
421.9702, 1110575
421.9703, 1110376
421.9721, 1107764
421.9723, 1103120
421.9735, 1086303
421.9739, 1085019
421.9752, 1081585
421.9753, 1081360
421.9754, 1079149
421.9757, 1078933
421.9765, 1072040
421.9774, 1070562
421.9779, 1068565
421.9786, 1064942
421.9786, 1064656
421.9796, 1056598
421.9802, 1054074
423.0446, 1053902
423.0446, 1053726
423.0449, 1051928
423.0450, 1049266
423.0453, 1037725
423.0455, 1037661
423.0459, 1036398
423.0461, 1036162
423.0465, 1031609
423.0465, 1030492
423.0467, 1028396
423.0469, 1028082
423.0471, 1024820
423.0474, 1024372
423.0486, 1023508
423.0498, 1023455
423.0499, 1023307
423.0505, 1023104
423.0510, 1022846
423.0515, 1021202
423.0518, 1020619
423.0526, 1019793
423.0527, 1019738
423.0534, 1019607
423.0535, 1019483
423.0536, 1016153
423.0545, 1014382
423.0547, 1013761
423.0547, 1013387
423.0559, 1011488
423.0573, 1011009
423.0575, 1010514
423.0576, 1010036
423.0588, 1008413
423.0590, 1007763
424.1326, 1004884
424.1331, 1004656
424.1331, 1004562
424.1332, 1004551
424.1335, 1004065
424.1335, 1003830
424.1338, 1002047
424.1342, 1001960
424.1352, 1000792
424.1355, 999603
424.1361, 992380
424.1364, 990947
424.1369, 989978
424.1378, 989864
425.2008, 986502
425.2010, 985898
425.2023, 982132
425.2034, 981778
425.2048, 976933
425.2052, 975954
425.2063, 974902
425.2065, 974151
425.2067, 973866
425.2083, 972562
425.2092, 972496
425.2094, 971404
425.2095, 971166
425.2095, 969732
425.2096, 969364
425.2114, 969314
425.2119, 968422
425.2122, 967160
425.2125, 966211
425.2129, 964348
425.2139, 963757
425.2146, 962681
425.2151, 959320
425.2154, 954262
425.2164, 953093
425.2165, 952955
425.2177, 952908
425.2180, 952026
426.2622, 950885
426.2626, 950628
426.2633, 949666
426.2637, 948584
426.2647, 946958
426.2649, 946679
426.2662, 944992
426.2662, 943624
426.2663, 942798
426.2685, 942330
426.2688, 936846
426.2692, 934447
426.2698, 934384
426.2701, 933931
426.2717, 933696
426.2719, 932465
426.2720, 932387
426.2724, 931595
426.2724, 931562
426.2726, 931463
426.2727, 931258
426.2728, 929869
426.2734, 928750
426.2738, 928441
426.2739, 927885
426.2802, 927848
426.2808, 927438
426.2811, 925622
426.2811, 925591
426.2822, 925018
426.2823, 924923
426.2827, 923500
426.2830, 919705
426.2841, 919562
426.2842, 919066
426.2857, 919064
426.2864, 917251
426.2864, 916968
426.2870, 916063
426.2871, 916044
426.2883, 915191
426.2886, 911143
426.2901, 910855
426.2907, 909392
426.2909, 908767
426.2920, 908555
426.2925, 908307
426.2928, 907792
426.2932, 906615
426.2936, 898401
426.2937, 896505
426.2945, 895714
426.2952, 894511
426.2967, 892505
426.2975, 892059
427.3345, 890961
427.3348, 890486
427.3352, 890327
427.3354, 890300
427.3380, 888750
427.3385, 886618
427.3387, 886474
427.3389, 886344
427.3396, 884520
427.3398, 883750
427.3400, 883449
427.3405, 883190
427.3420, 881327
427.3423, 879863
427.3430, 878772
427.3443, 876755
427.3449, 875447
427.3450, 870686
427.3451, 870302
427.3452, 869854
427.3456, 866239
427.3463, 860419
427.3467, 860378
427.3475, 854855
427.3479, 854852
427.3489, 853414
427.3493, 852551
427.3498, 852499
427.3509, 851919
427.3519, 851256
427.3531, 850684
427.3535, 850262
427.3552, 850194
427.3558, 849999
427.3569, 849831
427.3587, 848803
427.3589, 848749
427.3609, 846729
427.3623, 845842
427.3625, 845795
427.3628, 844803
427.3633, 843679
427.3642, 842829
427.3644, 842807
427.3658, 840227
428.3772, 839850
428.4268, 839412
428.4279, 837360
428.4283, 836032
428.4294, 834772
428.4295, 834716
428.4298, 834290
428.4305, 834108
428.4309, 831643
428.4311, 831106
428.4326, 831055
428.4333, 829587
428.4346, 829501
428.4359, 828420
428.4360, 828044
428.4362, 827147
428.4375, 826578
429.4791, 826271
429.4807, 822450
429.4810, 821613
429.4824, 820180
429.4840, 819373
429.4843, 819352
429.4850, 818325
429.4869, 816757
429.4872, 815153
429.4909, 814704
429.4925, 811285
429.4930, 810116
429.4936, 808896
429.4938, 808607
429.4951, 808338
429.4960, 807908
429.4964, 804607
429.4972, 804555
429.4988, 804126
429.4988, 803566
429.5005, 802872
429.5012, 801023
429.5016, 797765
429.5018, 797388
429.5022, 797294
429.5027, 796144
429.5040, 795065
429.5057, 794955
429.5068, 794905
430.5724, 790798
430.5725, 790698
430.5726, 789208
430.5738, 787829
430.5740, 787288
430.5756, 787058
431.5895, 785682
431.5900, 785100
431.5912, 784933
431.5913, 784695
431.5923, 781619
431.5925, 781459
431.5935, 781431
431.5937, 781414
431.5950, 780371
431.5952, 779026
431.5970, 778655
431.6018, 778595
431.6033, 778248
431.6035, 777276
431.6040, 776741
431.6041, 775148
431.6064, 773633
431.6064, 772582
431.6084, 770834
431.6099, 770669
431.6101, 770191
431.6109, 769708
431.6151, 769435
431.6164, 769303
431.6165, 769228
431.6214, 768252
431.6269, 767467
431.6334, 767261
431.6340, 766723
431.6371, 766586
432.6698, 766179
432.6703, 766097
432.6712, 765921
432.6716, 765892
432.6733, 765000
432.6747, 763685
432.6749, 762377
432.6750, 761821
432.6761, 761680
432.6774, 759611
432.6779, 759174
432.6784, 758000
432.6810, 757580
432.6814, 753659
432.6841, 750010
432.6851, 749816
432.6869, 748931
432.6884, 748210
432.6934, 738730
432.6937, 738282
432.6954, 737807
432.6956, 737078
432.6976, 736920
432.6984, 736305
432.6988, 735719
433.7137, 735288
433.7642, 735079
433.7647, 733215
434.7732, 732298
434.7786, 732287
434.7789, 732143
434.7792, 731441
434.7813, 731394
434.7825, 731366
434.7837, 731355
434.7853, 730600
434.7861, 730503
434.7891, 729650
434.7913, 728967
434.7915, 728726
434.7923, 727592
434.7948, 726923
434.7968, 726785
434.7990, 726776
434.7991, 726420
434.8076, 725388
434.8106, 723905
434.8125, 723806
434.8170, 722957
434.8177, 721829
434.8185, 720517
434.8197, 719291
434.8215, 717750
434.8215, 715871
435.8465, 714990
435.8472, 710460
435.8508, 710450
435.8563, 709428
435.8564, 709289
435.8671, 709262
435.8731, 709125
435.8758, 709024
436.8853, 708410
436.8898, 708165
436.8961, 707681
436.8982, 706383
436.8986, 706318
436.9017, 706290
436.9172, 706108
436.9186, 705184
436.9235, 704733
436.9236, 704556
437.9608, 704159
437.9669, 704126
437.9688, 703939
437.9722, 702502
437.9729, 701611
437.9842, 701532
439.0151, 699574
439.0240, 699083
439.0263, 698294
439.0294, 698147
439.0348, 698142
439.0377, 697879
440.0520, 697333
440.0574, 697052
440.0669, 696324
440.0807, 696176
440.0886, 694773
441.1014, 693237
441.1070, 693048
441.1230, 692866
441.1298, 692513
442.1653, 692495
442.1732, 691323
443.2120, 691046
443.2175, 690811
444.2651, 690532
445.2974, 690394
445.3030, 690366
445.3149, 690153
445.3169, 689783
446.3307, 688818
446.3369, 688815
446.3511, 687211
447.3760, 685948
450.4812, 679342
450.4863, 679294
451.5213, 679261
451.5231, 679082
454.6161, 678999
457.6873, 678734
