0.0010, 7168809
0.0020, 7164350
0.0030, 7163801
0.0030, 7119632
0.0030, 7097410
0.0030, 7097163
0.0030, 7091203
0.0030, 7078795
0.0040, 7076715
0.0040, 7073336
0.0040, 7072360
0.0040, 7065229
0.0040, 7053480
0.0040, 7022332
0.0040, 7017637
0.0040, 7004257
0.0060, 6992031
0.0070, 6981683
0.0070, 6979272
0.0070, 6978971
0.0070, 6978689
0.0070, 6961595
0.0070, 6958818
0.0080, 6903567
0.0080, 6884585
0.0080, 6878938
0.0080, 6847718
0.0080, 6824167
0.0080, 6823319
0.0080, 6822061
0.0080, 6816139
0.0080, 6815766
0.0080, 6773146
0.0080, 6773038
0.0080, 6760457
0.0080, 6745419
0.0090, 6739013
0.0090, 6738794
0.0090, 6722112
0.0090, 6713711
0.0090, 6661095
0.0090, 6635449
0.0090, 6624308
0.0090, 6614483
0.0090, 6603558
0.0690, 6589737
0.0690, 6578552
0.0690, 6577510
0.0690, 6534950
0.0690, 6509797
0.1030, 6498789
0.1030, 6498631
0.4640, 6482687
0.4640, 6477878
0.4640, 6467893
0.6340, 6465614
0.6340, 6447359
0.6750, 6446363
0.6750, 6383055
0.6750, 6345415
0.6750, 6339556
0.6750, 6327761
0.6750, 6326732
0.6750, 6319981
0.6750, 6292702
0.6750, 6286026
0.6750, 6259874
0.6750, 6217026
0.6750, 6196126
0.6750, 6195952
0.6800, 6188584
0.6800, 6188366
0.6800, 6181896
0.6800, 6176732
0.6800, 6170602
0.6800, 6167832
0.6800, 6165403
0.6800, 6160438
0.6800, 6158986
0.6800, 6152698
0.6820, 6118549
0.6820, 6117973
0.6820, 6108915
0.6820, 6102853
0.6820, 6094893
0.6820, 6014430
0.6820, 6008222
0.6820, 6008004
0.6820, 5999537
0.6830, 5995393
0.6830, 5995333
0.6830, 5990432
0.6840, 5982863
0.6840, 5982630
0.6840, 5969029
0.6840, 5964609
0.6840, 5964591
0.6840, 5957966
0.6840, 5951558
0.6840, 5931275
0.6840, 5926770
0.6850, 5919246
0.6850, 5908747
0.6850, 5908513
0.6850, 5884305
0.6850, 5882769
0.6850, 5882048
0.6850, 5869212
0.6850, 5867895
0.6850, 5838004
0.6860, 5820573
0.6860, 5797393
0.6860, 5792274
0.6860, 5791370
0.6860, 5778188
0.6860, 5772557
0.6860, 5769541
0.6860, 5728920
0.6870, 5727387
0.6870, 5674299
0.6870, 5657395
0.6870, 5655356
0.6870, 5654202
0.6870, 5620997
0.6870, 5611958
0.6870, 5594638
0.6870, 5581259
0.6870, 5575287
0.6870, 5559516
0.6870, 5550100
0.6870, 5520042
0.6870, 5509923
0.6870, 5501711
0.6870, 5492583
0.6870, 5480226
0.6870, 5447715
0.6870, 5444172
0.6870, 5441657
0.6870, 5428376
0.6870, 5423440
0.6870, 5421559
0.6870, 5407201
0.6870, 5394565
0.6870, 5376686
0.6870, 5376507
0.6870, 5373895
0.6870, 5368810
0.6870, 5364873
0.6870, 5364085
0.6870, 5357345
0.6880, 5329993
0.6880, 5329413
0.6880, 5329240
0.6880, 5323515
0.6880, 5319267
0.6880, 5316901
0.6880, 5311722
0.6880, 5301166
0.6880, 5287449
0.6880, 5251227
0.6880, 5251021
0.6880, 5250668
0.6880, 5242673
0.6880, 5240119
0.6880, 5176157
0.6880, 5176130
0.6880, 5169968
0.6880, 5161388
0.6880, 5160467
0.6880, 5156899
0.6890, 5145482
0.6890, 5088556
0.6890, 5087721
0.6890, 5066221
0.6890, 5051978
0.6890, 5048068
0.6890, 4983837
0.6890, 4983567
0.6890, 4969572
0.6890, 4967256
0.6890, 4914326
0.6890, 4887895
0.6890, 4856137
0.6890, 4855401
0.6890, 4825197
0.6890, 4820710
0.6890, 4819956
0.6890, 4809334
0.6890, 4808642
0.6900, 4804814
0.6900, 4798036
0.6900, 4771167
0.6900, 4765973
0.6900, 4759325
0.6900, 4750772
0.6900, 4739961
0.6900, 4732947
0.6900, 4730484
0.6900, 4727288
0.6900, 4725627
0.6900, 4725375
0.6910, 4722660
0.6910, 4718629
0.6910, 4712280
0.6910, 4707729
0.6920, 4706217
0.6920, 4701114
0.6920, 4694742
0.6920, 4692757
0.6920, 4691630
0.6920, 4685129
0.6920, 4639019
0.6920, 4634637
0.6920, 4630144
0.6920, 4629910
0.6920, 4626046
0.6920, 4612543
0.6920, 4609944
0.6920, 4601503
0.6920, 4600210
0.6920, 4596988
0.6920, 4589101
0.6920, 4578220
0.6920, 4560906
0.6930, 4555865
0.6930, 4548029
0.6930, 4531536
0.6930, 4530707
0.6930, 4530489
0.6930, 4490468
0.6930, 4488398
0.6930, 4488393
0.6930, 4454571
0.6930, 4452608
0.6930, 4447092
0.6930, 4446803
0.6930, 4443356
0.6930, 4375144
0.6930, 4298861
0.6930, 4298523
0.6930, 4294795
0.6930, 4279817
0.6930, 4266404
0.6930, 4244185
0.6930, 4243481
0.6930, 4242062
0.6940, 4239606
0.6940, 4239299
0.6940, 4238223
0.6940, 4221827
0.6940, 4216567
0.6940, 4207538
0.6940, 4204713
0.6940, 4196703
0.6940, 4192252
0.6940, 4189776
0.6940, 4188620
0.6940, 4188431
0.6940, 4188184
0.6940, 4180010
0.6940, 4178405
0.6940, 4172572
0.6940, 4172400
0.6940, 4142454
0.6940, 4142452
0.6940, 4140478
0.6940, 4137266
0.6940, 4136503
0.6940, 4132113
0.6940, 4131208
0.6950, 4127593
0.6950, 4123683
0.6950, 4119617
0.6950, 4109590
0.6950, 4054524
0.6950, 4043361
0.6950, 4035439
0.6950, 4002932
0.6950, 4001829
0.6950, 3990855
0.6950, 3989587
0.6950, 3988650
0.6950, 3978692
0.6960, 3978087
0.6960, 3971422
0.6960, 3970452
0.6960, 3970426
0.6960, 3959933
0.6960, 3847752
0.6960, 3844013
0.6960, 3825341
0.6960, 3815213
0.6960, 3814564
0.6960, 3812204
0.6960, 3811432
0.6960, 3810095
0.6960, 3765303
0.6960, 3763314
0.6960, 3753719
0.6960, 3747013
0.6960, 3741401
0.6960, 3737621
0.6960, 3735072
0.6960, 3704250
0.6960, 3703054
0.6960, 3694225
0.6970, 3691680
0.6970, 3687159
0.6970, 3682937
0.6970, 3682894
0.6970, 3682487
0.6970, 3665967
0.6970, 3661400
0.6970, 3639727
0.6970, 3638237
0.6970, 3638195
0.6970, 3636617
0.6970, 3634418
0.6970, 3634339
0.6970, 3626612
0.6970, 3593642
0.6970, 3592653
0.6970, 3592518
0.6970, 3588940
0.6970, 3572802
0.6970, 3567678
0.6980, 3565499
0.6980, 3560666
0.6980, 3557270
0.6980, 3556451
0.6980, 3555536
0.6980, 3553124
0.6980, 3552247
0.6980, 3545341
0.6980, 3541488
0.6980, 3515820
0.6980, 3515162
0.6980, 3505594
0.6980, 3504133
0.6980, 3496791
0.6980, 3496711
0.6990, 3488090
0.6990, 3486893
0.6990, 3479665
0.6990, 3479662
0.6990, 3475772
0.6990, 3465025
0.6990, 3446541
0.6990, 3443930
0.6990, 3443569
0.6990, 3435473
0.6990, 3428451
0.6990, 3420112
0.7000, 3416362
0.7000, 3416109
0.7000, 3414257
0.7000, 3414011
0.7000, 3402490
0.7000, 3402343
0.7000, 3401884
0.7000, 3400015
0.7000, 3396832
0.7000, 3385703
0.7000, 3384729
0.7000, 3384478
0.7000, 3383959
0.7000, 3380074
0.7000, 3379936
0.7000, 3379870
0.7000, 3372239
0.7000, 3368686
0.7000, 3354828
0.7010, 3351632
0.7010, 3350948
0.7010, 3343413
0.7010, 3342355
0.7010, 3340023
0.7010, 3339410
0.7010, 3334624
0.7010, 3333158
0.7010, 3328482
0.7010, 3325753
0.7010, 3325342
0.7010, 3300527
0.7010, 3298496
0.7010, 3294825
0.7020, 3286976
0.7020, 3286897
0.7020, 3281604
0.7020, 3250908
0.7020, 3246691
0.7020, 3246228
0.7020, 3245263
0.7020, 3230815
0.7020, 3219149
0.7020, 3218413
0.7020, 3218031
0.7020, 3179935
0.7030, 3115378
0.7030, 3115349
0.7030, 3099759
0.7030, 3095602
0.7030, 3095312
0.7030, 3091009
0.7030, 3090055
0.7030, 3084305
0.7030, 3082367
0.7030, 3078746
0.7030, 3029158
0.7030, 3028802
0.7030, 3028055
0.7030, 2971070
0.7030, 2926336
0.7030, 2916477
0.7030, 2915145
0.7040, 2909828
0.7040, 2907475
0.7040, 2901441
0.7040, 2900959
0.7040, 2896673
0.7040, 2893742
0.7040, 2891133
0.7040, 2880249
0.7040, 2880134
0.7040, 2877902
0.7040, 2877113
0.7040, 2876259
0.7040, 2875650
0.7040, 2870064
0.7050, 2869586
0.7050, 2863632
0.7050, 2862627
0.7050, 2857568
0.7050, 2856020
0.7050, 2852956
0.7050, 2844488
0.7050, 2840987
0.7050, 2836978
0.7050, 2834694
0.7050, 2823667
0.7050, 2815348
0.7050, 2812135
0.7050, 2811610
0.7050, 2804253
0.7050, 2803320
0.7050, 2803135
0.7060, 2802401
0.7060, 2798283
0.7060, 2773657
0.7060, 2766072
0.7060, 2743112
0.7060, 2734948
0.7060, 2721172
0.7060, 2720397
0.7060, 2719455
0.7060, 2712380
0.7060, 2711263
0.7060, 2708190
0.7070, 2706345
0.7070, 2705747
0.7070, 2703495
0.7070, 2703425
0.7070, 2689296
0.7070, 2687766
0.7070, 2683805
0.7070, 2682764
0.7070, 2677806
0.7070, 2675243
0.7070, 2671985
0.7070, 2670682
0.7070, 2669593
0.7070, 2669460
0.7070, 2666779
0.7070, 2665685
0.7070, 2665600
0.7070, 2664337
0.7070, 2662348
0.7070, 2660959
0.7070, 2640334
0.7070, 2636509
0.7080, 2632719
0.7080, 2627761
0.7080, 2627315
0.7080, 2625884
0.7080, 2624926
0.7080, 2623110
0.7080, 2622300
0.7080, 2620465
0.7080, 2604463
0.7080, 2600665
0.7080, 2597723
0.7080, 2596820
0.7080, 2594441
0.7080, 2592057
0.7080, 2577776
0.7080, 2568111
0.7080, 2565569
0.7080, 2565565
0.7090, 2565471
0.7090, 2560126
0.7090, 2555488
0.7090, 2553957
0.7090, 2553666
0.7090, 2552668
0.7090, 2543468
0.7090, 2529832
0.7090, 2529326
0.7090, 2522216
0.7090, 2521444
0.7100, 2521409
0.7100, 2518085
0.7100, 2503500
0.7100, 2459172
0.7100, 2458729
0.7100, 2457119
0.7100, 2454641
0.7100, 2452817
0.7100, 2452674
0.7100, 2450324
0.7100, 2444955
0.7100, 2444730
0.7100, 2444213
0.7100, 2429335
0.7110, 2425555
0.7110, 2425023
0.7110, 2424324
0.7110, 2423834
0.7110, 2421424
0.7110, 2414872
0.7110, 2412322
0.7110, 2412066
0.7110, 2406378
0.7120, 2405376
0.7120, 2389762
0.7120, 2386668
0.7120, 2369448
0.7120, 2368650
0.7120, 2367204
0.7120, 2366459
0.7120, 2364099
0.7120, 2362209
0.7120, 2356280
0.7120, 2355905
0.7120, 2355774
0.7130, 2348073
0.7130, 2345905
0.7130, 2344456
0.7130, 2339697
0.7130, 2337737
0.7130, 2337075
0.7130, 2336143
0.7130, 2334241
0.7130, 2330223
0.7130, 2328562
0.7130, 2326827
0.7130, 2283277
0.7130, 2283144
0.7130, 2283018
0.7140, 2281501
0.7140, 2279372
0.7140, 2277776
0.7140, 2277402
0.7140, 2276255
0.7140, 2276081
0.7140, 2276078
0.7140, 2271136
0.7140, 2271028
0.7140, 2238928
0.7140, 2236242
0.7140, 2234121
0.7140, 2233885
0.7150, 2230077
0.7150, 2229626
0.7150, 2227061
0.7150, 2226253
0.7150, 2226196
0.7150, 2215319
0.7150, 2207193
0.7160, 2203440
0.7160, 2202713
0.7160, 2197854
0.7160, 2197528
0.7160, 2197307
0.7160, 2196622
0.7160, 2191612
0.7160, 2191502
0.7160, 2190858
0.7160, 2169513
0.7160, 2161567
0.7170, 2159430
0.7170, 2136389
0.7170, 2136375
0.7170, 2134831
0.7170, 2134725
0.7170, 2133772
0.7170, 2132099
0.7170, 2129979
0.7170, 2129959
0.7180, 2129402
0.7180, 2128606
0.7180, 2126577
0.7180, 2125950
0.7180, 2121668
0.7180, 2119031
0.7180, 2118542
0.7180, 2118508
0.7180, 2116856
0.7180, 2114343
0.7190, 2110311
0.7190, 2108162
0.7190, 2107204
0.7190, 2105980
0.7190, 2105383
0.7190, 2101530
0.7190, 2089515
0.7200, 2085172
0.7200, 2084457
0.7200, 2077856
0.7200, 2077779
0.7210, 2077534
0.7210, 2074800
0.7210, 2073255
0.7210, 2072748
0.7210, 2072744
0.7220, 2072699
0.7220, 2065018
0.7220, 2064100
0.7220, 2063355
0.7220, 2059612
0.7220, 2058101
0.7230, 2055916
0.7230, 2055821
0.7230, 2030450
0.7230, 2027723
0.7230, 2013049
0.7230, 2002903
0.7230, 1996152
0.7230, 1994056
0.7230, 1992070
0.7230, 1992041
0.7230, 1991076
0.7230, 1990075
0.7230, 1987329
0.7240, 1972758
0.7240, 1972148
0.7240, 1967843
0.7240, 1967472
0.7240, 1930479
0.7240, 1929201
0.7240, 1927212
0.7250, 1926852
0.7250, 1920289
0.7250, 1914484
0.7250, 1914004
0.7260, 1913433
0.7260, 1912649
0.7260, 1843520
0.7260, 1836872
0.7260, 1835227
0.7260, 1828870
0.7270, 1823917
0.7270, 1823529
0.7270, 1821942
0.7280, 1821829
0.7280, 1820547
0.7280, 1749415
0.7280, 1743629
0.7280, 1742949
0.7280, 1741320
0.7290, 1728590
0.7290, 1728212
0.7290, 1725608
0.7290, 1723418
0.7290, 1722131
0.7290, 1705338
0.7290, 1704653
0.7300, 1704554
0.7300, 1697879
0.7300, 1697589
0.7300, 1696886
0.7300, 1696018
0.7300, 1694868
0.7310, 1694786
0.7310, 1683241
0.7310, 1682792
0.7310, 1682461
0.7310, 1681467
0.7310, 1679559
0.7320, 1678164
0.7320, 1676133
0.7320, 1675037
0.7320, 1675019
0.7330, 1674441
0.7330, 1674097
0.7330, 1669955
0.7330, 1666598
0.7330, 1666480
0.7330, 1648143
0.7330, 1642818
0.7340, 1642805
0.7340, 1642408
0.7340, 1641511
0.7350, 1641429
0.7360, 1606942
0.7360, 1606300
0.7360, 1605756
0.7360, 1605040
0.7360, 1604702
0.7360, 1604044
0.7360, 1602087
0.7360, 1598522
0.7360, 1597281
0.7360, 1597192
0.7370, 1595907
0.7370, 1594545
0.7370, 1594540
0.7390, 1582008
0.7390, 1581566
0.7390, 1562041
0.7390, 1559481
0.7400, 1559359
0.7400, 1558018
0.7400, 1556179
0.7410, 1544998
0.7410, 1540209
0.7410, 1539868
0.7410, 1524792
0.7420, 1518397
0.7420, 1517630
0.7420, 1516662
0.7420, 1516633
0.7420, 1514871
0.7420, 1514272
0.7420, 1511986
0.7420, 1511918
0.7420, 1510526
0.7430, 1510070
0.7430, 1510059
0.7430, 1507077
2.4370, 1500531
2.4370, 1497882
2.4370, 1489066
4.1600, 1473885
4.1600, 1473620
4.1600, 1468877
4.1600, 1467920
4.1600, 1467882
4.1600, 1466902
4.1610, 1466193
4.1610, 1459026
4.1610, 1457862
4.1610, 1450914
4.1610, 1450427
4.1610, 1449846
4.1610, 1449621
4.1620, 1414061
4.1620, 1413569
4.1620, 1413564
4.1630, 1398101
4.1630, 1397906
4.1630, 1396334
4.1640, 1384839
4.1640, 1383277
4.1640, 1381042
4.1640, 1379152
4.1640, 1379108
4.1640, 1378202
4.1640, 1377678
4.1640, 1377335
4.1650, 1377280
4.1650, 1376719
4.1650, 1365754
4.1650, 1341755
4.1650, 1324613
4.1650, 1324008
4.1650, 1323941
4.1660, 1323877
4.1660, 1322839
4.1660, 1312701
4.1660, 1310871
4.1660, 1282678
4.1670, 1282648
4.1670, 1281127
4.1670, 1280600
4.1670, 1279101
4.1680, 1278017
4.1680, 1277106
4.1680, 1275879
4.1680, 1267053
4.1690, 1266362
4.1690, 1265539
37.1830, 1264889
136.7590, 1257659
154.6290, 1252276
159.4960, 1252142
159.4960, 1250700
159.4970, 1248773
159.4970, 1247639
159.4980, 1246492
199.7210, 1246384
205.4050, 1245038
224.7690, 1243448
259.4660, 1243326
274.7960, 1243311
342.7550, 1241901
359.3560, 1241638
369.0340, 1234823
369.0340, 1234442
369.0350, 1234302
369.0350, 1228944
369.0350, 1228178
369.0360, 1224796
369.0360, 1221434
369.0360, 1221165
369.0370, 1220022
369.0370, 1219512
369.0370, 1219458
369.0380, 1219202
369.0380, 1214756
369.0390, 1212068
369.0390, 1210319
369.0400, 1209298
369.0400, 1208760
369.0410, 1206084
369.0410, 1205809
369.0410, 1205445
369.0420, 1196575
369.0420, 1196085
369.0420, 1194627
369.0420, 1193838
369.0420, 1192102
369.0430, 1190322
369.0430, 1190237
369.0430, 1190227
369.0430, 1185173
370.0940, 1181635
370.0940, 1181473
370.0940, 1181337
370.0950, 1181307
370.0960, 1180532
370.0960, 1179278
370.0960, 1179100
370.0980, 1166029
370.0980, 1165480
370.0980, 1165454
371.1380, 1164336
371.1380, 1163593
371.1380, 1162509
371.1380, 1158865
371.1390, 1155817
371.1390, 1155753
371.1390, 1153082
371.1390, 1152592
371.1400, 1143086
371.1400, 1139692
371.1400, 1138093
371.1410, 1137006
371.1410, 1136306
371.1410, 1136278
371.1420, 1136079
371.1420, 1134739
371.1420, 1129060
371.1420, 1128627
371.1420, 1128093
371.1420, 1127700
371.1430, 1126785
371.1430, 1125014
371.1430, 1123974
371.1430, 1122744
371.1430, 1117034
371.1430, 1111264
371.1430, 1108375
371.1440, 1105336
371.1440, 1103531
371.1440, 1102892
371.1440, 1101646
371.1440, 1100952
371.1440, 1100838
371.1450, 1099964
371.1450, 1098090
371.1450, 1094602
371.1450, 1090426
371.1460, 1090421
371.1460, 1089516
371.1460, 1087831
371.1470, 1080193
371.1480, 1080134
371.1480, 1079738
371.1480, 1078448
371.1480, 1078236
371.1480, 1077850
371.1480, 1076116
371.1490, 1069910
371.1490, 1068728
371.1490, 1067972
371.1490, 1066530
371.1500, 1064586
371.1510, 1060498
371.1520, 1060022
371.1530, 1059729
371.1530, 1054967
371.1530, 1054409
371.1530, 1050016
371.1540, 1049881
371.1540, 1049655
371.1550, 1049213
371.1560, 1047762
371.1560, 1046099
371.1560, 1045352
371.1570, 1044357
371.1570, 1043979
371.1570, 1042920
372.2090, 1042882
372.2100, 1042697
372.2110, 1041935
372.2110, 1041403
372.2120, 1040512
372.2120, 1038440
372.2130, 1036830
372.2130, 1036738
372.2140, 1024878
373.2650, 1024602
373.2650, 1019984
373.2670, 1017362
373.2670, 1015357
373.2680, 1013985
373.2680, 1005825
373.2690, 1005620
373.2690, 999045
373.2690, 998628
373.2690, 998613
373.2700, 998082
373.2700, 996634
373.2700, 994333
373.2700, 993495
373.2700, 989359
373.2710, 987208
373.2710, 987145
373.2710, 984094
373.2710, 982690
373.2720, 982536
373.2720, 982232
373.2730, 980368
373.2730, 979855
373.2740, 979833
373.2740, 979049
373.2740, 965731
373.2740, 964363
373.2740, 962039
375.3610, 955479
375.3610, 954725
375.3620, 953024
375.3620, 952322
375.3630, 952118
375.3630, 951240
375.3630, 950096
375.3630, 949096
375.3630, 948053
375.3630, 946281
375.3640, 946248
375.3640, 946039
375.3640, 945977
375.3650, 945965
375.3650, 945847
375.3670, 944552
375.3670, 943870
375.3680, 939737
375.3680, 938617
375.3680, 938069
375.3680, 930722
375.3680, 929994
375.3690, 927975
375.3690, 927722
375.3690, 925077
375.3700, 924988
375.3700, 923304
375.3700, 923136
375.3710, 922558
375.3710, 922524
375.3720, 922278
375.3720, 922276
375.3720, 922009
375.3720, 920898
375.3730, 920499
375.3730, 917002
375.3730, 916905
375.3730, 916780
375.3740, 916559
375.3740, 912269
375.3740, 910688
375.3750, 909547
376.4130, 908716
376.4140, 907480
376.4140, 901466
376.4140, 900343
376.4160, 900122
376.4160, 899507
376.4160, 898425
376.4160, 896757
376.4160, 896110
376.4160, 894049
376.4170, 893870
376.4170, 893373
376.4170, 893174
376.4180, 892069
376.4180, 891244
376.4180, 888679
377.4190, 888117
377.4460, 885921
377.4460, 884707
377.4470, 884486
377.4470, 882456
377.4470, 882317
377.4470, 882131
377.4480, 880498
377.4480, 880284
377.4490, 877448
377.4500, 876581
377.4500, 875893
377.4510, 874127
377.4510, 873964
377.4520, 868815
377.4530, 868301
377.4530, 868015
377.4530, 867911
377.4540, 867193
377.4540, 862072
377.4550, 859887
377.4550, 859207
377.4560, 858578
377.4560, 857522
377.4570, 857504
377.4570, 856151
377.4570, 856086
377.4570, 855976
377.4590, 850634
377.4590, 848552
377.4590, 847659
377.4600, 846297
377.4600, 844699
377.4610, 842728
378.4940, 842674
378.4940, 842284
378.4940, 840459
378.4950, 838373
378.4950, 836849
378.4950, 834794
378.4960, 834405
378.4960, 833934
378.4970, 832895
378.4970, 830987
378.4980, 829730
378.4990, 829170
378.5000, 827794
378.5010, 827736
378.5020, 826359
379.5130, 826051
379.5140, 825651
379.5140, 825550
379.5160, 824297
379.5160, 823296
379.5160, 822949
379.5180, 822699
379.5190, 822400
379.5190, 821581
379.5200, 820996
379.5200, 819507
379.5210, 817186
379.5210, 811468
379.5230, 810177
379.5240, 809967
379.5240, 807876
379.5240, 807339
379.5250, 806663
379.5250, 804425
379.5290, 804357
379.5300, 804057
379.5300, 803944
379.5300, 802233
379.5320, 800955
379.5330, 800943
379.5330, 800487
379.5340, 798277
379.5340, 798195
379.5340, 798013
379.5350, 795676
379.5350, 793783
379.5350, 793369
379.5360, 793313
379.5370, 791356
379.5370, 791328
379.5370, 791044
379.5380, 791008
379.5380, 790639
379.5380, 789939
379.5390, 789854
379.5390, 787916
379.5400, 786329
379.5410, 784740
379.5420, 783555
379.5440, 783112
379.5450, 782983
379.5450, 782578
379.5470, 782568
379.5470, 781027
380.5780, 780640
380.5790, 779449
380.5790, 778552
380.5790, 776846
380.5790, 776632
380.5800, 776392
380.5810, 776175
380.5840, 775578
380.5850, 774764
380.5860, 773992
381.5980, 773815
381.5980, 773465
381.6060, 771075
381.6060, 770387
381.6080, 768283
381.6080, 767238
381.6080, 766166
381.6090, 765852
381.6090, 764722
381.6090, 764204
381.6100, 763103
381.6110, 762326
381.6120, 762026
381.6130, 757999
381.6150, 757951
381.6180, 750660
381.6180, 748095
381.6180, 745557
381.6200, 744744
381.6220, 744012
381.6240, 743631
381.6250, 743014
381.6250, 742798
381.6260, 742641
381.6260, 741873
381.6260, 741773
381.6270, 740680
381.6330, 740324
381.6330, 739874
381.6340, 739770
381.6360, 738166
381.6370, 734926
382.6690, 734794
382.6690, 733747
382.6700, 732992
382.6700, 732324
382.6730, 731902
383.6940, 731714
383.6940, 729740
383.6950, 729660
383.6980, 729540
383.6990, 729484
383.6990, 729274
383.6990, 728904
383.7030, 728211
383.7050, 728122
383.7090, 726640
383.7100, 726120
384.7120, 724749
384.7310, 724723
384.7350, 723346
384.7360, 722896
384.7360, 722724
384.7390, 722438
384.7390, 721865
384.7390, 721479
384.7400, 720246
385.7550, 719390
385.7570, 718097
385.7580, 717852
385.7580, 716883
385.7610, 716816
385.7610, 714122
385.7620, 712773
385.7630, 711947
385.7670, 711877
385.7680, 711477
385.7690, 711250
385.7700, 711019
385.7710, 710596
385.7710, 710394
385.7740, 710300
385.7780, 709669
386.7850, 709354
386.7870, 706869
386.7880, 706579
386.7910, 706446
386.7930, 705618
386.8020, 705617
386.8040, 705441
386.8040, 705414
386.8050, 705299
386.8060, 704806
386.8070, 704766
387.8240, 703670
387.8250, 703522
387.8250, 703491
387.8260, 702237
387.8320, 702005
387.8350, 701946
387.8370, 701236
388.8450, 701234
388.8490, 700876
388.8510, 700822
388.8540, 700238
388.8580, 699998
388.8580, 699841
388.8590, 699740
388.8610, 699603
388.8620, 699409
388.8630, 699011
388.8630, 698542
388.8640, 698221
388.8660, 697746
388.8720, 696671
388.8730, 696509
389.8770, 696405
389.8790, 696042
389.8860, 694169
389.8870, 693912
389.8880, 693612
389.8910, 691872
389.8940, 691327
390.9090, 691153
390.9160, 690948
390.9190, 690027
390.9240, 689424
390.9240, 688440
391.9300, 688397
391.9440, 687854
391.9500, 687718
392.9700, 687438
392.9750, 687288
393.9970, 687256
397.0590, 686748
398.0810, 686505
398.0920, 686044
400.1280, 685577
402.1590, 685452
403.1770, 685224
405.1930, 685211
407.2210, 685146
410.2530, 684740
