0.0001, 5714633
0.0004, 5632034
0.0004, 5600059
0.0004, 5580403
0.0009, 5567027
0.0009, 5565804
0.0009, 5551185
0.0010, 5542290
0.0011, 5523497
0.0011, 5493492
0.0011, 5444280
0.0012, 5444166
0.0029, 5434928
0.0029, 5424813
0.0180, 5410772
0.0180, 5362272
0.0180, 5362139
0.0180, 5342310
0.0181, 5320048
0.0184, 5286926
0.0184, 5275613
0.0239, 5229631
0.0239, 5228189
0.0239, 5217053
0.0241, 5184377
0.1123, 5144694
0.1123, 5108306
0.2522, 5089363
0.2522, 5064694
0.2522, 5029567
0.5127, 5020609
0.6657, 4978241
0.7471, 4968669
0.7472, 4947322
0.7472, 4946208
0.7472, 4929756
0.7797, 4901350
0.7797, 4900483
0.7951, 4889131
0.7951, 4827991
0.7954, 4800206
0.7960, 4797908
0.7970, 4791464
0.7971, 4731905
0.7981, 4730603
0.7981, 4720962
0.7982, 4698357
0.7982, 4697298
0.7984, 4677611
0.7984, 4662647
0.7984, 4660446
0.7985, 4637737
0.7985, 4619121
0.7986, 4518214
0.7989, 4513215
0.7995, 4497227
0.7995, 4493365
0.7996, 4405998
0.7996, 4400395
0.7996, 4336333
0.7997, 4255833
0.7997, 4241368
0.7997, 4221163
0.7997, 4221120
0.7997, 4204475
0.7998, 4172643
0.7998, 4167686
0.7998, 4133887
0.7998, 4119698
0.7999, 4105888
0.7999, 4097119
0.7999, 4095596
0.7999, 4084864
0.7999, 4067519
0.8000, 4067404
0.8000, 4067301
0.8005, 4060520
0.8005, 4050344
0.8005, 4050022
0.8005, 3997496
0.8005, 3985287
0.8006, 3947360
0.8007, 3939471
0.8010, 3893961
0.8010, 3881637
0.8011, 3856389
0.8011, 3829553
0.8011, 3797793
0.8011, 3790841
0.8012, 3790414
0.8013, 3779985
0.8013, 3779647
0.8024, 3632077
0.8033, 3631034
0.8033, 3612823
0.8033, 3606608
0.8040, 3586690
0.8041, 3579666
0.8042, 3564099
0.8046, 3559907
0.8046, 3533505
0.8046, 3419278
0.8046, 3397741
0.8087, 3379287
0.8088, 3368581
0.8088, 3363721
0.8089, 3314289
0.8089, 3276905
0.8089, 3259811
0.8089, 3248027
0.8091, 3243910
0.8091, 3240329
0.8091, 3239357
0.8092, 3236474
0.8093, 3198721
0.8094, 3162077
0.8096, 3084966
0.8097, 3083586
0.8101, 3080809
0.8103, 3050265
0.8103, 3021835
0.8103, 2995170
0.8104, 2971713
0.8105, 2926851
0.8105, 2897984
0.8105, 2895999
0.8106, 2895198
0.8106, 2891547
0.8106, 2883310
0.8107, 2835410
0.8113, 2834974
0.8114, 2786813
0.8115, 2740570
0.8117, 2734998
0.8120, 2719355
0.8120, 2715632
0.8121, 2706379
0.8122, 2635410
0.8123, 2633280
0.8140, 2623136
0.8141, 2591362
0.8141, 2571288
0.8141, 2568471
0.8142, 2562494
0.8143, 2561930
0.8145, 2552880
0.8146, 2548253
0.8146, 2546189
0.8146, 2525184
0.8148, 2513969
0.8148, 2502456
0.8149, 2467087
0.8149, 2458149
0.8149, 2448409
0.8151, 2436353
0.8151, 2432742
0.8153, 2429411
0.8154, 2425342
0.8156, 2398518
0.8156, 2383937
0.8157, 2383903
0.8160, 2369776
0.8160, 2367568
0.8160, 2299215
0.8162, 2290642
0.8163, 2288045
0.8163, 2282905
0.8164, 2229369
0.8164, 2224607
0.8165, 2222469
0.8165, 2215798
0.8169, 2193428
0.8170, 2183161
0.8173, 2171472
0.8174, 2167999
0.8175, 2162749
0.8176, 2151234
0.8177, 2147127
0.8177, 2140549
0.8177, 2137999
0.8177, 2115111
0.8177, 2113134
0.8181, 2110402
0.8182, 2106865
0.8182, 2104987
0.8183, 2094626
0.8183, 2081244
0.8184, 2078410
0.8188, 2070007
0.8190, 2034705
0.8191, 2031278
0.8194, 2028204
0.8194, 2025080
0.8194, 2009118
0.8195, 1999653
0.8197, 1998671
0.8206, 1985453
0.8207, 1963780
0.8210, 1954223
0.8212, 1952271
0.8214, 1945383
0.8216, 1941928
0.8217, 1941342
0.8221, 1941065
0.8221, 1927296
0.8222, 1927174
0.8227, 1921884
0.8228, 1916023
0.8229, 1915819
0.8229, 1906486
0.8230, 1878247
0.8230, 1874640
0.8230, 1871675
0.8234, 1860550
0.8236, 1849648
0.8237, 1840492
0.8237, 1838840
0.8238, 1838359
0.8239, 1830190
0.8240, 1825059
0.8241, 1788980
0.8241, 1783300
0.8242, 1767732
0.8243, 1747770
0.8244, 1741481
0.8244, 1741249
0.8246, 1737660
0.8247, 1716992
0.8249, 1716435
0.8251, 1710588
0.8252, 1694756
0.8255, 1692908
0.8256, 1689057
0.8257, 1679253
0.8258, 1666297
0.8259, 1665640
0.8260, 1658368
0.8260, 1647156
0.8263, 1643379
0.8264, 1624872
0.8266, 1623551
0.8270, 1617687
0.8270, 1612597
0.8272, 1610193
0.8276, 1609564
0.8276, 1603670
0.8281, 1603021
0.8284, 1599498
0.8285, 1590512
0.8287, 1583553
0.8288, 1581492
0.8288, 1576726
0.8289, 1565935
0.8290, 1544365
0.8297, 1533959
0.8297, 1520725
0.8298, 1511619
0.8301, 1504885
0.8302, 1501831
0.8302, 1487597
0.8303, 1484665
0.8306, 1483319
0.8309, 1456972
0.8318, 1456902
0.8321, 1453576
0.8327, 1443025
0.8328, 1432412
0.8329, 1429492
0.8330, 1417476
0.8336, 1401171
0.8343, 1393894
0.8344, 1391761
0.8346, 1388298
0.8348, 1385375
0.8353, 1385322
0.8353, 1384250
0.8356, 1381847
0.8357, 1379581
0.8360, 1373829
0.8362, 1372166
0.8365, 1372036
0.8366, 1370245
0.8380, 1360772
0.8387, 1350693
0.8392, 1350010
0.8394, 1347932
0.8396, 1333484
0.8399, 1333377
0.8400, 1332895
0.8401, 1321318
0.8420, 1302155
0.8422, 1299545
0.8430, 1284919
0.8434, 1280712
0.8442, 1274544
0.8447, 1271230
0.8449, 1270893
0.8459, 1266619
0.8477, 1264992
0.8478, 1264807
0.8489, 1245084
0.8494, 1244809
0.8495, 1243433
0.8509, 1239373
0.8512, 1237166
0.8516, 1217688
0.8524, 1210384
0.8538, 1209247
0.8539, 1203584
0.8543, 1200223
0.8545, 1194258
0.8550, 1189685
0.8557, 1177530
0.8562, 1176886
0.8563, 1157052
0.8563, 1155514
0.8574, 1155345
0.8579, 1153666
0.8581, 1148662
0.8590, 1143923
0.8598, 1132478
0.8607, 1131622
0.8608, 1115904
0.8622, 1112680
0.8651, 1107747
0.8655, 1101852
0.8673, 1097363
0.8679, 1097287
0.8697, 1087857
0.8713, 1087685
0.8718, 1082345
0.8738, 1079617
0.8750, 1073385
0.8770, 1056251
0.8775, 1055458
0.8794, 1053802
0.8809, 1041462
0.8843, 1034983
0.8850, 1033633
0.8862, 1021862
0.8862, 1006250
0.8896, 1004204
2.8230, 1000132
10.1841, 991434
10.1852, 984657
10.1854, 981680
11.9831, 980651
11.9832, 974141
11.9834, 971678
13.8172, 968936
13.8173, 967930
13.8183, 954176
13.8186, 952795
13.8199, 952610
13.8206, 951373
55.6491, 950990
55.6508, 949743
74.9564, 946985
74.9577, 946333
74.9590, 939851
74.9600, 938809
74.9605, 938728
74.9620, 927641
74.9621, 927588
74.9624, 920546
316.7033, 920417
316.7036, 914782
316.7040, 912414
316.7089, 912364
319.2254, 910976
396.2956, 909911
396.3013, 906293
396.3078, 904329
396.3084, 895824
396.3135, 895168
396.3160, 892973
396.3166, 889860
396.3197, 887154
397.3941, 886309
397.3943, 881246
397.3943, 874926
397.3969, 873842
398.4041, 873802
398.4045, 869759
398.4104, 867167
398.4176, 862400
398.4233, 861490
398.4262, 855398
398.4442, 852325
398.4451, 850308
398.4527, 842143
398.4572, 840175
398.4583, 839942
398.4676, 836606
398.4709, 835683
398.4713, 835176
398.4743, 832739
398.4750, 826232
398.4792, 826192
401.6667, 825270
402.7023, 823511
403.7662, 823115
403.7794, 822268
404.8592, 818178
405.8807, 817370
405.8998, 817255
406.9495, 817216
