0.0000, 6151865
0.0020, 6145449
0.0020, 6019865
0.0020, 5847386
0.0020, 5832009
0.0020, 5773336
0.0020, 5755632
0.0020, 5752340
0.0020, 5707235
0.0020, 5703115
0.0040, 5689073
0.0040, 5686758
0.0040, 5661649
0.0040, 5637218
0.0040, 5584947
0.0050, 5486495
0.0050, 5427864
0.0050, 5403067
0.0050, 5312680
0.0050, 5289521
0.0190, 5274855
0.0190, 5266041
0.0190, 5262949
0.0190, 5257548
0.0530, 5245749
0.0530, 5225979
0.0530, 5211203
0.0540, 5178760
0.0800, 5167031
0.0800, 5079548
0.0800, 5064857
0.0800, 5048714
0.0800, 4922434
0.0800, 4905559
0.0800, 4853435
0.4380, 4822065
0.4380, 4799183
0.4380, 4797614
0.4390, 4794980
0.4390, 4788236
0.4390, 4764641
0.4390, 4756345
0.4390, 4723602
0.4390, 4671081
0.4390, 4629264
0.4390, 4613582
0.4400, 4569917
0.4400, 4530736
0.4400, 4495030
0.4400, 4454044
0.4400, 4384548
0.4440, 4338838
0.4440, 4321042
0.4440, 4317769
0.4440, 4195826
0.4440, 4160280
0.4440, 4089391
0.4440, 4018264
0.4440, 4008854
0.4440, 3993624
0.4440, 3923449
0.4440, 3923330
0.4440, 3889454
0.4440, 3876303
0.4440, 3832502
0.4440, 3830671
0.4440, 3827075
0.4440, 3798577
0.4440, 3778144
0.4450, 3773960
0.4450, 3753513
0.4450, 3725510
0.4460, 3722315
0.4460, 3716943
0.4460, 3694186
0.4460, 3669217
0.4460, 3633635
0.4460, 3623255
0.4460, 3602487
0.4460, 3585652
0.4470, 3569176
0.4470, 3529571
0.4470, 3513381
0.4470, 3508771
0.4470, 3480451
0.4480, 3467240
0.4480, 3466186
0.4480, 3435376
0.4480, 3430036
0.4480, 3423220
0.4480, 3418903
0.4480, 3393423
0.4480, 3341612
0.4480, 3306964
0.4480, 3300790
0.4480, 3263516
0.4490, 3256206
0.4490, 3234183
0.4490, 3232677
0.4490, 3221072
0.4490, 3216536
0.4490, 3200282
0.4490, 3121238
0.4490, 3043451
0.4490, 2993479
0.4490, 2991023
0.4490, 2973764
0.4490, 2973193
0.4490, 2923803
0.4490, 2909158
0.4490, 2885344
0.4490, 2878396
0.4490, 2870762
0.4500, 2867256
0.4500, 2824271
0.4510, 2800405
0.4510, 2794267
0.4510, 2708575
0.4510, 2684708
0.4510, 2677618
0.4510, 2670894
0.4510, 2639043
0.4510, 2626851
0.4520, 2614777
0.4520, 2594802
0.4520, 2594413
0.4520, 2572907
0.4520, 2562782
0.4520, 2545279
0.4520, 2531396
0.4520, 2518277
0.4520, 2508493
0.4520, 2506309
0.4520, 2499879
0.4520, 2498368
0.4520, 2396853
0.4520, 2384735
0.4520, 2375724
0.4520, 2361335
0.4520, 2360996
0.4520, 2326655
0.4530, 2318772
0.4530, 2302501
0.4530, 2270015
0.4530, 2269052
0.4530, 2266637
0.4530, 2255152
0.4530, 2251303
0.4530, 2231708
0.4530, 2222008
0.4530, 2217038
0.4530, 2216357
0.4530, 2207067
0.4530, 2204154
0.4540, 2203386
0.4540, 2200099
0.4540, 2200019
0.4540, 2192558
0.4540, 2185040
0.4540, 2158787
0.4540, 2119607
0.4540, 2118645
0.4540, 2065198
0.4540, 2062580
0.4540, 2031342
0.4550, 2012982
0.4550, 2011941
0.4550, 2007478
0.4550, 1989261
0.4550, 1974078
0.4560, 1968474
0.4560, 1945909
0.4560, 1937429
0.4560, 1930026
0.4560, 1902975
0.4560, 1877829
0.4560, 1877726
0.4560, 1864620
0.4560, 1860908
0.4560, 1856362
0.4560, 1855607
0.4570, 1849349
0.4570, 1845795
0.4570, 1817804
0.4570, 1797592
0.4570, 1737882
0.4570, 1736741
0.4570, 1735951
0.4570, 1734143
0.4570, 1688208
0.4570, 1685484
0.4580, 1642589
0.4580, 1635166
0.4580, 1634716
0.4580, 1625330
0.4580, 1620872
0.4590, 1613636
0.4590, 1604078
0.4590, 1589468
0.4590, 1589370
0.4590, 1587162
0.4590, 1584136
0.4590, 1574388
0.4590, 1572713
0.4590, 1568436
0.4600, 1565769
0.4600, 1551739
0.4600, 1547233
0.4600, 1541967
0.4600, 1537727
0.4610, 1532118
0.4610, 1525947
0.4610, 1521246
0.4610, 1510754
0.4610, 1510661
0.4610, 1505832
0.4610, 1502215
0.4610, 1493572
0.4610, 1492276
0.4620, 1490937
0.4620, 1490854
0.4620, 1489985
0.4620, 1489883
0.4620, 1470996
0.4620, 1467513
0.4630, 1456099
0.4630, 1455752
0.4630, 1446458
0.4640, 1445737
0.4640, 1444463
0.4640, 1443054
0.4640, 1442961
0.4640, 1440637
0.4660, 1433757
0.4660, 1433630
0.4660, 1423985
0.4660, 1407419
0.4660, 1403418
0.4660, 1400818
0.4660, 1388363
0.4660, 1388188
0.4670, 1384700
0.4670, 1384027
0.4670, 1383832
0.4680, 1382940
0.4680, 1381254
0.4680, 1379595
0.4690, 1377142
0.4690, 1372769
0.4700, 1367128
0.4700, 1349668
0.4700, 1342843
0.4700, 1339728
0.4700, 1337797
0.4710, 1321331
0.4710, 1319056
0.4710, 1318647
0.4720, 1316953
0.4720, 1316892
0.4730, 1298012
0.4730, 1285479
0.4740, 1277737
0.4740, 1275791
0.4750, 1273029
0.4750, 1262165
0.4750, 1253306
0.4760, 1249812
0.4760, 1239837
0.4760, 1231943
0.4770, 1221173
0.4780, 1219955
0.4780, 1218570
0.4780, 1218526
0.4780, 1213414
0.4780, 1201325
0.4780, 1200037
0.4780, 1198372
0.4790, 1195973
0.4790, 1195743
0.4790, 1189794
0.4800, 1189603
0.4800, 1179439
0.4800, 1173109
0.4810, 1173101
0.4810, 1171244
0.4820, 1170841
0.4820, 1169859
0.4820, 1169017
0.4830, 1163069
0.4830, 1161783
0.4850, 1161613
0.4860, 1149273
0.4860, 1131149
0.4860, 1129399
0.4860, 1128939
0.4870, 1100513
0.4880, 1092351
0.4880, 1086018
0.4880, 1084441
0.4890, 1080305
0.4890, 1062971
0.4890, 1061695
0.4890, 1019854
0.4920, 1019659
0.4920, 1011830
0.4920, 1005344
0.4950, 993906
0.4960, 988759
0.4960, 987844
0.4970, 986439
0.4980, 986177
0.4980, 983505
0.4990, 962005
15.3950, 956291
15.3980, 955111
15.3980, 953138
15.3980, 949485
15.3980, 939840
15.4010, 939250
15.4010, 938727
15.4040, 936746
15.4040, 935802
15.4050, 927940
15.4060, 926752
60.6720, 923870
60.6720, 922686
60.6720, 920941
60.6720, 918023
60.6730, 917163
60.6730, 907764
87.6650, 902534
194.1080, 900461
336.0920, 900459
339.3130, 892604
339.3130, 889480
343.5140, 878213
343.5160, 876944
344.5180, 874789
344.5180, 874695
344.5400, 872787
344.5400, 872321
344.5410, 872088
344.5440, 870470
344.5440, 869125
344.5450, 868931
344.5460, 859301
344.5460, 858197
344.5480, 857524
344.5490, 857389
344.5540, 856466
344.5550, 846498
344.5560, 843792
344.5620, 842708
344.5630, 838020
344.5640, 836734
344.5750, 836694
345.6290, 836113
346.6630, 834937
346.6710, 831732
346.6760, 828463
347.6980, 827616
347.7020, 826288
347.7180, 826248
348.7600, 823043
349.7970, 822436
350.8200, 822397
352.8960, 822357
