0.0000, 5822926
0.0010, 5816903
0.0010, 5814350
0.0020, 5800901
0.0020, 5772147
0.0020, 5753888
0.0020, 5730229
0.0020, 5728046
0.0020, 5726615
0.0020, 5725196
0.0020, 5721779
0.0020, 5716197
0.0020, 5715634
0.0020, 5701866
0.0020, 5645389
0.0020, 5580383
0.0020, 5566087
0.0040, 5450738
0.0040, 5375813
0.0040, 5353618
0.0040, 5325965
0.0040, 5307562
0.0040, 5305907
0.0040, 5287125
0.0040, 5243839
0.0060, 5220046
0.0160, 5209659
0.0160, 5207086
0.0160, 5150585
0.0170, 5133192
0.0170, 5117034
0.0170, 5113056
0.0170, 5105669
0.0170, 5046406
0.0170, 4976238
0.1580, 4970832
0.3490, 4932035
0.3490, 4827352
0.3490, 4772260
0.3490, 4714708
0.3490, 4580350
0.4980, 4564525
0.4980, 4523273
0.4980, 4514476
0.4980, 4514308
0.4980, 4503674
0.4980, 4451018
0.4980, 4433971
0.4980, 4423184
0.4980, 4422355
0.4980, 4362872
0.4980, 4313984
0.4990, 4264563
0.5010, 4229126
0.5010, 4175952
0.5010, 4154760
0.5010, 4116689
0.5010, 4101276
0.5010, 4076371
0.5010, 4073439
0.5010, 4009288
0.5010, 3998240
0.5010, 3992815
0.5010, 3962276
0.5010, 3961363
0.5010, 3945789
0.5010, 3915352
0.5030, 3878051
0.5030, 3875183
0.5030, 3831260
0.5030, 3799351
0.5030, 3797450
0.5030, 3791661
0.5030, 3783646
0.5030, 3771391
0.5040, 3767391
0.5040, 3767335
0.5040, 3763564
0.5040, 3751056
0.5040, 3732622
0.5040, 3730021
0.5040, 3725988
0.5040, 3725344
0.5040, 3689044
0.5040, 3658020
0.5040, 3579912
0.5040, 3579361
0.5040, 3568526
0.5040, 3566518
0.5040, 3565243
0.5040, 3557203
0.5040, 3555319
0.5040, 3521974
0.5040, 3483814
0.5040, 3458975
0.5040, 3453899
0.5050, 3443186
0.5050, 3439382
0.5050, 3402458
0.5050, 3391366
0.5050, 3385868
0.5050, 3385159
0.5050, 3350933
0.5060, 3347281
0.5060, 3317917
0.5060, 3317868
0.5060, 3309446
0.5060, 3304856
0.5060, 3298964
0.5060, 3278518
0.5060, 3271739
0.5070, 3266239
0.5070, 3265409
0.5070, 3255627
0.5070, 3249253
0.5070, 3227324
0.5070, 3213413
0.5070, 3193666
0.5070, 3173924
0.5070, 3144110
0.5070, 3073938
0.5070, 3071826
0.5080, 3037296
0.5080, 3007117
0.5080, 2990060
0.5080, 2969509
0.5080, 2963291
0.5080, 2957647
0.5080, 2948930
0.5080, 2940559
0.5080, 2935192
0.5080, 2913003
0.5080, 2898328
0.5080, 2882214
0.5080, 2867634
0.5080, 2866126
0.5080, 2849970
0.5090, 2845493
0.5090, 2831216
0.5090, 2828676
0.5090, 2825057
0.5090, 2816895
0.5090, 2772670
0.5090, 2758670
0.5090, 2715055
0.5090, 2706248
0.5090, 2702245
0.5090, 2672695
0.5090, 2668422
0.5090, 2658935
0.5090, 2624424
0.5090, 2623723
0.5090, 2616574
0.5090, 2608711
0.5090, 2575006
0.5090, 2574366
0.5100, 2557360
0.5100, 2538297
0.5100, 2538101
0.5100, 2534248
0.5100, 2511145
0.5100, 2503482
0.5100, 2473458
0.5100, 2453719
0.5100, 2438878
0.5100, 2433131
0.5100, 2399821
0.5100, 2397817
0.5110, 2392003
0.5110, 2378633
0.5110, 2324465
0.5110, 2322592
0.5110, 2302848
0.5110, 2301917
0.5110, 2298325
0.5110, 2294112
0.5110, 2282949
0.5110, 2282661
0.5110, 2279798
0.5110, 2278423
0.5110, 2267974
0.5110, 2267824
0.5120, 2266874
0.5120, 2266149
0.5120, 2251662
0.5120, 2244924
0.5120, 2240359
0.5120, 2240352
0.5120, 2234310
0.5120, 2217592
0.5120, 2203870
0.5120, 2200684
0.5120, 2199439
0.5120, 2193425
0.5120, 2187636
0.5120, 2111653
0.5120, 2102720
0.5120, 2060865
0.5120, 2051308
0.5130, 2041813
0.5130, 2028636
0.5130, 2024367
0.5130, 1992665
0.5130, 1991648
0.5130, 1984143
0.5130, 1939432
0.5130, 1923534
0.5130, 1909838
0.5130, 1906640
0.5130, 1906435
0.5130, 1875565
0.5130, 1874586
0.5140, 1873417
0.5140, 1864689
0.5140, 1852265
0.5140, 1846335
0.5140, 1845016
0.5140, 1843484
0.5140, 1823761
0.5150, 1794446
0.5150, 1792867
0.5150, 1790289
0.5150, 1783679
0.5150, 1777031
0.5160, 1766645
0.5160, 1763121
0.5160, 1755632
0.5160, 1746255
0.5160, 1715668
0.5160, 1697008
0.5170, 1696610
0.5170, 1672888
0.5170, 1661529
0.5170, 1631009
0.5170, 1630592
0.5170, 1622862
0.5180, 1603708
0.5180, 1578745
0.5180, 1573660
0.5180, 1565568
0.5180, 1557724
0.5180, 1544911
0.5190, 1533288
0.5190, 1511639
0.5190, 1509573
0.5190, 1495110
0.5200, 1483094
0.5200, 1482449
0.5200, 1462230
0.5200, 1459893
0.5210, 1439220
0.5210, 1415106
0.5210, 1406641
0.5210, 1405876
0.5210, 1405381
0.5220, 1400795
0.5220, 1392622
0.5220, 1385289
0.5220, 1383670
0.5230, 1378609
0.5230, 1368684
0.5230, 1366951
0.5230, 1354027
0.5240, 1344941
0.5240, 1337992
0.5240, 1331842
0.5250, 1328796
0.5250, 1320249
0.5250, 1318042
0.5250, 1314797
0.5250, 1298423
0.5260, 1292725
0.5260, 1281437
0.5260, 1281416
0.5260, 1266568
0.5270, 1262948
0.5270, 1255310
0.5270, 1240546
0.5270, 1221283
0.5280, 1221123
0.5280, 1216370
0.5290, 1210968
0.5300, 1210548
0.5300, 1202384
0.5310, 1188722
0.5320, 1183941
0.5330, 1177458
0.5330, 1176245
0.5330, 1158534
0.5330, 1158078
0.5340, 1151353
0.5340, 1127947
0.5340, 1125183
0.5350, 1122815
0.5350, 1097085
0.5350, 1090263
0.5350, 1085546
0.5360, 1057334
0.5360, 1048503
0.5380, 1046724
0.5380, 1045059
0.5380, 1044464
0.5390, 1044456
0.5390, 1043373
0.5400, 1042029
0.5410, 1039716
0.5410, 1017767
0.5410, 1011403
0.5420, 1009734
0.5430, 1009185
0.5430, 1009127
0.5440, 1004638
0.5470, 1004630
0.5480, 996214
0.5480, 996045
0.5480, 991340
0.5480, 984940
0.5510, 974253
0.5550, 973646
8.1500, 971455
8.1510, 970921
20.1170, 968678
20.1180, 968506
20.1190, 962449
20.1200, 958839
20.1200, 944822
45.6240, 944426
50.0170, 937746
50.0180, 931624
50.0190, 931391
50.0230, 927217
50.0230, 924601
50.0230, 923407
52.9210, 918459
66.1060, 918454
66.1080, 915330
66.1090, 908675
200.2790, 902686
200.2790, 902673
200.2810, 899755
343.3450, 896582
343.3450, 896501
343.3480, 890009
343.3480, 889792
343.3490, 888816
343.3500, 882615
343.3510, 881287
343.3530, 881274
343.3530, 879215
343.3560, 878766
343.3570, 878727
345.4310, 875329
345.4320, 875112
345.4360, 874892
345.4370, 871050
345.4380, 863219
345.4380, 862440
345.4410, 859127
345.4440, 852515
345.4440, 841064
346.4630, 839365
346.4660, 839282
346.4680, 838539
346.4730, 837969
346.4730, 837032
346.4750, 836993
346.4780, 832288
346.4860, 831441
346.4900, 830113
347.5250, 827253
347.5320, 824766
347.5340, 824646
347.5360, 824076
348.5860, 821399
349.6260, 821270
349.6260, 821230
350.6610, 821131
350.6690, 820669
351.6950, 819831
351.7130, 819792
