0.0001, 6203616
0.0004, 6172967
0.0004, 6119993
0.0005, 6043262
0.0006, 5994164
0.0006, 5993214
0.0007, 5943492
0.0007, 5911640
0.0007, 5887407
0.0008, 5841840
0.0008, 5840099
0.0008, 5819844
0.0009, 5817976
0.0009, 5799862
0.0010, 5779709
0.0011, 5715126
0.0011, 5676377
0.0020, 5559487
0.0020, 5518783
0.0020, 5513620
0.0020, 5498672
0.0020, 5487955
0.0021, 5441328
0.0021, 5356963
0.0021, 5276421
0.0085, 5271035
0.0085, 5266741
0.0086, 5240288
0.0378, 5181921
0.0378, 5181695
0.0483, 5146017
0.0778, 5103427
0.2468, 5047574
0.2469, 5021830
0.4726, 4975524
0.4726, 4955214
0.4727, 4895707
0.7665, 4895590
0.7665, 4854962
0.7666, 4847770
0.7666, 4845579
0.7666, 4844421
0.7668, 4841362
0.7669, 4834537
0.7672, 4804708
0.7677, 4686227
0.7678, 4649968
0.7678, 4646336
0.7681, 4632847
0.7681, 4623902
0.7681, 4616267
0.7747, 4558517
0.7748, 4556724
0.7748, 4541861
0.7748, 4535409
0.7749, 4450252
0.7749, 4435160
0.7749, 4427575
0.7749, 4424269
0.7750, 4418042
0.7750, 4380641
0.7755, 4380341
0.7757, 4373369
0.7757, 4290077
0.7759, 4273286
0.7759, 4234004
0.7760, 4148985
0.7763, 4132177
0.7764, 4116222
0.7765, 4088270
0.7765, 4084051
0.7766, 4059830
0.7766, 4059128
0.7766, 4058941
0.7767, 4045380
0.7767, 4021237
0.7767, 3991372
0.7768, 3948925
0.7768, 3904828
0.7768, 3843182
0.7769, 3823091
0.7770, 3822682
0.7773, 3817645
0.7773, 3816679
0.7779, 3786624
0.7780, 3784370
0.7780, 3773612
0.7781, 3712002
0.7781, 3711953
0.7782, 3700036
0.7790, 3697814
0.7792, 3629651
0.7794, 3601610
0.7807, 3542819
0.7817, 3540402
0.7831, 3531507
0.7843, 3513550
0.7844, 3508628
0.7844, 3480348
0.7845, 3478447
0.7845, 3475727
0.7845, 3469797
0.7845, 3450788
0.7846, 3428135
0.7846, 3390312
0.7846, 3385324
0.7847, 3379042
0.7847, 3369232
0.7847, 3330224
0.7847, 3324563
0.7848, 3309745
0.7851, 3308679
0.7851, 3286496
0.7856, 3284111
0.7857, 3278882
0.7857, 3257036
0.7858, 3237209
0.7859, 3212283
0.7868, 3202022
0.7868, 3183649
0.7868, 3153587
0.7872, 3149992
0.7872, 3130824
0.7874, 3108488
0.7874, 3100788
0.7875, 3089666
0.7884, 3064977
0.7885, 3061175
0.7885, 3024569
0.7885, 3018026
0.7886, 3002242
0.7886, 2997397
0.7886, 2989906
0.7886, 2956031
0.7891, 2952622
0.7891, 2941487
0.7893, 2904181
0.7896, 2900752
0.7896, 2898393
0.7897, 2880409
0.7898, 2871787
0.7899, 2866519
0.7901, 2863813
0.7902, 2850510
0.7902, 2845304
0.7902, 2843769
0.7905, 2818882
0.7906, 2807892
0.7906, 2806985
0.7911, 2766152
0.7911, 2758935
0.7912, 2746812
0.7912, 2739281
0.7912, 2712952
0.7912, 2706957
0.7913, 2675514
0.7914, 2654147
0.7923, 2627031
0.7925, 2625049
0.7926, 2582370
0.7926, 2569001
0.7948, 2566518
0.7950, 2553375
0.7951, 2550661
0.7952, 2530091
0.7952, 2519491
0.7953, 2519341
0.7954, 2515836
0.7955, 2515642
0.7956, 2514856
0.7956, 2513682
0.7957, 2489853
0.7959, 2465425
0.7961, 2415958
0.7962, 2385364
0.7962, 2370090
0.7963, 2358524
0.7964, 2354946
0.7964, 2353407
0.7966, 2338303
0.7968, 2315591
0.7969, 2289005
0.7969, 2237264
0.7972, 2235910
0.7974, 2214545
0.7978, 2214234
0.7982, 2172080
0.7982, 2171165
0.7983, 2169214
0.7983, 2165796
0.7984, 2161052
0.7985, 2139616
0.7987, 2134279
0.7989, 2118545
0.7993, 2114218
0.7994, 2105774
0.7996, 2099361
0.8006, 2056490
0.8006, 2048758
0.8007, 2043597
0.8008, 2036720
0.8009, 2023825
0.8011, 2008545
0.8012, 2001740
0.8012, 1958357
0.8013, 1945983
0.8015, 1944965
0.8015, 1941118
0.8015, 1929622
0.8016, 1916369
0.8018, 1884582
0.8018, 1879501
0.8020, 1844426
0.8021, 1830730
0.8024, 1823223
0.8024, 1820878
0.8027, 1809478
0.8028, 1797158
0.8028, 1793512
0.8031, 1779267
0.8040, 1757791
0.8040, 1751116
0.8040, 1734161
0.8043, 1726002
0.8044, 1711544
0.8045, 1695438
0.8046, 1688766
0.8048, 1685119
0.8050, 1681913
0.8056, 1677839
0.8058, 1660950
0.8061, 1656874
0.8067, 1646878
0.8067, 1644387
0.8067, 1630119
0.8070, 1614497
0.8072, 1605203
0.8077, 1601383
0.8077, 1590943
0.8080, 1584172
0.8080, 1551001
0.8086, 1537065
0.8088, 1536604
0.8089, 1525122
0.8094, 1515063
0.8109, 1510757
0.8113, 1480166
0.8115, 1478367
0.8117, 1469548
0.8120, 1459576
0.8124, 1452705
0.8126, 1452207
0.8130, 1452194
0.8132, 1445339
0.8136, 1442441
0.8140, 1436607
0.8143, 1436387
0.8151, 1430692
0.8152, 1426574
0.8153, 1416302
0.8163, 1414858
0.8170, 1405524
0.8171, 1396794
0.8173, 1386679
0.8173, 1368413
0.8177, 1359828
0.8180, 1359623
0.8181, 1355606
0.8181, 1355210
0.8184, 1349669
0.8187, 1343901
0.8194, 1338134
0.8195, 1337221
0.8198, 1334976
0.8210, 1330033
0.8211, 1326510
0.8212, 1324535
0.8215, 1285370
0.8219, 1257858
0.8226, 1255402
0.8228, 1253265
0.8228, 1253145
0.8230, 1244341
0.8233, 1243467
0.8241, 1243192
0.8260, 1236901
0.8267, 1219990
0.8276, 1216705
0.8284, 1213070
0.8289, 1212568
0.8299, 1206664
0.8306, 1201473
0.8313, 1197225
0.8326, 1194821
0.8330, 1180357
0.8331, 1177271
0.8337, 1177086
0.8343, 1173249
0.8360, 1165252
0.8375, 1164437
0.8388, 1150835
0.8391, 1128115
0.8392, 1120806
0.8396, 1119119
0.8414, 1114332
0.8424, 1113960
0.8433, 1113252
0.8453, 1110168
0.8455, 1102314
0.8470, 1102184
0.8473, 1102146
0.8482, 1098536
0.8489, 1097518
0.8492, 1093869
0.8493, 1059715
0.8501, 1059632
0.8504, 1056809
0.8517, 1043550
0.8533, 1037085
0.8548, 1036154
0.8554, 1035959
0.8577, 1035371
0.8592, 1024811
0.8601, 1024564
0.8603, 1010720
0.8610, 1006241
0.8634, 1005979
0.8678, 1004824
0.8678, 998494
0.8688, 998261
0.8691, 995318
2.7126, 993562
6.3812, 991514
6.3861, 990126
6.3873, 987623
6.3895, 967962
19.0907, 960824
19.0907, 945628
19.0927, 944919
66.8614, 938772
66.8635, 938719
66.8644, 931343
190.2643, 931239
190.2643, 923581
190.2647, 920663
190.2658, 909086
190.2682, 902335
190.2701, 901251
190.2708, 900223
190.2738, 896252
388.9534, 886139
388.9566, 885615
388.9597, 885210
388.9599, 882661
388.9603, 880961
388.9617, 879263
388.9659, 878869
390.0274, 870179
390.0423, 868294
390.0437, 867945
390.0443, 867627
390.0459, 865595
390.0516, 863440
391.0595, 862593
392.1595, 862131
392.1640, 857182
392.1657, 854787
392.1699, 852336
392.1712, 850718
392.1736, 850678
392.1739, 850558
392.1772, 848668
392.1802, 847625
392.1860, 846137
392.1879, 846097
392.1886, 845902
392.1891, 843196
392.1894, 842654
392.1946, 842421
392.1969, 833754
392.2014, 830441
392.2028, 829603
392.2032, 827992
392.2037, 827145
395.4010, 827032
395.4100, 825984
395.4124, 825945
395.4229, 825853
395.4234, 824037
397.5672, 823129
397.5744, 820416
399.6947, 819974
399.7021, 819893
403.9544, 819676
405.0217, 819637
