0.0001, 5970996
0.0004, 5967041
0.0005, 5960585
0.0005, 5902728
0.0006, 5843507
0.0006, 5710842
0.0006, 5703506
0.0007, 5694066
0.0007, 5630337
0.0034, 5615104
0.0034, 5585724
0.0035, 5583075
0.0036, 5484875
0.0090, 5480878
0.0091, 5358134
0.0092, 5267940
0.0092, 5258605
0.0093, 5246864
0.0094, 5242052
0.0097, 5230184
0.0097, 5178533
0.0098, 5177794
0.0640, 5150110
0.0640, 5143569
0.0754, 5105524
0.0754, 5040380
0.1491, 5036254
0.1491, 5020526
0.1492, 5013614
0.1492, 5005174
0.1492, 4981401
0.3832, 4949557
0.3833, 4930247
0.3834, 4905872
0.7511, 4898290
0.7512, 4894380
0.7512, 4893255
0.7512, 4873741
0.7512, 4852722
0.7513, 4818557
0.7513, 4785489
0.7584, 4726458
0.7584, 4721150
0.7585, 4719600
0.7585, 4676667
0.7586, 4649919
0.7586, 4639787
0.7586, 4638849
0.7587, 4609367
0.7598, 4608295
0.7599, 4594290
0.7599, 4586262
0.7612, 4573867
0.7616, 4565365
0.7616, 4553538
0.7616, 4386677
0.7617, 4365872
0.7617, 4359124
0.7617, 4356146
0.7620, 4351705
0.7620, 4344030
0.7621, 4335650
0.7621, 4330759
0.7621, 4143540
0.7623, 4129735
0.7635, 4109451
0.7635, 4047215
0.7644, 4020983
0.7645, 4013071
0.7646, 3985973
0.7646, 3856834
0.7650, 3821195
0.7650, 3804727
0.7650, 3774664
0.7656, 3759252
0.7656, 3692599
0.7657, 3690901
0.7657, 3672696
0.7657, 3671947
0.7659, 3654673
0.7659, 3606185
0.7660, 3573224
0.7664, 3569875
0.7667, 3502016
0.7667, 3482502
0.7668, 3441441
0.7668, 3438477
0.7669, 3410993
0.7670, 3408089
0.7670, 3356343
0.7700, 3307560
0.7700, 3297703
0.7702, 3284061
0.7702, 3276648
0.7702, 3266860
0.7703, 3264414
0.7703, 3259187
0.7704, 3189716
0.7704, 3183650
0.7705, 3154570
0.7705, 3134799
0.7713, 3122831
0.7713, 3118104
0.7714, 3105740
0.7715, 3078699
0.7717, 3028672
0.7717, 3025637
0.7717, 3006872
0.7718, 2997052
0.7729, 2944752
0.7730, 2940807
0.7731, 2876452
0.7731, 2856220
0.7731, 2811659
0.7734, 2808837
0.7737, 2807558
0.7738, 2806268
0.7757, 2789775
0.7758, 2789396
0.7758, 2788733
0.7759, 2788234
0.7759, 2759788
0.7761, 2742415
0.7762, 2687240
0.7763, 2686069
0.7764, 2678966
0.7764, 2676448
0.7772, 2611871
0.7773, 2608171
0.7774, 2581877
0.7774, 2570911
0.7775, 2543890
0.7776, 2529223
0.7779, 2511628
0.7779, 2510510
0.7783, 2503741
0.7783, 2502311
0.7784, 2489187
0.7784, 2476935
0.7793, 2455365
0.7794, 2425497
0.7795, 2413471
0.7798, 2377770
0.7798, 2363837
0.7799, 2360456
0.7801, 2352386
0.7801, 2335310
0.7801, 2299582
0.7802, 2285582
0.7807, 2267128
0.7808, 2259833
0.7808, 2254261
0.7810, 2243998
0.7811, 2222158
0.7813, 2207786
0.7813, 2201999
0.7813, 2200899
0.7814, 2199483
0.7816, 2183626
0.7816, 2179386
0.7818, 2142909
0.7819, 2141322
0.7820, 2140545
0.7821, 2139398
0.7823, 2120028
0.7823, 2116605
0.7824, 2115346
0.7825, 2096289
0.7828, 2077066
0.7828, 2062372
0.7830, 2060781
0.7830, 2047698
0.7836, 2041681
0.7836, 2028616
0.7837, 2023271
0.7851, 2020644
0.7854, 2019680
0.7855, 1967121
0.7864, 1952698
0.7870, 1952242
0.7870, 1949129
0.7870, 1942007
0.7871, 1934410
0.7873, 1932953
0.7874, 1901832
0.7874, 1900766
0.7875, 1888878
0.7877, 1879188
0.7878, 1866873
0.7878, 1852204
0.7884, 1835588
0.7887, 1819153
0.7887, 1818398
0.7888, 1808588
0.7888, 1807961
0.7889, 1793090
0.7895, 1786327
0.7895, 1785805
0.7897, 1771568
0.7897, 1770734
0.7900, 1766200
0.7900, 1757046
0.7901, 1746899
0.7901, 1742070
0.7902, 1733960
0.7906, 1728970
0.7911, 1722847
0.7911, 1709049
0.7912, 1694210
0.7913, 1671991
0.7915, 1639414
0.7915, 1636356
0.7915, 1631409
0.7918, 1631161
0.7921, 1575363
0.7921, 1568104
0.7923, 1540716
0.7929, 1536893
0.7930, 1516569
0.7932, 1515283
0.7933, 1502921
0.7934, 1502708
0.7939, 1486155
0.7940, 1460726
0.7947, 1459045
0.7949, 1458914
0.7951, 1458851
0.7960, 1441867
0.7960, 1424069
0.7961, 1411016
0.7962, 1406372
0.7966, 1405867
0.7967, 1405640
0.7979, 1389904
0.7981, 1387416
0.7984, 1386434
0.7988, 1381594
0.7991, 1377763
0.7995, 1377464
0.7996, 1377040
0.8001, 1372972
0.8002, 1366818
0.8003, 1346362
0.8008, 1343297
0.8009, 1343247
0.8011, 1341831
0.8012, 1340823
0.8015, 1339170
0.8021, 1339151
0.8024, 1338067
0.8024, 1336354
0.8030, 1328976
0.8033, 1317205
0.8034, 1297854
0.8038, 1281089
0.8042, 1279578
0.8044, 1258189
0.8048, 1253847
0.8050, 1252575
0.8053, 1243391
0.8066, 1242986
0.8068, 1242509
0.8072, 1239944
0.8078, 1236577
0.8089, 1210487
0.8092, 1210468
0.8093, 1209933
0.8098, 1196347
0.8099, 1180079
0.8106, 1174031
0.8115, 1141214
0.8129, 1139739
0.8131, 1121143
0.8141, 1120749
0.8143, 1113060
0.8156, 1110373
0.8174, 1104894
0.8178, 1096755
0.8185, 1094422
0.8199, 1092961
0.8203, 1091275
0.8206, 1089604
0.8210, 1075500
0.8210, 1071483
0.8219, 1069457
0.8224, 1061628
0.8226, 1061063
0.8231, 1054488
0.8231, 1037758
0.8236, 1029923
0.8244, 1019996
0.8264, 1010033
0.8272, 1006356
0.8289, 1006316
0.8298, 1004239
0.8330, 1003261
0.8392, 996239
0.8406, 991283
0.8414, 982453
0.8416, 956544
0.8455, 954982
0.8469, 948546
0.8473, 947708
20.9572, 942680
20.9573, 940346
20.9588, 937386
20.9622, 930768
20.9623, 928525
20.9668, 927736
20.9670, 926709
210.4519, 926037
210.4519, 925195
210.4542, 911533
210.4559, 909122
324.2580, 909085
324.2583, 908868
324.2603, 902293
324.2607, 895786
392.9101, 879848
392.9153, 876350
392.9156, 872390
392.9163, 868419
392.9206, 867133
395.0597, 865538
395.0631, 857004
395.0663, 854127
395.0740, 852361
395.0741, 852322
395.0766, 849413
395.0799, 847688
396.1588, 837879
399.3567, 836262
399.3670, 834471
400.4043, 834245
400.4184, 833783
400.4188, 833663
401.4815, 830844
401.4819, 830763
401.4924, 830663
401.4992, 830214
402.5178, 829762
402.5211, 822877
402.5546, 822337
403.6255, 820861
403.6299, 819173
