0.0001, 5875833
0.0004, 5843595
0.0037, 5838541
0.0037, 5709565
0.0038, 5638310
0.0038, 5614582
0.0038, 5612852
0.0038, 5544480
0.0038, 5542972
0.0039, 5518228
0.0039, 5512957
0.0102, 5494956
0.0102, 5457238
0.0102, 5357122
0.0103, 5299081
0.0103, 5293397
0.0103, 5190316
0.0104, 5155841
0.0107, 5153707
0.0108, 5145468
0.0108, 5112299
0.2464, 5070625
0.2706, 5063637
0.2706, 5054156
0.2967, 5049840
0.2968, 4968815
0.2968, 4950896
0.3712, 4946221
0.7173, 4939065
0.7173, 4921263
0.7173, 4919023
0.7174, 4917402
0.7176, 4901749
0.7176, 4883015
0.7256, 4863697
0.7257, 4781002
0.7257, 4769456
0.7258, 4753242
0.7258, 4645945
0.7263, 4608604
0.7263, 4533064
0.7263, 4532410
0.7263, 4526779
0.7265, 4522839
0.7267, 4522282
0.7267, 4514560
0.7267, 4509285
0.7378, 4470321
0.7379, 4466409
0.7380, 4464091
0.7380, 4429095
0.7380, 4348185
0.7381, 4314635
0.7381, 4306126
0.7381, 4304931
0.7381, 4278960
0.7422, 4265102
0.7431, 4222077
0.7431, 4203500
0.7432, 4158738
0.7432, 4140631
0.7434, 4100925
0.7434, 4023869
0.7434, 3921442
0.7435, 3911477
0.7439, 3808886
0.7440, 3788088
0.7440, 3786753
0.7440, 3734144
0.7440, 3707458
0.7441, 3698855
0.7479, 3693373
0.7482, 3668481
0.7483, 3577551
0.7483, 3577376
0.7484, 3549866
0.7484, 3503614
0.7484, 3437964
0.7485, 3434966
0.7485, 3416188
0.7487, 3392091
0.7488, 3337083
0.7488, 3300810
0.7513, 3270729
0.7513, 3249063
0.7513, 3231132
0.7513, 3166181
0.7514, 3163677
0.7514, 3157895
0.7515, 3142252
0.7516, 3096964
0.7516, 3096658
0.7517, 3066629
0.7518, 3047836
0.7518, 3007515
0.7519, 2999697
0.7522, 2991510
0.7523, 2988485
0.7523, 2984969
0.7524, 2976241
0.7527, 2948140
0.7527, 2924330
0.7527, 2896749
0.7528, 2874154
0.7528, 2863598
0.7528, 2830155
0.7528, 2822475
0.7529, 2816893
0.7532, 2775133
0.7537, 2768661
0.7537, 2714890
0.7538, 2689348
0.7539, 2686755
0.7539, 2686527
0.7539, 2632212
0.7553, 2616735
0.7555, 2584559
0.7556, 2562512
0.7557, 2557226
0.7561, 2536915
0.7561, 2535310
0.7562, 2528346
0.7563, 2504266
0.7566, 2503170
0.7566, 2496792
0.7569, 2490218
0.7570, 2463631
0.7571, 2442060
0.7571, 2419196
0.7572, 2417001
0.7573, 2390581
0.7573, 2352417
0.7573, 2337813
0.7574, 2307601
0.7574, 2300566
0.7578, 2295885
0.7579, 2294428
0.7579, 2290487
0.7580, 2283823
0.7581, 2259683
0.7581, 2259088
0.7583, 2251918
0.7584, 2229198
0.7585, 2223525
0.7586, 2222619
0.7587, 2219479
0.7587, 2218396
0.7587, 2201456
0.7588, 2193973
0.7588, 2168695
0.7589, 2154698
0.7589, 2153906
0.7590, 2139301
0.7590, 2136999
0.7594, 2136889
0.7595, 2132949
0.7595, 2130144
0.7596, 2118119
0.7598, 2102953
0.7599, 2085979
0.7599, 2055038
0.7601, 2046548
0.7602, 2026474
0.7605, 2023668
0.7606, 2016249
0.7606, 2001520
0.7610, 1985764
0.7611, 1984474
0.7612, 1972577
0.7612, 1970833
0.7614, 1943845
0.7614, 1927412
0.7615, 1916736
0.7618, 1901414
0.7622, 1900147
0.7623, 1894621
0.7624, 1884388
0.7627, 1881985
0.7632, 1863116
0.7635, 1863084
0.7640, 1851108
0.7640, 1844624
0.7641, 1843975
0.7641, 1832840
0.7643, 1821133
0.7644, 1817983
0.7644, 1813497
0.7647, 1785207
0.7651, 1731045
0.7651, 1730658
0.7652, 1696725
0.7653, 1689652
0.7654, 1688793
0.7657, 1687307
0.7660, 1666297
0.7661, 1665431
0.7663, 1655534
0.7663, 1650098
0.7670, 1634415
0.7675, 1615991
0.7676, 1604456
0.7678, 1567249
0.7685, 1566693
0.7686, 1565678
0.7697, 1565413
0.7699, 1557538
0.7700, 1555962
0.7701, 1531561
0.7702, 1531068
0.7708, 1527716
0.7710, 1520939
0.7712, 1518988
0.7713, 1518378
0.7714, 1517594
0.7716, 1517188
0.7720, 1514901
0.7726, 1513202
0.7728, 1511390
0.7733, 1510969
0.7735, 1502227
0.7737, 1500747
0.7739, 1500581
0.7744, 1499487
0.7747, 1484711
0.7748, 1484454
0.7751, 1477677
0.7752, 1470588
0.7753, 1457061
0.7754, 1456584
0.7761, 1456578
0.7763, 1442820
0.7763, 1442505
0.7765, 1440066
0.7770, 1429041
0.7779, 1426956
0.7780, 1408499
0.7791, 1398808
0.7794, 1376516
0.7796, 1368146
0.7800, 1362028
0.7804, 1359130
0.7805, 1358261
0.7807, 1357283
0.7807, 1357200
0.7810, 1356809
0.7811, 1348141
0.7813, 1344188
0.7817, 1342785
0.7817, 1341752
0.7819, 1341701
0.7820, 1326129
0.7825, 1315700
0.7831, 1311154
0.7832, 1302485
0.7833, 1295657
0.7836, 1281268
0.7836, 1280526
0.7840, 1280263
0.7843, 1261422
0.7847, 1245421
0.7851, 1242185
0.7852, 1241543
0.7854, 1234851
0.7857, 1234457
0.7862, 1229843
0.7871, 1216147
0.7878, 1210017
0.7882, 1202809
0.7889, 1200806
0.7890, 1197888
0.7891, 1187158
0.7893, 1186031
0.7909, 1180805
0.7910, 1173054
0.7931, 1152359
0.7937, 1150703
0.7941, 1140731
0.7942, 1137575
0.7957, 1135979
0.7961, 1131408
0.7991, 1131375
0.7993, 1128364
0.7994, 1124383
0.7998, 1124343
0.7999, 1123228
0.8010, 1112309
0.8023, 1110351
0.8030, 1109114
0.8043, 1097304
0.8053, 1095414
0.8057, 1089957
0.8057, 1088711
0.8067, 1087601
0.8073, 1085075
0.8078, 1071964
0.8081, 1068180
0.8093, 1066546
0.8097, 1057447
0.8104, 1055963
0.8113, 1043227
0.8126, 1042255
0.8135, 1041370
0.8200, 1039663
0.8204, 1039308
0.8207, 1037373
0.8222, 1028445
0.8230, 1026176
0.8231, 1023175
0.8243, 1022829
0.8248, 1020555
4.4658, 1017903
4.4660, 1017569
4.4670, 1012241
4.4687, 1012024
4.4694, 1011027
4.4697, 1009611
4.4702, 1008632
4.4716, 1007303
4.4764, 1003186
4.4764, 1002961
9.9432, 997272
9.9450, 992863
9.9516, 992405
19.0623, 976725
19.0653, 975536
19.0668, 968981
19.0677, 967504
19.0682, 955003
19.0686, 950516
22.6861, 948379
22.6865, 939301
22.6894, 935438
38.8562, 930762
38.8567, 923237
38.8579, 922413
38.8583, 906680
38.8611, 898876
390.7588, 897220
390.7611, 896647
390.7626, 889650
390.7628, 885913
390.7642, 884627
390.7646, 884546
390.7648, 882303
390.7650, 876102
390.7658, 872425
390.7672, 870811
390.7735, 854732
390.7800, 852470
390.7843, 852122
395.0755, 849920
395.0795, 847222
395.0797, 846973
395.0799, 844533
395.0871, 844494
395.1086, 844032
395.1111, 843627
396.1810, 843267
396.1850, 842697
396.1875, 842582
396.1911, 842133
397.2558, 841947
404.6890, 841832
