0.0001, 5586463
0.0006, 5509650
0.0006, 5465594
0.0007, 5441393
0.0253, 5425239
0.0254, 5344072
0.0295, 5296723
0.0295, 5266731
0.0295, 5264786
0.0340, 5243693
0.0347, 5219648
0.0347, 5177097
0.0584, 5169806
0.0584, 5093650
0.0585, 5081974
0.0585, 5032532
0.0585, 5024095
0.0827, 4980346
0.0827, 4975188
0.0827, 4892076
0.0828, 4803773
0.7114, 4791417
0.7114, 4736742
0.7116, 4692900
0.7117, 4687385
0.7117, 4677470
0.7118, 4660305
0.7118, 4656210
0.7118, 4501560
0.7118, 4491475
0.7152, 4401201
0.7152, 4370774
0.7153, 4363676
0.7153, 4298213
0.7153, 4286830
0.7154, 4246857
0.7154, 4151653
0.7157, 4149092
0.7158, 4136832
0.7158, 4111437
0.7183, 4087116
0.7183, 4074417
0.7188, 3978909
0.7189, 3959965
0.7190, 3914811
0.7190, 3888650
0.7190, 3887997
0.7190, 3843468
0.7191, 3822986
0.7193, 3809782
0.7194, 3803711
0.7195, 3766177
0.7197, 3718388
0.7197, 3699816
0.7198, 3678928
0.7198, 3642399
0.7202, 3564189
0.7202, 3564003
0.7203, 3545217
0.7204, 3514612
0.7205, 3499654
0.7206, 3497192
0.7209, 3471740
0.7210, 3457905
0.7210, 3444337
0.7211, 3440400
0.7212, 3421647
0.7212, 3410772
0.7212, 3378148
0.7218, 3332531
0.7228, 3331624
0.7228, 3223072
0.7228, 3199738
0.7233, 3191773
0.7234, 3183729
0.7234, 3173519
0.7234, 3173371
0.7234, 3162453
0.7235, 3120323
0.7236, 3103723
0.7236, 3102320
0.7237, 3054670
0.7237, 3028253
0.7238, 3007026
0.7238, 2966434
0.7241, 2961214
0.7248, 2959764
0.7248, 2957447
0.7249, 2941284
0.7250, 2934888
0.7251, 2932630
0.7251, 2925915
0.7252, 2925047
0.7252, 2922989
0.7252, 2900909
0.7253, 2900379
0.7253, 2892383
0.7254, 2866764
0.7256, 2864541
0.7256, 2853359
0.7257, 2836122
0.7257, 2831150
0.7270, 2818694
0.7270, 2742780
0.7273, 2739731
0.7273, 2734051
0.7274, 2730488
0.7274, 2724072
0.7275, 2721054
0.7276, 2720210
0.7277, 2705806
0.7278, 2705075
0.7279, 2702726
0.7280, 2680071
0.7283, 2639920
0.7285, 2639264
0.7285, 2638874
0.7285, 2608775
0.7289, 2601807
0.7289, 2599437
0.7290, 2567908
0.7290, 2559728
0.7291, 2530776
0.7291, 2490257
0.7291, 2459638
0.7292, 2454720
0.7298, 2453125
0.7298, 2406907
0.7298, 2395909
0.7300, 2380861
0.7300, 2341432
0.7301, 2341267
0.7302, 2327945
0.7303, 2326179
0.7311, 2306025
0.7312, 2281187
0.7314, 2237947
0.7314, 2226985
0.7315, 2190755
0.7317, 2165700
0.7318, 2164524
0.7318, 2139426
0.7318, 2138833
0.7320, 2123887
0.7323, 2120356
0.7323, 2073402
0.7324, 2049077
0.7325, 2013672
0.7325, 2007287
0.7327, 1999067
0.7331, 1990088
0.7333, 1989130
0.7333, 1981231
0.7336, 1977130
0.7336, 1976845
0.7337, 1976725
0.7337, 1972802
0.7338, 1954526
0.7338, 1953026
0.7340, 1938047
0.7340, 1927658
0.7341, 1922582
0.7342, 1915758
0.7346, 1905596
0.7347, 1875673
0.7350, 1870789
0.7351, 1846788
0.7353, 1845440
0.7355, 1823876
0.7362, 1809682
0.7363, 1809306
0.7364, 1801253
0.7367, 1800273
0.7371, 1759554
0.7373, 1759103
0.7380, 1748253
0.7382, 1738664
0.7384, 1722446
0.7384, 1716528
0.7387, 1715047
0.7388, 1695841
0.7390, 1693678
0.7390, 1671639
0.7391, 1662476
0.7392, 1654308
0.7394, 1648559
0.7395, 1615497
0.7399, 1611908
0.7404, 1596784
0.7406, 1587697
0.7407, 1581159
0.7409, 1576826
0.7411, 1569911
0.7412, 1554805
0.7413, 1548520
0.7421, 1537926
0.7422, 1535611
0.7431, 1529660
0.7433, 1527467
0.7435, 1526166
0.7439, 1525814
0.7439, 1509072
0.7441, 1498757
0.7444, 1496125
0.7446, 1491610
0.7459, 1491341
0.7462, 1475635
0.7465, 1474458
0.7466, 1471319
0.7466, 1470447
0.7468, 1424181
0.7468, 1414025
0.7472, 1414012
0.7478, 1408129
0.7478, 1407430
0.7479, 1404987
0.7480, 1404532
0.7486, 1395488
0.7486, 1371863
0.7488, 1369632
0.7490, 1364136
0.7494, 1341215
0.7503, 1335984
0.7506, 1316889
0.7507, 1315121
0.7509, 1307002
0.7515, 1302892
0.7518, 1302659
0.7524, 1297320
0.7527, 1283235
0.7530, 1280089
0.7531, 1279251
0.7535, 1279198
0.7545, 1276236
0.7550, 1272837
0.7551, 1267972
0.7555, 1253401
0.7560, 1250028
0.7561, 1244797
0.7568, 1232813
0.7570, 1227613
0.7573, 1215232
0.7576, 1213845
0.7588, 1206323
0.7588, 1204610
0.7589, 1201865
0.7590, 1198987
0.7590, 1198544
0.7594, 1184520
0.7597, 1184507
0.7598, 1175326
0.7600, 1173787
0.7601, 1161468
0.7601, 1159026
0.7602, 1157975
0.7613, 1152860
0.7621, 1152013
0.7626, 1139290
0.7630, 1138268
0.7639, 1136387
0.7644, 1133469
0.7656, 1133451
0.7657, 1128716
0.7657, 1127648
0.7677, 1125021
0.7684, 1119998
0.7692, 1113558
0.7703, 1113067
0.7706, 1111428
0.7718, 1110618
0.7727, 1110561
0.7731, 1105803
0.7742, 1099160
0.7743, 1096996
0.7765, 1096919
0.7771, 1095876
0.7772, 1089568
0.7799, 1089165
0.7810, 1085765
0.7831, 1082860
0.7843, 1076877
0.7845, 1074460
0.7857, 1067339
0.7858, 1064173
0.7860, 1060923
0.7867, 1053407
0.7870, 1052142
0.7871, 1049430
0.7873, 1046728
0.7874, 1045713
0.7880, 1029388
0.7915, 1023459
0.7920, 1022997
0.7933, 1022111
2.5916, 1005976
2.5920, 1005930
7.9443, 985480
7.9447, 984496
7.9452, 972653
7.9465, 968593
7.9466, 960885
7.9482, 959429
7.9483, 943249
7.9494, 941906
92.1672, 936651
92.1682, 936546
92.1700, 925721
92.1711, 924729
92.1715, 923933
239.8152, 921690
273.8213, 921222
286.9566, 909826
286.9579, 908846
286.9592, 907218
298.5408, 904306
328.3098, 900297
328.3109, 899127
328.3119, 898043
383.2060, 895856
383.2063, 895321
383.2066, 888558
384.2848, 888437
385.3342, 888237
385.3350, 870833
385.3355, 867443
385.3365, 867403
385.3366, 865519
385.3374, 864683
385.3465, 861836
385.3495, 846501
385.3524, 845302
385.3546, 842596
385.3570, 836466
385.3602, 831651
385.3652, 828499
388.5650, 825237
388.5651, 825197
388.5693, 824640
388.5824, 820725
391.8102, 820386
395.0115, 819607
