0.0001, 5954252
0.0003, 5921002
0.0004, 5829503
0.0004, 5803112
0.0005, 5703331
0.0005, 5687322
0.0005, 5673943
0.0005, 5667754
0.0005, 5617189
0.0006, 5579707
0.0013, 5556635
0.0014, 5552818
0.0014, 5526099
0.0014, 5494270
0.0014, 5492438
0.0015, 5369984
0.0015, 5367390
0.0015, 5359608
0.0017, 5295952
0.0017, 5282916
0.0017, 5256338
0.0017, 5256173
0.0017, 5181425
0.0018, 5095746
0.1023, 5093594
0.1023, 4946589
0.1024, 4944592
0.1024, 4920058
0.1130, 4895363
0.1130, 4873748
0.1130, 4849959
0.1990, 4809046
0.1990, 4749296
0.1990, 4731057
0.5494, 4716291
0.5494, 4703462
0.5497, 4669977
0.5497, 4639034
0.5497, 4635334
0.5497, 4627990
0.5497, 4617790
0.5497, 4592660
0.5523, 4482210
0.5524, 4469202
0.5524, 4459614
0.5524, 4437931
0.5524, 4322591
0.5524, 4279159
0.5525, 4268077
0.5525, 4266324
0.5525, 4239274
0.5525, 4228412
0.5566, 4174633
0.5574, 4130169
0.5575, 4106905
0.5575, 4082709
0.5575, 4062483
0.5576, 4053533
0.5578, 4003597
0.5578, 3998119
0.5579, 3970525
0.5579, 3876167
0.5579, 3875227
0.5579, 3862069
0.5580, 3860862
0.5580, 3841045
0.5580, 3827745
0.5580, 3772657
0.5581, 3731492
0.5581, 3713892
0.5581, 3713319
0.5582, 3707690
0.5582, 3706906
0.5583, 3700396
0.5583, 3682746
0.5583, 3677957
0.5583, 3677953
0.5583, 3635888
0.5584, 3629279
0.5584, 3607198
0.5584, 3549906
0.5584, 3532881
0.5584, 3521868
0.5585, 3476834
0.5585, 3433498
0.5586, 3403528
0.5586, 3387155
0.5594, 3355091
0.5595, 3335440
0.5632, 3331166
0.5635, 3309820
0.5635, 3309453
0.5636, 3285234
0.5637, 3280723
0.5637, 3279191
0.5637, 3262225
0.5637, 3259227
0.5637, 3230984
0.5638, 3227794
0.5639, 3193828
0.5639, 3188759
0.5640, 3186233
0.5640, 3186067
0.5643, 3129607
0.5645, 3129453
0.5647, 3092916
0.5647, 3058400
0.5647, 2980483
0.5648, 2948057
0.5649, 2941135
0.5650, 2866071
0.5650, 2837236
0.5651, 2833378
0.5652, 2819568
0.5652, 2818986
0.5652, 2817460
0.5652, 2809082
0.5653, 2798826
0.5653, 2792709
0.5654, 2785620
0.5655, 2775156
0.5655, 2770967
0.5656, 2766020
0.5665, 2674451
0.5672, 2665064
0.5672, 2650056
0.5672, 2648101
0.5673, 2645346
0.5673, 2641254
0.5673, 2636329
0.5674, 2617151
0.5674, 2611800
0.5675, 2577282
0.5681, 2567439
0.5682, 2551275
0.5682, 2514155
0.5683, 2508820
0.5683, 2490979
0.5685, 2459173
0.5685, 2440879
0.5687, 2435999
0.5688, 2422191
0.5688, 2419111
0.5689, 2418083
0.5690, 2384339
0.5690, 2365951
0.5691, 2359986
0.5695, 2352866
0.5696, 2337874
0.5697, 2318164
0.5699, 2270405
0.5700, 2267437
0.5701, 2249250
0.5701, 2246923
0.5702, 2241763
0.5702, 2223222
0.5702, 2192585
0.5704, 2188229
0.5704, 2184045
0.5705, 2182543
0.5706, 2153974
0.5706, 2151925
0.5707, 2146896
0.5708, 2139318
0.5708, 2135180
0.5709, 2127284
0.5710, 2110063
0.5710, 2106465
0.5711, 2101398
0.5715, 2077453
0.5715, 2077106
0.5716, 2067046
0.5716, 2058489
0.5718, 2015529
0.5719, 2005564
0.5719, 1981881
0.5719, 1979903
0.5719, 1976016
0.5721, 1970924
0.5722, 1941750
0.5723, 1939528
0.5723, 1939353
0.5725, 1926178
0.5725, 1912002
0.5726, 1890646
0.5727, 1890598
0.5728, 1882637
0.5730, 1865924
0.5731, 1857967
0.5732, 1838711
0.5732, 1824430
0.5733, 1823999
0.5734, 1821012
0.5735, 1818156
0.5736, 1796230
0.5736, 1780188
0.5737, 1767204
0.5738, 1754429
0.5738, 1743875
0.5739, 1725801
0.5740, 1721191
0.5743, 1715500
0.5747, 1686989
0.5761, 1681971
0.5761, 1676998
0.5762, 1675058
0.5763, 1667334
0.5766, 1658802
0.5767, 1651589
0.5768, 1650680
0.5769, 1639789
0.5770, 1632627
0.5770, 1616263
0.5773, 1581303
0.5777, 1560331
0.5781, 1554987
0.5782, 1552942
0.5787, 1551342
0.5788, 1547766
0.5788, 1532156
0.5791, 1529562
0.5793, 1528238
0.5794, 1526837
0.5799, 1526076
0.5804, 1513421
0.5805, 1495610
0.5810, 1487537
0.5813, 1482505
0.5814, 1480152
0.5814, 1477687
0.5815, 1440156
0.5816, 1433494
0.5820, 1430093
0.5826, 1428684
0.5833, 1413984
0.5834, 1412376
0.5835, 1398007
0.5835, 1397127
0.5835, 1395081
0.5840, 1392853
0.5846, 1374735
0.5849, 1372999
0.5853, 1367668
0.5855, 1367110
0.5860, 1362354
0.5863, 1343655
0.5863, 1317672
0.5863, 1296490
0.5868, 1292772
0.5873, 1292539
0.5878, 1292531
0.5882, 1289318
0.5883, 1273499
0.5885, 1273313
0.5889, 1271622
0.5895, 1268880
0.5896, 1259863
0.5898, 1248812
0.5899, 1231959
0.5899, 1225727
0.5904, 1221139
0.5904, 1209368
0.5918, 1204680
0.5924, 1198337
0.5929, 1196535
0.5941, 1186955
0.5951, 1183537
0.5961, 1183529
0.5961, 1182285
0.5963, 1166653
0.5964, 1164696
0.5968, 1163449
0.5972, 1155443
0.5975, 1149572
0.5988, 1109106
0.5999, 1107443
0.6006, 1102136
0.6015, 1097180
0.6016, 1061783
0.6041, 1046704
0.6065, 1043601
0.6067, 1035778
0.6078, 1031993
0.6084, 1024534
0.6084, 1023262
0.6087, 1022431
0.6088, 1021862
0.6091, 1021460
0.6096, 1021452
0.6101, 1016068
0.6128, 1009147
0.6162, 1007189
3.8561, 1006884
3.8569, 1005473
3.8600, 999094
3.8604, 989880
3.8609, 984917
3.8612, 971196
3.8615, 968460
3.8621, 963569
3.8626, 956024
24.7413, 950042
49.9166, 949233
51.4670, 946834
51.4674, 940071
69.9495, 938061
69.9506, 937265
85.1543, 933053
85.1553, 929617
85.1576, 927881
85.1586, 927696
114.9430, 914442
358.7991, 903826
358.8008, 901762
358.8078, 897399
358.8093, 894796
358.8114, 886632
358.8149, 886630
358.8151, 885059
358.8232, 884134
359.8736, 878144
359.8768, 878105
359.8791, 873862
359.8803, 873519
359.8837, 871896
359.8849, 868363
361.9997, 862100
362.0025, 860998
362.0029, 859804
362.0038, 857172
362.0059, 855291
362.0060, 855251
362.0102, 853096
362.0121, 851351
363.0662, 850109
365.1453, 844199
365.1660, 843854
365.1689, 841979
365.1700, 841858
365.1734, 840235
365.1869, 840002
365.1913, 839079
366.2155, 835613
366.2168, 833811
366.2192, 831447
366.2260, 830384
366.2322, 829477
366.2330, 828666
366.2343, 827870
366.2383, 827831
368.3090, 826545
