0.0001, 5793978
0.0003, 5712297
0.0003, 5673786
0.0003, 5645886
0.0003, 5630140
0.0003, 5612601
0.0004, 5592528
0.0005, 5510239
0.0027, 5465543
0.0028, 5452772
0.0028, 5399356
0.0029, 5366036
0.0053, 5203332
0.0054, 5049316
0.0054, 5019908
0.4156, 4977328
0.5463, 4934404
0.5463, 4916060
0.6176, 4905668
0.6178, 4905278
0.8088, 4828222
0.8088, 4802523
0.8089, 4782648
0.8203, 4766530
0.8203, 4749243
0.8203, 4730914
0.8204, 4729853
0.8204, 4624534
0.8204, 4581627
0.8204, 4556144
0.8204, 4545084
0.8268, 4457592
0.8290, 4430636
0.8294, 4401786
0.8294, 4357699
0.8294, 4346951
0.8295, 4314015
0.8295, 4198347
0.8295, 4182806
0.8303, 4139891
0.8394, 4107492
0.8397, 4048445
0.8411, 4030640
0.8412, 4028668
0.8413, 3948081
0.8413, 3908372
0.8414, 3894880
0.8415, 3876799
0.8416, 3847358
0.8416, 3846284
0.8417, 3844934
0.8417, 3815585
0.8418, 3814936
0.8418, 3735822
0.8418, 3733228
0.8422, 3723781
0.8422, 3721102
0.8423, 3718645
0.8428, 3688339
0.8429, 3684198
0.8430, 3659647
0.8432, 3609703
0.8433, 3606870
0.8436, 3606567
0.8436, 3596246
0.8437, 3591718
0.8438, 3569326
0.8439, 3566074
0.8439, 3555290
0.8439, 3550132
0.8441, 3531712
0.8448, 3470205
0.8450, 3441490
0.8450, 3439870
0.8451, 3431764
0.8452, 3420696
0.8453, 3419170
0.8454, 3377272
0.8455, 3369526
0.8455, 3363987
0.8455, 3360757
0.8455, 3322408
0.8456, 3295779
0.8457, 3266062
0.8457, 3253056
0.8459, 3187748
0.8460, 3164317
0.8460, 3145444
0.8460, 3127481
0.8460, 3112591
0.8461, 3106132
0.8462, 3096033
0.8463, 3095747
0.8464, 3070235
0.8467, 3010591
0.8468, 3010131
0.8470, 3008884
0.8470, 2997388
0.8470, 2984427
0.8480, 2982805
0.8483, 2972092
0.8488, 2967407
0.8488, 2963758
0.8489, 2960925
0.8489, 2952479
0.8491, 2935012
0.8493, 2894652
0.8494, 2847365
0.8495, 2846637
0.8495, 2843118
0.8495, 2823278
0.8497, 2805093
0.8499, 2794765
0.8500, 2790187
0.8508, 2781421
0.8508, 2759204
0.8521, 2757446
0.8526, 2717611
0.8526, 2714283
0.8527, 2709551
0.8528, 2690563
0.8538, 2678575
0.8538, 2653651
0.8539, 2628457
0.8539, 2602277
0.8540, 2573649
0.8541, 2554362
0.8542, 2552297
0.8545, 2541842
0.8546, 2528326
0.8547, 2522251
0.8548, 2492623
0.8551, 2492322
0.8552, 2484391
0.8552, 2475203
0.8553, 2474087
0.8553, 2440076
0.8553, 2381530
0.8553, 2373999
0.8554, 2364025
0.8555, 2350557
0.8560, 2333335
0.8560, 2321060
0.8563, 2317745
0.8564, 2299989
0.8565, 2277666
0.8565, 2273756
0.8567, 2218940
0.8567, 2210281
0.8575, 2204043
0.8576, 2203740
0.8578, 2200060
0.8579, 2184544
0.8580, 2177446
0.8582, 2174196
0.8596, 2133391
0.8597, 2119210
0.8597, 2116364
0.8598, 2114782
0.8598, 2103577
0.8599, 2099334
0.8604, 2098570
0.8605, 2082910
0.8606, 2082022
0.8608, 2070311
0.8617, 2058467
0.8618, 2045164
0.8618, 2038243
0.8618, 2027638
0.8620, 2025055
0.8621, 1992589
0.8622, 1971470
0.8629, 1963498
0.8631, 1949434
0.8632, 1949018
0.8632, 1944167
0.8636, 1873039
0.8636, 1869490
0.8637, 1849018
0.8638, 1842939
0.8639, 1821202
0.8643, 1818557
0.8646, 1797688
0.8651, 1796408
0.8652, 1796231
0.8652, 1784273
0.8653, 1775848
0.8653, 1769363
0.8654, 1769200
0.8655, 1750932
0.8657, 1748059
0.8659, 1746089
0.8659, 1736148
0.8660, 1736103
0.8660, 1721133
0.8661, 1718790
0.8662, 1718116
0.8665, 1706538
0.8665, 1693886
0.8665, 1693684
0.8669, 1689752
0.8669, 1688889
0.8671, 1688383
0.8672, 1682271
0.8675, 1680665
0.8677, 1680146
0.8678, 1665035
0.8680, 1664060
0.8680, 1633295
0.8682, 1621679
0.8687, 1620740
0.8693, 1614298
0.8694, 1602584
0.8697, 1600571
0.8701, 1597882
0.8705, 1594901
0.8713, 1594616
0.8722, 1585417
0.8724, 1579367
0.8728, 1574263
0.8730, 1565592
0.8735, 1554010
0.8735, 1547350
0.8736, 1541288
0.8740, 1536662
0.8746, 1529654
0.8756, 1510301
0.8766, 1496784
0.8767, 1491135
0.8770, 1484649
0.8772, 1484339
0.8773, 1478664
0.8775, 1442895
0.8776, 1435914
0.8778, 1420923
0.8783, 1412325
0.8788, 1391017
0.8797, 1387724
0.8801, 1384395
0.8803, 1379378
0.8804, 1378082
0.8804, 1376814
0.8807, 1376423
0.8813, 1373409
0.8826, 1365193
0.8827, 1356677
0.8830, 1356408
0.8831, 1333996
0.8836, 1333251
0.8843, 1329564
0.8855, 1319687
0.8856, 1319616
0.8861, 1317998
0.8864, 1311674
0.8867, 1310297
0.8868, 1306292
0.8870, 1302732
0.8871, 1294670
0.8886, 1294002
0.8904, 1275329
0.8907, 1273410
0.8919, 1267915
0.8924, 1260000
0.8924, 1252753
0.8929, 1236094
0.8930, 1235504
0.8931, 1234187
0.8948, 1218183
0.8950, 1204327
0.8955, 1203061
0.8956, 1200319
0.8961, 1197345
0.8968, 1195083
0.8977, 1186902
0.8996, 1174519
0.8997, 1164079
0.9004, 1138652
0.9015, 1126556
0.9019, 1123615
0.9022, 1111165
0.9025, 1104007
0.9026, 1101163
0.9026, 1090964
0.9030, 1090790
0.9045, 1090317
0.9047, 1074248
0.9054, 1074167
0.9082, 1073354
0.9086, 1072526
0.9092, 1065464
0.9098, 1064668
0.9155, 1058977
0.9155, 1058499
0.9170, 1049091
0.9188, 1047897
0.9206, 1042693
0.9209, 1040092
0.9215, 1039045
0.9224, 1027804
0.9247, 1027401
0.9248, 1026608
0.9254, 1016431
0.9255, 1014188
0.9287, 1009232
0.9350, 1002220
0.9373, 999775
9.1565, 999258
9.1566, 992134
9.1567, 986103
9.1584, 985265
9.1587, 983246
9.1587, 970869
9.1601, 968983
10.7068, 967521
10.7082, 962706
48.1342, 961131
58.6036, 960459
60.0920, 960246
68.9883, 959876
68.9913, 958958
68.9942, 958918
68.9946, 958196
74.9127, 937011
74.9134, 936105
74.9137, 931973
74.9142, 931149
74.9157, 925160
139.4423, 911321
139.4424, 891435
139.4424, 889173
139.4427, 887190
139.4436, 885496
576.6782, 881349
576.6788, 878753
576.6798, 876828
576.6816, 871988
576.6817, 871555
576.6835, 870717
576.6850, 868644
576.6856, 860912
576.6857, 852063
576.6863, 849617
576.6915, 846067
576.6932, 843149
576.6973, 843096
576.6985, 843015
576.6996, 835997
577.7123, 835726
579.8529, 831900
579.8545, 831000
579.8555, 830767
579.8664, 829573
581.9335, 827757
584.0255, 826834
584.0270, 826794
586.1160, 826577
587.1912, 826538
