0.0000, 5877256
0.0010, 5870259
0.0020, 5859695
0.0020, 5772071
0.0020, 5761693
0.0020, 5748020
0.0020, 5734861
0.0020, 5684406
0.0020, 5680245
0.0030, 5662129
0.0030, 5599859
0.0030, 5461283
0.0040, 5349604
0.0040, 5322384
0.0040, 5297841
0.0060, 5271425
0.0060, 5261367
0.0060, 5237835
0.0060, 5204709
0.0060, 5181063
0.0320, 5074014
0.0330, 5028344
0.1600, 5002886
0.2170, 4985572
0.2210, 4964528
0.2210, 4912419
0.3650, 4905457
0.3650, 4900750
0.3650, 4837135
0.3650, 4808816
0.3650, 4766615
0.3650, 4763176
0.4370, 4716300
0.4370, 4708594
0.4370, 4704922
0.4410, 4654134
0.4410, 4597990
0.4410, 4537290
0.4410, 4530891
0.4410, 4459978
0.4410, 4458186
0.4410, 4416641
0.4410, 4412355
0.4410, 4377758
0.4410, 4347428
0.4410, 4322167
0.4410, 4273947
0.4410, 4209518
0.4470, 4198740
0.4470, 4197358
0.4470, 4193085
0.4470, 4193039
0.4470, 4188303
0.4470, 4162753
0.4470, 4153520
0.4470, 4103659
0.4470, 4009906
0.4470, 3961723
0.4470, 3948632
0.4470, 3939836
0.4470, 3868068
0.4470, 3866737
0.4470, 3856471
0.4470, 3834192
0.4470, 3811501
0.4470, 3810116
0.4480, 3801014
0.4480, 3774753
0.4480, 3711476
0.4480, 3707470
0.4480, 3685349
0.4480, 3669218
0.4480, 3519011
0.4480, 3518642
0.4480, 3500979
0.4480, 3500878
0.4480, 3498437
0.4490, 3488485
0.4490, 3484604
0.4490, 3314628
0.4490, 3295997
0.4490, 3294419
0.4500, 3283280
0.4500, 3257339
0.4500, 3211828
0.4500, 3208346
0.4500, 3188118
0.4500, 3166962
0.4500, 3127310
0.4500, 3117657
0.4500, 3113955
0.4500, 3098181
0.4510, 3096536
0.4510, 3041667
0.4510, 3025442
0.4510, 3024484
0.4510, 3012866
0.4510, 3010047
0.4510, 2968266
0.4520, 2906717
0.4520, 2905225
0.4520, 2879783
0.4520, 2862000
0.4520, 2854440
0.4520, 2852104
0.4520, 2830609
0.4530, 2816502
0.4530, 2816139
0.4530, 2791652
0.4530, 2767802
0.4530, 2760966
0.4530, 2752132
0.4530, 2711679
0.4530, 2709261
0.4530, 2707323
0.4530, 2705941
0.4530, 2676361
0.4530, 2662480
0.4530, 2646451
0.4530, 2644586
0.4530, 2638001
0.4530, 2622090
0.4530, 2616106
0.4530, 2610780
0.4530, 2601915
0.4530, 2564062
0.4530, 2544174
0.4530, 2538588
0.4540, 2538348
0.4540, 2471280
0.4540, 2440349
0.4540, 2431876
0.4540, 2431234
0.4540, 2425846
0.4540, 2414818
0.4540, 2414523
0.4540, 2401210
0.4540, 2387275
0.4550, 2378413
0.4550, 2366034
0.4550, 2338439
0.4550, 2336457
0.4550, 2305610
0.4580, 2296956
0.4580, 2290078
0.4580, 2289440
0.4580, 2278198
0.4580, 2270203
0.4580, 2251957
0.4580, 2232432
0.4580, 2214704
0.4580, 2210483
0.4580, 2165308
0.4580, 2162080
0.4580, 2109560
0.4590, 2086536
0.4590, 2084157
0.4590, 2084083
0.4590, 2081905
0.4590, 2081076
0.4590, 2075430
0.4590, 2051961
0.4600, 2044927
0.4600, 2044804
0.4600, 2042107
0.4600, 2021655
0.4600, 2018221
0.4600, 2003178
0.4600, 1993704
0.4610, 1989526
0.4610, 1962748
0.4610, 1953423
0.4610, 1936734
0.4610, 1933368
0.4610, 1932078
0.4610, 1881133
0.4610, 1874980
0.4610, 1874441
0.4610, 1873405
0.4610, 1858925
0.4610, 1858430
0.4620, 1835625
0.4620, 1831057
0.4620, 1828197
0.4620, 1818751
0.4620, 1809311
0.4620, 1805358
0.4620, 1802173
0.4620, 1801866
0.4630, 1794299
0.4630, 1792843
0.4640, 1788875
0.4640, 1772815
0.4640, 1772547
0.4640, 1755491
0.4640, 1755489
0.4650, 1743054
0.4650, 1738632
0.4650, 1736226
0.4650, 1736115
0.4650, 1725249
0.4650, 1720223
0.4650, 1712634
0.4650, 1712075
0.4650, 1711706
0.4660, 1708240
0.4660, 1694925
0.4660, 1680475
0.4660, 1665214
0.4660, 1663835
0.4660, 1662470
0.4670, 1659231
0.4670, 1652885
0.4670, 1650357
0.4670, 1644633
0.4670, 1622834
0.4670, 1618095
0.4670, 1617570
0.4670, 1614773
0.4680, 1599343
0.4680, 1586956
0.4680, 1586051
0.4690, 1576380
0.4690, 1574750
0.4690, 1570249
0.4690, 1557240
0.4690, 1523549
0.4690, 1520052
0.4700, 1516587
0.4700, 1511791
0.4700, 1508337
0.4700, 1491791
0.4700, 1487135
0.4700, 1473168
0.4700, 1468903
0.4700, 1444675
0.4700, 1440547
0.4710, 1437057
0.4720, 1434138
0.4720, 1415997
0.4720, 1415680
0.4720, 1410197
0.4720, 1409555
0.4730, 1400228
0.4730, 1396224
0.4730, 1377878
0.4730, 1372695
0.4730, 1370458
0.4730, 1369385
0.4730, 1359857
0.4730, 1336285
0.4740, 1327537
0.4740, 1323294
0.4740, 1323064
0.4740, 1310611
0.4740, 1309605
0.4750, 1273156
0.4750, 1272038
0.4750, 1260875
0.4750, 1256546
0.4760, 1231747
0.4760, 1230808
0.4760, 1223568
0.4760, 1217639
0.4770, 1216945
0.4780, 1215988
0.4790, 1213861
0.4790, 1211834
0.4790, 1197750
0.4790, 1188123
0.4790, 1187303
0.4790, 1186676
0.4800, 1179811
0.4800, 1171261
0.4810, 1170910
0.4820, 1170723
0.4820, 1163364
0.4820, 1147513
0.4830, 1147280
0.4830, 1143812
0.4830, 1128047
0.4840, 1104732
0.4840, 1102370
0.4850, 1096594
0.4860, 1096037
0.4870, 1092214
0.4870, 1087604
0.4870, 1078266
0.4880, 1077148
0.4880, 1075343
0.4880, 1061125
0.4880, 1043727
0.4890, 1038727
0.4900, 1038532
0.4900, 1031026
0.4910, 1029541
0.4910, 1028745
0.4910, 1026053
0.4910, 1020064
0.4910, 1015685
0.4920, 1015498
0.4920, 1011618
0.4930, 1010290
0.4930, 1009479
0.4940, 1006438
0.4940, 1005921
0.4940, 1003217
0.4950, 1003178
0.4960, 996766
0.4980, 995163
0.4980, 994215
0.4990, 992644
0.4990, 991492
0.5010, 989627
2.0150, 987492
2.0160, 977565
2.0160, 971587
2.0170, 970042
2.0190, 960515
2.0190, 959614
2.0220, 958437
2.0220, 956077
2.0230, 954890
2.0240, 954867
2.0240, 952471
2.0260, 952423
2.0260, 952233
2.0260, 952099
2.0260, 944117
6.0230, 944004
15.4590, 943609
73.5920, 940961
82.1220, 935910
82.1250, 934825
158.5570, 931476
176.7380, 931323
176.7390, 924064
176.7390, 923890
176.7440, 923111
176.7450, 920397
176.7460, 915373
176.7470, 909738
176.7480, 907683
176.7480, 903506
176.7490, 898693
179.0360, 897407
246.0050, 895883
275.2630, 894644
341.2610, 893368
341.2620, 888429
341.2620, 885436
341.2620, 885396
341.2640, 879765
341.2670, 865745
341.2670, 863813
343.3230, 863634
343.3640, 860132
343.3650, 857768
345.4260, 856705
345.4280, 856243
345.4280, 854640
345.4330, 850976
345.4510, 850138
349.6110, 849921
349.6240, 844827
349.6330, 844403
349.6420, 844364
351.6930, 844326
351.7000, 844064
