0.0001, 10602096
0.0004, 10597340
0.0004, 10588794
0.0004, 10586197
0.0004, 10383887
0.0007, 10348612
0.0007, 10345563
0.0008, 10126097
0.0008, 10035568
0.0008, 9856591
0.0009, 9853882
0.0009, 9653878
0.0009, 9529390
0.0009, 9467594
0.0009, 9411641
0.0010, 9402915
0.0014, 9320876
0.0014, 9305692
0.0014, 9254263
0.0255, 9253113
0.0369, 9245120
0.0374, 9179852
0.0374, 9114063
0.0375, 9104366
0.0375, 9083413
0.0375, 8937633
0.0375, 8904847
0.1059, 8778701
0.1059, 8643222
0.1060, 8584417
0.5468, 8538280
0.5472, 8481052
0.5496, 8463804
0.5496, 8307550
0.5497, 8196931
0.5512, 8174092
0.5513, 8122262
0.5513, 8122031
0.5513, 8079307
0.5514, 8064665
0.5546, 8031036
0.5546, 8027575
0.5546, 7962691
0.5547, 7936560
0.5567, 7856614
0.5572, 7831499
0.5573, 7748781
0.5573, 7731200
0.5574, 7724793
0.5574, 7672857
0.5574, 7551347
0.5574, 7494365
0.5575, 7492859
0.5578, 7351652
0.5583, 7330787
0.5586, 7252582
0.5586, 7247529
0.5586, 7244098
0.5587, 7190749
0.5587, 7182269
0.5597, 6915322
0.5599, 6902206
0.5599, 6885624
0.5599, 6757738
0.5599, 6557077
0.5600, 6543501
0.5602, 6525134
0.5602, 6478090
0.5602, 6469333
0.5609, 6389430
0.5615, 6359772
0.5615, 6342200
0.5615, 6188413
0.5617, 6179020
0.5618, 6026968
0.5618, 6024707
0.5618, 6015348
0.5624, 5995248
0.5624, 5978541
0.5624, 5872354
0.5625, 5868040
0.5625, 5862392
0.5626, 5862053
0.5626, 5858396
0.5626, 5848956
0.5627, 5837869
0.5627, 5812020
0.5628, 5811175
0.5628, 5805835
0.5628, 5790496
0.5629, 5788946
0.5629, 5742163
0.5629, 5725743
0.5629, 5721121
0.5630, 5718857
0.5638, 5679083
0.5638, 5646279
0.5640, 5589303
0.5641, 5575406
0.5641, 5570719
0.5641, 5559431
0.5642, 5529816
0.5642, 5448984
0.5643, 5440769
0.5644, 5387728
0.5644, 5340385
0.5645, 5330230
0.5645, 5325357
0.5646, 5251504
0.5646, 5249084
0.5646, 5220351
0.5646, 5213013
0.5646, 5183907
0.5652, 5170161
0.5653, 5162161
0.5654, 5096045
0.5654, 5095888
0.5654, 5095485
0.5655, 5081318
0.5655, 5015844
0.5655, 5013863
0.5656, 4961973
0.5656, 4960308
0.5657, 4950689
0.5657, 4910575
0.5658, 4909771
0.5660, 4895343
0.5660, 4867166
0.5662, 4777658
0.5664, 4771258
0.5664, 4750582
0.5665, 4749672
0.5665, 4733389
0.5665, 4715211
0.5666, 4656186
0.5666, 4652747
0.5667, 4648514
0.5667, 4633664
0.5667, 4630838
0.5668, 4607519
0.5668, 4583929
0.5668, 4525557
0.5674, 4386556
0.5681, 4323186
0.5685, 4318250
0.5686, 4293693
0.5686, 4278718
0.5688, 4259376
0.5688, 4256672
0.5688, 4218592
0.5688, 4208643
0.5689, 4208601
0.5689, 4185303
0.5690, 4169743
0.5690, 4169374
0.5690, 4163223
0.5691, 4155534
0.5693, 4150393
0.5693, 4142694
0.5696, 4138031
0.5696, 4136491
0.5696, 4135250
0.5697, 4070420
0.5697, 4070220
0.5698, 3950552
0.5702, 3930858
0.5703, 3929327
0.5704, 3915945
0.5704, 3915885
0.5705, 3895441
0.5706, 3888715
0.5706, 3857967
0.5709, 3852656
0.5709, 3749764
0.5710, 3747428
0.5710, 3708786
0.5711, 3706159
0.5711, 3697406
0.5711, 3687209
0.5711, 3686156
0.5712, 3681455
0.5713, 3638666
0.5713, 3634527
0.5714, 3610139
0.5718, 3503600
0.5719, 3502964
0.5719, 3459346
0.5719, 3457547
0.5720, 3454359
0.5720, 3446379
0.5727, 3436349
0.5727, 3417761
0.5728, 3398925
0.5728, 3394707
0.5728, 3376821
0.5728, 3336997
0.5729, 3323204
0.5730, 3289959
0.5731, 3289363
0.5733, 3288828
0.5733, 3288257
0.5734, 3279913
0.5735, 3268057
0.5735, 3239800
0.5736, 3237808
0.5737, 3226694
0.5737, 3181289
0.5738, 3137566
0.5738, 3133250
0.5739, 3129401
0.5739, 3127774
0.5740, 3123972
0.5741, 3123373
0.5742, 3115568
0.5742, 3112872
0.5743, 3095570
0.5744, 3035224
0.5745, 3034365
0.5747, 3028998
0.5749, 2991997
0.5749, 2970983
0.5752, 2970374
0.5754, 2968674
0.5755, 2961953
0.5757, 2956687
0.5761, 2955814
0.5762, 2926765
0.5764, 2918346
0.5769, 2897768
0.5769, 2888230
0.5770, 2831175
0.5771, 2823177
0.5771, 2809861
0.5772, 2808537
0.5774, 2806332
0.5774, 2770066
0.5775, 2769615
0.5776, 2768803
0.5776, 2749329
0.5777, 2638308
0.5779, 2615460
0.5781, 2601687
0.5782, 2539464
0.5786, 2503811
0.5786, 2462235
0.5787, 2452187
0.5789, 2432951
0.5790, 2424007
0.5791, 2422327
0.5792, 2422063
0.5793, 2418236
0.5793, 2413282
0.5793, 2406524
0.5796, 2390999
0.5797, 2387036
0.5799, 2376831
0.5800, 2374591
0.5800, 2372020
0.5804, 2362766
0.5804, 2360321
0.5806, 2359250
0.5806, 2350414
0.5808, 2346936
0.5810, 2302069
0.5811, 2301934
0.5814, 2286506
0.5823, 2280764
0.5833, 2256451
0.5833, 2255680
0.5835, 2254968
0.5836, 2254443
0.5838, 2245650
0.5839, 2242712
0.5839, 2238691
0.5840, 2226093
0.5841, 2193673
0.5848, 2181199
0.5849, 2172042
0.5857, 2170607
0.5858, 2160947
0.5858, 2160862
0.5861, 2158980
0.5862, 2157826
0.5863, 2150292
0.5863, 2149892
0.5864, 2134279
0.5866, 2134135
0.5866, 2133286
0.5867, 2133163
0.5870, 2130941
0.5873, 2127272
0.5877, 2125913
0.5878, 2119487
0.5882, 2117649
0.5883, 2116430
0.5885, 2108731
0.5888, 2086407
0.5891, 2085564
0.5895, 2058636
0.5899, 2041614
0.5899, 2040077
0.5903, 2038826
0.5903, 2037145
0.5904, 2017385
0.5910, 2009369
0.5910, 2004667
0.5911, 2001894
0.5911, 1993378
0.5913, 1978863
0.5920, 1969495
0.5924, 1938400
0.5927, 1936737
0.5933, 1934587
0.5935, 1918567
0.5940, 1916246
0.5940, 1909401
0.5944, 1905878
0.5947, 1881317
0.5950, 1879399
0.5955, 1876482
0.5960, 1872589
0.5960, 1857650
0.5962, 1853208
0.5962, 1784785
0.5969, 1783561
0.5972, 1779794
0.5978, 1778974
0.5985, 1771774
0.5986, 1750861
0.5988, 1749831
0.5990, 1748933
0.5995, 1748491
0.6011, 1745317
0.6012, 1745111
0.6012, 1737682
0.6015, 1732110
0.6017, 1726144
0.6021, 1715743
0.6035, 1696876
0.6036, 1695218
0.6040, 1695129
0.6041, 1690950
0.6042, 1690830
0.6044, 1643229
0.6056, 1642227
0.6060, 1638497
0.6060, 1628198
0.6068, 1625482
0.6069, 1620577
0.6078, 1620559
0.6088, 1619889
0.6089, 1619853
0.6090, 1589125
0.6093, 1587520
0.6094, 1578905
0.6100, 1577912
0.6101, 1576157
0.6106, 1555105
0.6113, 1553940
0.6117, 1553233
0.6123, 1551981
0.6126, 1534525
0.6132, 1532251
0.6132, 1507764
0.6141, 1507686
0.6149, 1507209
0.6163, 1500705
0.6165, 1500681
0.6167, 1486580
0.6169, 1485639
0.6173, 1479960
0.6183, 1479484
0.6183, 1478120
0.6210, 1477060
0.6215, 1464906
0.6226, 1461334
0.6249, 1461303
0.6249, 1459762
0.6252, 1459163
2.2507, 1455787
2.2508, 1455391
2.2512, 1450295
2.2515, 1441382
2.2519, 1433825
2.2536, 1429596
23.2496, 1425297
23.2499, 1416717
23.2508, 1416207
23.2517, 1414549
37.5520, 1396659
37.5529, 1396532
40.7139, 1390241
58.9248, 1390072
67.2021, 1373244
67.2029, 1372053
80.9630, 1369231
216.6439, 1366304
216.6462, 1352622
216.6495, 1349832
349.8523, 1348997
357.4406, 1344170
357.4411, 1344079
358.4935, 1343910
358.4955, 1330140
358.4958, 1327726
358.4972, 1327313
358.4974, 1327031
358.5001, 1317371
358.5011, 1312118
358.5013, 1310678
358.5025, 1309661
359.5368, 1307457
359.5370, 1305151
359.5377, 1304697
359.5380, 1304631
359.5384, 1298760
359.5391, 1298580
359.5392, 1295600
359.5392, 1294794
359.5393, 1294729
359.5421, 1294719
359.5426, 1292207
359.5458, 1290525
359.5466, 1282217
359.5471, 1276563
359.5474, 1276414
359.5476, 1272636
359.5491, 1272444
359.5491, 1267575
359.5506, 1266290
359.5513, 1264387
359.5514, 1264247
359.5524, 1263488
359.5542, 1262660
359.5562, 1261584
359.5563, 1261437
359.5571, 1259653
359.5574, 1256311
359.5584, 1255247
359.5598, 1253686
359.5608, 1253065
359.5629, 1252652
359.5652, 1252621
359.5680, 1251127
359.5700, 1245374
359.5712, 1245371
359.5717, 1245340
362.7536, 1245217
362.7554, 1244648
362.7564, 1242916
362.7603, 1242231
362.7619, 1241633
362.7632, 1239008
362.7696, 1238510
363.8284, 1237134
363.8298, 1237131
364.8810, 1236741
365.9347, 1236498
365.9386, 1235660
365.9413, 1235594
366.9877, 1235563
366.9880, 1235362
366.9881, 1234230
368.0397, 1234054
368.0401, 1232400
368.0425, 1231525
368.0447, 1230870
368.0457, 1229537
368.0520, 1228422
369.0611, 1223875
369.0634, 1222670
369.0807, 1220516
369.0809, 1220035
369.0814, 1219970
369.0902, 1218999
369.1060, 1218656
370.1434, 1218502
371.1590, 1218451
371.1599, 1218407
372.2392, 1218280
373.2778, 1218250
373.2784, 1218045
375.3516, 1217838
