0.0010, 10774353
0.0020, 10645909
0.0020, 10620524
0.0030, 10604145
0.0030, 10548947
0.0030, 10500331
0.0030, 10498638
0.0030, 10367692
0.0030, 10258116
0.0030, 10257955
0.0030, 10237171
0.0030, 10235712
0.0030, 10164261
0.0030, 10089576
0.0030, 9979374
0.0030, 9767064
0.0030, 9731516
0.0030, 9690885
0.0030, 9647309
0.0030, 9595549
0.0030, 9570494
0.0030, 9547006
0.0140, 9391891
0.0290, 9311154
0.0290, 9308390
0.0290, 9290739
0.0290, 9185173
0.0290, 9178692
0.0290, 9141023
0.0290, 9097884
0.0470, 9011079
0.0470, 8999162
0.0490, 8987585
0.0490, 8943968
0.0490, 8895484
0.0750, 8866760
0.0750, 8806577
0.0750, 8768523
0.0750, 8749513
0.2810, 8541392
0.2810, 8488743
0.3580, 8477884
0.3580, 8432551
0.3580, 8375570
0.4610, 8346162
0.4620, 8152350
0.4620, 8136097
0.4620, 8054913
0.4620, 7988540
0.4630, 7814545
0.4630, 7749538
0.4630, 7744121
0.4630, 7599409
0.4630, 7592042
0.4630, 7591813
0.4630, 7525295
0.4630, 7443986
0.4630, 7402372
0.4630, 7349683
0.4630, 7303967
0.4630, 7223892
0.4630, 7201534
0.4630, 7100054
0.4630, 7007899
0.4630, 6988655
0.4630, 6822085
0.4630, 6818972
0.4650, 6660698
0.4650, 6611497
0.4650, 6608699
0.4650, 6604722
0.4650, 6571131
0.4650, 6556479
0.4660, 6505544
0.4660, 6505044
0.4660, 6454989
0.4660, 6451187
0.4670, 6402307
0.4670, 6348790
0.4670, 6332189
0.4670, 6238128
0.4670, 6226827
0.4670, 6193733
0.4670, 6193614
0.4670, 6143796
0.4670, 6123836
0.4670, 6082485
0.4670, 6054472
0.4670, 6012814
0.4670, 5909624
0.4670, 5909345
0.4670, 5902397
0.4670, 5851083
0.4680, 5821854
0.4680, 5808427
0.4680, 5798576
0.4680, 5760203
0.4680, 5652271
0.4680, 5632170
0.4680, 5631790
0.4680, 5622933
0.4680, 5582270
0.4680, 5580047
0.4680, 5579503
0.4680, 5574401
0.4680, 5530297
0.4680, 5525519
0.4680, 5434906
0.4680, 5432992
0.4680, 5406933
0.4690, 5385424
0.4690, 5311678
0.4690, 5248714
0.4690, 5244716
0.4690, 5235980
0.4690, 5176106
0.4690, 5104773
0.4690, 5100474
0.4700, 5082584
0.4700, 5079715
0.4700, 5077972
0.4700, 5041492
0.4700, 5026500
0.4700, 4826852
0.4700, 4815091
0.4700, 4811700
0.4700, 4713674
0.4720, 4701630
0.4720, 4692927
0.4720, 4692167
0.4720, 4620565
0.4740, 4554422
0.4740, 4546894
0.4740, 4517436
0.4740, 4498784
0.4740, 4485223
0.4750, 4483580
0.4750, 4469114
0.4750, 4443074
0.4750, 4359781
0.4750, 4342370
0.4750, 4226348
0.4750, 4195545
0.4750, 4177795
0.4750, 4177462
0.4750, 4156000
0.4750, 4141952
0.4750, 4114226
0.4750, 4109386
0.4750, 4072366
0.4750, 4057503
0.4750, 4033061
0.4750, 3858524
0.4760, 3824860
0.4760, 3799348
0.4760, 3732211
0.4760, 3706698
0.4760, 3689684
0.4760, 3670200
0.4760, 3661848
0.4760, 3644807
0.4760, 3599197
0.4760, 3598641
0.4760, 3570818
0.4760, 3563648
0.4760, 3562599
0.4760, 3556520
0.4760, 3552866
0.4760, 3492802
0.4760, 3475216
0.4760, 3474626
0.4770, 3469884
0.4770, 3465823
0.4770, 3453022
0.4770, 3451104
0.4770, 3442520
0.4770, 3432011
0.4770, 3394822
0.4770, 3391842
0.4770, 3362132
0.4770, 3360513
0.4770, 3359758
0.4770, 3352558
0.4770, 3344262
0.4780, 3340472
0.4780, 3305779
0.4780, 3304840
0.4780, 3257985
0.4780, 3244309
0.4780, 3241411
0.4780, 3217570
0.4780, 3215760
0.4780, 3208435
0.4780, 3206221
0.4790, 3203808
0.4790, 3201947
0.4790, 3200285
0.4790, 3194839
0.4790, 3191419
0.4790, 3190805
0.4790, 3190772
0.4790, 3170619
0.4790, 3130833
0.4790, 3085011
0.4790, 3076154
0.4790, 3052654
0.4790, 3048549
0.4790, 3041689
0.4790, 3039372
0.4790, 3038723
0.4790, 3035853
0.4800, 3029957
0.4800, 3028311
0.4800, 3024192
0.4800, 3020680
0.4800, 3017566
0.4800, 3007265
0.4800, 3004921
0.4800, 2999644
0.4810, 2999502
0.4810, 2991583
0.4810, 2990739
0.4810, 2949738
0.4810, 2942813
0.4810, 2941944
0.4810, 2941348
0.4810, 2933355
0.4810, 2930354
0.4810, 2924850
0.4810, 2923616
0.4810, 2913325
0.4810, 2889055
0.4810, 2871092
0.4810, 2871079
0.4810, 2865188
0.4810, 2856333
0.4810, 2841709
0.4810, 2836937
0.4820, 2823086
0.4820, 2818231
0.4820, 2816006
0.4820, 2814048
0.4820, 2801438
0.4820, 2767228
0.4820, 2758818
0.4820, 2757862
0.4820, 2747946
0.4820, 2742827
0.4820, 2740846
0.4830, 2740594
0.4830, 2725441
0.4830, 2722255
0.4830, 2661138
0.4830, 2616044
0.4830, 2608145
0.4830, 2556417
0.4830, 2496550
0.4830, 2496110
0.4830, 2449168
0.4840, 2436303
0.4840, 2435835
0.4840, 2435313
0.4840, 2392741
0.4850, 2391176
0.4850, 2386079
0.4850, 2385131
0.4850, 2355849
0.4850, 2339825
0.4850, 2329198
0.4860, 2260340
0.4860, 2247739
0.4860, 2246816
0.4860, 2246787
0.4860, 2174543
0.4860, 2171371
0.4860, 2166858
0.4860, 2120602
0.4870, 2119874
0.4870, 2113741
0.4870, 2113129
0.4870, 2111873
0.4870, 2109185
0.4870, 2106810
0.4870, 2105478
0.4870, 2101940
0.4880, 2096575
0.4880, 2087453
0.4880, 2085017
0.4880, 2081671
0.4880, 2080310
0.4880, 2070253
0.4880, 2064839
0.4880, 2064805
0.4880, 2058419
0.4880, 2057061
0.4890, 2056764
0.4890, 2052356
0.4900, 2051742
0.4900, 2048904
0.4910, 2048353
0.4910, 1919575
0.4910, 1888650
0.4920, 1882293
0.4920, 1879413
0.4920, 1878884
0.4920, 1876625
0.4920, 1874935
0.4920, 1874358
0.4920, 1870436
0.4930, 1870086
0.4930, 1869303
0.4940, 1861309
0.4940, 1856679
0.4940, 1845265
0.4940, 1844370
0.4940, 1843644
0.4940, 1823008
0.4950, 1817271
0.4950, 1817171
0.4950, 1803266
0.4960, 1785005
0.4960, 1781446
0.4960, 1780184
0.4960, 1776431
0.4960, 1770438
0.4960, 1769383
0.4960, 1769380
0.4970, 1760102
0.4970, 1759592
0.4980, 1753265
0.4980, 1747351
0.4980, 1730028
0.4990, 1724152
0.4990, 1723267
0.4990, 1712390
0.4990, 1711288
0.5000, 1704132
0.5020, 1690106
0.5020, 1685038
0.5020, 1683853
0.5020, 1674053
0.5030, 1669900
0.5030, 1669486
0.5030, 1667667
0.5030, 1666048
0.5030, 1664044
0.5040, 1663519
0.5040, 1663262
0.5050, 1660994
0.5060, 1660575
0.5070, 1638971
0.5070, 1630128
0.5070, 1628587
0.5070, 1628578
0.5070, 1627062
0.5070, 1626488
0.5080, 1584078
0.5080, 1579138
0.5080, 1578537
0.5090, 1577631
0.5090, 1574007
0.5100, 1573745
0.5100, 1570838
0.5110, 1556660
0.5110, 1554885
0.5110, 1554154
0.5120, 1520841
0.5130, 1520363
0.5130, 1518813
0.5140, 1518077
0.5150, 1496689
0.5160, 1491070
0.5180, 1491022
0.5190, 1490009
0.5200, 1488596
0.5220, 1479720
0.5220, 1478735
0.5240, 1469526
0.5260, 1468383
0.5300, 1467987
0.5320, 1462876
6.6430, 1445628
6.6430, 1441763
6.6450, 1433232
14.2150, 1430157
14.2160, 1427792
14.2160, 1419107
30.2280, 1418306
32.1950, 1416690
45.4180, 1390162
45.4180, 1373365
45.4180, 1372861
45.4190, 1352084
45.4190, 1349307
45.4200, 1348731
45.4200, 1347699
45.4210, 1346635
45.4220, 1346542
45.4220, 1345556
45.4230, 1345547
45.4230, 1333297
126.2830, 1332839
173.1310, 1332240
340.3640, 1329808
342.4600, 1327309
342.4650, 1326519
342.4650, 1326177
342.4660, 1325560
342.4660, 1318644
342.4660, 1308527
342.4690, 1301624
342.4690, 1301350
342.4700, 1284059
344.5570, 1284053
344.5600, 1283950
344.5620, 1283144
344.5630, 1282308
344.5630, 1282102
344.5640, 1266115
344.5650, 1264880
344.5650, 1262977
344.5660, 1262535
344.5660, 1258670
344.5660, 1257162
344.5670, 1247610
344.5680, 1246608
344.5690, 1245991
344.5690, 1241648
344.5690, 1241084
344.5710, 1240290
344.5710, 1219616
344.5710, 1213330
344.5720, 1207459
344.5720, 1203240
344.5750, 1203035
346.6590, 1202896
346.6600, 1201867
346.6610, 1201802
346.6610, 1201640
346.6650, 1201589
346.6670, 1200457
346.6690, 1199804
349.8010, 1196439
349.8030, 1196284
349.8100, 1195385
350.8290, 1192635
350.8300, 1192411
350.8320, 1192259
350.8400, 1189532
350.8470, 1189506
350.8480, 1187080
350.8560, 1187023
350.8720, 1186289
350.8740, 1185815
350.8790, 1185673
350.8790, 1184157
352.9540, 1182219
352.9620, 1182189
352.9650, 1181095
352.9660, 1181026
352.9700, 1180220
352.9730, 1179156
352.9760, 1178259
352.9790, 1177690
354.0290, 1177522
355.0930, 1177313
358.1710, 1176690
359.3760, 1176537
362.6180, 1176332
