0.0001, 10769481
0.0004, 10764104
0.0004, 10744149
0.0006, 10670772
0.0007, 10631583
0.0007, 10550027
0.0008, 10453737
0.0008, 10453463
0.0009, 10401471
0.0009, 10374698
0.0020, 10368068
0.0024, 10295084
0.0028, 10280816
0.0028, 10277405
0.0028, 10195247
0.0030, 10166920
0.0030, 10155992
0.0030, 10127698
0.0030, 10091090
0.0031, 10054935
0.0031, 9998371
0.0032, 9853614
0.0032, 9735779
0.0032, 9706310
0.0033, 9703379
0.0033, 9700036
0.0035, 9611321
0.0036, 9563270
0.0036, 9447838
0.0037, 9341959
0.0089, 9308149
0.0090, 9307171
0.0090, 9038226
0.0983, 8835187
0.0983, 8819807
0.0984, 8818735
0.4086, 8753424
0.4088, 8697336
0.4088, 8689074
0.4501, 8553492
0.4501, 8539548
0.4502, 8494050
0.4502, 8324805
0.7175, 8229600
0.7175, 8229169
0.7175, 8228729
0.7176, 8219347
0.7176, 7993629
0.7325, 7943286
0.7343, 7942916
0.7343, 7940918
0.7345, 7922310
0.7346, 7697685
0.7346, 7617247
0.7348, 7561356
0.7348, 7561094
0.7348, 7553992
0.7348, 7531392
0.7348, 7529570
0.7348, 7499775
0.7349, 7405414
0.7349, 7403243
0.7350, 7350941
0.7356, 7292243
0.7356, 7239684
0.7359, 7166061
0.7360, 7078219
0.7361, 7077432
0.7361, 7063804
0.7361, 7063543
0.7361, 7063116
0.7363, 7052013
0.7363, 7049870
0.7363, 7048698
0.7364, 7000225
0.7368, 6998096
0.7369, 6988386
0.7369, 6918019
0.7370, 6887264
0.7370, 6878352
0.7370, 6791527
0.7373, 6688044
0.7373, 6685733
0.7373, 6672530
0.7376, 6566153
0.7377, 6546284
0.7378, 6534129
0.7402, 6500412
0.7402, 6387448
0.7402, 6384450
0.7402, 6358768
0.7406, 6308835
0.7406, 6276867
0.7406, 6260609
0.7407, 6247022
0.7407, 6201645
0.7408, 6167836
0.7409, 6148540
0.7411, 6114710
0.7413, 5890072
0.7413, 5823792
0.7420, 5621069
0.7421, 5540920
0.7424, 5539978
0.7424, 5473608
0.7431, 5430037
0.7433, 5413223
0.7434, 5410972
0.7434, 5374389
0.7435, 5343572
0.7435, 5232264
0.7435, 5134889
0.7435, 5127641
0.7435, 5045701
0.7435, 5035629
0.7436, 5007855
0.7436, 5007277
0.7437, 4950432
0.7437, 4894672
0.7438, 4851857
0.7438, 4804032
0.7439, 4786647
0.7439, 4685424
0.7441, 4666706
0.7447, 4656571
0.7459, 4637853
0.7461, 4583943
0.7463, 4523583
0.7469, 4397842
0.7469, 4351978
0.7469, 4347101
0.7470, 4297718
0.7470, 4292329
0.7477, 4278488
0.7478, 4254064
0.7479, 4244938
0.7484, 4241653
0.7484, 4236294
0.7485, 4236058
0.7491, 4222357
0.7491, 4221062
0.7492, 4217371
0.7492, 4118479
0.7492, 4098927
0.7493, 4087945
0.7494, 4076896
0.7495, 4064413
0.7496, 4063704
0.7496, 4062478
0.7496, 3970246
0.7498, 3966200
0.7501, 3897266
0.7501, 3850629
0.7502, 3847357
0.7502, 3831404
0.7503, 3828713
0.7510, 3796298
0.7512, 3767501
0.7512, 3762939
0.7513, 3761745
0.7513, 3752412
0.7513, 3747473
0.7514, 3744315
0.7515, 3732429
0.7515, 3725365
0.7516, 3720104
0.7519, 3719587
0.7519, 3719067
0.7520, 3714711
0.7520, 3710712
0.7520, 3710528
0.7521, 3710067
0.7521, 3680294
0.7522, 3633654
0.7523, 3614161
0.7524, 3604596
0.7527, 3599031
0.7532, 3598862
0.7533, 3596037
0.7534, 3590786
0.7534, 3562810
0.7535, 3536479
0.7536, 3534388
0.7537, 3520614
0.7538, 3511201
0.7538, 3505513
0.7538, 3498798
0.7539, 3496507
0.7539, 3495076
0.7542, 3494048
0.7543, 3468269
0.7546, 3465554
0.7549, 3435812
0.7550, 3322063
0.7551, 3319571
0.7551, 3310672
0.7555, 3282727
0.7555, 3276515
0.7556, 3273404
0.7556, 3260924
0.7556, 3256600
0.7561, 3233442
0.7561, 3229712
0.7564, 3222555
0.7564, 3216843
0.7564, 3215151
0.7565, 3192751
0.7566, 3191229
0.7576, 3134427
0.7577, 3122387
0.7577, 3120128
0.7577, 3094765
0.7578, 2987809
0.7578, 2984857
0.7579, 2980524
0.7580, 2958765
0.7580, 2946562
0.7580, 2937737
0.7584, 2912718
0.7585, 2876246
0.7585, 2874827
0.7586, 2874002
0.7591, 2872536
0.7597, 2870999
0.7598, 2828998
0.7601, 2822454
0.7603, 2822211
0.7606, 2817571
0.7607, 2813819
0.7608, 2813808
0.7609, 2806469
0.7609, 2800125
0.7612, 2796771
0.7615, 2785054
0.7616, 2782015
0.7616, 2778639
0.7622, 2757223
0.7623, 2753970
0.7624, 2734489
0.7625, 2671162
0.7626, 2665460
0.7628, 2662185
0.7628, 2650296
0.7629, 2639601
0.7633, 2594179
0.7633, 2593241
0.7636, 2542157
0.7637, 2523827
0.7639, 2517369
0.7640, 2513321
0.7641, 2508681
0.7648, 2500978
0.7654, 2499581
0.7655, 2485603
0.7655, 2485531
0.7656, 2455259
0.7658, 2453358
0.7658, 2452666
0.7660, 2434767
0.7663, 2413967
0.7666, 2391291
0.7668, 2390411
0.7669, 2386804
0.7670, 2386411
0.7673, 2376994
0.7675, 2329202
0.7676, 2328557
0.7677, 2324772
0.7681, 2305805
0.7686, 2298627
0.7688, 2289983
0.7690, 2289457
0.7690, 2224800
0.7693, 2223940
0.7695, 2218382
0.7696, 2216640
0.7698, 2210167
0.7703, 2209798
0.7705, 2205927
0.7706, 2185706
0.7708, 2175005
0.7709, 2166807
0.7716, 2164245
0.7716, 2117822
0.7718, 2115036
0.7721, 2114004
0.7722, 2105718
0.7723, 2095664
0.7723, 2095087
0.7728, 2079260
0.7731, 2078780
0.7732, 2076964
0.7733, 2075147
0.7733, 2068324
0.7734, 2048219
0.7734, 2048067
0.7738, 2036422
0.7742, 2035393
0.7742, 2035300
0.7748, 2030826
0.7753, 2025017
0.7755, 2024919
0.7755, 2024062
0.7756, 2023870
0.7759, 2020562
0.7759, 2018683
0.7760, 2013004
0.7769, 2012406
0.7771, 2011698
0.7771, 2010726
0.7772, 2009915
0.7773, 2006011
0.7774, 2005157
0.7778, 2001152
0.7779, 1999283
0.7782, 1987333
0.7783, 1964874
0.7789, 1964755
0.7791, 1964753
0.7792, 1961929
0.7793, 1959991
0.7794, 1957308
0.7797, 1954990
0.7800, 1952182
0.7801, 1948742
0.7803, 1948206
0.7812, 1888601
0.7815, 1883959
0.7817, 1883520
0.7821, 1883209
0.7824, 1882842
0.7834, 1881155
0.7835, 1881045
0.7847, 1880428
0.7849, 1880104
0.7852, 1876239
0.7865, 1873993
0.7868, 1873987
0.7868, 1855266
0.7879, 1854993
0.7882, 1853400
0.7884, 1850307
0.7887, 1850165
0.7890, 1849398
0.7890, 1848356
0.7892, 1834827
0.7900, 1832097
0.7904, 1830889
0.7909, 1822562
0.7915, 1821350
0.7923, 1820681
0.7936, 1820021
0.7937, 1817552
0.7971, 1816123
0.7984, 1815021
0.8014, 1814392
0.8014, 1810272
0.8017, 1792981
0.8022, 1792894
0.8030, 1792688
0.8031, 1788699
0.8031, 1760938
0.8034, 1755534
0.8050, 1748223
0.8063, 1746431
0.8073, 1745040
0.8076, 1739511
0.8077, 1733402
0.8084, 1732929
0.8095, 1732778
0.8118, 1716916
0.8121, 1715061
0.8124, 1713887
0.8128, 1709442
0.8144, 1709315
0.8150, 1708322
0.8158, 1707437
0.8159, 1706603
0.8163, 1704506
0.8165, 1704396
0.8174, 1702769
0.8185, 1698875
0.8188, 1698826
0.8201, 1698419
0.8214, 1697651
2.6096, 1696996
2.6112, 1696777
2.6114, 1684519
2.6116, 1684504
2.6117, 1648322
2.6125, 1648215
2.6128, 1646438
2.6147, 1643493
2.6156, 1636380
2.6159, 1636200
2.6167, 1628679
2.6188, 1628181
2.6216, 1627029
2.6275, 1617611
2.6306, 1617523
2.6307, 1617262
2.6310, 1614832
2.6319, 1614441
2.6328, 1612519
2.6344, 1611010
2.6350, 1603306
2.6353, 1602481
2.6378, 1598357
2.6390, 1597875
2.6397, 1596000
2.6401, 1580535
2.6407, 1563330
2.6423, 1562119
2.6438, 1558547
2.6455, 1558214
2.6470, 1557670
4.4475, 1557404
4.4511, 1556145
4.4552, 1544595
6.2718, 1541643
6.2719, 1541147
6.2719, 1539534
6.2721, 1520806
6.2744, 1520664
6.2756, 1519373
6.2769, 1510419
6.2781, 1509913
6.2791, 1508308
6.2800, 1508265
6.2806, 1505067
6.2823, 1503687
6.2827, 1502998
6.2830, 1498635
6.2852, 1478439
6.2885, 1477091
6.2908, 1476401
6.2928, 1452437
6.2929, 1451031
6.2930, 1448827
6.2930, 1447942
6.2988, 1432995
6.2995, 1432189
6.3008, 1430670
6.3010, 1430000
6.3015, 1429952
13.5348, 1425508
13.5354, 1422632
13.5374, 1420054
13.5385, 1419979
13.5386, 1419355
13.5407, 1415115
13.5420, 1415112
13.5435, 1414886
13.5456, 1414781
13.5484, 1406239
13.5494, 1403510
13.5528, 1399386
13.5530, 1399257
71.7576, 1396502
71.7596, 1377417
228.9882, 1377120
244.9856, 1372201
244.9857, 1369972
244.9860, 1362183
244.9893, 1361733
244.9911, 1360325
244.9927, 1359613
244.9934, 1352326
244.9938, 1341558
244.9940, 1341522
244.9945, 1338895
386.5478, 1338416
387.6151, 1330484
387.6185, 1330263
387.6193, 1329632
387.6238, 1329505
387.6244, 1324872
387.6254, 1324204
387.6255, 1323471
387.6295, 1293996
387.6311, 1282975
387.6327, 1282493
389.7687, 1279769
389.7690, 1279681
389.7708, 1277299
389.7714, 1277089
389.7733, 1276560
389.7740, 1276164
389.7870, 1270356
389.7873, 1267383
389.7877, 1266577
389.7893, 1265887
390.8304, 1265321
390.8307, 1265089
390.8307, 1262625
390.8318, 1257382
390.8354, 1256055
390.8361, 1255832
390.8362, 1255460
390.8374, 1250392
390.8376, 1250290
390.8392, 1248671
390.8395, 1248647
390.8420, 1248437
390.8448, 1247594
390.8496, 1247131
390.8510, 1242561
390.8594, 1242537
390.8619, 1241702
390.8659, 1241266
390.8665, 1239904
391.9313, 1239783
391.9315, 1238380
391.9330, 1237304
391.9409, 1233563
393.0192, 1232841
397.2724, 1231511
397.2735, 1230123
397.2778, 1230063
397.2816, 1229953
397.2846, 1228825
397.2857, 1228617
397.2878, 1228462
397.2890, 1228414
397.2893, 1228334
397.2905, 1227966
397.2918, 1227624
397.2975, 1226300
401.5536, 1226282
402.5641, 1225967
402.5647, 1225902
402.5756, 1225557
402.5766, 1225180
402.5819, 1224897
402.5833, 1224696
402.5852, 1224289
403.6328, 1224127
405.7542, 1224076
406.7875, 1223822
