0.0001, 10879003
0.0004, 10862438
0.0004, 10860629
0.0004, 10594058
0.0005, 10562548
0.0005, 10544734
0.0005, 10335723
0.0006, 10211117
0.0006, 10054653
0.0006, 10016854
0.0007, 9974657
0.0007, 9938232
0.0007, 9925922
0.0043, 9839288
0.0085, 9807567
0.0085, 9727492
0.0087, 9680269
0.0088, 9667862
0.0088, 9634289
0.0170, 9603022
0.0171, 9564288
0.0171, 9564060
0.0187, 9495966
0.0190, 9446478
0.0191, 9424933
0.0191, 9420854
0.0192, 9331645
0.0192, 9263743
0.0193, 9246788
0.0193, 9090609
0.0203, 9005729
0.0203, 8901403
0.0204, 8886680
0.0204, 8810075
0.0375, 8777644
0.0596, 8730741
0.0597, 8573668
0.0597, 8527918
0.0597, 8517766
0.0597, 8474082
0.0597, 8473381
0.3571, 8434350
0.7818, 8402334
0.8549, 8385978
0.8550, 8320086
0.8550, 8286814
0.8551, 8273223
0.8551, 8269405
0.8551, 8250596
0.8553, 8166602
0.8555, 8107576
0.8555, 7995128
0.8555, 7813795
0.8555, 7805908
0.8562, 7778337
0.8562, 7775300
0.8562, 7587953
0.8563, 7586349
0.8563, 7585682
0.8563, 7524788
0.8564, 7480474
0.8564, 7479092
0.8565, 7474563
0.8565, 7466495
0.8566, 7406697
0.8571, 7354526
0.8744, 7341818
0.8751, 7314280
0.8751, 7311069
0.8752, 7201307
0.8752, 7195956
0.8754, 7143150
0.8754, 7140845
0.8754, 7138033
0.8755, 7096169
0.8755, 7084513
0.8755, 7019392
0.8757, 6968395
0.8758, 6965589
0.8797, 6894407
0.8797, 6877618
0.8798, 6857738
0.8798, 6746978
0.8798, 6727883
0.8806, 6703894
0.8806, 6700191
0.8808, 6681374
0.8809, 6665442
0.8809, 6651758
0.8809, 6522969
0.8810, 6492510
0.8823, 6475421
0.8824, 6348039
0.8837, 6346279
0.8837, 6340014
0.8837, 6275578
0.8838, 6272262
0.8838, 6250398
0.8838, 6243121
0.8838, 6242559
0.8838, 6240166
0.8839, 6203960
0.8846, 6203307
0.8871, 6188432
0.8871, 6125255
0.8871, 6108211
0.8871, 6078357
0.8875, 6053410
0.8875, 6008219
0.8876, 5995222
0.8877, 5936385
0.8878, 5916759
0.8883, 5833503
0.8884, 5816502
0.8884, 5801425
0.8885, 5762733
0.8885, 5695027
0.8885, 5668310
0.8886, 5662528
0.8887, 5628146
0.8887, 5626819
0.8887, 5601930
0.8890, 5578829
0.8894, 5528980
0.8894, 5509910
0.8895, 5504383
0.8895, 5367869
0.8896, 5325811
0.8896, 5269456
0.8896, 5182313
0.8896, 5172795
0.8897, 5069662
0.8898, 5068342
0.8900, 5020079
0.8904, 4965412
0.8905, 4964524
0.8905, 4888233
0.8905, 4866967
0.8906, 4852703
0.8909, 4842066
0.8909, 4818275
0.8910, 4659640
0.8912, 4592766
0.8913, 4592587
0.8920, 4576655
0.8944, 4548585
0.8945, 4542787
0.8945, 4540739
0.8946, 4420812
0.8946, 4418454
0.8953, 4351321
0.8953, 4348092
0.8953, 4346763
0.8953, 4314405
0.8953, 4291039
0.8954, 4290444
0.8954, 4196272
0.8954, 4191837
0.8954, 4185075
0.8961, 4152935
0.8961, 4151323
0.8961, 4145119
0.8962, 4126765
0.8964, 4121275
0.8966, 4031451
0.8967, 4025730
0.8968, 3984301
0.8969, 3967251
0.8970, 3951795
0.8970, 3946833
0.8971, 3916769
0.8972, 3916058
0.8972, 3908462
0.8975, 3849427
0.8976, 3847088
0.8976, 3804448
0.8976, 3788262
0.8977, 3768900
0.8978, 3732144
0.8983, 3686971
0.8983, 3656169
0.8984, 3647672
0.8984, 3644035
0.8984, 3636530
0.8992, 3624289
0.8993, 3587498
0.8994, 3559511
0.8995, 3559045
0.8999, 3541100
0.9004, 3534177
0.9004, 3485468
0.9004, 3476926
0.9005, 3470529
0.9006, 3461289
0.9007, 3397878
0.9011, 3352107
0.9012, 3335995
0.9012, 3328333
0.9014, 3314606
0.9015, 3305871
0.9021, 3279382
0.9024, 3278446
0.9025, 3261038
0.9025, 3171730
0.9027, 3162039
0.9029, 3158443
0.9030, 3152949
0.9037, 3140092
0.9039, 3059055
0.9040, 3055408
0.9041, 3054416
0.9043, 3048066
0.9043, 3043553
0.9043, 3037720
0.9044, 3014750
0.9044, 3004848
0.9045, 3004026
0.9045, 3000418
0.9048, 2937905
0.9050, 2928445
0.9051, 2924660
0.9052, 2923090
0.9052, 2898354
0.9056, 2896807
0.9058, 2896445
0.9061, 2874983
0.9065, 2867777
0.9066, 2852322
0.9067, 2850507
0.9068, 2832899
0.9068, 2823033
0.9070, 2816722
0.9071, 2811425
0.9071, 2808501
0.9077, 2803878
0.9077, 2795038
0.9078, 2783841
0.9079, 2783364
0.9083, 2782580
0.9087, 2778751
0.9087, 2774671
0.9090, 2773866
0.9092, 2771805
0.9094, 2769926
0.9096, 2759496
0.9099, 2737125
0.9103, 2732509
0.9103, 2725109
0.9107, 2723672
0.9108, 2664115
0.9109, 2648101
0.9110, 2638468
0.9111, 2634503
0.9112, 2632552
0.9113, 2632227
0.9114, 2626325
0.9117, 2621008
0.9117, 2607705
0.9120, 2601988
0.9120, 2595224
0.9121, 2589925
0.9128, 2588489
0.9128, 2586852
0.9129, 2566118
0.9129, 2550125
0.9131, 2543126
0.9140, 2541099
0.9142, 2540239
0.9143, 2522009
0.9145, 2509616
0.9149, 2499634
0.9158, 2473157
0.9160, 2466623
0.9167, 2464868
0.9167, 2462089
0.9169, 2461920
0.9179, 2458429
0.9186, 2456759
0.9187, 2440789
0.9192, 2440563
0.9200, 2424494
0.9205, 2420742
0.9209, 2409176
0.9210, 2388581
0.9220, 2381352
0.9220, 2376951
0.9221, 2375107
0.9225, 2351194
0.9226, 2350898
0.9249, 2350221
0.9263, 2311059
0.9265, 2301359
0.9266, 2300881
0.9268, 2292949
0.9271, 2288242
0.9272, 2277342
0.9273, 2213162
0.9274, 2172246
0.9275, 2170253
0.9283, 2169266
0.9291, 2159088
0.9297, 2158988
0.9305, 2154861
0.9308, 2144626
0.9311, 2144438
0.9311, 2144269
0.9319, 2144023
0.9347, 2140707
0.9353, 2140338
0.9354, 2138946
0.9358, 2121655
0.9361, 2121291
0.9366, 2118532
0.9367, 2096955
0.9377, 2091147
0.9379, 2090691
0.9381, 2090041
0.9384, 2054894
0.9387, 2029982
0.9387, 2029844
0.9388, 2029768
0.9389, 2029619
0.9390, 2028345
0.9392, 2021797
0.9392, 2020066
0.9393, 1993728
0.9397, 1993095
0.9402, 1993048
0.9404, 1992978
0.9404, 1992548
0.9412, 1989329
0.9415, 1989099
0.9418, 1988945
0.9421, 1988496
0.9423, 1979762
0.9425, 1979647
0.9427, 1976857
0.9428, 1975622
0.9431, 1970507
0.9433, 1968192
0.9437, 1947389
0.9444, 1944555
0.9457, 1941803
0.9459, 1941784
0.9466, 1912423
0.9479, 1857114
0.9484, 1856227
0.9485, 1841929
0.9487, 1838690
0.9489, 1837809
0.9489, 1817411
0.9493, 1808386
0.9494, 1808362
0.9494, 1807496
0.9501, 1807452
0.9508, 1803695
0.9510, 1794738
0.9515, 1791090
0.9537, 1788225
0.9542, 1787328
0.9549, 1779211
0.9554, 1778269
0.9575, 1765710
0.9584, 1765225
0.9589, 1763715
0.9596, 1665845
0.9603, 1649232
0.9607, 1648814
0.9611, 1646608
0.9614, 1620258
0.9624, 1620227
0.9627, 1606742
0.9642, 1605907
0.9656, 1605819
0.9657, 1605330
0.9660, 1605159
0.9693, 1596316
0.9694, 1586687
0.9703, 1581548
0.9723, 1570959
0.9726, 1569320
0.9730, 1568733
0.9734, 1568543
0.9736, 1567782
0.9746, 1563919
0.9748, 1560774
0.9755, 1551322
0.9758, 1547160
0.9781, 1543516
0.9785, 1538823
0.9808, 1531904
0.9808, 1526765
0.9811, 1524973
0.9813, 1524361
0.9824, 1498539
14.2012, 1480629
14.2034, 1478335
14.2045, 1477197
14.2059, 1467227
14.2070, 1464141
14.2073, 1443160
45.5411, 1442799
45.5413, 1439434
45.5430, 1438967
45.5434, 1437660
45.5436, 1436571
45.5445, 1434484
45.5453, 1434391
45.5535, 1419954
101.9346, 1416691
101.9351, 1415402
101.9411, 1399002
101.9422, 1386198
101.9429, 1385392
101.9450, 1385244
101.9451, 1384455
119.8237, 1383013
122.1942, 1374856
122.1952, 1365878
122.1960, 1365196
122.1960, 1348526
122.1970, 1342363
122.1973, 1340793
122.1976, 1335504
122.1983, 1335070
394.7874, 1333659
394.7906, 1333517
394.7908, 1333071
395.8400, 1332544
395.8419, 1330242
395.8421, 1324607
395.8485, 1324477
395.8491, 1321997
395.8499, 1316785
395.8505, 1311215
395.8524, 1304500
395.8564, 1301846
395.8613, 1291287
395.8654, 1283663
395.8661, 1278476
395.8672, 1277315
395.8676, 1276283
395.8679, 1276128
395.8681, 1270039
395.8687, 1269475
395.8713, 1269395
395.8742, 1269052
395.8752, 1268948
395.8754, 1267689
395.8763, 1266647
396.9409, 1259744
396.9438, 1249780
396.9458, 1247659
396.9480, 1245696
396.9481, 1243388
396.9484, 1243331
396.9509, 1237832
396.9554, 1236508
396.9572, 1233735
396.9576, 1233527
396.9619, 1228722
396.9635, 1228086
400.1177, 1227836
400.1500, 1222682
400.1545, 1222266
400.1572, 1220974
400.1592, 1216325
400.1608, 1216218
400.1620, 1216157
400.1658, 1216106
400.1709, 1215600
400.1736, 1214499
400.1746, 1211387
400.1759, 1211170
400.1768, 1210917
400.1793, 1210574
400.1870, 1209900
401.2423, 1209825
401.2489, 1208317
401.2510, 1207716
402.2623, 1207478
403.3698, 1207293
403.3718, 1206661
403.3719, 1206519
403.3730, 1206093
403.3748, 1205935
403.3754, 1204759
403.3788, 1204361
403.3827, 1203922
403.3838, 1203734
403.3847, 1203135
403.3927, 1203101
403.3956, 1202848
404.4508, 1202737
404.4694, 1202489
405.4746, 1201290
405.4753, 1200784
405.4784, 1199907
405.4948, 1197889
405.4958, 1196846
405.4997, 1196566
405.5034, 1196361
405.5048, 1196107
405.5052, 1195770
405.5151, 1195535
405.5242, 1195353
405.5305, 1194824
406.5768, 1193992
408.6980, 1193878
408.7120, 1193785
409.7588, 1193424
409.7600, 1193207
409.7613, 1192143
409.7627, 1191967
