0.0001, 10266623
0.0004, 10153621
0.0004, 9858540
0.0006, 9840878
0.0007, 9688325
0.0009, 9611680
0.0009, 9602463
0.0010, 9602122
0.0010, 9600905
0.0011, 9473424
0.0011, 9454296
0.0011, 9405676
0.0011, 9399667
0.0055, 9390748
0.0055, 9379661
0.0055, 9374632
0.0056, 9342473
0.0082, 9300004
0.0083, 9291369
0.0083, 9129654
0.0083, 8971973
0.0084, 8962441
0.0409, 8927323
0.0411, 8899145
0.0411, 8861607
0.2102, 8847382
0.2102, 8779894
0.2102, 8766246
0.2102, 8656176
0.2102, 8614761
0.4561, 8552132
0.6872, 8519526
0.6872, 8504315
0.6873, 8378305
0.6874, 8225699
0.6903, 8196383
0.6904, 8193399
0.6904, 8156584
0.6905, 8081743
0.6915, 8069557
0.6929, 8037229
0.6932, 8032955
0.6933, 7977172
0.6933, 7936360
0.6933, 7861409
0.6961, 7860737
0.6961, 7834814
0.6962, 7832528
0.6962, 7797615
0.6967, 7751924
0.6969, 7530020
0.6969, 7529881
0.6970, 7491813
0.6970, 7448914
0.6974, 7410144
0.6974, 7358450
0.6975, 7342534
0.6975, 7286302
0.6975, 7235083
0.6975, 7044135
0.6975, 7018825
0.6976, 6959727
0.7002, 6959340
0.7002, 6954711
0.7002, 6913402
0.7002, 6906528
0.7002, 6889558
0.7003, 6862827
0.7003, 6844764
0.7004, 6759710
0.7007, 6754951
0.7011, 6716661
0.7011, 6715979
0.7011, 6715672
0.7011, 6660902
0.7011, 6632408
0.7012, 6631305
0.7029, 6594923
0.7031, 6592159
0.7032, 6582894
0.7035, 6573449
0.7035, 6571104
0.7036, 6570220
0.7036, 6489265
0.7036, 6488806
0.7036, 6454184
0.7037, 6326045
0.7038, 6302213
0.7038, 6224721
0.7051, 6206383
0.7051, 6201559
0.7052, 6184977
0.7052, 6154112
0.7053, 6138526
0.7054, 6106760
0.7054, 6064288
0.7055, 6064087
0.7055, 6003844
0.7055, 5954167
0.7057, 5793265
0.7058, 5770117
0.7058, 5702909
0.7059, 5697130
0.7059, 5643225
0.7060, 5635109
0.7060, 5634307
0.7074, 5588456
0.7074, 5572614
0.7075, 5485145
0.7076, 5478774
0.7076, 5478626
0.7077, 5472858
0.7077, 5351923
0.7078, 5330567
0.7078, 5283124
0.7078, 5236431
0.7079, 5195032
0.7079, 5175235
0.7079, 5139878
0.7080, 5139377
0.7082, 5110801
0.7082, 5109075
0.7083, 5106575
0.7084, 5077517
0.7084, 5069853
0.7085, 5061205
0.7085, 5056796
0.7085, 5049998
0.7085, 5045224
0.7090, 5004127
0.7090, 4974472
0.7090, 4973791
0.7091, 4971124
0.7092, 4928795
0.7092, 4922725
0.7092, 4899317
0.7093, 4893655
0.7094, 4892946
0.7095, 4888279
0.7095, 4873325
0.7095, 4867437
0.7097, 4865543
0.7097, 4855519
0.7098, 4855340
0.7098, 4834959
0.7098, 4803646
0.7099, 4789041
0.7102, 4770566
0.7103, 4741288
0.7103, 4728959
0.7103, 4727438
0.7104, 4714925
0.7104, 4707810
0.7104, 4685440
0.7104, 4682937
0.7105, 4680597
0.7106, 4631188
0.7106, 4622712
0.7106, 4620258
0.7106, 4616208
0.7108, 4606522
0.7108, 4582281
0.7109, 4560237
0.7110, 4521218
0.7110, 4519982
0.7115, 4519876
0.7119, 4407580
0.7119, 4377070
0.7131, 4327845
0.7132, 4324681
0.7132, 4323394
0.7133, 4321684
0.7133, 4300934
0.7137, 4200673
0.7138, 4193493
0.7138, 4158390
0.7139, 4148194
0.7140, 4132862
0.7140, 4130463
0.7140, 4107744
0.7142, 4065978
0.7142, 4052644
0.7144, 3928062
0.7144, 3917854
0.7144, 3917305
0.7153, 3886418
0.7154, 3872338
0.7155, 3867992
0.7157, 3860308
0.7158, 3800209
0.7159, 3790858
0.7161, 3747334
0.7162, 3744521
0.7162, 3744405
0.7162, 3741172
0.7163, 3703355
0.7163, 3703202
0.7167, 3696687
0.7167, 3676934
0.7170, 3671601
0.7171, 3669940
0.7173, 3661937
0.7174, 3657793
0.7174, 3645687
0.7175, 3643168
0.7176, 3637473
0.7177, 3626998
0.7177, 3601059
0.7177, 3573535
0.7179, 3542655
0.7179, 3531742
0.7179, 3525263
0.7180, 3512642
0.7181, 3492910
0.7182, 3492898
0.7184, 3472287
0.7184, 3425801
0.7185, 3424872
0.7186, 3424867
0.7186, 3412595
0.7188, 3409174
0.7191, 3408688
0.7191, 3378496
0.7191, 3376630
0.7197, 3371483
0.7198, 3367631
0.7198, 3332351
0.7199, 3271498
0.7201, 3248442
0.7202, 3240906
0.7203, 3240672
0.7205, 3236280
0.7205, 3227475
0.7205, 3198050
0.7206, 3197419
0.7206, 3173246
0.7207, 3158866
0.7207, 3063423
0.7208, 3062421
0.7208, 3062405
0.7208, 3054612
0.7209, 3053609
0.7212, 3009947
0.7212, 3007175
0.7213, 2961726
0.7214, 2952893
0.7214, 2930780
0.7215, 2921653
0.7215, 2909093
0.7216, 2908242
0.7216, 2908138
0.7216, 2904549
0.7216, 2902578
0.7217, 2886112
0.7218, 2870827
0.7218, 2864739
0.7219, 2808951
0.7220, 2804732
0.7221, 2798501
0.7222, 2793942
0.7224, 2685383
0.7225, 2685110
0.7225, 2662918
0.7226, 2658772
0.7228, 2612973
0.7230, 2564512
0.7232, 2553621
0.7232, 2546552
0.7234, 2514605
0.7236, 2514032
0.7238, 2443519
0.7238, 2436415
0.7239, 2374551
0.7241, 2362609
0.7241, 2341854
0.7242, 2334308
0.7247, 2329422
0.7248, 2327434
0.7250, 2325375
0.7253, 2323481
0.7254, 2321722
0.7257, 2317714
0.7275, 2314660
0.7276, 2307995
0.7277, 2301619
0.7278, 2290508
0.7279, 2264802
0.7282, 2261222
0.7282, 2256631
0.7282, 2251716
0.7283, 2248776
0.7289, 2229148
0.7290, 2227297
0.7293, 2225596
0.7295, 2203662
0.7297, 2202765
0.7297, 2195281
0.7299, 2194615
0.7301, 2191791
0.7302, 2182084
0.7302, 2182045
0.7311, 2179515
0.7312, 2176095
0.7316, 2153800
0.7317, 2151881
0.7319, 2149103
0.7320, 2135488
0.7320, 2133237
0.7322, 2106272
0.7323, 2106174
0.7326, 2098397
0.7328, 2085704
0.7333, 2084928
0.7334, 2084809
0.7339, 2034468
0.7341, 2034434
0.7342, 2033305
0.7343, 2031950
0.7347, 2021888
0.7351, 2021116
0.7355, 2010916
0.7359, 2008338
0.7359, 2004102
0.7360, 2001626
0.7364, 1993707
0.7364, 1993168
0.7366, 1988189
0.7366, 1986372
0.7374, 1983803
0.7378, 1983679
0.7379, 1976039
0.7379, 1975214
0.7380, 1973021
0.7383, 1962854
0.7390, 1958122
0.7390, 1957798
0.7396, 1957296
0.7397, 1956608
0.7404, 1955860
0.7406, 1955074
0.7418, 1918646
0.7420, 1911242
0.7423, 1911145
0.7425, 1910560
0.7431, 1909389
0.7436, 1909386
0.7443, 1908062
0.7447, 1884832
0.7455, 1884801
0.7456, 1875280
0.7459, 1874730
0.7462, 1871929
0.7473, 1859398
0.7475, 1855462
0.7476, 1855215
0.7477, 1853997
0.7483, 1851495
0.7488, 1829686
0.7498, 1828047
0.7506, 1826367
0.7513, 1803219
0.7517, 1773651
0.7518, 1773190
0.7530, 1768895
0.7534, 1766714
0.7534, 1750581
0.7549, 1745141
0.7550, 1745018
0.7560, 1745014
0.7561, 1732577
0.7570, 1732307
0.7595, 1730847
0.7599, 1727137
0.7600, 1726863
0.7600, 1673439
0.7603, 1649624
0.7618, 1648142
0.7622, 1640266
0.7623, 1639882
0.7628, 1639619
0.7629, 1637090
0.7639, 1627787
0.7658, 1627425
0.7662, 1627109
0.7667, 1620187
0.7689, 1619610
0.7704, 1615745
0.7718, 1615370
0.7722, 1601269
0.7744, 1600297
0.7753, 1587137
0.7755, 1585328
0.7757, 1579703
0.7760, 1578204
0.7776, 1571279
0.7782, 1565768
0.7806, 1555657
0.7832, 1555308
0.7834, 1550186
0.7838, 1548125
2.5884, 1546517
2.5889, 1542419
2.5918, 1541973
2.5922, 1536396
2.5932, 1536393
2.5936, 1534527
2.5983, 1534504
2.5990, 1532804
2.5997, 1527180
2.6009, 1522350
2.6039, 1522325
2.6047, 1522141
6.1877, 1482480
6.1881, 1481911
6.1887, 1481584
9.7727, 1466677
9.7734, 1465904
9.7763, 1455787
9.7786, 1455459
9.7803, 1452552
9.7833, 1447559
9.7852, 1445097
9.7870, 1444057
31.2092, 1437882
31.2106, 1437245
31.2122, 1434448
31.2124, 1432062
31.2164, 1431931
31.2169, 1431904
34.8390, 1429560
34.8411, 1429418
36.6239, 1429306
36.6241, 1428421
36.6251, 1426937
36.6253, 1426855
36.6258, 1425791
36.6266, 1424826
36.6269, 1423069
48.1002, 1422950
87.9232, 1408769
87.9233, 1407059
87.9237, 1405177
107.7161, 1404939
107.7161, 1396803
107.7174, 1395796
107.7176, 1394834
107.7177, 1394514
107.7184, 1394114
163.3049, 1391299
163.3059, 1375986
163.3064, 1373821
163.3064, 1373484
163.3070, 1371555
163.3078, 1370086
163.3080, 1364215
163.3081, 1362862
163.3082, 1360359
163.3104, 1358921
163.3116, 1358525
163.3142, 1356547
187.5971, 1355043
187.5993, 1351235
187.5999, 1350892
382.1631, 1349953
382.1653, 1349431
382.1655, 1345212
382.1668, 1344585
382.1715, 1344520
383.2540, 1338358
383.2557, 1301671
384.3313, 1297630
384.3320, 1297288
384.3415, 1295031
384.3436, 1294225
384.3458, 1293800
386.4703, 1289403
386.4704, 1288625
386.4708, 1287393
386.4739, 1286895
386.4743, 1285392
386.4746, 1284631
386.4759, 1284225
386.4766, 1283635
386.4767, 1282973
386.4769, 1279989
386.4775, 1279412
386.4777, 1279205
386.4796, 1279100
386.4804, 1277552
386.4810, 1275939
386.4874, 1271206
386.4875, 1269719
386.4898, 1269577
386.4932, 1269260
386.4945, 1268852
386.4955, 1268742
386.4975, 1268503
386.4977, 1267813
386.4984, 1257255
386.5020, 1255887
387.5714, 1253036
387.5742, 1251346
388.6139, 1249798
388.6149, 1248906
388.6153, 1248726
388.6174, 1247883
388.6188, 1247781
388.6190, 1247448
388.6193, 1247348
388.6197, 1243108
388.6208, 1242590
388.6228, 1242433
388.6234, 1238521
388.6252, 1238493
388.6255, 1237868
388.6294, 1237387
388.6302, 1233093
388.6311, 1231624
388.6354, 1231281
388.6366, 1231150
388.6381, 1229184
388.6399, 1228219
388.6415, 1228077
388.6417, 1226338
388.6515, 1225932
388.6530, 1225126
389.6661, 1224671
389.7028, 1223444
389.7040, 1223005
389.7049, 1216627
389.7059, 1215645
389.7170, 1214579
389.7217, 1214571
391.8446, 1214542
391.8447, 1213955
391.8467, 1213070
391.8568, 1213025
391.8582, 1212683
391.8654, 1212200
391.8705, 1211991
393.9441, 1209762
393.9443, 1209482
393.9449, 1207095
393.9549, 1206865
393.9580, 1206824
393.9601, 1206614
393.9615, 1205915
393.9703, 1205189
393.9795, 1203716
393.9796, 1202496
393.9814, 1201597
393.9950, 1200387
395.0585, 1199728
395.0588, 1199230
399.3039, 1197908
400.3322, 1197246
400.3406, 1196673
405.6104, 1196622
