0.0001, 10849968
0.0004, 10849777
0.0004, 10840971
0.0004, 10730587
0.0005, 10728376
0.0009, 10694580
0.0010, 10581835
0.0011, 10564169
0.0011, 10517003
0.0011, 10484787
0.0011, 10476722
0.0012, 10428916
0.0013, 10318835
0.0013, 10249943
0.0013, 10216112
0.0013, 9973906
0.0014, 9932998
0.0014, 9932975
0.0015, 9714366
0.0058, 9676130
0.0110, 9635265
0.0181, 9543807
0.0191, 9499735
0.0191, 9363931
0.0191, 9251130
0.0200, 9116903
0.0216, 9113887
0.0453, 9106931
0.0454, 8907758
0.0454, 8843019
0.0454, 8672989
0.1935, 8639692
0.1935, 8631672
0.1936, 8629652
0.1940, 8578764
0.3162, 8554384
0.3162, 8554041
0.3163, 8463542
0.7944, 8333083
0.7944, 8331309
0.7954, 8263323
0.7957, 8198866
0.7967, 8194621
0.7996, 8193475
0.7996, 8192474
0.7997, 8162402
0.7997, 8123507
0.7997, 8123258
0.7998, 8077981
0.7998, 8010726
0.7999, 7954622
0.7999, 7872525
0.8000, 7822226
0.8001, 7722642
0.8002, 7631114
0.8002, 7630682
0.8002, 7397077
0.8002, 7383173
0.8002, 7378118
0.8021, 7343211
0.8022, 7266988
0.8022, 7110573
0.8023, 7085769
0.8023, 7085406
0.8031, 7036168
0.8032, 7018868
0.8032, 6956516
0.8032, 6939534
0.8033, 6928424
0.8033, 6897464
0.8034, 6888159
0.8034, 6818563
0.8040, 6812553
0.8040, 6794645
0.8042, 6712843
0.8042, 6658303
0.8042, 6545536
0.8043, 6491674
0.8043, 6478724
0.8068, 6428930
0.8069, 6428476
0.8069, 6420576
0.8069, 6305440
0.8070, 6184969
0.8070, 6121786
0.8070, 6095351
0.8070, 5932618
0.8097, 5849761
0.8098, 5848846
0.8098, 5814849
0.8101, 5807883
0.8101, 5802229
0.8102, 5728981
0.8103, 5599631
0.8106, 5597626
0.8106, 5592000
0.8106, 5480315
0.8107, 5301551
0.8115, 5294397
0.8116, 5253939
0.8117, 5226742
0.8117, 5216264
0.8117, 5187828
0.8118, 5185447
0.8118, 5160930
0.8118, 5155562
0.8119, 5078644
0.8120, 5077450
0.8122, 5048743
0.8123, 5044139
0.8123, 5010495
0.8124, 4985858
0.8124, 4983503
0.8124, 4973105
0.8128, 4938009
0.8128, 4878456
0.8129, 4689557
0.8129, 4660348
0.8129, 4639787
0.8132, 4639232
0.8133, 4632155
0.8133, 4593590
0.8133, 4571381
0.8134, 4444429
0.8134, 4437803
0.8134, 4405611
0.8134, 4404794
0.8140, 4402296
0.8147, 4383794
0.8164, 4376998
0.8164, 4374001
0.8164, 4359961
0.8167, 4329686
0.8167, 4326878
0.8175, 4319865
0.8179, 4299891
0.8180, 4243492
0.8181, 4232234
0.8181, 4213693
0.8183, 4210927
0.8183, 4201673
0.8184, 4118951
0.8184, 4113841
0.8185, 4112181
0.8186, 4108582
0.8186, 4088633
0.8187, 4087620
0.8188, 4030155
0.8189, 3994793
0.8189, 3981066
0.8190, 3942731
0.8190, 3925599
0.8191, 3922292
0.8192, 3911420
0.8192, 3894588
0.8194, 3800415
0.8194, 3788690
0.8194, 3768853
0.8196, 3761449
0.8198, 3757337
0.8200, 3747757
0.8201, 3733322
0.8203, 3732953
0.8203, 3704645
0.8206, 3683851
0.8206, 3680812
0.8208, 3679200
0.8211, 3674723
0.8211, 3664305
0.8213, 3591013
0.8214, 3573732
0.8216, 3540746
0.8219, 3519465
0.8220, 3509653
0.8221, 3503845
0.8222, 3449551
0.8222, 3443889
0.8223, 3434521
0.8224, 3426459
0.8226, 3405098
0.8228, 3381247
0.8228, 3380972
0.8231, 3345948
0.8231, 3332520
0.8233, 3325643
0.8234, 3274547
0.8234, 3219539
0.8235, 3127283
0.8235, 3127217
0.8236, 3121102
0.8236, 3120504
0.8241, 3120142
0.8241, 3119505
0.8244, 3119053
0.8244, 3081112
0.8251, 3064530
0.8252, 3055623
0.8253, 2968803
0.8254, 2967376
0.8255, 2962034
0.8255, 2949241
0.8259, 2945066
0.8270, 2936679
0.8270, 2933250
0.8272, 2932299
0.8272, 2932036
0.8273, 2931966
0.8273, 2896106
0.8274, 2888656
0.8275, 2885590
0.8275, 2866207
0.8276, 2863525
0.8280, 2862469
0.8281, 2855451
0.8282, 2840918
0.8285, 2836048
0.8290, 2755030
0.8291, 2736869
0.8294, 2736396
0.8296, 2733066
0.8298, 2730536
0.8299, 2726152
0.8301, 2715410
0.8302, 2715092
0.8302, 2700709
0.8305, 2694590
0.8306, 2688924
0.8314, 2687436
0.8316, 2687291
0.8317, 2678851
0.8319, 2661655
0.8320, 2621002
0.8320, 2596796
0.8320, 2593463
0.8323, 2592309
0.8323, 2590609
0.8326, 2585531
0.8327, 2563235
0.8328, 2563138
0.8328, 2513822
0.8330, 2497703
0.8333, 2494578
0.8334, 2489681
0.8334, 2488144
0.8335, 2486301
0.8342, 2480184
0.8346, 2469679
0.8353, 2458556
0.8357, 2457955
0.8360, 2457442
0.8366, 2453177
0.8366, 2362660
0.8368, 2330748
0.8368, 2328105
0.8369, 2327879
0.8371, 2327349
0.8372, 2320676
0.8373, 2316686
0.8373, 2316024
0.8374, 2315567
0.8378, 2287848
0.8379, 2283159
0.8381, 2282671
0.8384, 2263748
0.8384, 2246937
0.8396, 2209748
0.8396, 2189562
0.8399, 2189487
0.8401, 2180930
0.8405, 2178885
0.8418, 2176200
0.8420, 2173252
0.8420, 2169028
0.8421, 2168747
0.8425, 2168718
0.8427, 2168358
0.8430, 2164853
0.8434, 2164333
0.8435, 2164081
0.8437, 2163400
0.8438, 2160932
0.8442, 2157946
0.8443, 2157715
0.8444, 2157467
0.8450, 2153229
0.8450, 2119709
0.8452, 2118175
0.8453, 2116585
0.8454, 2086532
0.8455, 2068944
0.8463, 2061491
0.8464, 2060607
0.8468, 2054757
0.8470, 2052612
0.8474, 2052483
0.8475, 2051472
0.8476, 2047940
0.8485, 2047282
0.8488, 2046593
0.8491, 2025588
0.8494, 2021355
0.8498, 2005591
0.8498, 2001848
0.8501, 1968338
0.8506, 1948873
0.8508, 1939879
0.8511, 1915452
0.8517, 1911962
0.8521, 1910504
0.8522, 1896733
0.8525, 1896364
0.8525, 1893026
0.8527, 1890766
0.8527, 1890577
0.8533, 1883763
0.8538, 1867062
0.8539, 1863190
0.8539, 1859648
0.8541, 1858732
0.8544, 1844205
0.8544, 1843304
0.8545, 1842669
0.8547, 1830888
0.8550, 1830801
0.8554, 1828977
0.8558, 1817011
0.8562, 1805575
0.8573, 1805448
0.8587, 1801102
0.8588, 1800742
0.8597, 1799861
0.8611, 1796077
0.8630, 1794285
0.8631, 1793344
0.8638, 1791070
0.8642, 1790675
0.8642, 1790545
0.8644, 1789183
0.8645, 1785707
0.8673, 1775711
0.8678, 1771076
0.8682, 1753064
0.8690, 1752331
0.8704, 1750815
0.8712, 1749636
0.8714, 1748135
0.8716, 1742967
0.8724, 1742658
0.8745, 1740739
0.8747, 1732671
0.8754, 1691892
0.8755, 1650065
0.8756, 1647054
0.8770, 1643394
0.8771, 1642948
0.8773, 1642349
0.8776, 1603978
0.8778, 1600232
0.8795, 1594899
0.8797, 1594865
0.8801, 1563770
0.8805, 1563655
0.8823, 1563356
0.8826, 1552964
0.8841, 1552935
0.8864, 1551856
0.8865, 1551302
0.8880, 1521902
0.8880, 1520308
0.8881, 1519208
0.8892, 1514434
0.8911, 1514369
0.8918, 1513679
0.8955, 1513522
0.8960, 1512428
0.8962, 1507497
0.8965, 1506100
0.8971, 1503158
0.8998, 1500953
0.9027, 1500712
2.8301, 1497295
2.8304, 1496743
2.8309, 1496603
2.8330, 1486324
2.8331, 1482577
4.7403, 1444946
4.7408, 1443867
4.7439, 1438973
4.7455, 1438783
4.7461, 1429789
4.7471, 1429207
4.7476, 1427665
4.7499, 1420019
4.7513, 1419112
4.7514, 1419024
4.7524, 1418183
17.9661, 1413096
17.9661, 1405783
17.9664, 1401490
17.9706, 1399949
17.9715, 1399143
17.9755, 1398212
17.9766, 1396990
17.9767, 1396987
17.9790, 1395558
51.0158, 1395256
51.0160, 1389476
51.0163, 1385970
51.0171, 1385209
51.0177, 1384615
61.7065, 1370806
61.7086, 1369158
61.7092, 1363744
61.7109, 1361314
70.7084, 1340296
70.7147, 1335605
396.3083, 1332796
396.3085, 1331733
396.3117, 1331475
396.3141, 1331257
396.3154, 1331094
396.3156, 1330528
396.3175, 1327690
396.3196, 1327066
396.3242, 1325265
396.3265, 1325157
396.3281, 1323248
396.3294, 1322410
396.3302, 1322244
396.3306, 1322226
396.3319, 1321590
396.3334, 1320124
396.3334, 1318190
396.3368, 1316682
396.3394, 1311219
396.3398, 1307505
396.3401, 1307361
396.3419, 1307107
397.4029, 1306210
397.4100, 1304691
397.4135, 1303192
397.4173, 1303157
397.4202, 1300731
397.4249, 1300680
397.4260, 1299199
397.4267, 1292511
397.4269, 1292174
399.5403, 1286457
399.5445, 1284935
399.5446, 1283135
399.5449, 1283113
399.5471, 1282144
399.5474, 1251608
399.5488, 1250572
399.5503, 1250337
399.5513, 1250336
399.5514, 1250245
399.5534, 1249954
399.5556, 1249860
399.5558, 1249433
399.5576, 1248579
399.5579, 1246499
399.5581, 1246124
399.5588, 1242898
399.5599, 1241792
399.5620, 1240256
399.5629, 1239779
399.5630, 1239593
399.5630, 1237903
399.5636, 1237235
399.5642, 1234458
399.5650, 1233110
399.5664, 1232767
399.5682, 1232522
399.5698, 1228973
399.5755, 1216187
399.5763, 1216077
399.5797, 1215532
399.5797, 1215295
399.5807, 1214613
399.5815, 1214451
399.5913, 1212087
399.5920, 1211873
399.5929, 1209401
399.5937, 1194325
400.6599, 1193595
400.6605, 1193066
400.6625, 1192206
400.6639, 1191142
400.6640, 1190737
400.6654, 1190124
401.7345, 1190010
401.7380, 1189184
401.7410, 1187919
401.7456, 1187572
403.8685, 1186885
403.8724, 1186034
403.8738, 1185065
403.8771, 1184745
403.8799, 1184493
403.8815, 1184418
403.8848, 1184201
403.8852, 1183236
403.8858, 1182859
404.9618, 1182823
404.9633, 1182294
405.9873, 1181710
405.9963, 1180843
406.0044, 1180812
406.0056, 1179718
406.0320, 1179244
407.0720, 1179157
407.0783, 1178967
407.0850, 1178964
407.0870, 1178567
407.0963, 1177944
408.1052, 1177611
408.1090, 1177404
408.1434, 1177030
408.1574, 1176634
412.3762, 1176620
412.4149, 1176569
