0.0000, 11197311
0.0010, 11175430
0.0010, 11094859
0.0010, 11090118
0.0010, 11088398
0.0010, 11080695
0.0020, 10973196
0.0020, 10870285
0.0020, 10722847
0.0020, 10712539
0.0020, 10592102
0.0020, 10369851
0.0020, 10193089
0.0020, 10191771
0.0020, 10190392
0.0020, 10069970
0.0020, 9934831
0.0020, 9925536
0.0020, 9863179
0.0030, 9856721
0.0040, 9825204
0.0040, 9760283
0.0040, 9702244
0.0040, 9671066
0.0070, 9514133
0.0070, 9492805
0.0070, 9474884
0.0070, 9379534
0.0210, 9370315
0.0220, 9299285
0.0220, 9298540
0.0290, 9253880
0.0290, 9239469
0.0290, 9165067
0.0290, 9143585
0.0310, 9143438
0.0320, 9097853
0.0320, 8827085
0.1120, 8822284
0.1120, 8776410
0.1350, 8575599
0.1350, 8546405
0.4630, 8541471
0.4630, 8497320
0.4630, 8492263
0.4630, 8481355
0.4630, 8431117
0.4630, 8342676
0.4630, 8314324
0.4630, 8286523
0.4640, 8282199
0.4640, 8257057
0.4640, 8255291
0.4650, 8246585
0.4650, 8235446
0.4650, 8231509
0.4650, 8201063
0.4650, 8131917
0.4650, 8117846
0.4650, 8075247
0.4650, 8050680
0.4650, 7930511
0.4650, 7910771
0.4650, 7632356
0.4650, 7527327
0.4650, 7380254
0.4650, 7235792
0.4660, 7199339
0.4660, 7193445
0.4660, 7151902
0.4680, 7109779
0.4680, 7107651
0.4680, 7035510
0.4680, 7004097
0.4680, 6934849
0.4680, 6927214
0.4680, 6771203
0.4680, 6694072
0.4680, 6551825
0.4680, 6511378
0.4680, 6470535
0.4680, 6450605
0.4680, 6422839
0.4700, 6365415
0.4700, 6357536
0.4710, 6344266
0.4710, 6279321
0.4710, 6236558
0.4710, 6233942
0.4710, 6221140
0.4710, 6219355
0.4710, 6164562
0.4710, 6157967
0.4720, 6132315
0.4720, 6112793
0.4720, 6106244
0.4720, 6105099
0.4720, 6104301
0.4720, 6026931
0.4720, 6010924
0.4720, 6010777
0.4720, 6010353
0.4720, 5982265
0.4720, 5969038
0.4720, 5961531
0.4720, 5908267
0.4720, 5895514
0.4720, 5891323
0.4720, 5860319
0.4720, 5847947
0.4720, 5826814
0.4720, 5803659
0.4730, 5798568
0.4730, 5798523
0.4730, 5790242
0.4730, 5774560
0.4730, 5764850
0.4730, 5747020
0.4730, 5746894
0.4730, 5739487
0.4730, 5738198
0.4730, 5721106
0.4730, 5719600
0.4730, 5708500
0.4730, 5686569
0.4730, 5617902
0.4730, 5603757
0.4730, 5597843
0.4740, 5528898
0.4740, 5474719
0.4740, 5430715
0.4740, 5419043
0.4740, 5410472
0.4740, 5375574
0.4740, 5327118
0.4740, 5324309
0.4740, 5307000
0.4740, 5306448
0.4740, 5141377
0.4740, 5129489
0.4740, 5114371
0.4740, 5084264
0.4740, 5072499
0.4740, 5045468
0.4750, 4992511
0.4750, 4985912
0.4750, 4969079
0.4750, 4904199
0.4750, 4903603
0.4750, 4889542
0.4750, 4889416
0.4750, 4886992
0.4750, 4886502
0.4750, 4875837
0.4750, 4875074
0.4750, 4808574
0.4750, 4806705
0.4750, 4756533
0.4750, 4753986
0.4750, 4753036
0.4750, 4750589
0.4750, 4743901
0.4750, 4737011
0.4750, 4693780
0.4760, 4687763
0.4760, 4685565
0.4760, 4675540
0.4760, 4642892
0.4760, 4621348
0.4760, 4620532
0.4760, 4620427
0.4760, 4601725
0.4760, 4581455
0.4760, 4575186
0.4760, 4519238
0.4760, 4518527
0.4760, 4512630
0.4760, 4471766
0.4760, 4407146
0.4770, 4407135
0.4770, 4397727
0.4770, 4386191
0.4770, 4377470
0.4770, 4373073
0.4770, 4357588
0.4770, 4356566
0.4770, 4300899
0.4770, 4293968
0.4770, 4281532
0.4770, 4273128
0.4770, 4269691
0.4770, 4263900
0.4770, 4258174
0.4770, 4249492
0.4770, 4248227
0.4770, 4246794
0.4770, 4235202
0.4780, 4231927
0.4780, 4215155
0.4780, 4169883
0.4780, 4128279
0.4780, 4104697
0.4780, 4042277
0.4780, 4017980
0.4780, 4017931
0.4780, 4016636
0.4780, 4014629
0.4780, 4013346
0.4780, 4000587
0.4780, 3999826
0.4780, 3996813
0.4780, 3996495
0.4780, 3985335
0.4780, 3940626
0.4790, 3931340
0.4790, 3895395
0.4790, 3895012
0.4790, 3856052
0.4790, 3844252
0.4790, 3842799
0.4790, 3837519
0.4800, 3746534
0.4800, 3710723
0.4800, 3698503
0.4800, 3697334
0.4800, 3697331
0.4800, 3685493
0.4800, 3684240
0.4800, 3682656
0.4800, 3596273
0.4800, 3575905
0.4810, 3574737
0.4810, 3572205
0.4810, 3566969
0.4810, 3565856
0.4810, 3557712
0.4810, 3553066
0.4810, 3537202
0.4810, 3536589
0.4810, 3534137
0.4810, 3373888
0.4810, 3355690
0.4810, 3349887
0.4810, 3328577
0.4820, 3324913
0.4820, 3299404
0.4820, 3299337
0.4820, 3297111
0.4820, 3292573
0.4820, 3290276
0.4820, 3249655
0.4820, 3191706
0.4820, 3122065
0.4820, 3121151
0.4830, 3119999
0.4830, 3119609
0.4830, 3114075
0.4830, 3102485
0.4830, 3101836
0.4830, 3084353
0.4830, 3071546
0.4830, 3053840
0.4830, 3052674
0.4830, 3034363
0.4830, 3029658
0.4830, 3010265
0.4830, 3009907
0.4830, 2996961
0.4830, 2996672
0.4840, 2986648
0.4840, 2965234
0.4840, 2962166
0.4840, 2928378
0.4840, 2913134
0.4840, 2899570
0.4840, 2889501
0.4850, 2879646
0.4850, 2874338
0.4850, 2873862
0.4850, 2873529
0.4850, 2808443
0.4850, 2807343
0.4850, 2803579
0.4850, 2797366
0.4850, 2795656
0.4850, 2795637
0.4850, 2791736
0.4850, 2785359
0.4860, 2781377
0.4860, 2780314
0.4860, 2729440
0.4860, 2723178
0.4860, 2708837
0.4860, 2701855
0.4860, 2687666
0.4860, 2683440
0.4860, 2681264
0.4870, 2666579
0.4870, 2666051
0.4870, 2611717
0.4870, 2610226
0.4870, 2583875
0.4870, 2573944
0.4870, 2571306
0.4880, 2571096
0.4880, 2570650
0.4880, 2562638
0.4880, 2558262
0.4880, 2558261
0.4880, 2555112
0.4880, 2554726
0.4880, 2554191
0.4890, 2553541
0.4890, 2547508
0.4890, 2501338
0.4890, 2493466
0.4890, 2472307
0.4890, 2429662
0.4890, 2425512
0.4890, 2425418
0.4900, 2410431
0.4900, 2389148
0.4900, 2389113
0.4900, 2386281
0.4900, 2372215
0.4900, 2366158
0.4900, 2364431
0.4900, 2356311
0.4910, 2354810
0.4910, 2293274
0.4910, 2274350
0.4910, 2271528
0.4910, 2270983
0.4910, 2269249
0.4910, 2265563
0.4910, 2240022
0.4910, 2238457
0.4910, 2230919
0.4910, 2230263
0.4910, 2227742
0.4920, 2224304
0.4920, 2222565
0.4920, 2220759
0.4930, 2198095
0.4930, 2197543
0.4930, 2194836
0.4930, 2193904
0.4930, 2191306
0.4930, 2187708
0.4940, 2178104
0.4940, 2176641
0.4940, 2100585
0.4940, 2098858
0.4940, 2091049
0.4940, 2079229
0.4950, 2065224
0.4960, 2064528
0.4960, 2064382
0.4960, 2054860
0.4960, 2054741
0.4960, 2052767
0.4970, 1997502
0.4970, 1994070
0.4970, 1987912
0.4970, 1986399
0.4980, 1984418
0.4980, 1983309
0.4980, 1981721
0.4980, 1971242
0.4990, 1969209
0.4990, 1969135
0.4990, 1968929
0.4990, 1968618
0.4990, 1964967
0.4990, 1961215
0.5010, 1957117
0.5010, 1933656
0.5010, 1931637
0.5010, 1924162
0.5010, 1919172
0.5010, 1917981
0.5010, 1917930
0.5010, 1914848
0.5030, 1910190
0.5030, 1905514
0.5030, 1900726
0.5040, 1899571
0.5040, 1860012
0.5040, 1842162
0.5040, 1836934
0.5040, 1836866
0.5040, 1798422
0.5040, 1796188
0.5040, 1686950
0.5040, 1684366
0.5040, 1682847
0.5050, 1678568
0.5050, 1678211
0.5050, 1672588
0.5050, 1671961
0.5050, 1671579
0.5060, 1663604
0.5060, 1660306
0.5060, 1657534
0.5070, 1646536
0.5070, 1644146
0.5080, 1638535
0.5080, 1638212
0.5090, 1637514
0.5090, 1637436
0.5100, 1632395
0.5100, 1621836
0.5100, 1620365
0.5100, 1610746
0.5100, 1591789
0.5100, 1590166
0.5110, 1584496
0.5130, 1546947
0.5130, 1544035
0.5130, 1519773
0.5130, 1516571
0.5130, 1514772
0.5150, 1514630
0.5150, 1513526
0.5150, 1511099
0.5160, 1511045
0.5160, 1510848
0.5160, 1510271
0.5170, 1509270
0.5180, 1508202
0.5190, 1496287
0.5210, 1496143
0.5220, 1487291
0.5220, 1486519
0.5230, 1485328
0.5240, 1485083
2.0510, 1482022
2.0520, 1479232
2.0520, 1464795
20.2310, 1455098
20.2320, 1453871
20.2330, 1453719
20.2330, 1443852
20.2330, 1440643
21.7210, 1439868
21.7220, 1439749
21.7220, 1439676
21.7220, 1438596
21.7230, 1434107
29.1880, 1432658
39.5120, 1429317
39.5140, 1425327
39.5140, 1422897
39.5140, 1419291
39.5150, 1409644
39.5160, 1397417
39.5170, 1362433
39.5170, 1322745
39.5180, 1320879
39.5200, 1318832
39.5210, 1317298
39.5210, 1316871
179.6260, 1316264
224.1600, 1315023
280.4110, 1312597
341.4520, 1303313
341.4970, 1289572
341.4980, 1283701
341.5020, 1272954
341.5040, 1272844
344.6310, 1272524
344.6700, 1267141
344.6700, 1267090
344.6720, 1265394
344.6750, 1265329
344.6750, 1262347
344.6750, 1260638
344.6760, 1259789
344.6770, 1259159
345.7370, 1250975
345.7390, 1249911
347.8520, 1248961
347.8530, 1246657
348.8940, 1245331
348.8980, 1242904
348.9000, 1242406
348.9040, 1241960
350.9770, 1241752
350.9800, 1240062
350.9800, 1240027
350.9810, 1240024
350.9830, 1239366
350.9850, 1239224
351.9940, 1239097
352.0170, 1238747
352.0250, 1238734
352.0250, 1237024
354.1030, 1236065
354.1040, 1234706
354.1150, 1232738
354.1200, 1231743
354.1250, 1231463
354.1260, 1231321
356.1800, 1230694
356.1900, 1230332
356.1910, 1229925
356.1920, 1229874
356.1990, 1229767
356.2090, 1228652
357.2340, 1228430
358.2860, 1227598
360.3370, 1227533
360.3510, 1227136
