0.0001, 10062302
0.0004, 10045990
0.0004, 10040256
0.0005, 10012296
0.0006, 9954069
0.0006, 9907131
0.0008, 9865672
0.0011, 9855356
0.0012, 9686313
0.0012, 9580208
0.0012, 9566760
0.0012, 9545799
0.0013, 9485568
0.0014, 9377931
0.0014, 9342906
0.0017, 9329679
0.0017, 9328689
0.0038, 9308001
0.0038, 9101729
0.0039, 9054931
0.0039, 9042818
0.0040, 9002644
0.0040, 8952117
0.0040, 8882852
0.0042, 8882317
0.0042, 8820180
0.0043, 8664294
0.1897, 8642383
0.7234, 8622967
0.7234, 8607760
0.7235, 8606208
0.7235, 8571884
0.7275, 8535302
0.7275, 8528746
0.7318, 8502031
0.7320, 8500746
0.7321, 8408327
0.7322, 8400321
0.7322, 8377882
0.7348, 8275679
0.7348, 8273676
0.7348, 8219879
0.7348, 8205859
0.7348, 8203966
0.7355, 8110124
0.7356, 7970068
0.7361, 7939077
0.7361, 7936451
0.7362, 7838204
0.7363, 7837530
0.7364, 7833611
0.7364, 7825816
0.7364, 7743896
0.7366, 7739650
0.7366, 7696461
0.7366, 7683418
0.7367, 7675974
0.7367, 7633788
0.7367, 7596965
0.7368, 7581935
0.7368, 7580936
0.7368, 7576165
0.7368, 7564219
0.7369, 7500883
0.7369, 7478264
0.7370, 7406851
0.7370, 7398856
0.7371, 7318019
0.7371, 7313017
0.7372, 7271147
0.7372, 7262432
0.7373, 7257732
0.7382, 7191419
0.7382, 7139825
0.7382, 7097264
0.7385, 7084040
0.7385, 7018638
0.7385, 6842140
0.7390, 6834260
0.7390, 6768458
0.7390, 6768401
0.7390, 6631138
0.7391, 6547762
0.7391, 6516705
0.7391, 6501454
0.7398, 6484155
0.7398, 6369329
0.7399, 6351878
0.7399, 6351417
0.7399, 6350152
0.7399, 6350143
0.7417, 6243485
0.7418, 6211400
0.7418, 6205234
0.7418, 6194167
0.7418, 6141315
0.7419, 6140500
0.7419, 6132771
0.7419, 6127307
0.7420, 6041952
0.7420, 6031220
0.7421, 6022251
0.7422, 6018376
0.7422, 6017790
0.7423, 6016460
0.7425, 5964583
0.7426, 5962224
0.7426, 5946492
0.7457, 5935239
0.7457, 5920144
0.7457, 5906586
0.7458, 5782399
0.7458, 5696604
0.7459, 5677978
0.7459, 5676798
0.7459, 5660705
0.7460, 5548320
0.7461, 5518402
0.7462, 5483954
0.7462, 5451388
0.7463, 5439199
0.7463, 5374043
0.7464, 5351841
0.7466, 5351809
0.7466, 5309115
0.7469, 5213986
0.7476, 5213226
0.7476, 5184180
0.7480, 5179413
0.7480, 5175083
0.7480, 5129258
0.7481, 5100996
0.7489, 5073573
0.7489, 5071329
0.7490, 5000273
0.7492, 4968401
0.7492, 4968264
0.7493, 4967059
0.7493, 4958931
0.7493, 4954759
0.7494, 4922868
0.7494, 4918760
0.7496, 4906649
0.7496, 4900124
0.7506, 4897859
0.7510, 4884134
0.7511, 4876674
0.7511, 4741215
0.7512, 4722618
0.7513, 4655153
0.7514, 4654371
0.7514, 4653368
0.7515, 4644795
0.7522, 4563019
0.7522, 4532311
0.7522, 4532102
0.7523, 4523463
0.7523, 4509444
0.7523, 4503834
0.7523, 4498623
0.7524, 4474010
0.7524, 4428278
0.7527, 4393989
0.7527, 4352938
0.7530, 4351210
0.7531, 4344153
0.7531, 4285382
0.7532, 4253055
0.7533, 4252349
0.7533, 4240934
0.7538, 4207513
0.7539, 4164660
0.7540, 4163696
0.7540, 4163102
0.7541, 4092547
0.7541, 4046829
0.7541, 4046194
0.7542, 4008960
0.7543, 3912014
0.7543, 3905800
0.7545, 3812937
0.7545, 3798715
0.7546, 3776433
0.7547, 3775842
0.7547, 3759629
0.7548, 3759602
0.7549, 3757764
0.7549, 3757334
0.7550, 3757261
0.7550, 3698665
0.7553, 3681652
0.7553, 3671986
0.7553, 3660007
0.7554, 3656387
0.7555, 3650866
0.7555, 3649248
0.7555, 3616706
0.7560, 3615463
0.7561, 3614971
0.7561, 3582536
0.7562, 3582522
0.7562, 3575980
0.7564, 3542047
0.7566, 3469334
0.7566, 3452448
0.7567, 3444936
0.7567, 3424948
0.7567, 3419025
0.7572, 3404726
0.7574, 3393724
0.7575, 3384915
0.7575, 3383114
0.7575, 3382464
0.7577, 3368643
0.7577, 3364628
0.7578, 3350619
0.7578, 3350601
0.7579, 3317051
0.7579, 3236465
0.7580, 3165021
0.7581, 3159101
0.7582, 3122967
0.7582, 3109626
0.7583, 3108481
0.7587, 3101017
0.7589, 3098850
0.7589, 3098608
0.7590, 3097262
0.7595, 3090407
0.7595, 3080690
0.7595, 3070609
0.7596, 3070236
0.7596, 2991459
0.7597, 2961640
0.7598, 2928602
0.7599, 2928065
0.7600, 2922828
0.7600, 2911550
0.7600, 2816198
0.7601, 2800283
0.7601, 2799666
0.7604, 2747174
0.7608, 2717043
0.7608, 2705295
0.7625, 2682131
0.7627, 2676585
0.7627, 2655510
0.7628, 2649325
0.7629, 2648162
0.7631, 2638038
0.7631, 2576504
0.7631, 2574078
0.7632, 2570213
0.7634, 2569451
0.7636, 2564520
0.7637, 2563921
0.7641, 2563513
0.7641, 2562903
0.7642, 2560153
0.7643, 2554954
0.7645, 2548449
0.7645, 2548036
0.7649, 2506552
0.7651, 2503697
0.7652, 2501546
0.7652, 2497044
0.7652, 2495903
0.7654, 2495428
0.7656, 2494808
0.7658, 2486842
0.7664, 2484106
0.7665, 2479265
0.7666, 2479080
0.7667, 2472736
0.7669, 2472287
0.7674, 2469557
0.7674, 2391888
0.7676, 2391617
0.7677, 2388531
0.7678, 2382719
0.7679, 2367804
0.7680, 2367661
0.7691, 2345056
0.7692, 2340784
0.7694, 2340378
0.7695, 2339987
0.7697, 2337158
0.7698, 2318073
0.7707, 2314809
0.7710, 2306682
0.7712, 2305139
0.7713, 2277649
0.7715, 2265602
0.7721, 2264539
0.7721, 2264082
0.7721, 2256397
0.7727, 2252147
0.7729, 2246181
0.7729, 2236380
0.7730, 2235017
0.7731, 2233140
0.7733, 2226904
0.7738, 2225903
0.7741, 2194317
0.7742, 2073273
0.7742, 2072319
0.7743, 2068057
0.7745, 2051233
0.7751, 2016285
0.7754, 2013415
0.7757, 2013374
0.7757, 2010500
0.7759, 2010283
0.7762, 2009905
0.7764, 2004105
0.7772, 2003827
0.7776, 1996239
0.7777, 1995824
0.7777, 1986099
0.7779, 1982679
0.7782, 1978096
0.7789, 1936797
0.7790, 1910817
0.7791, 1910005
0.7797, 1909317
0.7798, 1900926
0.7810, 1894516
0.7812, 1893017
0.7819, 1881156
0.7820, 1881018
0.7822, 1880769
0.7823, 1841580
0.7827, 1835992
0.7834, 1833108
0.7835, 1832962
0.7837, 1828620
0.7840, 1796975
0.7843, 1793371
0.7856, 1783519
0.7866, 1771132
0.7866, 1751932
0.7867, 1751520
0.7868, 1750258
0.7875, 1740539
0.7881, 1739962
0.7882, 1733292
0.7890, 1725881
0.7892, 1725820
0.7899, 1725160
0.7900, 1724797
0.7917, 1724767
0.7921, 1722064
0.7922, 1721771
0.7927, 1719497
0.7929, 1706055
0.7933, 1704306
0.7936, 1703537
0.7937, 1703059
0.7937, 1690758
0.7942, 1690195
0.7945, 1686255
0.7950, 1684906
0.7970, 1684451
0.7972, 1670855
0.7974, 1668255
0.7980, 1668220
0.7992, 1665922
0.7994, 1664283
0.7995, 1656731
0.8012, 1647452
0.8018, 1646791
0.8039, 1646460
0.8040, 1643641
0.8045, 1641849
0.8052, 1630716
0.8072, 1630418
0.8072, 1628231
0.8080, 1625173
0.8085, 1624626
0.8095, 1624209
0.8103, 1610267
0.8104, 1608606
0.8109, 1606252
0.8111, 1604963
0.8115, 1604486
0.8120, 1601979
0.8136, 1599458
0.8154, 1597795
0.8159, 1595436
0.8163, 1594950
0.8186, 1593409
0.8198, 1556558
0.8220, 1555997
0.8228, 1548839
0.8234, 1546409
0.8236, 1546406
0.8242, 1535661
0.8242, 1535387
0.8282, 1532965
0.8297, 1532817
0.8298, 1525522
4.4708, 1511229
4.4716, 1511075
4.4718, 1509854
4.4726, 1508169
4.4759, 1504255
11.7317, 1503435
11.7319, 1500703
11.7321, 1500255
11.7322, 1499147
11.7324, 1498656
11.7339, 1489774
11.7358, 1480992
11.7361, 1476703
11.7373, 1462670
27.9496, 1461639
50.9722, 1451862
50.9750, 1450042
50.9761, 1449841
50.9762, 1448476
50.9767, 1443608
50.9772, 1443131
50.9784, 1434498
50.9812, 1430660
50.9816, 1423972
50.9831, 1423852
50.9840, 1415758
50.9849, 1413957
50.9857, 1406219
50.9859, 1402787
57.9800, 1402703
57.9802, 1401942
57.9803, 1401107
57.9821, 1399786
57.9832, 1391473
127.1041, 1384203
127.1084, 1383843
189.8756, 1383572
189.8778, 1383521
189.8782, 1381862
189.8823, 1378103
189.8823, 1377340
189.8829, 1376851
189.8858, 1374426
189.8872, 1371772
189.8884, 1368687
225.4005, 1364915
225.4040, 1356230
225.4053, 1355516
225.4056, 1355483
225.4073, 1355368
225.4073, 1352827
225.4074, 1352673
325.6937, 1352497
385.1203, 1325577
387.2754, 1310633
387.2774, 1310011
387.2774, 1309709
387.2777, 1309330
387.2782, 1307491
387.2795, 1306294
387.2802, 1301778
387.2812, 1301062
387.2814, 1299998
387.2816, 1295816
387.2823, 1294222
387.2825, 1292135
387.2865, 1291852
387.2902, 1291228
387.2909, 1290025
387.2912, 1283717
387.2944, 1265481
387.2992, 1264845
387.2996, 1264038
389.4881, 1263543
389.4884, 1262945
389.4888, 1262894
389.4892, 1262684
390.5018, 1262673
392.7367, 1262321
392.7396, 1257645
392.7403, 1257469
393.7526, 1255225
393.7737, 1255001
393.7757, 1254995
393.7758, 1253468
393.7764, 1253267
393.7765, 1253189
393.7778, 1252874
393.7781, 1252761
393.7782, 1251696
393.7828, 1251564
393.7835, 1250729
393.7841, 1249731
393.7906, 1249612
393.7907, 1249269
393.7926, 1246793
393.7927, 1246620
393.7934, 1246582
393.7961, 1246466
393.7965, 1246060
393.7966, 1244907
393.7988, 1243950
393.7998, 1243530
393.8004, 1243009
393.8057, 1242053
393.8066, 1240008
393.8094, 1239680
393.8149, 1239475
393.8161, 1239474
393.8180, 1238039
393.8196, 1233724
394.8817, 1233130
394.8858, 1232054
394.8906, 1231712
394.8918, 1230397
394.8953, 1229775
394.8973, 1229685
394.8989, 1228810
394.9007, 1228748
395.9677, 1228602
399.1630, 1227242
399.1723, 1227037
399.1757, 1225645
399.1767, 1224917
399.1817, 1224762
399.1851, 1224682
399.1905, 1224083
415.0019, 1222894
