0.0000, 9846881
0.0020, 9829287
0.0020, 9786391
0.0020, 9661646
0.0020, 9590804
0.0020, 9571133
0.0020, 9538364
0.0020, 9526138
0.0020, 9470457
0.0020, 9464243
0.0020, 9461396
0.0030, 9459323
0.0040, 9414665
0.0040, 9394129
0.0040, 9348260
0.0040, 9345372
0.0040, 9310579
0.0040, 9158624
0.0040, 9152752
0.0040, 9022813
0.0040, 8972179
0.0560, 8895692
0.0560, 8813779
0.0560, 8806096
0.0930, 8798363
0.0930, 8653937
0.3120, 8625554
0.3120, 8530254
0.3120, 8525294
0.4790, 8472918
0.4790, 8384924
0.4790, 8326676
0.4790, 8293452
0.4790, 8291753
0.4790, 8251790
0.4790, 8243879
0.4790, 8237969
0.4790, 8162709
0.4790, 8001559
0.4790, 7978921
0.4790, 7973371
0.4800, 7962383
0.4820, 7933915
0.4820, 7852609
0.4820, 7726332
0.4820, 7726305
0.4840, 7678828
0.4840, 7579038
0.4840, 7562595
0.4840, 7500638
0.4840, 7497679
0.4840, 7494678
0.4840, 7265215
0.4840, 7265204
0.4840, 7205425
0.4840, 7189381
0.4840, 7187086
0.4840, 7080302
0.4840, 7079623
0.4840, 7023320
0.4840, 7003982
0.4870, 6979235
0.4870, 6976479
0.4870, 6907870
0.4870, 6775032
0.4870, 6752031
0.4870, 6572551
0.4880, 6563774
0.4880, 6557260
0.4880, 6526744
0.4880, 6467974
0.4880, 6413123
0.4880, 6345928
0.4880, 6330201
0.4880, 6277983
0.4880, 6248210
0.4880, 6190845
0.4890, 6190799
0.4890, 6123431
0.4890, 6080336
0.4890, 6054107
0.4890, 6028777
0.4890, 5954981
0.4890, 5946829
0.4890, 5927172
0.4890, 5860945
0.4890, 5858765
0.4890, 5790930
0.4890, 5770276
0.4890, 5759906
0.4890, 5755608
0.4890, 5744398
0.4900, 5715678
0.4900, 5705813
0.4900, 5704544
0.4900, 5648259
0.4900, 5639575
0.4900, 5630054
0.4900, 5601743
0.4910, 5549519
0.4910, 5494894
0.4910, 5486544
0.4910, 5486101
0.4910, 5475469
0.4910, 5449356
0.4910, 5369052
0.4910, 5350064
0.4910, 5346582
0.4910, 5344190
0.4910, 5275050
0.4910, 5230756
0.4910, 5202001
0.4920, 5172028
0.4920, 5147722
0.4920, 5123129
0.4920, 5113018
0.4920, 5084653
0.4920, 5079169
0.4930, 5067271
0.4930, 5065530
0.4930, 5005968
0.4930, 4944346
0.4930, 4936062
0.4930, 4936061
0.4930, 4932232
0.4930, 4874459
0.4940, 4841580
0.4940, 4805992
0.4940, 4801453
0.4940, 4792056
0.4940, 4780736
0.4940, 4759816
0.4940, 4753457
0.4940, 4729651
0.4940, 4667631
0.4950, 4491677
0.4950, 4447354
0.4950, 4441778
0.4950, 4413084
0.4950, 4388786
0.4950, 4340503
0.4950, 4338641
0.4950, 4314790
0.4950, 4249746
0.4950, 4220858
0.4950, 4217255
0.4950, 4213624
0.4950, 4209722
0.4950, 4208651
0.4960, 4198491
0.4960, 4193696
0.4960, 4191223
0.4960, 4082181
0.4960, 4081369
0.4960, 4005516
0.4960, 3985596
0.4960, 3981134
0.4960, 3980160
0.4960, 3977778
0.4960, 3952639
0.4970, 3874023
0.4970, 3869069
0.4970, 3849749
0.4970, 3849086
0.4970, 3846613
0.4970, 3845100
0.4970, 3815579
0.4970, 3814156
0.4970, 3813184
0.4970, 3806566
0.4970, 3783136
0.4970, 3756647
0.4970, 3697884
0.4970, 3697395
0.4970, 3664420
0.4970, 3659830
0.4970, 3655755
0.4980, 3652825
0.4980, 3650728
0.4980, 3642589
0.4980, 3633752
0.4980, 3631363
0.4980, 3581089
0.4980, 3579852
0.4980, 3576265
0.4980, 3576264
0.4980, 3572265
0.4980, 3568804
0.4980, 3535745
0.4990, 3509707
0.4990, 3505862
0.4990, 3452506
0.4990, 3407329
0.4990, 3406199
0.4990, 3334981
0.4990, 3324838
0.4990, 3317756
0.4990, 3316127
0.4990, 3313350
0.4990, 3312580
0.4990, 3289632
0.4990, 3282238
0.5000, 3218126
0.5000, 3213282
0.5000, 3201932
0.5000, 3196604
0.5000, 3185532
0.5000, 3176788
0.5000, 3174016
0.5000, 3153815
0.5000, 3145701
0.5000, 3141345
0.5000, 3121538
0.5000, 3098157
0.5010, 3039912
0.5010, 3037235
0.5010, 3032172
0.5010, 3015844
0.5010, 2993217
0.5010, 2992246
0.5010, 2959694
0.5010, 2954123
0.5010, 2953655
0.5010, 2879880
0.5010, 2827351
0.5010, 2826416
0.5010, 2786367
0.5020, 2777791
0.5020, 2775896
0.5020, 2672229
0.5020, 2663847
0.5020, 2650775
0.5020, 2646820
0.5020, 2646494
0.5020, 2635225
0.5020, 2624326
0.5020, 2623124
0.5020, 2588810
0.5030, 2564991
0.5030, 2559463
0.5030, 2543936
0.5030, 2539591
0.5030, 2539150
0.5030, 2534046
0.5030, 2531898
0.5030, 2531527
0.5030, 2420915
0.5040, 2418155
0.5040, 2417371
0.5040, 2316697
0.5040, 2262427
0.5040, 2253283
0.5050, 2252920
0.5050, 2233067
0.5060, 2232899
0.5060, 2231448
0.5060, 2229781
0.5070, 2217346
0.5070, 2217127
0.5070, 2216346
0.5070, 2197595
0.5070, 2184743
0.5080, 2136235
0.5080, 2127087
0.5090, 2123777
0.5100, 2114556
0.5100, 2112126
0.5100, 2077979
0.5100, 2077348
0.5100, 2075844
0.5100, 2074196
0.5110, 2071920
0.5120, 2070311
0.5120, 2069153
0.5120, 2068635
0.5120, 2067212
0.5120, 2067108
0.5120, 2041897
0.5120, 2040588
0.5130, 2040113
0.5130, 2003972
0.5130, 2001106
0.5130, 2000283
0.5130, 1990905
0.5130, 1986562
0.5130, 1966601
0.5130, 1948708
0.5130, 1943696
0.5130, 1943424
0.5130, 1942428
0.5140, 1942301
0.5140, 1937736
0.5140, 1932623
0.5140, 1932097
0.5140, 1924198
0.5150, 1922665
0.5150, 1922004
0.5160, 1920837
0.5160, 1920096
0.5160, 1918262
0.5160, 1917928
0.5160, 1912543
0.5160, 1905362
0.5170, 1903963
0.5170, 1902171
0.5170, 1900221
0.5170, 1897987
0.5170, 1891901
0.5170, 1881636
0.5180, 1878351
0.5180, 1873815
0.5180, 1873727
0.5180, 1823981
0.5180, 1823189
0.5190, 1799737
0.5190, 1794809
0.5190, 1792219
0.5190, 1781913
0.5200, 1772870
0.5200, 1772151
0.5200, 1769619
0.5200, 1765059
0.5200, 1762209
0.5200, 1761083
0.5210, 1758485
0.5220, 1749554
0.5220, 1744782
0.5230, 1738118
0.5240, 1737304
0.5240, 1735988
0.5250, 1735977
0.5250, 1735716
0.5250, 1731519
0.5250, 1727419
0.5260, 1720697
0.5270, 1717702
0.5270, 1707010
0.5280, 1706845
0.5280, 1705298
0.5290, 1705249
0.5290, 1705229
0.5290, 1606787
0.5300, 1601884
0.5300, 1589107
0.5300, 1588125
0.5310, 1548331
0.5310, 1545651
0.5310, 1544704
0.5310, 1538326
0.5320, 1538012
0.5330, 1536801
0.5340, 1520444
0.5350, 1514202
0.5350, 1513540
0.5350, 1513108
0.5360, 1511665
0.5370, 1510347
0.5370, 1493900
0.5370, 1493404
0.5380, 1485785
0.5380, 1481267
0.5400, 1479550
0.5400, 1477328
0.5400, 1476163
0.5410, 1470526
0.5440, 1463261
0.5460, 1454364
6.7010, 1443446
6.7020, 1442974
6.7020, 1426987
6.7020, 1425398
6.7030, 1425300
6.7030, 1424881
14.3130, 1423023
14.3130, 1420868
14.3140, 1419303
14.3140, 1417127
14.3150, 1416655
14.3150, 1414134
14.3150, 1413761
14.3150, 1413489
14.3160, 1413422
14.3160, 1411453
14.3160, 1409743
14.3180, 1407011
14.3200, 1406491
15.8340, 1404774
15.8340, 1404427
15.8350, 1397340
38.8630, 1395819
38.8650, 1376162
38.8660, 1375132
38.8670, 1374516
38.8680, 1373930
38.8690, 1373331
38.8710, 1371452
38.8720, 1370801
38.8730, 1366936
38.8730, 1365250
38.8730, 1365217
38.8730, 1361479
343.8100, 1360621
343.8100, 1360556
343.8110, 1359957
349.1410, 1348581
349.1420, 1348573
349.1420, 1348259
349.1430, 1345282
351.1990, 1338362
352.3220, 1322675
352.3230, 1319955
352.3240, 1317404
352.3240, 1312859
352.3250, 1304676
352.3250, 1302212
352.3270, 1301392
352.3280, 1301389
352.3300, 1299770
352.3300, 1288300
352.3310, 1287880
352.3310, 1286441
352.3320, 1285309
352.3330, 1284131
352.3370, 1282999
352.3370, 1282278
352.3380, 1282252
352.3380, 1281312
352.3390, 1267007
352.3410, 1260792
352.3420, 1259627
352.3430, 1259410
352.3430, 1258840
352.3440, 1257862
352.3440, 1257413
354.4630, 1254417
354.4690, 1254162
355.4990, 1253359
355.4990, 1251330
355.5040, 1248396
355.5060, 1247827
355.5110, 1247228
355.5120, 1247226
355.5120, 1246728
355.5140, 1246332
355.5140, 1242467
355.5140, 1242425
355.5150, 1241948
355.5150, 1240946
355.5160, 1240110
355.5190, 1238423
355.5210, 1234990
356.5930, 1223463
356.6000, 1223402
356.6000, 1221661
356.6000, 1220999
357.6660, 1220900
357.6710, 1220456
357.6730, 1220114
358.7150, 1220027
358.7190, 1219885
358.7220, 1218337
358.7240, 1218334
358.7290, 1217606
358.7300, 1217069
358.7310, 1217066
358.7320, 1214461
358.7330, 1213436
358.7360, 1213329
358.7380, 1212041
362.8680, 1211975
362.8690, 1210465
363.9480, 1207732
364.9780, 1207622
365.0160, 1207619
365.0250, 1207554
365.0360, 1207439
369.2150, 1207277
370.2810, 1207229
370.2890, 1207226
370.3050, 1207019
372.3880, 1206765
