0.0001, 10392107
0.0004, 10303795
0.0004, 10256217
0.0004, 10240123
0.0004, 10228912
0.0004, 10228385
0.0014, 10214301
0.0014, 10092044
0.0015, 10056474
0.0015, 10056288
0.0015, 10026942
0.0017, 9966546
0.0017, 9848273
0.0071, 9790538
0.0074, 9751278
0.0074, 9659484
0.0078, 9626152
0.0080, 9494279
0.0089, 9492923
0.0140, 9482316
0.0140, 9471249
0.0320, 9453542
0.0321, 9426281
0.0355, 9388968
0.0355, 9179322
0.0355, 9160912
0.0356, 9122954
0.0356, 9078340
0.0356, 9068382
0.0356, 9014394
0.0356, 8957414
0.0357, 8902678
0.0500, 8885951
0.0500, 8826841
0.0500, 8760418
0.1414, 8564979
0.1415, 8545782
0.1415, 8511844
0.1416, 8484085
0.5362, 8380313
0.5363, 8378439
0.5363, 8352819
0.5365, 8347725
0.5365, 8339218
0.5365, 8334937
0.5365, 8255774
0.5366, 8255476
0.5366, 8195525
0.5366, 8118764
0.5366, 8112376
0.5366, 8112354
0.5403, 8107064
0.5459, 8061838
0.5460, 8030272
0.5461, 7990264
0.5461, 7973572
0.5461, 7969947
0.5463, 7969822
0.5484, 7957279
0.5484, 7953842
0.5501, 7944823
0.5501, 7922987
0.5501, 7902088
0.5502, 7857613
0.5502, 7760596
0.5502, 7759788
0.5502, 7737487
0.5502, 7718793
0.5503, 7596298
0.5503, 7592660
0.5503, 7582043
0.5508, 7567147
0.5508, 7525497
0.5508, 7450425
0.5508, 7449613
0.5509, 7444253
0.5509, 7358525
0.5515, 7290722
0.5516, 7286675
0.5517, 7169199
0.5517, 7108638
0.5521, 7045157
0.5521, 7037485
0.5522, 6993937
0.5522, 6988766
0.5524, 6984237
0.5524, 6966053
0.5525, 6844173
0.5525, 6841355
0.5534, 6798584
0.5536, 6656494
0.5536, 6640259
0.5537, 6604957
0.5537, 6601870
0.5537, 6584580
0.5537, 6576406
0.5541, 6535933
0.5541, 6518857
0.5542, 6512044
0.5542, 6471154
0.5542, 6441519
0.5542, 6431606
0.5543, 6398989
0.5543, 6397745
0.5543, 6326171
0.5544, 6286501
0.5544, 6271781
0.5544, 6229292
0.5544, 6169314
0.5544, 5934739
0.5544, 5856207
0.5544, 5854409
0.5559, 5728165
0.5561, 5653186
0.5562, 5605253
0.5562, 5601672
0.5563, 5557147
0.5563, 5549604
0.5575, 5540092
0.5576, 5536181
0.5576, 5501313
0.5576, 5495008
0.5576, 5421878
0.5577, 5421329
0.5577, 5417457
0.5577, 5363734
0.5578, 5293384
0.5578, 5253029
0.5580, 5222474
0.5580, 5204992
0.5580, 5195930
0.5581, 5107553
0.5581, 5095253
0.5582, 5075597
0.5583, 5074768
0.5583, 5041038
0.5583, 5040024
0.5584, 4999167
0.5584, 4916787
0.5584, 4875012
0.5585, 4863918
0.5585, 4860655
0.5588, 4765648
0.5589, 4679820
0.5589, 4626064
0.5589, 4625172
0.5590, 4613829
0.5590, 4598312
0.5590, 4587460
0.5590, 4585085
0.5591, 4578174
0.5591, 4568307
0.5591, 4547895
0.5591, 4537355
0.5594, 4535996
0.5599, 4524529
0.5600, 4511382
0.5600, 4465147
0.5600, 4418001
0.5600, 4394421
0.5601, 4368710
0.5602, 4341326
0.5602, 4340347
0.5615, 4325488
0.5616, 4226261
0.5617, 4164426
0.5622, 4159728
0.5622, 4155980
0.5622, 4144395
0.5623, 4103124
0.5624, 4102653
0.5624, 4102220
0.5625, 4093485
0.5625, 4089284
0.5627, 4080632
0.5628, 4063730
0.5629, 4061632
0.5632, 4048533
0.5632, 4046533
0.5632, 4023182
0.5632, 4021843
0.5633, 3986740
0.5633, 3986099
0.5633, 3969383
0.5634, 3947768
0.5634, 3899474
0.5634, 3863952
0.5635, 3854545
0.5636, 3854196
0.5637, 3852908
0.5637, 3850673
0.5638, 3829845
0.5639, 3815788
0.5639, 3806575
0.5640, 3804386
0.5640, 3803378
0.5641, 3803087
0.5641, 3790754
0.5641, 3789189
0.5642, 3764322
0.5642, 3763781
0.5643, 3755198
0.5647, 3717902
0.5647, 3716054
0.5647, 3713046
0.5648, 3712668
0.5648, 3712560
0.5648, 3711781
0.5648, 3646918
0.5649, 3638890
0.5649, 3637322
0.5649, 3632556
0.5650, 3629152
0.5652, 3617430
0.5652, 3616144
0.5652, 3598387
0.5653, 3580408
0.5654, 3569143
0.5654, 3566395
0.5655, 3542301
0.5655, 3529663
0.5655, 3529261
0.5655, 3529244
0.5656, 3529177
0.5657, 3483486
0.5658, 3465659
0.5658, 3449397
0.5658, 3441534
0.5663, 3434679
0.5664, 3430831
0.5669, 3424432
0.5669, 3424364
0.5670, 3392975
0.5671, 3391835
0.5671, 3384281
0.5672, 3365782
0.5673, 3358433
0.5674, 3358282
0.5674, 3311575
0.5674, 3308224
0.5674, 3301683
0.5674, 3285253
0.5675, 3284394
0.5675, 3280735
0.5676, 3249485
0.5676, 3236743
0.5677, 3234823
0.5677, 3221298
0.5678, 3206846
0.5679, 3202418
0.5679, 3180101
0.5680, 3175693
0.5680, 3162679
0.5681, 3156352
0.5681, 3154808
0.5691, 3104992
0.5692, 3101103
0.5693, 3096911
0.5695, 3078132
0.5695, 3065543
0.5695, 3064548
0.5695, 3007024
0.5696, 3004467
0.5697, 2983797
0.5698, 2982751
0.5698, 2964290
0.5698, 2950924
0.5698, 2950245
0.5698, 2918875
0.5700, 2914647
0.5701, 2914277
0.5701, 2913377
0.5701, 2909838
0.5701, 2855309
0.5703, 2848959
0.5703, 2848597
0.5704, 2845166
0.5704, 2836517
0.5705, 2797664
0.5705, 2791862
0.5706, 2786202
0.5708, 2718563
0.5708, 2709667
0.5710, 2652143
0.5716, 2652112
0.5717, 2636869
0.5718, 2603722
0.5720, 2603453
0.5720, 2599830
0.5724, 2588347
0.5726, 2587412
0.5729, 2585455
0.5730, 2526775
0.5731, 2518956
0.5732, 2436887
0.5732, 2428850
0.5734, 2422981
0.5736, 2421438
0.5736, 2419249
0.5737, 2416726
0.5738, 2386764
0.5740, 2354329
0.5740, 2354162
0.5740, 2348797
0.5741, 2347273
0.5742, 2346197
0.5743, 2344942
0.5743, 2342994
0.5743, 2342609
0.5744, 2340765
0.5749, 2321918
0.5749, 2320044
0.5750, 2317803
0.5754, 2317023
0.5754, 2316442
0.5754, 2312630
0.5755, 2311047
0.5755, 2302913
0.5755, 2302802
0.5756, 2301997
0.5756, 2289965
0.5757, 2271290
0.5760, 2271279
0.5761, 2269253
0.5764, 2266668
0.5765, 2266044
0.5770, 2263361
0.5771, 2248116
0.5771, 2220281
0.5776, 2219683
0.5777, 2219536
0.5778, 2203946
0.5778, 2202477
0.5782, 2197367
0.5783, 2135969
0.5786, 2122402
0.5787, 2119150
0.5794, 2117032
0.5795, 2116598
0.5799, 2105521
0.5806, 2103111
0.5806, 2099003
0.5806, 2098072
0.5808, 2094815
0.5809, 2088060
0.5809, 2085181
0.5810, 2070497
0.5815, 2062511
0.5816, 2058184
0.5817, 2057202
0.5819, 2050606
0.5821, 2030029
0.5822, 2029199
0.5830, 2028568
0.5830, 2026288
0.5832, 2026009
0.5832, 2023711
0.5833, 2018823
0.5838, 2018429
0.5838, 2017868
0.5841, 2010344
0.5843, 2007443
0.5844, 2007432
0.5848, 2007380
0.5849, 1996901
0.5851, 1982954
0.5852, 1979259
0.5853, 1979248
0.5855, 1969601
0.5856, 1967864
0.5859, 1967285
0.5879, 1960415
0.5879, 1959339
0.5880, 1958404
0.5884, 1957568
0.5899, 1955618
0.5912, 1953833
0.5922, 1913311
0.5943, 1911152
0.5951, 1908281
0.5960, 1871743
0.5982, 1846930
0.5986, 1846854
0.5989, 1816074
0.5991, 1804225
0.6002, 1803744
0.6003, 1803639
0.6008, 1799045
0.6024, 1794930
0.6047, 1790954
0.6081, 1789271
0.6103, 1788537
0.6104, 1788459
0.6134, 1787633
0.6145, 1773396
0.6149, 1727358
0.6151, 1726507
0.6196, 1718737
0.6200, 1703422
0.6202, 1681396
0.6221, 1664018
0.6234, 1663953
0.6235, 1663447
0.6248, 1662063
0.6263, 1629414
0.6266, 1629209
0.6281, 1628103
0.6318, 1625248
0.6325, 1624176
0.6336, 1593081
0.6363, 1592374
0.6424, 1582364
0.6436, 1577561
0.6439, 1576521
0.6442, 1575710
0.6473, 1557925
0.6489, 1555157
0.6502, 1554025
0.6522, 1550341
0.6525, 1550315
0.6536, 1542002
0.6539, 1540107
0.6546, 1535515
0.6549, 1533883
0.6560, 1532720
0.6568, 1531337
2.6886, 1530576
2.6888, 1527885
2.6893, 1525566
2.6900, 1520050
4.3405, 1517027
4.3409, 1516391
4.3418, 1512544
4.3422, 1511856
4.3425, 1509735
4.3435, 1509183
4.3462, 1508477
4.3464, 1508307
4.3465, 1500585
4.3471, 1498637
4.3482, 1497351
4.3485, 1497321
4.3486, 1477366
4.3495, 1471975
4.3515, 1470810
5.9504, 1464203
5.9511, 1463975
5.9524, 1463377
5.9527, 1462500
5.9531, 1456252
5.9536, 1455510
6.9571, 1454791
10.6750, 1446442
10.6751, 1434055
10.6754, 1433991
10.6761, 1433704
10.6761, 1432574
10.6772, 1430538
10.6775, 1412704
10.6788, 1408038
10.6825, 1407576
10.6826, 1405963
38.6566, 1393581
38.6576, 1393332
38.6582, 1391366
38.6583, 1385811
38.6590, 1379433
38.6590, 1374539
156.7308, 1372655
156.7314, 1372401
156.7317, 1368134
194.2937, 1359300
283.3792, 1359196
283.3793, 1357965
283.3795, 1357755
283.3801, 1344448
349.5606, 1344034
349.5610, 1343320
349.5612, 1343140
349.5614, 1342064
349.5616, 1341847
351.6673, 1338032
351.6675, 1338028
351.6683, 1336804
351.6684, 1333927
351.6695, 1333883
351.6695, 1333463
351.6704, 1333314
351.6706, 1333166
351.6713, 1333162
351.6729, 1331358
351.6733, 1331254
351.6745, 1314641
351.6750, 1314610
351.6784, 1302310
351.6797, 1295933
351.6814, 1291693
351.6823, 1290228
351.6845, 1288977
351.6853, 1288287
351.6861, 1283418
351.6877, 1281125
351.6877, 1277573
351.6878, 1263220
354.8346, 1263133
354.8349, 1262736
354.8350, 1262597
354.8354, 1262046
354.8371, 1261851
354.8372, 1258346
354.8400, 1258179
354.8412, 1256477
354.8431, 1255380
354.8456, 1253499
354.8468, 1253457
354.8495, 1251031
354.8510, 1250993
354.8532, 1249772
354.8552, 1248873
354.8561, 1248731
354.8568, 1247041
354.8578, 1245186
354.8587, 1240469
354.8599, 1203906
354.8605, 1202800
354.8613, 1198972
354.8640, 1197024
355.9217, 1196287
356.9753, 1196170
356.9760, 1195994
358.0187, 1195253
358.0253, 1194828
358.0265, 1194451
358.0294, 1194423
359.0689, 1194072
359.0698, 1192308
359.0729, 1191802
359.0815, 1190364
359.0828, 1190356
359.0835, 1190193
359.0840, 1189326
359.0845, 1188194
360.1191, 1187692
360.1191, 1186149
360.1235, 1185977
360.1260, 1185378
360.1270, 1184982
360.1344, 1184500
361.1448, 1182454
361.1633, 1181596
361.1643, 1181268
361.1700, 1181058
361.1784, 1180159
364.3128, 1179934
364.3270, 1179762
364.3308, 1179288
364.3330, 1178389
366.3983, 1177139
366.4027, 1177010
366.4045, 1176805
367.4338, 1176323
367.4389, 1176272
