0.0000, 12903
0.0002, 12687
0.0002, 12595
0.0002, 12253
0.0003, 11619
0.0005, 11435
0.0006, 11383
0.0006, 11207
0.0006, 11161
0.0022, 11097
0.0022, 11036
0.0023, 10749
0.0023, 10728
0.0028, 10340
0.0028, 10266
0.0034, 9826
0.0043, 9451
0.0102, 9404
0.0427, 9093
0.1090, 9031
0.1134, 8771
0.4374, 8674
0.4374, 8488
0.5777, 8281
0.5808, 8242
0.5840, 7834
0.5860, 7820
0.5860, 7792
0.5860, 7319
0.5862, 7307
0.5886, 7265
0.5887, 7220
0.5887, 7213
0.5890, 7043
0.5890, 7014
0.5893, 7009
0.5969, 7001
0.5986, 6991
0.5990, 6926
0.5992, 6914
0.5993, 6898
0.6071, 6870
5.4951, 6865
5.4977, 6859
