0.0002, 12786
0.0004, 12194
0.0004, 11901
0.0006, 11774
0.0006, 11705
0.0006, 11253
0.0006, 11240
0.0007, 11045
0.0007, 10688
0.0012, 10667
0.0012, 10407
0.0046, 10357
0.0046, 10178
0.0155, 9587
0.0168, 9305
0.0556, 9268
0.0824, 9106
0.0824, 9079
0.1294, 8825
0.1353, 8591
0.2443, 8412
0.4216, 8268
0.4227, 8097
0.4250, 7929
0.4257, 7754
0.4258, 7580
0.4268, 7548
0.4268, 7281
0.4269, 7142
0.4269, 7072
0.4291, 7060
0.4296, 7018
0.4310, 6966
0.4331, 6961
0.4339, 6943
0.4351, 6929
0.4351, 6923
0.4353, 6912
0.4355, 6906
0.4365, 6878
0.4371, 6875
0.4387, 6870
1.8910, 6865
1.8923, 6859
