0.0001, 751703
0.0004, 750410
0.0004, 747354
0.0004, 746409
0.0009, 745277
0.0010, 742035
0.0012, 740415
0.0012, 739384
0.0017, 735161
0.0018, 734025
0.0018, 731839
0.0018, 728242
0.0019, 706329
0.0019, 705826
0.0019, 703182
0.0020, 701661
0.0020, 698410
0.0023, 686662
0.0024, 685126
0.0025, 680616
0.0025, 666881
0.0025, 665859
0.0025, 664934
0.0026, 656290
0.0026, 655692
0.0026, 653981
0.0026, 653679
0.0027, 651169
0.0027, 646331
0.0027, 643615
0.0028, 643532
0.0028, 643116
0.0029, 642131
0.0029, 641145
0.0029, 640978
0.0029, 635093
0.0029, 632105
0.0029, 631381
0.0030, 630404
0.7595, 630210
0.7595, 625099
0.7707, 621260
0.7707, 614707
0.7707, 611228
0.7707, 611034
0.7708, 609738
0.7709, 609012
0.7730, 605411
0.7730, 605034
0.7731, 603052
0.7732, 602112
0.7732, 594387
0.7732, 593260
0.7732, 592105
0.7732, 587012
0.7733, 586006
0.7733, 573908
0.7734, 572066
0.7734, 563002
0.7776, 560269
0.7777, 555203
0.7777, 551846
0.7778, 551078
0.7779, 545460
0.7785, 545250
0.7785, 542990
0.7786, 542714
0.7786, 539566
0.7793, 539383
0.7795, 530019
0.7795, 529547
0.7799, 529104
0.7799, 526926
0.7800, 522965
0.7800, 522633
0.7801, 522207
0.7801, 516883
0.7801, 516317
0.7801, 515189
0.7802, 510575
0.7802, 506629
0.7805, 506572
0.7805, 505825
0.7808, 503500
0.7808, 500615
0.7808, 498417
0.7809, 497457
0.7809, 493820
0.7809, 492251
0.7809, 487596
0.7809, 483416
0.7810, 483182
0.7810, 478399
0.7813, 471756
0.7850, 465832
0.7858, 457171
0.7872, 454704
0.7872, 450255
0.7873, 450079
0.7873, 448984
0.7873, 442352
0.7874, 442146
0.7876, 441770
0.7876, 436811
0.7878, 433079
0.7878, 431672
0.7878, 428435
0.7879, 425365
0.7879, 422851
0.7879, 422545
0.7880, 422383
0.7881, 422369
0.7881, 419806
0.7886, 415634
0.7886, 415624
0.7887, 414082
0.7887, 412731
0.7887, 410575
0.7888, 408628
0.7889, 406306
0.7889, 406305
0.7890, 405947
0.7895, 403975
0.7896, 403548
0.7896, 403145
0.7897, 399818
0.7898, 399478
0.7902, 397989
0.7902, 397501
0.7902, 393906
0.7902, 390329
0.7902, 388619
0.7903, 387814
0.7904, 384873
0.7904, 383821
0.7905, 381401
0.7905, 380210
0.7908, 373221
0.7912, 371616
0.7912, 371590
0.7913, 369837
0.7914, 364452
0.7923, 362742
0.7925, 357822
0.7926, 357769
0.7927, 357656
0.7927, 356716
0.7928, 355937
0.7929, 355782
0.7929, 354915
0.7930, 351391
0.7930, 351246
0.7931, 349033
0.7931, 349032
0.7933, 347020
0.7934, 347013
0.7934, 346370
0.7939, 343803
0.7939, 342685
0.7940, 342528
0.7943, 340688
0.7943, 340543
0.7943, 339151
0.7944, 337642
0.7945, 335741
0.7947, 333557
0.7947, 330555
0.7948, 330141
0.7950, 328685
0.7951, 327898
0.7954, 326586
0.7959, 324853
0.7960, 323557
0.7960, 322678
0.7964, 322649
0.7965, 320676
0.7966, 320531
0.7966, 317784
0.7967, 314766
0.7968, 313499
0.7969, 313438
0.7970, 313304
0.7971, 313093
0.7971, 312703
0.7971, 311976
0.7972, 310626
0.7973, 310409
0.7980, 310312
0.7981, 309244
0.7981, 308127
0.7981, 304737
0.7984, 304685
0.7985, 302564
0.7987, 300185
0.7987, 299329
0.7988, 296881
0.7988, 296777
0.7989, 296078
0.7989, 296058
0.7990, 294665
0.7992, 294566
0.7992, 293938
0.7993, 292927
0.7994, 291505
0.7994, 289132
0.7995, 288567
0.7996, 287862
0.7998, 287860
0.7998, 287335
0.7999, 286873
0.8000, 286557
0.8002, 284850
0.8008, 283799
0.8009, 283730
0.8009, 281848
0.8010, 280800
0.8010, 279884
0.8012, 279863
0.8015, 276262
0.8015, 273425
0.8019, 273357
0.8019, 272892
0.8020, 270973
0.8021, 269763
0.8024, 269572
0.8024, 269395
0.8025, 268302
0.8025, 264689
0.8026, 264337
0.8027, 264285
0.8028, 263778
0.8030, 263438
0.8031, 262849
0.8043, 261898
0.8043, 258929
0.8045, 258039
0.8048, 257463
0.8048, 255940
0.8053, 254199
0.8054, 253563
0.8055, 253343
0.8062, 252897
0.8063, 252607
0.8063, 251812
0.8065, 251211
0.8070, 249910
0.8071, 249566
0.8072, 249024
0.8077, 248132
0.8079, 248031
0.8079, 248019
0.8085, 247417
0.8086, 247179
0.8089, 245483
0.8090, 245100
0.8090, 243906
0.8091, 243021
0.8092, 242466
0.8097, 242177
0.8098, 238882
0.8099, 238772
0.8103, 238345
0.8107, 237119
0.8109, 236884
0.8110, 235487
0.8115, 235053
0.8116, 233732
0.8118, 233437
0.8121, 233225
0.8122, 232242
0.8122, 231788
0.8135, 221164
0.8137, 221051
0.8138, 218995
0.8140, 217078
0.8143, 216506
0.8144, 216336
0.8148, 216064
0.8149, 215984
0.8151, 211877
0.8153, 208854
0.8159, 208817
0.8168, 208778
0.8169, 208225
0.8191, 207730
0.8197, 207268
0.8203, 205431
0.8215, 205165
0.8219, 204654
0.8220, 203337
0.8241, 202150
0.8242, 199801
0.8243, 199476
0.8246, 198783
0.8250, 197297
0.8252, 196525
0.8252, 196097
0.8261, 194746
0.8263, 194568
0.8268, 194519
0.8269, 194412
0.8273, 193896
0.8278, 192359
0.8281, 191264
0.8287, 191109
0.8292, 190869
0.8308, 190032
0.8311, 189994
0.8311, 189433
0.8331, 187981
0.8333, 187792
0.8333, 187195
0.8334, 186764
0.8341, 186700
0.8342, 186013
0.8350, 185867
0.8358, 185432
0.8362, 184057
0.8384, 183055
0.8391, 182832
0.8401, 180846
0.8409, 180095
0.8414, 180088
0.8425, 179648
0.8430, 179517
0.8431, 178471
0.8436, 176417
0.8443, 175854
0.8446, 175530
0.8447, 174245
0.8455, 174226
0.8463, 173471
0.8472, 172256
0.8472, 171709
0.8473, 171426
0.8482, 171096
0.8485, 170900
2.7029, 167592
2.7032, 166566
2.7035, 166393
2.7061, 165348
8.2515, 164484
8.2516, 162968
8.2520, 161928
8.2526, 161589
8.2558, 160801
8.2564, 160381
8.2567, 159806
8.2581, 158853
8.2587, 158627
8.2631, 157673
8.2644, 157329
40.9402, 157104
40.9408, 156892
40.9409, 156364
74.4230, 155762
74.4231, 155364
74.4247, 154821
401.4457, 154714
401.4464, 154539
401.4469, 151643
401.4499, 151377
403.5588, 151109
403.5631, 150926
403.5651, 150509
403.5675, 149724
405.6355, 149506
405.6689, 149334
405.6699, 149037
405.6728, 148938
405.6730, 148891
405.6746, 148544
405.6772, 147818
405.6780, 146792
405.6787, 146748
405.6803, 146682
405.6817, 146539
405.6835, 145878
405.6843, 145377
405.6884, 145186
405.6886, 144298
405.6898, 143183
406.7221, 143092
406.7300, 141417
406.7340, 141096
406.7341, 140935
406.7384, 140533
406.7480, 140464
407.7863, 140372
407.7865, 140029
409.8993, 139653
410.9146, 139176
410.9314, 139170
410.9513, 139022
410.9517, 138919
411.9804, 138900
411.9857, 138623
411.9889, 138381
411.9919, 138225
412.0119, 137564
