0.0010, 794788
0.0020, 791893
0.0020, 784937
0.0020, 783335
0.0030, 780563
0.0030, 777323
0.0030, 775140
0.0030, 770537
0.0030, 767150
0.0030, 761457
0.0030, 759326
0.0050, 756548
0.0050, 756227
0.0050, 750450
0.0070, 745887
0.0070, 740073
0.0070, 737327
0.0070, 733682
0.0080, 729903
0.0080, 724232
0.0080, 719286
0.0140, 717358
0.0140, 717058
0.0140, 712728
0.0140, 708533
0.0140, 706743
0.0140, 705008
0.0240, 699173
0.0240, 699127
0.0240, 698721
0.0240, 696104
0.0240, 694066
0.0240, 689541
0.0240, 684936
0.0350, 683449
0.0350, 681816
0.0420, 680045
0.0420, 674461
0.0630, 670940
0.0910, 668979
0.0910, 664370
0.1690, 662082
0.1690, 654664
0.1690, 654187
0.2220, 648313
0.3080, 647030
0.3080, 646023
0.3080, 640189
0.3080, 637271
0.3080, 628519
0.4500, 622344
0.4570, 620375
0.4570, 619744
0.4570, 618020
0.4570, 615668
0.4570, 614477
0.4570, 611311
0.4570, 610055
0.4570, 610018
0.4570, 607176
0.4570, 602516
0.4570, 596778
0.4580, 590225
0.4580, 571335
0.4610, 571292
0.4610, 566339
0.4610, 558666
0.4610, 557553
0.4610, 547898
0.4610, 539927
0.4610, 536786
0.4610, 534245
0.4620, 531803
0.4620, 528960
0.4620, 526253
0.4620, 523921
0.4620, 522657
0.4620, 517486
0.4620, 506309
0.4620, 505665
0.4620, 504431
0.4620, 504114
0.4620, 502571
0.4620, 501140
0.4620, 500295
0.4620, 498814
0.4620, 498358
0.4620, 497036
0.4620, 495222
0.4620, 491199
0.4620, 490909
0.4620, 488021
0.4620, 487326
0.4620, 485689
0.4620, 484444
0.4620, 481322
0.4630, 473295
0.4630, 472276
0.4630, 471818
0.4630, 470765
0.4640, 469760
0.4640, 467498
0.4640, 465753
0.4640, 465392
0.4640, 463971
0.4660, 463083
0.4660, 462667
0.4660, 458949
0.4660, 457188
0.4660, 456019
0.4660, 452623
0.4660, 452520
0.4660, 450885
0.4660, 447794
0.4660, 444667
0.4660, 444575
0.4670, 438574
0.4670, 434464
0.4670, 431525
0.4670, 429091
0.4670, 425814
0.4670, 423394
0.4670, 420238
0.4670, 419251
0.4670, 415457
0.4670, 414875
0.4670, 411983
0.4670, 408779
0.4670, 404830
0.4670, 392024
0.4670, 390675
0.4670, 380867
0.4670, 379537
0.4680, 377526
0.4680, 376485
0.4680, 375102
0.4680, 372999
0.4680, 372211
0.4680, 370103
0.4680, 369449
0.4680, 368504
0.4680, 365391
0.4680, 365281
0.4690, 347269
0.4690, 345877
0.4690, 345332
0.4690, 343937
0.4690, 343496
0.4690, 343447
0.4690, 343315
0.4690, 341905
0.4690, 341796
0.4690, 341315
0.4690, 338789
0.4690, 337811
0.4690, 336355
0.4690, 335949
0.4690, 334369
0.4690, 332339
0.4700, 331420
0.4700, 330512
0.4700, 329765
0.4700, 324515
0.4700, 322415
0.4700, 320892
0.4700, 319757
0.4700, 319735
0.4700, 319259
0.4700, 318463
0.4710, 316979
0.4710, 316204
0.4710, 314972
0.4710, 311855
0.4710, 311530
0.4710, 311311
0.4710, 311047
0.4710, 310998
0.4710, 310963
0.4710, 310066
0.4710, 303899
0.4710, 302109
0.4710, 300695
0.4710, 300521
0.4720, 300456
0.4720, 297655
0.4720, 295862
0.4720, 294524
0.4720, 294052
0.4720, 292321
0.4720, 291680
0.4720, 287659
0.4720, 284634
0.4720, 284482
0.4720, 284366
0.4720, 283127
0.4730, 282039
0.4730, 282035
0.4730, 281153
0.4730, 280634
0.4730, 277945
0.4730, 272800
0.4730, 272212
0.4730, 271475
0.4730, 271012
0.4730, 270351
0.4730, 270052
0.4740, 268106
0.4740, 267727
0.4740, 265766
0.4740, 265314
0.4740, 265025
0.4740, 264759
0.4740, 264617
0.4740, 263878
0.4740, 263797
0.4740, 263095
0.4740, 259227
0.4740, 257467
0.4740, 256945
0.4750, 256843
0.4750, 255865
0.4750, 254220
0.4750, 253849
0.4750, 252508
0.4750, 250185
0.4750, 247609
0.4760, 247442
0.4760, 247158
0.4760, 245537
0.4760, 245371
0.4760, 244669
0.4760, 244245
0.4760, 240072
0.4760, 238792
0.4770, 237888
0.4770, 237153
0.4770, 236887
0.4770, 236118
0.4770, 235836
0.4770, 235777
0.4770, 233927
0.4770, 231380
0.4780, 230107
0.4780, 225557
0.4780, 224572
0.4780, 222978
0.4780, 222381
0.4790, 220529
0.4790, 220457
0.4790, 219351
0.4790, 219350
0.4800, 218383
0.4800, 218357
0.4800, 215516
0.4810, 215152
0.4810, 214898
0.4810, 213496
0.4810, 213297
0.4810, 211039
0.4820, 208098
0.4820, 205676
0.4820, 205119
0.4820, 203743
0.4820, 203317
0.4820, 201789
0.4830, 201571
0.4830, 200524
0.4830, 199669
0.4840, 199497
0.4840, 199335
0.4850, 199300
0.4850, 198573
0.4850, 198152
0.4850, 198008
0.4850, 195790
0.4860, 195459
0.4860, 195284
0.4870, 194737
0.4870, 194016
0.4870, 193908
0.4870, 192262
0.4870, 191829
0.4870, 191663
0.4870, 190937
0.4870, 189334
0.4870, 187378
0.4870, 187361
0.4870, 187354
0.4880, 184843
0.4880, 184115
0.4890, 183744
0.4890, 183498
0.4890, 182858
0.4890, 182718
0.4890, 180365
0.4900, 179515
0.4900, 178841
0.4900, 176611
0.4900, 175331
0.4910, 174243
0.4910, 172855
0.4920, 172486
0.4930, 172303
0.4930, 171985
0.4930, 171307
0.4940, 170830
0.4940, 170488
0.4950, 169908
0.4950, 169323
0.4960, 168321
0.4960, 167884
0.4980, 163019
0.4980, 162802
0.5000, 162718
6.3980, 162309
6.3980, 160944
6.3980, 160328
6.3980, 160102
6.3980, 160017
6.3980, 159893
6.3980, 159282
6.3980, 158924
49.7970, 158009
94.6520, 156722
94.6520, 155752
241.8290, 153454
258.7980, 153228
355.3490, 153147
355.3500, 152814
355.3500, 152523
355.3500, 152024
355.3510, 151277
355.3510, 150965
355.3520, 150873
357.4170, 150416
357.4170, 148813
357.4180, 147726
357.4180, 147500
357.4240, 146941
357.4240, 146522
357.4260, 146338
357.4270, 145873
359.4840, 145507
359.4840, 144429
359.4870, 144362
359.4890, 143910
359.4930, 143647
359.4930, 143429
359.4950, 143245
360.5590, 142442
362.6010, 142092
362.6050, 141462
362.6060, 141104
362.6110, 140053
362.6210, 139626
362.6210, 139462
362.6220, 139437
362.6260, 139395
363.6730, 139243
363.6830, 139215
363.7000, 139140
363.7060, 138962
364.7340, 138674
364.7360, 137293
365.7760, 137229
365.7850, 136977
