0.0001, 723309
0.0007, 721237
0.0007, 720000
0.0007, 718256
0.0007, 718023
0.0008, 709429
0.0013, 692101
0.0013, 681803
0.0013, 678766
0.0015, 677753
0.0016, 660419
0.0017, 660375
0.0017, 659949
0.0017, 658840
0.0017, 655341
0.1790, 652133
0.2528, 646023
0.2982, 645079
0.2983, 644461
0.2983, 643734
0.4154, 631955
0.4154, 627686
0.7694, 623812
0.7698, 622428
0.7698, 622277
0.7698, 619912
0.7698, 619744
0.7699, 608334
0.7699, 606153
0.7699, 604621
0.7701, 603785
0.7710, 599764
0.7711, 597112
0.7711, 597017
0.7711, 596120
0.7711, 595591
0.7712, 593078
0.7721, 585653
0.7721, 583485
0.7728, 578540
0.7729, 578506
0.7729, 577966
0.7730, 574825
0.7730, 574562
0.7730, 574253
0.7730, 573790
0.7731, 573164
0.7731, 571806
0.7731, 571162
0.7732, 569655
0.7732, 566519
0.7732, 564029
0.7733, 563407
0.7733, 561905
0.7734, 561097
0.7735, 560518
0.7738, 559291
0.7738, 558403
0.7739, 553477
0.7739, 552616
0.7739, 550805
0.7746, 549121
0.7747, 548380
0.7758, 544147
0.7760, 543998
0.7779, 542831
0.7780, 541916
0.7780, 540925
0.7781, 540281
0.7781, 537008
0.7782, 534053
0.7782, 533898
0.7782, 526621
0.7782, 525241
0.7782, 522512
0.7783, 521377
0.7783, 521233
0.7786, 512100
0.7786, 510711
0.7786, 505232
0.7787, 505100
0.7787, 499081
0.7791, 498417
0.7792, 494536
0.7793, 489435
0.7793, 488847
0.7793, 487209
0.7794, 480610
0.7795, 478425
0.7795, 477979
0.7796, 476821
0.7796, 476342
0.7796, 473790
0.7796, 469046
0.7797, 466906
0.7801, 463643
0.7802, 453626
0.7802, 453577
0.7802, 451408
0.7802, 444818
0.7803, 443946
0.7803, 442942
0.7803, 442348
0.7804, 440452
0.7804, 440359
0.7804, 435554
0.7805, 434662
0.7805, 434085
0.7806, 432489
0.7810, 430046
0.7810, 429531
0.7810, 428833
0.7810, 427595
0.7811, 426584
0.7811, 425982
0.7815, 424294
0.7815, 423091
0.7820, 421183
0.7821, 420302
0.7822, 419970
0.7823, 416522
0.7830, 415467
0.7830, 410783
0.7831, 410246
0.7838, 409138
0.7838, 408338
0.7838, 408258
0.7839, 407785
0.7839, 406920
0.7840, 405959
0.7848, 403754
0.7849, 401243
0.7849, 394761
0.7849, 393916
0.7850, 388519
0.7850, 386273
0.7850, 382344
0.7851, 381004
0.7851, 380937
0.7852, 379863
0.7852, 379033
0.7852, 378963
0.7852, 377695
0.7852, 377207
0.7853, 374018
0.7855, 373979
0.7855, 373048
0.7855, 371780
0.7856, 371779
0.7856, 369902
0.7858, 366537
0.7858, 361917
0.7858, 358187
0.7862, 358124
0.7862, 354632
0.7862, 354527
0.7863, 353972
0.7863, 353875
0.7863, 353168
0.7864, 352003
0.7864, 348304
0.7867, 346611
0.7879, 344112
0.7882, 343261
0.7887, 341826
0.7887, 339704
0.7888, 335004
0.7889, 334268
0.7889, 334156
0.7890, 331547
0.7891, 329806
0.7892, 329526
0.7895, 327607
0.7895, 326451
0.7896, 325888
0.7896, 324381
0.7897, 323788
0.7897, 321833
0.7897, 321813
0.7897, 321324
0.7898, 320097
0.7899, 319834
0.7900, 319034
0.7901, 318320
0.7901, 314280
0.7901, 313297
0.7902, 312775
0.7903, 312673
0.7907, 310974
0.7907, 310780
0.7908, 309209
0.7908, 307806
0.7912, 306846
0.7913, 305785
0.7914, 305705
0.7915, 302818
0.7915, 302022
0.7915, 299657
0.7929, 299509
0.7929, 296945
0.7931, 295529
0.7931, 292489
0.7931, 292459
0.7932, 291522
0.7935, 290378
0.7937, 287625
0.7938, 287621
0.7938, 287320
0.7940, 286802
0.7944, 286706
0.7944, 286551
0.7944, 285963
0.7958, 282983
0.7958, 278277
0.7959, 277882
0.7961, 277731
0.7962, 274457
0.7962, 273531
0.7963, 269955
0.7963, 267816
0.7967, 267510
0.7969, 266699
0.7969, 266347
0.7972, 264220
0.7975, 263057
0.7975, 262261
0.7989, 261812
0.7992, 258924
0.7992, 258260
0.7994, 257960
0.7994, 256335
0.7995, 255542
0.7999, 255236
0.7999, 255215
0.7999, 254861
0.8001, 254832
0.8001, 254615
0.8002, 254608
0.8003, 254124
0.8003, 253342
0.8004, 252038
0.8005, 250478
0.8006, 248801
0.8007, 247742
0.8008, 245125
0.8011, 244919
0.8011, 243124
0.8017, 240265
0.8022, 238727
0.8022, 235367
0.8023, 234938
0.8024, 233956
0.8027, 233594
0.8027, 233303
0.8029, 229056
0.8032, 228019
0.8034, 227672
0.8043, 226710
0.8044, 225131
0.8045, 225072
0.8047, 224720
0.8047, 223849
0.8047, 223367
0.8048, 222464
0.8049, 221768
0.8049, 221635
0.8055, 221562
0.8059, 218090
0.8064, 218074
0.8066, 216065
0.8068, 215402
0.8068, 214962
0.8069, 214484
0.8072, 213719
0.8075, 211764
0.8078, 210404
0.8083, 207303
0.8083, 206560
0.8084, 206277
0.8085, 205930
0.8093, 204499
0.8098, 204343
0.8100, 204331
0.8100, 203274
0.8103, 202519
0.8107, 202335
0.8110, 202203
0.8115, 201044
0.8115, 199424
0.8118, 197833
0.8121, 197193
0.8130, 196813
0.8130, 194311
0.8135, 193431
0.8137, 192474
0.8138, 191930
0.8139, 191639
0.8156, 191600
0.8165, 191585
0.8166, 191154
0.8167, 190335
0.8173, 190325
0.8179, 186615
0.8186, 186312
0.8186, 185874
0.8187, 185830
0.8189, 184755
0.8191, 184198
0.8192, 183737
0.8195, 182726
0.8198, 182365
0.8201, 181978
0.8206, 181362
0.8207, 181291
0.8218, 180364
0.8226, 179651
0.8231, 178969
0.8233, 177623
0.8245, 177153
0.8268, 176545
0.8285, 176356
0.8331, 176122
0.8346, 175866
0.8349, 174876
0.8380, 173895
0.8385, 173832
0.8400, 173828
0.8419, 173330
0.8423, 172824
0.8424, 171928
0.8439, 171285
0.8453, 170459
4.4971, 169809
4.4981, 169548
4.4990, 168503
4.5016, 167488
4.5026, 166702
6.3181, 166560
6.3184, 166470
6.3184, 166268
6.3188, 165305
9.9427, 165193
11.8789, 164477
11.8826, 163347
17.4843, 162575
21.1676, 162385
21.1690, 162037
21.1696, 162032
50.2016, 161813
50.2018, 161724
50.2028, 161501
85.4271, 160083
85.4281, 159159
88.9691, 158089
88.9708, 157941
88.9714, 157698
88.9724, 157401
227.7138, 157293
241.0361, 156095
241.0361, 155783
241.0385, 155201
241.0391, 155125
250.9674, 155070
250.9717, 153989
250.9719, 153026
404.6558, 152703
407.8573, 152308
407.8949, 151771
407.8958, 151140
407.8959, 150040
407.8965, 149423
407.8983, 149131
407.9011, 148464
407.9014, 147282
407.9037, 146859
407.9049, 146748
407.9107, 146471
407.9114, 145776
407.9128, 145746
408.9648, 145677
408.9717, 144701
408.9731, 144621
408.9763, 144593
408.9775, 144375
408.9784, 144062
408.9788, 142917
408.9820, 142702
409.9847, 142347
410.0277, 142247
410.0330, 142197
410.0345, 141691
412.1284, 141524
412.1353, 141253
412.1424, 141035
412.1495, 140965
412.1506, 140936
413.2008, 140876
413.2090, 140547
414.2526, 140420
415.3072, 140161
416.3455, 140133
418.4428, 139870
419.4544, 139820
420.5225, 139715
