0.0000, 715580
0.0010, 715467
0.0010, 713261
0.0020, 708250
0.0020, 697744
0.0020, 692473
0.0020, 690016
0.0020, 684571
0.0020, 684257
0.0020, 682006
0.0230, 676310
0.0230, 659822
0.0680, 659371
0.0690, 651085
0.1220, 640577
0.5370, 635959
0.5370, 634958
0.5490, 627888
0.5490, 624631
0.5490, 613848
0.5490, 613057
0.5490, 612388
0.5490, 608979
0.5490, 607685
0.5490, 603184
0.5490, 601880
0.5500, 601440
0.5500, 596438
0.5500, 595368
0.5500, 595319
0.5500, 592910
0.5500, 592680
0.5500, 587696
0.5500, 586237
0.5500, 581099
0.5500, 580294
0.5500, 569289
0.5500, 567469
0.5500, 565751
0.5500, 565619
0.5500, 557314
0.5520, 551334
0.5520, 542915
0.5520, 541593
0.5520, 534321
0.5530, 531334
0.5530, 524586
0.5530, 521786
0.5530, 521334
0.5530, 517372
0.5530, 516579
0.5540, 511812
0.5540, 511114
0.5540, 505439
0.5540, 505354
0.5540, 504980
0.5540, 503797
0.5540, 502932
0.5540, 501597
0.5540, 489621
0.5540, 488311
0.5540, 482435
0.5550, 481860
0.5550, 479431
0.5550, 478929
0.5560, 476397
0.5560, 475717
0.5570, 474932
0.5570, 474600
0.5580, 468978
0.5580, 467899
0.5580, 467039
0.5580, 466534
0.5580, 463431
0.5580, 461709
0.5580, 460663
0.5580, 459544
0.5580, 459478
0.5580, 456103
0.5580, 455349
0.5580, 446617
0.5580, 445025
0.5580, 443135
0.5580, 442848
0.5580, 442389
0.5580, 438786
0.5580, 438430
0.5580, 437411
0.5580, 436076
0.5590, 434014
0.5590, 430567
0.5590, 427501
0.5590, 426102
0.5590, 420419
0.5590, 420131
0.5590, 417857
0.5590, 415130
0.5590, 413215
0.5590, 412686
0.5590, 410993
0.5590, 409968
0.5590, 405331
0.5590, 404748
0.5590, 400900
0.5600, 399780
0.5600, 399528
0.5600, 395419
0.5600, 394314
0.5600, 393315
0.5600, 393078
0.5600, 391498
0.5600, 389875
0.5600, 389448
0.5600, 388203
0.5600, 388091
0.5610, 385618
0.5610, 384870
0.5610, 383625
0.5610, 383014
0.5610, 380889
0.5610, 378801
0.5610, 377356
0.5610, 372805
0.5610, 370256
0.5610, 361621
0.5610, 360963
0.5620, 359472
0.5620, 358164
0.5620, 357559
0.5620, 356225
0.5620, 356050
0.5620, 351984
0.5620, 349941
0.5620, 347123
0.5620, 346342
0.5620, 343392
0.5620, 342832
0.5620, 342219
0.5620, 334127
0.5620, 332334
0.5620, 332140
0.5630, 330770
0.5630, 327722
0.5630, 327640
0.5630, 325671
0.5630, 325341
0.5630, 323843
0.5630, 321961
0.5630, 321380
0.5630, 320880
0.5630, 320763
0.5630, 320233
0.5630, 317836
0.5630, 317688
0.5630, 316312
0.5630, 311921
0.5640, 309097
0.5640, 308815
0.5640, 307059
0.5640, 306910
0.5640, 305335
0.5640, 302774
0.5650, 300035
0.5650, 297824
0.5650, 297400
0.5650, 295732
0.5650, 293493
0.5650, 293328
0.5650, 291941
0.5650, 291939
0.5650, 287931
0.5650, 287253
0.5660, 286431
0.5660, 286405
0.5660, 283533
0.5660, 283505
0.5660, 283082
0.5660, 282797
0.5660, 281775
0.5660, 277956
0.5660, 276665
0.5660, 276087
0.5660, 275747
0.5660, 274989
0.5660, 274843
0.5660, 274289
0.5660, 273992
0.5660, 272170
0.5660, 271471
0.5660, 270775
0.5670, 270705
0.5670, 268844
0.5670, 265732
0.5670, 265010
0.5670, 264759
0.5670, 263112
0.5680, 261816
0.5680, 261408
0.5680, 258962
0.5680, 257388
0.5680, 256775
0.5680, 256511
0.5680, 255502
0.5690, 254992
0.5690, 253630
0.5690, 249906
0.5690, 249877
0.5690, 248726
0.5690, 247022
0.5700, 246385
0.5700, 246328
0.5700, 246149
0.5700, 245919
0.5710, 244779
0.5710, 242272
0.5710, 241260
0.5710, 239903
0.5710, 238535
0.5710, 238105
0.5720, 237860
0.5720, 237053
0.5720, 236087
0.5720, 236040
0.5720, 235822
0.5720, 235778
0.5730, 232192
0.5730, 230020
0.5730, 228443
0.5730, 228064
0.5730, 227937
0.5730, 227589
0.5730, 226791
0.5730, 225695
0.5730, 225216
0.5730, 225124
0.5730, 223766
0.5730, 223358
0.5740, 223218
0.5740, 222296
0.5740, 221282
0.5740, 220672
0.5740, 220347
0.5740, 220139
0.5740, 217972
0.5750, 216955
0.5750, 216864
0.5750, 216743
0.5750, 216246
0.5750, 216015
0.5760, 211718
0.5760, 211470
0.5770, 211166
0.5770, 211020
0.5770, 210309
0.5770, 210096
0.5780, 209814
0.5780, 209104
0.5790, 207203
0.5790, 206829
0.5790, 206635
0.5790, 206603
0.5790, 205887
0.5790, 205300
0.5790, 204673
0.5800, 201217
0.5800, 200432
0.5800, 199352
0.5800, 199294
0.5800, 196153
0.5810, 194068
0.5810, 193900
0.5810, 193820
0.5810, 193139
0.5810, 193002
0.5820, 192667
0.5820, 192546
0.5830, 190538
0.5830, 189635
0.5830, 189340
0.5830, 189339
0.5830, 189059
0.5840, 187265
0.5850, 184545
0.5850, 182720
0.5850, 182586
0.5860, 181874
0.5860, 178587
0.5870, 177693
0.5870, 176984
0.5870, 176897
0.5880, 175539
0.5880, 175083
0.5880, 175081
0.5900, 174895
0.5900, 174844
0.5900, 174447
0.5910, 174302
0.5910, 173235
0.5910, 172887
0.5910, 172876
0.5920, 172406
0.5930, 171998
0.5930, 171039
0.5940, 168563
0.5950, 168344
0.5960, 168275
0.5970, 168170
0.5980, 167652
0.5980, 167566
0.5980, 167048
3.7580, 166562
6.9050, 166348
6.9050, 164514
6.9060, 163355
6.9070, 163321
6.9110, 163229
6.9120, 162985
6.9120, 162126
6.9120, 161937
6.9130, 160070
6.9140, 159976
6.9140, 159942
6.9150, 159568
21.1460, 158988
33.4870, 157992
33.4900, 156922
33.4910, 156612
54.6600, 156608
54.6600, 156385
267.5940, 156337
267.5940, 155897
267.5960, 155464
267.5960, 155238
267.5970, 154376
267.5980, 153986
361.6520, 153936
361.6520, 153786
362.6920, 153784
362.6930, 153746
362.6950, 153642
363.7220, 153473
363.7240, 153370
363.7240, 152971
363.7260, 152492
363.7270, 152182
363.7270, 152179
363.7280, 151648
363.7280, 150218
363.7290, 149557
363.7300, 149540
363.7320, 148828
363.7330, 148782
363.7340, 148087
365.7880, 147905
365.7890, 147078
365.7900, 146422
365.7920, 146364
365.7920, 146138
365.7930, 146076
365.7940, 145112
365.7940, 144961
365.7950, 143661
365.7960, 143466
365.8000, 143098
365.8020, 143014
365.8070, 142573
365.8110, 142215
367.8670, 142209
367.8670, 141932
367.8670, 141596
367.8680, 141541
367.8700, 141402
367.8700, 141372
367.8720, 141036
368.8780, 140831
369.9460, 140827
369.9520, 140772
369.9560, 140703
