0.0001, 749092
0.0003, 745997
0.0009, 740724
0.0009, 733452
0.0009, 732199
0.0009, 730755
0.0013, 729084
0.0017, 726316
0.0041, 724160
0.0041, 721781
0.0041, 717213
0.0042, 715939
0.0043, 715841
0.0048, 710226
0.0048, 710006
0.0060, 709087
0.0061, 706623
0.0061, 704590
0.0062, 702894
0.0062, 700752
0.0081, 696965
0.0121, 689194
0.0228, 680006
0.0228, 679955
0.0379, 677525
0.0379, 674358
0.0379, 673068
0.0379, 672423
0.0379, 672121
0.0380, 668979
0.0380, 667740
0.0380, 664804
0.0381, 662037
0.0381, 661207
0.0381, 655527
0.0605, 640833
0.1754, 631587
0.1754, 623475
0.1754, 620766
0.4989, 619268
0.4989, 618933
0.4989, 602314
0.4990, 602082
0.4990, 595809
0.5019, 591585
0.5021, 587359
0.5036, 574173
0.5037, 573824
0.5076, 569049
0.5077, 567389
0.5077, 565564
0.5077, 563409
0.5077, 562762
0.5077, 558289
0.5077, 556031
0.5078, 551105
0.5078, 551006
0.5079, 548240
0.5079, 547653
0.5081, 547266
0.5083, 546582
0.5083, 545279
0.5083, 544640
0.5083, 543902
0.5084, 540148
0.5084, 532254
0.5084, 532098
0.5084, 530934
0.5084, 530551
0.5085, 530355
0.5085, 513882
0.5085, 513727
0.5085, 513224
0.5085, 512817
0.5086, 512748
0.5086, 506616
0.5086, 502964
0.5086, 500572
0.5086, 500488
0.5086, 498938
0.5090, 497127
0.5090, 496895
0.5090, 494090
0.5092, 490867
0.5093, 489124
0.5093, 488880
0.5093, 476080
0.5094, 459981
0.5100, 455389
0.5100, 453617
0.5104, 452842
0.5105, 451727
0.5106, 450483
0.5106, 449425
0.5106, 447431
0.5106, 445994
0.5107, 441907
0.5107, 441870
0.5107, 441846
0.5107, 438618
0.5107, 432657
0.5107, 432001
0.5108, 431453
0.5119, 430426
0.5120, 430057
0.5120, 429976
0.5120, 429124
0.5120, 425812
0.5121, 422380
0.5122, 422086
0.5122, 420456
0.5123, 420366
0.5123, 419679
0.5125, 419272
0.5125, 419097
0.5126, 411801
0.5144, 406156
0.5145, 406015
0.5145, 403422
0.5146, 397482
0.5147, 396370
0.5147, 393448
0.5147, 393217
0.5148, 390832
0.5148, 387540
0.5149, 383186
0.5150, 381780
0.5152, 375821
0.5152, 373994
0.5153, 372604
0.5153, 371616
0.5153, 371177
0.5154, 369594
0.5154, 369503
0.5154, 369489
0.5154, 369358
0.5158, 369139
0.5158, 364630
0.5159, 364214
0.5159, 362227
0.5159, 360389
0.5160, 360342
0.5160, 359959
0.5160, 359378
0.5161, 357316
0.5161, 355530
0.5162, 355089
0.5170, 353553
0.5171, 352880
0.5171, 352764
0.5171, 347276
0.5174, 345819
0.5175, 344031
0.5175, 342687
0.5175, 341174
0.5175, 338695
0.5176, 338180
0.5177, 336847
0.5178, 336427
0.5184, 336234
0.5184, 334526
0.5184, 332072
0.5186, 331583
0.5186, 327959
0.5186, 326042
0.5186, 325635
0.5187, 325124
0.5188, 320734
0.5189, 319872
0.5189, 319480
0.5190, 319034
0.5190, 314740
0.5190, 310801
0.5191, 310624
0.5191, 307910
0.5191, 307562
0.5192, 306397
0.5192, 301955
0.5198, 301584
0.5198, 300357
0.5198, 299262
0.5198, 298344
0.5198, 297727
0.5199, 297364
0.5200, 295812
0.5200, 293475
0.5203, 292673
0.5204, 289410
0.5206, 288180
0.5207, 287819
0.5208, 287159
0.5208, 285458
0.5209, 283952
0.5210, 282141
0.5211, 281721
0.5213, 281546
0.5214, 281268
0.5214, 279430
0.5214, 277146
0.5216, 276389
0.5218, 274002
0.5218, 273410
0.5220, 272782
0.5221, 272220
0.5221, 269640
0.5222, 268840
0.5223, 267089
0.5225, 266819
0.5225, 266716
0.5225, 266427
0.5226, 266288
0.5226, 265846
0.5229, 265761
0.5230, 263456
0.5230, 262000
0.5231, 261047
0.5233, 260859
0.5237, 259842
0.5238, 257775
0.5238, 257348
0.5239, 255481
0.5242, 255201
0.5242, 254589
0.5243, 253797
0.5243, 253492
0.5244, 253088
0.5245, 251379
0.5246, 250610
0.5247, 249804
0.5248, 248575
0.5250, 245405
0.5251, 244682
0.5251, 244606
0.5253, 243284
0.5253, 242894
0.5253, 242635
0.5257, 242515
0.5259, 241573
0.5264, 241487
0.5264, 241383
0.5265, 238857
0.5268, 238624
0.5269, 238208
0.5270, 237912
0.5270, 237307
0.5272, 237304
0.5275, 236207
0.5275, 235398
0.5278, 233111
0.5280, 231965
0.5283, 231131
0.5288, 230029
0.5290, 229666
0.5291, 228840
0.5292, 228615
0.5297, 228166
0.5298, 227903
0.5299, 226551
0.5301, 224803
0.5305, 223950
0.5308, 223926
0.5312, 223882
0.5314, 222059
0.5314, 221759
0.5315, 221683
0.5316, 221621
0.5317, 220740
0.5321, 220242
0.5321, 218324
0.5324, 217695
0.5326, 217523
0.5326, 216755
0.5329, 216543
0.5331, 215588
0.5333, 214935
0.5335, 214894
0.5336, 213681
0.5340, 212271
0.5340, 211809
0.5341, 211764
0.5343, 210581
0.5344, 209797
0.5347, 209375
0.5348, 207112
0.5352, 206596
0.5355, 206392
0.5356, 205995
0.5356, 202734
0.5360, 201376
0.5360, 201163
0.5363, 199698
0.5365, 196529
0.5365, 196070
0.5366, 195655
0.5366, 195433
0.5370, 193553
0.5371, 192885
0.5379, 192621
0.5380, 192571
0.5387, 192452
0.5388, 191197
0.5391, 189610
0.5404, 188887
0.5415, 188071
0.5418, 187260
0.5421, 186534
0.5424, 185252
0.5425, 185109
0.5431, 183813
0.5432, 182839
0.5435, 181586
0.5437, 179461
0.5438, 179377
0.5439, 176701
0.5442, 172824
0.5443, 172623
0.5444, 172289
0.5448, 172225
0.5452, 172145
0.5454, 171400
0.5461, 171344
0.5486, 171295
0.5490, 171056
0.5501, 170983
0.5508, 169780
0.5510, 169585
0.5516, 169473
0.5520, 168957
0.5528, 167625
0.5528, 167334
0.5531, 166642
0.5535, 166028
3.6687, 165407
3.6708, 164771
3.6710, 164479
6.7954, 164449
6.7967, 164105
6.7974, 163900
6.7977, 163123
6.7989, 162699
6.7996, 162577
6.8002, 162341
6.8010, 162326
6.8025, 161222
8.3491, 160768
8.3494, 160312
8.3501, 158882
8.3501, 157257
8.3512, 157221
8.3515, 157142
8.3527, 157031
8.3535, 154975
8.3537, 154071
8.3541, 153624
557.5877, 153057
