0.0001, 706103
0.0003, 705685
0.0004, 700923
0.0004, 695156
0.0004, 691645
0.0007, 689113
0.0070, 688886
0.0072, 683575
0.0072, 682186
0.0073, 680432
0.0098, 669490
0.0102, 665830
0.0103, 661212
0.0103, 653679
0.0103, 641662
0.0104, 640853
0.0104, 638044
0.0105, 635169
0.0105, 633774
0.0105, 632937
0.0105, 624477
0.0106, 622816
0.7331, 621093
0.7331, 618262
0.7331, 617559
0.7332, 617261
0.7332, 616617
0.7332, 614297
0.7332, 607645
0.7332, 598872
0.7339, 598109
0.7340, 593959
0.7340, 593133
0.7341, 587042
0.7341, 585799
0.7341, 582202
0.7341, 577827
0.7342, 568995
0.7342, 568475
0.7375, 565222
0.7375, 562586
0.7375, 555568
0.7376, 548770
0.7386, 547990
0.7387, 545877
0.7390, 543665
0.7390, 543432
0.7390, 538538
0.7392, 536984
0.7392, 536277
0.7393, 531415
0.7393, 529453
0.7393, 528478
0.7394, 516240
0.7394, 509908
0.7394, 509779
0.7394, 502739
0.7394, 502405
0.7395, 499868
0.7403, 499609
0.7403, 498850
0.7403, 495208
0.7403, 493628
0.7405, 492703
0.7406, 485603
0.7406, 483440
0.7406, 482109
0.7406, 481960
0.7414, 481039
0.7459, 478313
0.7461, 477729
0.7465, 477475
0.7466, 477242
0.7466, 476220
0.7467, 474634
0.7467, 472403
0.7467, 469767
0.7467, 469733
0.7470, 467118
0.7471, 460513
0.7472, 459677
0.7473, 456439
0.7473, 446570
0.7473, 445475
0.7475, 443886
0.7477, 441798
0.7479, 440216
0.7481, 439633
0.7482, 438944
0.7483, 436849
0.7483, 434837
0.7483, 434662
0.7484, 433430
0.7484, 433062
0.7485, 431329
0.7486, 426313
0.7487, 426271
0.7487, 425916
0.7487, 425541
0.7501, 425519
0.7503, 420824
0.7503, 420607
0.7503, 419157
0.7505, 419105
0.7505, 417550
0.7506, 417237
0.7506, 416619
0.7508, 414192
0.7508, 407456
0.7509, 405356
0.7509, 402745
0.7510, 402505
0.7510, 401311
0.7512, 399558
0.7513, 398118
0.7514, 396566
0.7516, 395071
0.7516, 394455
0.7516, 394082
0.7517, 389081
0.7517, 387359
0.7519, 383929
0.7519, 382860
0.7519, 381081
0.7519, 380456
0.7520, 380167
0.7521, 379711
0.7522, 379152
0.7525, 373827
0.7527, 373279
0.7528, 370024
0.7529, 365485
0.7530, 365317
0.7531, 365136
0.7531, 364373
0.7543, 363660
0.7543, 363020
0.7544, 360278
0.7544, 360270
0.7545, 359935
0.7545, 357207
0.7545, 350796
0.7545, 349261
0.7547, 348792
0.7553, 348228
0.7553, 347652
0.7554, 346907
0.7555, 346643
0.7555, 345348
0.7557, 344313
0.7557, 343704
0.7561, 342741
0.7562, 341303
0.7562, 337114
0.7562, 334469
0.7566, 332306
0.7568, 330474
0.7569, 319371
0.7570, 317581
0.7570, 314842
0.7572, 314291
0.7574, 314233
0.7576, 313891
0.7577, 313787
0.7578, 313105
0.7579, 311150
0.7580, 303143
0.7582, 302282
0.7582, 301749
0.7583, 297915
0.7583, 296178
0.7584, 296033
0.7586, 293533
0.7589, 293115
0.7590, 292921
0.7591, 292709
0.7592, 292698
0.7594, 290894
0.7595, 289625
0.7596, 289509
0.7596, 287585
0.7597, 282198
0.7597, 282054
0.7598, 281264
0.7598, 281169
0.7600, 279128
0.7602, 279036
0.7610, 277613
0.7612, 277065
0.7613, 277019
0.7614, 275931
0.7615, 274723
0.7616, 272998
0.7616, 272799
0.7617, 272291
0.7618, 272102
0.7619, 271484
0.7621, 271277
0.7624, 271046
0.7625, 269968
0.7625, 269962
0.7627, 269777
0.7629, 266755
0.7629, 264098
0.7636, 262087
0.7636, 261520
0.7639, 261318
0.7640, 260915
0.7642, 260282
0.7643, 260053
0.7646, 258384
0.7650, 257800
0.7650, 256730
0.7652, 254898
0.7652, 254891
0.7652, 254566
0.7655, 250119
0.7658, 248618
0.7660, 245730
0.7660, 244311
0.7661, 243941
0.7665, 242693
0.7665, 242111
0.7667, 239701
0.7669, 239207
0.7672, 238359
0.7672, 238158
0.7674, 238117
0.7675, 237986
0.7676, 237433
0.7680, 237102
0.7681, 236443
0.7684, 234414
0.7685, 232099
0.7686, 229956
0.7688, 229730
0.7689, 228638
0.7689, 225861
0.7692, 224771
0.7693, 224757
0.7694, 224445
0.7697, 223640
0.7704, 223367
0.7704, 222543
0.7706, 221701
0.7711, 220614
0.7718, 220531
0.7721, 219244
0.7725, 218294
0.7726, 216524
0.7728, 215925
0.7732, 215327
0.7737, 212241
0.7738, 211987
0.7741, 211692
0.7743, 211027
0.7745, 210182
0.7745, 210156
0.7746, 208091
0.7754, 206259
0.7756, 206045
0.7760, 205471
0.7760, 205223
0.7763, 202804
0.7767, 201480
0.7767, 201460
0.7768, 200726
0.7771, 200399
0.7778, 199297
0.7785, 196763
0.7793, 195186
0.7796, 194859
0.7798, 194130
0.7802, 192394
0.7803, 191685
0.7805, 191444
0.7806, 189402
0.7810, 189384
0.7832, 188382
0.7836, 187098
0.7845, 186490
0.7851, 185778
0.7852, 185684
0.7862, 185067
0.7863, 183825
0.7864, 183557
0.7870, 183441
0.7879, 182254
0.7882, 181450
0.7883, 180993
0.7885, 180902
0.7885, 180625
0.7891, 180526
0.7892, 180106
0.7896, 179900
0.7910, 179050
0.7912, 178496
0.7919, 178055
0.7921, 177907
0.7924, 177591
0.7934, 177584
0.7943, 175666
0.7945, 174088
0.7961, 173934
0.7966, 173730
0.7973, 173672
0.7973, 173488
0.7994, 173168
0.8001, 172667
0.8004, 171509
0.8010, 171430
0.8017, 170781
0.8039, 170138
0.8053, 169980
2.6299, 169828
2.6302, 169595
2.6346, 167668
2.6360, 167483
8.0612, 166942
8.0616, 166446
8.0638, 166120
11.6467, 165869
11.6476, 165557
11.6493, 164312
11.6499, 164209
11.6512, 163574
11.6514, 163186
25.9947, 161897
25.9970, 161416
25.9975, 161190
25.9976, 161021
25.9990, 160846
25.9994, 159562
25.9999, 158661
26.0014, 157826
26.0027, 157642
26.0040, 156869
103.2486, 156858
104.8993, 155822
167.2598, 155492
167.2601, 155276
253.1996, 155092
395.7489, 154823
395.7511, 154720
395.7527, 154374
397.8892, 153299
397.8894, 153123
397.8929, 152709
397.8931, 151974
397.8954, 151330
397.8962, 151327
399.9986, 150889
399.9993, 150243
399.9998, 150233
400.0012, 149965
400.0025, 149880
400.0026, 149841
400.0037, 149724
400.0049, 149577
400.0058, 149328
400.0069, 148852
400.0082, 148775
400.0088, 148284
400.0115, 147932
400.0117, 147884
400.0117, 147686
400.0124, 144802
400.0159, 144472
400.0168, 144214
400.0172, 142192
400.0210, 142187
401.0261, 141263
403.1757, 140628
403.1774, 140547
403.1837, 140211
403.1861, 140055
403.1909, 139669
403.2011, 139342
404.2436, 139266
405.2625, 139238
405.2726, 138898
405.2741, 138672
405.2780, 138533
405.2862, 138430
405.2868, 138391
405.3038, 138187
407.4013, 137752
408.4485, 137745
408.4562, 137397
409.4996, 137339
411.5836, 137155
