0.0001, 752796
0.0009, 749527
0.0009, 744264
0.0011, 742483
0.0012, 736716
0.0012, 728398
0.0014, 726719
0.0014, 720907
0.0014, 720633
0.0017, 716253
0.0017, 716233
0.0017, 716034
0.0017, 713211
0.0017, 707832
0.0025, 706602
0.0025, 703465
0.0027, 698742
0.0029, 698009
0.0097, 696435
0.0097, 695647
0.0097, 692332
0.0099, 688844
0.0099, 688070
0.0099, 682769
0.0100, 676461
0.0100, 674003
0.0100, 673948
0.0100, 672508
0.0100, 671585
0.0101, 669848
0.0101, 667529
0.0101, 667332
0.0102, 666930
0.0102, 664899
0.0103, 649837
0.0237, 646660
0.0244, 632782
0.2727, 625907
0.5770, 621896
0.5770, 621356
0.5771, 618881
0.5785, 614873
0.5785, 614289
0.5785, 609323
0.5786, 609195
0.5786, 604673
0.5825, 598981
0.5826, 597785
0.5826, 595699
0.5826, 593278
0.5827, 586289
0.5827, 575947
0.5859, 574314
0.5859, 574024
0.5859, 572322
0.5860, 567534
0.5860, 567422
0.5860, 565994
0.5860, 561748
0.5874, 561200
0.5874, 560708
0.5874, 558923
0.5875, 558922
0.5875, 557456
0.5876, 556673
0.5876, 551467
0.5877, 550771
0.5877, 541761
0.5877, 539722
0.5880, 535534
0.5880, 533885
0.5881, 533591
0.5881, 533364
0.5881, 533321
0.5881, 531485
0.5881, 531173
0.5882, 528795
0.5882, 527988
0.5882, 526687
0.5882, 524910
0.5883, 524843
0.5883, 524747
0.5883, 521416
0.5883, 518623
0.5884, 518243
0.5884, 517406
0.5886, 516018
0.5887, 515798
0.5889, 510798
0.5890, 507293
0.5890, 505971
0.5891, 502874
0.5892, 499797
0.5892, 496948
0.5892, 496036
0.5893, 487902
0.5895, 487291
0.5896, 486502
0.5896, 484536
0.5897, 484037
0.5903, 483609
0.5903, 482364
0.5903, 481001
0.5903, 480971
0.5904, 480059
0.5904, 477919
0.5906, 475446
0.5906, 475088
0.5906, 473009
0.5907, 472733
0.5907, 469746
0.5907, 467786
0.5908, 466289
0.5908, 465273
0.5908, 464065
0.5912, 463687
0.5912, 458468
0.5912, 449948
0.5913, 449562
0.5913, 446718
0.5915, 444602
0.5916, 443907
0.5917, 435157
0.5917, 428888
0.5917, 428292
0.5928, 426950
0.5929, 425880
0.5929, 421740
0.5930, 416650
0.5930, 412640
0.5930, 412163
0.5930, 409140
0.5931, 396636
0.5931, 395581
0.5931, 395464
0.5938, 394310
0.5939, 391513
0.5939, 390978
0.5940, 390687
0.5941, 389306
0.5948, 388761
0.5948, 386764
0.5953, 386728
0.5954, 384943
0.5954, 383791
0.5954, 383772
0.5954, 383024
0.5955, 382859
0.5955, 380971
0.5955, 379393
0.5956, 378986
0.5956, 378451
0.5957, 377588
0.5957, 377527
0.5957, 377504
0.5957, 377470
0.5957, 377457
0.5958, 376186
0.5959, 375665
0.5960, 371204
0.5960, 368573
0.5960, 367965
0.5961, 365421
0.5961, 364148
0.5961, 363268
0.5963, 355796
0.5963, 353635
0.5964, 351645
0.5964, 350342
0.5965, 349656
0.5965, 347550
0.5965, 344581
0.5968, 342709
0.5968, 342095
0.5968, 339259
0.5969, 332449
0.5969, 332220
0.5970, 330454
0.5971, 330181
0.5971, 329591
0.5972, 328755
0.5973, 328680
0.5974, 328669
0.5975, 328640
0.5975, 325837
0.5976, 324816
0.5977, 322906
0.5979, 320998
0.5979, 319571
0.5980, 317209
0.5981, 315566
0.5982, 314455
0.5982, 312627
0.5983, 311835
0.5986, 309478
0.5986, 309091
0.5992, 307194
0.5993, 307005
0.5994, 306324
0.5994, 306207
0.5995, 304450
0.5996, 302913
0.5996, 302579
0.5997, 302530
0.5998, 302397
0.6001, 301616
0.6001, 301387
0.6002, 301094
0.6002, 298930
0.6008, 298224
0.6010, 298016
0.6010, 296722
0.6011, 296325
0.6012, 290443
0.6012, 290282
0.6013, 289721
0.6013, 288308
0.6015, 285851
0.6015, 285098
0.6016, 284750
0.6017, 282122
0.6018, 280865
0.6020, 278955
0.6020, 278736
0.6021, 278434
0.6022, 277389
0.6022, 276238
0.6023, 275988
0.6024, 275849
0.6025, 275824
0.6026, 270949
0.6026, 268611
0.6027, 268152
0.6028, 268046
0.6031, 267884
0.6032, 267464
0.6034, 266893
0.6034, 266152
0.6036, 266073
0.6037, 264918
0.6038, 264889
0.6039, 264210
0.6040, 261267
0.6041, 259713
0.6042, 254155
0.6042, 253444
0.6043, 251313
0.6043, 250196
0.6043, 249560
0.6044, 248665
0.6045, 246494
0.6045, 245867
0.6048, 244907
0.6050, 243261
0.6052, 242469
0.6052, 238860
0.6054, 237444
0.6056, 234195
0.6058, 233709
0.6058, 233317
0.6061, 233122
0.6062, 232906
0.6062, 230902
0.6067, 229191
0.6068, 227683
0.6068, 227399
0.6069, 225464
0.6069, 223448
0.6070, 222802
0.6076, 221255
0.6078, 220191
0.6080, 220175
0.6082, 219898
0.6083, 218740
0.6086, 217814
0.6090, 217499
0.6091, 216846
0.6091, 216491
0.6095, 216392
0.6095, 216378
0.6099, 216278
0.6099, 216008
0.6100, 215510
0.6104, 215415
0.6107, 214274
0.6111, 214253
0.6114, 213700
0.6115, 213400
0.6115, 212959
0.6117, 212415
0.6120, 212308
0.6120, 211645
0.6131, 210345
0.6134, 208503
0.6135, 208312
0.6137, 206855
0.6137, 205956
0.6144, 205676
0.6149, 205070
0.6159, 204853
0.6178, 204798
0.6183, 204669
0.6188, 203875
0.6189, 203639
0.6190, 203605
0.6193, 202804
0.6194, 202045
0.6195, 201785
0.6196, 201568
0.6197, 201342
0.6200, 199646
0.6201, 199323
0.6202, 198293
0.6217, 181605
0.6219, 180935
0.6223, 179187
0.6230, 178833
0.6237, 178816
0.6241, 178367
0.6250, 178038
0.6269, 177421
0.6272, 177143
0.6274, 176691
0.6297, 176267
0.6299, 176172
0.6302, 175666
0.6304, 174285
0.6307, 174232
0.6316, 172621
0.6332, 171186
0.6333, 170410
0.6348, 168250
0.6352, 167773
0.6356, 166884
0.6359, 166280
0.6360, 165733
0.6368, 164641
2.2585, 163101
2.2601, 160793
2.2604, 160298
20.6610, 160137
20.6613, 159730
20.6623, 159504
20.6627, 159464
20.6657, 159173
20.6674, 158988
20.6676, 157356
20.6681, 157332
132.9570, 157103
132.9583, 156230
132.9586, 154396
214.8943, 153145
214.8953, 152672
214.8965, 152541
214.8969, 152302
214.8971, 151443
335.2784, 151085
381.2265, 150764
381.2266, 150672
381.2279, 150401
381.2282, 150300
381.2285, 148896
381.2292, 148549
381.2293, 148451
381.2308, 148378
381.2309, 148269
381.2344, 147260
381.2384, 147132
381.2387, 146936
381.2432, 146803
381.2433, 146643
381.2437, 146563
381.2444, 146224
383.3554, 146156
383.3564, 145445
383.3574, 145261
383.3576, 144944
383.3627, 144554
383.3644, 144543
383.3668, 144538
383.3669, 144155
383.3727, 143576
384.3770, 143211
384.3877, 142994
384.3888, 142776
384.3902, 141697
384.3925, 141590
384.3941, 141008
384.3943, 140937
384.3989, 140736
384.4012, 140081
384.4058, 139873
384.4107, 139315
384.4141, 138721
384.4220, 138617
384.4263, 138548
386.5069, 138526
386.5257, 138507
386.5272, 138361
386.5495, 137994
388.5966, 137747
388.5970, 137678
388.6011, 137345
388.6026, 137227
390.7036, 137081
392.7806, 136949
