0.0001, 716234
0.0003, 714615
0.0007, 710359
0.0007, 706079
0.0008, 703987
0.0008, 703507
0.0008, 701691
0.0009, 699761
0.0009, 690827
0.0009, 682445
0.0010, 669945
0.0011, 664344
0.0014, 662250
0.0267, 659530
0.0587, 658517
0.0587, 654541
0.0587, 648923
0.0587, 646273
0.2979, 636053
0.2979, 634127
0.2980, 633964
0.2980, 632085
0.2980, 627553
0.2980, 621389
0.2980, 620946
0.2982, 620276
0.2982, 619244
0.2982, 618171
0.2982, 615051
0.2983, 604637
0.7353, 604198
0.7353, 602182
0.7353, 601099
0.7354, 600379
0.7354, 599622
0.7355, 595638
0.7355, 593988
0.7356, 588784
0.7356, 587065
0.7356, 585220
0.7357, 581322
0.7365, 578398
0.7366, 577097
0.7371, 576486
0.7384, 575607
0.7384, 575015
0.7384, 571981
0.7385, 569852
0.7387, 568481
0.7389, 563168
0.7390, 562598
0.7392, 562369
0.7394, 561250
0.7394, 559673
0.7406, 551790
0.7407, 547184
0.7408, 545240
0.7409, 540704
0.7409, 537325
0.7410, 533820
0.7410, 533056
0.7410, 531086
0.7411, 529662
0.7412, 527675
0.7413, 526469
0.7413, 525676
0.7413, 525397
0.7414, 522004
0.7415, 520764
0.7416, 514966
0.7416, 510448
0.7416, 505818
0.7422, 491759
0.7422, 490361
0.7422, 488924
0.7423, 485027
0.7423, 480275
0.7423, 475711
0.7423, 475671
0.7423, 474036
0.7424, 470277
0.7427, 465865
0.7427, 461214
0.7427, 456605
0.7430, 455205
0.7430, 453385
0.7431, 450986
0.7431, 441228
0.7431, 440504
0.7431, 431126
0.7433, 430392
0.7435, 429222
0.7435, 426245
0.7435, 422720
0.7436, 421894
0.7436, 420970
0.7437, 420173
0.7438, 416205
0.7447, 415893
0.7448, 415228
0.7448, 415124
0.7448, 413621
0.7449, 412969
0.7449, 412596
0.7449, 412526
0.7449, 412466
0.7450, 409076
0.7450, 407249
0.7451, 405456
0.7453, 401862
0.7453, 398688
0.7457, 398560
0.7457, 397330
0.7457, 396080
0.7457, 395849
0.7458, 395793
0.7459, 395636
0.7462, 393909
0.7463, 390842
0.7463, 390581
0.7463, 390251
0.7465, 387963
0.7466, 387681
0.7466, 386652
0.7466, 384464
0.7467, 383103
0.7478, 379921
0.7478, 379453
0.7478, 379201
0.7478, 379047
0.7478, 374620
0.7479, 373187
0.7483, 371958
0.7484, 370535
0.7484, 369156
0.7511, 369011
0.7513, 368591
0.7513, 367975
0.7515, 366918
0.7527, 366063
0.7527, 366030
0.7533, 365753
0.7533, 365412
0.7533, 362526
0.7534, 362375
0.7534, 361589
0.7535, 360785
0.7536, 343584
0.7536, 341417
0.7537, 339735
0.7538, 339724
0.7539, 334260
0.7539, 331919
0.7539, 328494
0.7542, 327297
0.7545, 325872
0.7546, 324949
0.7546, 323418
0.7547, 320099
0.7548, 318899
0.7548, 318301
0.7549, 316381
0.7550, 312954
0.7550, 312730
0.7551, 312008
0.7553, 311887
0.7553, 308026
0.7557, 307747
0.7559, 307728
0.7561, 306915
0.7561, 306729
0.7562, 306472
0.7562, 305662
0.7562, 302580
0.7568, 302292
0.7569, 301960
0.7572, 301932
0.7574, 301882
0.7574, 297105
0.7576, 295920
0.7577, 294268
0.7578, 293818
0.7578, 293625
0.7579, 291397
0.7580, 290768
0.7580, 290393
0.7582, 290380
0.7583, 285820
0.7588, 284380
0.7588, 279546
0.7589, 279454
0.7590, 276878
0.7590, 276562
0.7591, 276175
0.7592, 275842
0.7592, 274520
0.7593, 274171
0.7596, 274129
0.7596, 273045
0.7597, 272548
0.7598, 271340
0.7603, 270261
0.7604, 267858
0.7607, 266132
0.7610, 265375
0.7611, 264812
0.7611, 263937
0.7613, 258887
0.7615, 258544
0.7615, 257724
0.7615, 255672
0.7616, 254404
0.7617, 252795
0.7619, 251369
0.7619, 249752
0.7620, 249048
0.7620, 248369
0.7622, 248347
0.7623, 247037
0.7624, 245867
0.7626, 245493
0.7628, 243063
0.7630, 243051
0.7631, 242826
0.7634, 242750
0.7638, 242236
0.7639, 242083
0.7641, 239696
0.7648, 238395
0.7650, 237716
0.7651, 231200
0.7652, 229823
0.7653, 229052
0.7654, 228556
0.7663, 225954
0.7665, 222798
0.7672, 222652
0.7674, 220786
0.7675, 217552
0.7678, 216545
0.7679, 215333
0.7682, 214767
0.7683, 212467
0.7684, 211766
0.7685, 210427
0.7688, 210063
0.7689, 209001
0.7689, 207893
0.7691, 206799
0.7695, 206268
0.7697, 206030
0.7698, 204928
0.7701, 203437
0.7704, 202756
0.7705, 202207
0.7712, 201866
0.7713, 201425
0.7714, 200255
0.7722, 199889
0.7724, 199860
0.7727, 197438
0.7728, 197432
0.7732, 196779
0.7738, 195847
0.7741, 194355
0.7741, 193857
0.7743, 192779
0.7760, 192209
0.7760, 192133
0.7761, 191807
0.7762, 191564
0.7765, 191296
0.7767, 187404
0.7775, 186156
0.7786, 185872
0.7789, 185521
0.7791, 185167
0.7792, 184860
0.7803, 184120
0.7805, 182937
0.7806, 181414
0.7814, 181015
0.7816, 180831
0.7827, 180830
0.7829, 180093
0.7833, 178705
0.7844, 178160
0.7846, 177880
0.7849, 176063
0.7849, 175583
0.7881, 175538
0.7886, 175234
0.7893, 174396
0.7907, 174106
0.7916, 173303
0.7921, 173165
0.7931, 172666
0.7940, 172483
0.7961, 171827
0.7965, 171774
0.7966, 169986
0.7976, 169819
0.7980, 168814
0.7987, 168150
0.7991, 167958
0.7998, 167905
0.8001, 167792
0.8002, 167399
0.8008, 167224
0.8023, 165357
0.8026, 165214
4.4099, 164996
4.4113, 164405
4.4124, 164317
4.4136, 163197
4.4152, 163081
9.8339, 162730
9.8358, 161995
9.8375, 161790
13.4178, 161297
13.4190, 161074
13.4195, 160048
83.0690, 159857
83.0695, 159791
83.0698, 159364
83.0701, 159146
89.7921, 158417
89.7925, 158267
106.3993, 157992
106.4001, 157024
106.4003, 156576
106.4025, 155815
106.4027, 153953
106.4028, 153444
106.4035, 153211
171.5548, 152642
171.5552, 152453
171.5556, 152401
171.5562, 152298
171.5567, 151846
315.0405, 150504
398.6025, 150363
398.6031, 150260
398.6078, 150196
398.6107, 148720
398.6159, 148543
398.6159, 148500
398.6160, 148487
400.7302, 148469
400.7304, 148192
400.7318, 148040
400.7324, 147978
400.7339, 147605
400.7378, 146434
400.7440, 145804
400.7444, 145147
400.7478, 145092
401.8107, 144804
401.8110, 143514
402.8435, 143318
402.8436, 142381
402.8442, 141192
402.8464, 141047
402.8488, 140901
402.8520, 140679
402.8554, 139953
402.8562, 139518
402.8578, 139300
402.8598, 139001
402.8659, 138803
402.8748, 138577
403.9013, 138303
403.9092, 138246
403.9248, 138143
406.0073, 138074
406.0122, 137883
406.0247, 137585
406.0326, 137247
407.0470, 137240
409.1789, 137165
