0.0001, 733683
0.0004, 731771
0.0008, 724302
0.0008, 722823
0.0008, 720132
0.0012, 720076
0.0012, 719167
0.0012, 717741
0.0044, 711604
0.0060, 710851
0.0067, 710527
0.0091, 703129
0.0099, 698573
0.0099, 698144
0.0099, 689381
0.0145, 684156
0.0146, 682350
0.0146, 681771
0.0147, 680870
0.0147, 680643
0.0148, 670205
0.0149, 666307
0.0151, 648273
0.0376, 646796
0.0376, 646653
0.0376, 645711
0.1874, 644406
0.2225, 643046
0.2225, 641209
0.3411, 639044
0.3411, 638583
0.3414, 636496
0.3414, 627286
0.3414, 624885
0.4812, 618504
0.4812, 613082
0.4812, 612825
0.4813, 612525
0.7673, 609919
0.7674, 606842
0.7693, 603876
0.7694, 603268
0.7695, 602373
0.7695, 598398
0.7695, 595789
0.7696, 595282
0.7696, 594841
0.7696, 592382
0.7696, 591917
0.7696, 588339
0.7697, 583841
0.7697, 566758
0.7698, 566304
0.7698, 565223
0.7698, 564450
0.7698, 564217
0.7699, 561815
0.7705, 561753
0.7705, 560558
0.7705, 554943
0.7706, 553248
0.7706, 552351
0.7712, 552056
0.7712, 549554
0.7712, 543348
0.7713, 539425
0.7713, 537948
0.7776, 533632
0.7776, 532571
0.7777, 529059
0.7777, 527575
0.7778, 524183
0.7778, 511448
0.7778, 502494
0.7780, 500562
0.7783, 490823
0.7784, 490375
0.7784, 488618
0.7784, 488348
0.7785, 483864
0.7786, 481018
0.7786, 473467
0.7786, 471315
0.7786, 469622
0.7786, 469489
0.7786, 469129
0.7787, 468305
0.7788, 466371
0.7788, 464590
0.7804, 463558
0.7831, 452487
0.7831, 452006
0.7831, 443269
0.7831, 443104
0.7832, 440265
0.7832, 433547
0.7833, 432980
0.7833, 432681
0.7834, 430694
0.7836, 429601
0.7836, 427573
0.7837, 427082
0.7837, 424570
0.7837, 424135
0.7837, 422779
0.7839, 417940
0.7840, 411823
0.7840, 411634
0.7841, 408371
0.7841, 407647
0.7843, 406961
0.7843, 406878
0.7843, 403086
0.7844, 400943
0.7845, 399380
0.7845, 397418
0.7846, 394802
0.7846, 394277
0.7846, 389268
0.7847, 388707
0.7851, 387748
0.7851, 387440
0.7851, 385273
0.7855, 383100
0.7861, 381428
0.7861, 381190
0.7862, 378835
0.7863, 377263
0.7863, 376898
0.7863, 376346
0.7864, 376257
0.7864, 371886
0.7864, 370393
0.7865, 368589
0.7866, 366513
0.7869, 354358
0.7869, 352623
0.7870, 351985
0.7873, 349864
0.7873, 346961
0.7873, 346367
0.7875, 344848
0.7876, 343441
0.7888, 342753
0.7890, 342149
0.7893, 339722
0.7895, 339318
0.7895, 336946
0.7896, 334359
0.7898, 333923
0.7899, 331019
0.7903, 326496
0.7903, 325347
0.7903, 323741
0.7905, 323512
0.7905, 320579
0.7905, 319900
0.7906, 318359
0.7908, 317728
0.7908, 312858
0.7909, 312130
0.7909, 309970
0.7910, 309572
0.7910, 309101
0.7911, 307806
0.7912, 304543
0.7913, 304385
0.7915, 304275
0.7915, 304094
0.7918, 304060
0.7918, 304057
0.7921, 301037
0.7921, 299556
0.7921, 298829
0.7922, 297318
0.7923, 297122
0.7931, 296520
0.7932, 296378
0.7932, 294959
0.7932, 294900
0.7938, 294683
0.7940, 294320
0.7943, 292711
0.7944, 291617
0.7946, 291346
0.7948, 290109
0.7949, 289542
0.7950, 285350
0.7950, 284654
0.7951, 284222
0.7952, 284092
0.7955, 283776
0.7956, 282930
0.7956, 282657
0.7957, 280337
0.7958, 276491
0.7959, 275393
0.7959, 275341
0.7960, 272810
0.7962, 272026
0.7963, 270725
0.7967, 270552
0.7970, 270335
0.7970, 270243
0.7973, 268738
0.7974, 268624
0.7974, 267977
0.7974, 267295
0.7978, 266128
0.7982, 265960
0.7983, 262020
0.7985, 261690
0.7985, 261317
0.7985, 260695
0.7986, 259638
0.7988, 258230
0.7989, 257473
0.7989, 256807
0.7990, 255592
0.7990, 254979
0.7991, 253065
0.7992, 252236
0.7994, 251872
0.7999, 251121
0.8000, 250449
0.8001, 249975
0.8001, 249499
0.8004, 249401
0.8004, 248196
0.8005, 247946
0.8006, 246026
0.8006, 245355
0.8009, 243883
0.8009, 243852
0.8010, 243813
0.8014, 243468
0.8019, 242895
0.8020, 236394
0.8022, 236169
0.8025, 235172
0.8025, 234139
0.8027, 234113
0.8031, 233559
0.8033, 233156
0.8034, 231653
0.8035, 231125
0.8036, 230015
0.8037, 228918
0.8043, 228643
0.8046, 227027
0.8047, 225040
0.8047, 224768
0.8050, 223549
0.8051, 223333
0.8052, 222500
0.8057, 219136
0.8060, 218890
0.8061, 218429
0.8061, 218273
0.8062, 213894
0.8063, 213617
0.8074, 210144
0.8079, 207945
0.8082, 207936
0.8082, 207645
0.8084, 207129
0.8087, 207108
0.8087, 206936
0.8091, 206641
0.8092, 205496
0.8096, 204647
0.8097, 204644
0.8101, 204380
0.8101, 202653
0.8103, 202449
0.8103, 201960
0.8105, 200019
0.8112, 198902
0.8117, 196995
0.8119, 196369
0.8132, 195889
0.8133, 194919
0.8148, 194151
0.8160, 194146
0.8167, 194033
0.8177, 193193
0.8179, 192196
0.8184, 190627
0.8194, 190098
0.8194, 189648
0.8196, 189463
0.8199, 189107
0.8207, 186758
0.8207, 186028
0.8210, 185468
0.8213, 184645
0.8221, 184084
0.8224, 182987
0.8237, 180828
0.8239, 180779
0.8246, 180636
0.8248, 178102
0.8255, 177561
0.8260, 177334
0.8266, 176313
0.8271, 175788
0.8276, 174822
0.8290, 174441
0.8293, 173609
0.8304, 172677
0.8304, 172189
0.8305, 171438
0.8310, 170103
0.8314, 169967
0.8315, 169766
0.8333, 169496
0.8349, 167884
0.8351, 166543
0.8366, 166194
0.8371, 166049
0.8372, 165927
0.8376, 165881
0.8378, 165534
0.8386, 165324
0.8388, 164829
0.8395, 164826
0.8403, 164383
0.8406, 164222
0.8409, 164205
0.8413, 163989
0.8417, 163975
0.8418, 163818
4.5331, 163544
4.5362, 162200
4.5364, 161821
4.5367, 161815
4.5373, 160441
4.5388, 160110
4.5394, 158276
4.5407, 157011
4.5418, 156276
63.8953, 155769
63.8970, 155564
63.8984, 155504
63.8992, 155269
63.8993, 154548
164.0261, 154515
164.0269, 153866
164.0270, 153700
164.0274, 153435
225.0215, 153365
225.0236, 153091
225.0242, 152569
225.0285, 152178
225.0292, 152024
225.0297, 151542
225.0327, 150286
402.4308, 150196
402.4310, 149837
402.4317, 149665
402.4322, 149186
402.4331, 149107
402.4347, 149048
404.5712, 148971
404.5723, 147509
405.6227, 145437
405.6256, 145341
405.6282, 145263
405.6310, 144246
405.6334, 144237
405.6359, 144089
405.6364, 143944
405.6387, 143441
405.6387, 143027
407.7077, 142405
407.7117, 142400
407.7131, 142348
407.7135, 141555
407.7203, 141112
407.7420, 140933
407.7457, 140796
407.7459, 140727
407.7564, 140170
407.7572, 140136
407.7588, 139420
408.8123, 138260
409.8565, 138116
409.8667, 138021
413.0087, 137862
416.1492, 137824
417.2074, 137657
419.2753, 137640
