0.0010, 777808
0.0010, 776957
0.0010, 775329
0.0010, 768726
0.0010, 765679
0.0020, 764563
0.0020, 763202
0.0020, 757560
0.0020, 751993
0.0020, 746188
0.0020, 744947
0.0020, 743945
0.0020, 738269
0.0020, 737647
0.0020, 734644
0.0020, 734451
0.0020, 733074
0.0020, 730769
0.0020, 723736
0.0020, 721347
0.0020, 720379
0.0020, 719016
0.0020, 716763
0.0140, 715772
0.0140, 706848
0.0140, 706402
0.0140, 699727
0.0140, 695591
0.0150, 695085
0.0150, 694374
0.0150, 693888
0.0150, 693775
0.0150, 686696
0.0150, 686597
0.0150, 685426
0.0150, 678326
0.0150, 678103
0.0150, 676705
0.0150, 671256
0.0150, 670799
0.0150, 665261
0.0230, 661493
0.0230, 660624
0.0230, 646767
0.0230, 645634
0.0230, 641669
0.2810, 639929
0.2810, 639758
0.2810, 638175
0.2810, 633707
0.2810, 630580
0.2810, 628196
0.2810, 625808
0.5120, 623303
0.5120, 622856
0.5130, 620566
0.5230, 619730
0.5230, 618990
0.5230, 614378
0.5230, 612323
0.5230, 612243
0.5230, 606046
0.5230, 604560
0.5230, 601360
0.5230, 598976
0.5230, 597237
0.5240, 595872
0.5240, 595809
0.5240, 589886
0.5240, 589614
0.5240, 589463
0.5240, 588766
0.5240, 587349
0.5250, 580316
0.5250, 576145
0.5250, 574380
0.5250, 574210
0.5250, 573707
0.5250, 567308
0.5250, 563023
0.5250, 562730
0.5250, 562070
0.5250, 559803
0.5250, 552989
0.5250, 551490
0.5250, 550840
0.5260, 547357
0.5260, 542381
0.5260, 542050
0.5270, 534380
0.5270, 534331
0.5270, 532286
0.5280, 530824
0.5280, 529943
0.5280, 528469
0.5290, 523922
0.5290, 523302
0.5290, 519602
0.5290, 518645
0.5290, 515858
0.5320, 513550
0.5320, 505355
0.5320, 505048
0.5320, 505003
0.5330, 504397
0.5330, 495733
0.5330, 495624
0.5330, 489806
0.5330, 489613
0.5340, 489204
0.5340, 488272
0.5340, 481563
0.5340, 478090
0.5340, 472169
0.5340, 470017
0.5340, 469927
0.5340, 466230
0.5340, 461201
0.5340, 458042
0.5340, 457145
0.5340, 456792
0.5340, 454570
0.5340, 454018
0.5340, 450460
0.5340, 450032
0.5340, 448556
0.5340, 446440
0.5340, 444958
0.5340, 444812
0.5340, 444539
0.5340, 443027
0.5340, 441027
0.5350, 439269
0.5350, 439052
0.5350, 438604
0.5350, 431078
0.5350, 430888
0.5350, 424261
0.5350, 424230
0.5350, 423103
0.5350, 421938
0.5350, 421769
0.5350, 419851
0.5350, 419067
0.5350, 415987
0.5350, 413811
0.5350, 413576
0.5350, 412177
0.5350, 410712
0.5350, 404529
0.5350, 398805
0.5350, 396377
0.5350, 395424
0.5350, 395174
0.5350, 391784
0.5350, 389942
0.5350, 386966
0.5360, 383952
0.5360, 383676
0.5360, 381641
0.5360, 380443
0.5360, 380145
0.5360, 380123
0.5370, 377047
0.5370, 374916
0.5370, 374905
0.5370, 363310
0.5380, 361004
0.5380, 359519
0.5380, 358131
0.5380, 357923
0.5380, 354301
0.5390, 353895
0.5390, 352554
0.5390, 349907
0.5390, 348971
0.5390, 347867
0.5390, 347667
0.5390, 347245
0.5390, 346263
0.5390, 341347
0.5390, 340857
0.5390, 339022
0.5390, 338588
0.5390, 338309
0.5400, 337658
0.5400, 336013
0.5400, 335947
0.5400, 329165
0.5400, 329162
0.5400, 329025
0.5400, 325829
0.5400, 323456
0.5400, 321327
0.5400, 316224
0.5410, 313503
0.5410, 313076
0.5410, 311985
0.5410, 310725
0.5410, 304898
0.5410, 304106
0.5410, 302451
0.5410, 302318
0.5410, 301983
0.5410, 300715
0.5410, 296269
0.5410, 295948
0.5410, 294481
0.5420, 294423
0.5420, 293389
0.5420, 293012
0.5420, 292239
0.5420, 289172
0.5430, 288405
0.5430, 287623
0.5430, 286973
0.5440, 286245
0.5440, 285333
0.5440, 279702
0.5440, 278289
0.5440, 275545
0.5440, 274444
0.5440, 273514
0.5440, 272811
0.5440, 272312
0.5440, 271350
0.5440, 270481
0.5440, 269836
0.5440, 268960
0.5440, 268931
0.5440, 268849
0.5450, 266868
0.5450, 266155
0.5450, 262434
0.5450, 262281
0.5450, 261605
0.5460, 260155
0.5460, 259539
0.5460, 258928
0.5460, 258643
0.5460, 254888
0.5460, 254467
0.5460, 254079
0.5460, 253270
0.5460, 251283
0.5470, 251011
0.5470, 250561
0.5470, 249968
0.5470, 249689
0.5480, 249442
0.5480, 247967
0.5480, 246240
0.5480, 238105
0.5480, 237567
0.5490, 237394
0.5490, 236548
0.5490, 236164
0.5490, 236030
0.5490, 235745
0.5490, 234759
0.5490, 233717
0.5490, 233483
0.5500, 232885
0.5500, 232454
0.5500, 232439
0.5500, 231853
0.5500, 231833
0.5500, 231630
0.5500, 229577
0.5500, 229570
0.5500, 228495
0.5500, 228392
0.5510, 228168
0.5510, 227141
0.5510, 227065
0.5510, 226618
0.5510, 225936
0.5510, 224685
0.5510, 224591
0.5520, 224509
0.5520, 224375
0.5520, 224326
0.5520, 224192
0.5520, 221809
0.5530, 221508
0.5530, 220898
0.5530, 219982
0.5540, 219712
0.5540, 217005
0.5550, 216649
0.5550, 216440
0.5550, 216010
0.5550, 215815
0.5550, 215781
0.5550, 215355
0.5550, 213868
0.5550, 211750
0.5560, 208062
0.5560, 207387
0.5560, 207001
0.5560, 206865
0.5570, 206525
0.5570, 206323
0.5570, 205920
0.5570, 204904
0.5570, 203644
0.5570, 201264
0.5570, 201011
0.5570, 200350
0.5580, 199358
0.5580, 199340
0.5580, 198381
0.5580, 197892
0.5580, 197680
0.5590, 197616
0.5590, 197051
0.5590, 195408
0.5590, 195309
0.5600, 194656
0.5600, 194444
0.5600, 194388
0.5600, 193292
0.5600, 193109
0.5610, 192763
0.5610, 192660
0.5610, 191909
0.5620, 190955
0.5620, 190429
0.5630, 189498
0.5640, 189137
0.5640, 188474
0.5640, 188123
0.5650, 187437
0.5650, 186673
0.5660, 186335
0.5660, 185738
0.5670, 184885
0.5670, 184439
0.5670, 184262
0.5680, 183960
0.5680, 182940
0.5680, 182739
0.5680, 182383
0.5690, 182049
0.5690, 181928
0.5690, 181702
0.5700, 181276
0.5710, 180964
0.5710, 177148
0.5720, 177079
0.5720, 176518
0.5730, 172537
0.5730, 172456
0.5730, 172096
0.5730, 170225
0.5740, 169971
0.5750, 169694
0.5750, 169130
0.5760, 168879
6.3130, 168616
13.1180, 167768
13.1190, 167442
13.1190, 167220
19.3010, 164609
19.3020, 163770
19.3020, 162923
19.3020, 162613
19.3020, 161935
19.3020, 161405
19.3040, 161181
19.3050, 161112
46.9950, 160738
46.9960, 160105
46.9960, 159831
46.9980, 159331
46.9980, 159130
46.9990, 158831
98.9620, 158627
98.9630, 158310
98.9640, 158293
98.9650, 157797
98.9650, 156486
130.7350, 156138
270.4650, 155948
279.0950, 155771
279.0950, 155198
279.0960, 152990
300.3550, 152816
300.3560, 152506
300.3570, 151726
355.9800, 151198
366.5530, 151108
366.5540, 150862
366.5560, 150846
366.5570, 150791
366.5570, 150541
366.5570, 150466
367.5820, 150305
367.5840, 150073
367.5840, 149896
367.5840, 148941
367.5860, 147076
367.5880, 146858
367.5880, 146397
367.5890, 146084
367.5950, 145077
370.6900, 144989
370.6990, 144829
371.7330, 143947
371.7350, 143634
371.7360, 143324
372.7490, 143142
372.7490, 142713
372.7490, 142700
372.7500, 142116
372.7650, 141885
372.7650, 141860
372.7670, 141508
372.7700, 141465
373.7750, 141458
373.7750, 141401
373.7780, 141060
373.7790, 140970
373.7850, 140786
373.7920, 140645
373.8000, 140640
373.8020, 140341
373.8030, 140286
373.8040, 139670
374.8200, 139601
374.8200, 139292
374.8220, 139103
374.8280, 139091
374.8300, 138290
374.8300, 137710
374.8350, 137286
376.8850, 137022
377.9230, 136967
